# Bundle file v0.3
9 631
700.088495 0.0 0.0
0.992400 -0.114476 0.045128
0.096517 0.951659 0.291597
-0.076328 -0.285025 0.955476
0.183420 0.975618 -0.828226
682.632793 0.0 0.0
0.976380 0.069791 -0.204479
-0.017793 0.969152 0.245822
0.215327 -0.236377 0.947502
-0.558625 0.831755 -0.527841
699.106660 0.0 0.0
0.813036 0.325963 -0.482411
-0.149620 0.917731 0.367945
0.562660 -0.226974 0.794919
-1.312280 1.142528 -1.486575
695.435104 0.0 0.0
0.547285 0.451318 -0.704834
-0.279787 0.892357 0.354144
0.788796 0.003385 0.614646
-1.944974 1.234129 -1.600309
689.278825 0.0 0.0
0.917745 -0.278363 0.283298
0.199280 0.939741 0.277802
-0.343557 -0.198496 0.917915
1.131811 1.016973 -0.597231
691.483383 0.0 0.0
0.998304 -0.005802 -0.057930
0.005866 0.999982 0.000941
0.057924 -0.001279 0.998320
-0.176538 -0.065496 -0.627701
710.576862 0.0 0.0
0.989024 0.060569 -0.134770
-0.108730 0.915952 -0.386277
0.100046 0.396691 0.912484
-0.238081 -1.208711 -0.815665
693.829761 0.0 0.0
0.915826 0.035037 -0.400043
0.233358 0.764291 0.601168
0.326813 -0.643919 0.691782
-1.183774 1.875274 -1.109884
685.919370 0.0 0.0
0.968141 0.021665 -0.249467
0.138614 0.783320 0.605966
0.208541 -0.621240 0.755361
-0.368185 2.127686 -0.860879
-0.134889 -0.827748 -2.694386
226 232 74
5 5 94 -32.06 -185.28 6 78 -11.54 -177.91 0 72 5.75 -134.21 1 78 -45.52 -147.02 4 80 114.10 -129.51
-0.471493 -0.483246 -2.684551
31 27 24
4 5 73 -100.98 -113.70 6 90 -75.46 -113.84 0 77 -75.34 -68.24 1 87 -112.40 -64.19
-0.426349 -0.537421 -2.715422
102 165 98
6 5 177 -90.29 -124.39 6 239 -64.31 -120.86 0 151 -65.12 -79.56 1 171 -101.53 -77.20 2 235 -97.61 -52.90 4 118 29.15 -79.89
-0.499699 -0.395682 -2.635689
38 39 34
6 5 135 -108.88 -97.49 6 126 -82.75 -103.33 0 155 -84.63 -47.56 1 177 -119.90 -42.56 2 240 -106.62 -21.43 7 154 -145.88 -31.34
-0.158547 -0.308256 -2.581008
208 204 203
5 5 189 -40.11 -81.03 6 171 -15.57 -102.42 0 161 -11.06 -18.21 1 182 -47.66 -23.14 2 242 -57.59 -13.26
-0.118703 -0.301084 -2.597652
217 218 212
6 5 190 -30.52 -79.08 6 241 -4.97 -100.33 0 163 -4.17 -17.12 1 181 -37.88 -22.45 2 241 -50.01 -14.13 7 164 -66.37 13.99
-0.096198 -0.249478 -2.587770
97 54 30
6 5 137 -26.13 -67.95 6 174 1.71 -91.57 0 167 -0.71 -5.98 1 125 -32.82 -10.59 2 173 -44.32 -5.06 3 174 -61.73 26.27
0.685868 0.367188 -2.882227
220 237 236
4 5 206 133.97 60.01 6 197 185.58 36.56 0 246 129.39 102.63 1 195 153.66 99.11
-0.115511 -0.420493 -2.636927
209 211 205
9 5 258 -28.80 -103.73 6 338 -5.35 -117.96 0 311 -0.39 -44.51 1 241 -37.15 -51.74 2 307 -53.38 -38.77 7 238 -63.99 -15.25 4 359 93.95 -30.58 8 187 44.51 47.92 3 440 -70.85 -8.07
-0.429230 -0.252585 -2.639739
55 78 65
5 5 535 -93.50 -67.51 6 514 -66.85 -79.30 0 319 -73.44 -16.55 1 498 -101.55 -11.85 4 364 14.66 -9.55
-0.718265 -0.229447 -2.565932
108 171 180
8 5 272 -157.89 -64.05 6 245 -131.11 -74.23 0 321 -136.91 -13.12 1 349 -166.85 -1.96 2 431 -132.07 16.93 7 344 -190.54 -2.25 4 239 -49.22 -14.41 8 307 -104.56 71.51
-0.723676 -0.182730 -2.548177
113 171 178
6 5 275 -160.24 -54.65 6 246 -133.59 -67.47 0 322 -139.39 -2.53 1 352 -168.49 9.09 4 241 -52.96 -1.54 8 201 -105.63 82.29
-0.483895 -0.580497 -2.696936
90 155 95
7 5 481 -103.23 -134.05 6 704 -77.49 -128.61 0 439 -77.17 -89.65 1 467 -116.14 -85.87 2 602 -110.22 -57.48 7 323 -141.03 -75.12 8 280 -45.50 -7.35
-0.134644 -0.468739 -2.645722
29 28 26
9 5 353 -32.64 -113.18 6 481 -9.21 -124.58 0 449 -3.42 -55.37 1 336 -41.94 -62.58 2 402 -58.45 -47.19 7 332 -68.54 -26.87 4 350 92.90 -43.83 8 290 39.82 36.22 3 595 -75.91 -17.61
0.009017 -0.437908 -2.681713
28 28 33
9 5 358 -2.01 -105.38 6 484 21.62 -118.51 0 451 26.12 -47.56 1 338 -7.24 -57.96 2 400 -30.64 -49.19 7 335 -30.41 -17.94 4 354 116.21 -32.12 8 292 78.49 42.25 3 435 -53.22 -23.56
-0.084348 -0.419380 -2.646180
24 22 23
9 5 360 -22.15 -102.81 6 486 2.01 -117.09 0 455 6.04 -43.86 1 341 -29.75 -51.65 2 403 -47.62 -40.10 7 338 -55.82 -14.41 4 358 99.32 -30.85 8 296 53.05 48.35 3 601 -66.46 -11.09
-0.118807 -0.366347 -2.616917
208 210 206
9 5 366 -29.96 -92.26 6 494 -4.70 -109.48 0 463 -2.51 -31.96 1 343 -38.26 -38.13 2 411 -52.53 -27.30 7 345 -65.80 -1.42 4 362 91.65 -18.96 8 299 41.74 62.05 3 443 -69.76 2.71
-0.056549 -0.360087 -2.635367
208 210 202
7 5 509 -16.36 -90.53 6 741 8.23 -107.95 0 464 10.79 -30.38 1 483 -23.45 -37.95 2 631 -40.54 -29.64 7 501 -49.24 0.76 3 609 -60.08 -1.29
-0.428041 -0.997814 -2.561115
33 38 41
3 5 442 -95.79 -227.08 6 434 -73.98 -213.07 0 590 -56.93 -179.57
0.118322 -0.602238 -2.770376
78 7 0
5 5 654 21.36 -136.03 6 1023 42.88 -139.46 0 640 51.55 -83.35 1 640 18.42 -99.39 7 474 3.34 -59.24
0.066788 -0.597218 -2.749117
168 130 128
6 5 655 10.60 -135.90 6 1025 32.32 -139.69 0 644 41.49 -82.37 1 642 6.16 -97.03 2 805 -25.32 -85.18 7 604 -11.58 -58.22
-0.730470 -0.481730 -2.643245
131 186 191
8 5 491 -155.37 -114.69 6 493 -127.88 -110.90 0 646 -133.82 -71.37 1 662 -168.86 -59.86 2 1142 -141.52 -29.54 7 603 -194.57 -60.33 4 529 -39.40 -81.83 8 569 -107.65 12.23
-0.051428 -0.508721 -2.684057
207 211 204
5 5 485 -14.45 -120.18 6 703 7.97 -128.74 0 648 15.68 -64.06 2 819 -44.37 -60.32 8 417 63.62 25.54
0.027233 -0.497296 -2.706730
207 210 203
7 5 489 2.05 -116.99 6 710 24.77 -126.35 0 652 31.35 -60.79 1 651 -3.10 -72.60 2 817 -29.26 -62.42 7 480 -24.35 -32.61 3 790 -52.86 -38.10
-0.107575 -0.454583 -2.648927
30 29 35
9 5 679 -26.88 -109.86 6 1060 -3.32 -121.99 0 657 2.00 -52.02 1 663 -35.41 -59.56 2 841 -53.21 -45.91 7 627 -61.48 -23.15 4 758 97.24 -39.97 8 592 46.92 40.06 3 818 -71.76 -16.97
-0.107575 -0.454583 -2.648927
30 29 35
9 5 680 -26.88 -109.86 6 1061 -3.32 -121.99 0 658 2.00 -52.02 1 664 -35.41 -59.56 2 842 -53.21 -45.91 7 628 -61.48 -23.15 4 759 97.24 -39.97 8 593 46.92 40.06 3 819 -71.76 -16.97
0.107965 -0.427491 -2.712128
49 11 11
7 5 499 18.72 -102.58 6 487 42.98 -115.86 0 665 45.79 -44.86 1 475 16.37 -57.72 2 607 -11.19 -52.96 7 491 -3.76 -14.97 8 423 105.38 43.29
0.048515 -0.403840 -2.685119
30 27 28
8 5 501 6.15 -98.33 6 728 30.51 -112.85 0 669 33.42 -39.98 1 670 2.25 -50.84 2 619 -21.84 -44.60 7 494 -20.44 -9.18 8 426 88.42 50.01 3 812 -45.17 -20.23
0.048449 -0.403976 -2.685634
30 27 28
7 5 502 6.15 -98.33 6 729 30.51 -112.85 0 670 33.42 -39.98 1 671 2.25 -50.84 2 620 -21.84 -44.60 7 495 -20.44 -9.18 3 811 -45.17 -20.23
-0.140699 -0.394255 -2.619557
29 28 32
8 5 503 -34.59 -98.35 6 723 -10.34 -114.77 0 672 -6.43 -38.32 1 679 -43.32 -44.30 2 862 -57.28 -31.64 4 773 88.74 -25.72 8 431 36.66 54.62 3 835 -73.60 -0.95
-0.486796 -0.333349 -2.625826
54 103 70
6 5 520 -106.79 -85.02 6 758 -80.23 -93.17 0 676 -83.03 -33.46 1 494 -116.58 -28.72 2 643 -102.14 -10.56 7 489 -142.03 -17.32
0.032114 -0.324923 -2.654737
239 43 42
8 5 521 2.43 -82.90 6 749 27.99 -102.49 0 680 28.32 -22.16 1 689 -1.69 -31.37 2 635 -22.22 -27.21 4 789 115.02 -4.75 8 625 82.18 69.02 3 838 -43.99 -0.66
0.096378 -0.300385 -2.668634
56 9 0
5 5 530 15.87 -77.16 6 504 41.80 -98.25 0 685 40.92 -16.52 2 637 -8.65 -25.82 7 509 -9.71 15.98
0.232302 0.438467 -2.727950
189 216 227
5 5 564 43.76 76.83 6 811 88.03 50.74 0 711 46.93 120.88 1 731 54.87 125.27 4 610 94.84 150.48
-0.703891 -0.616814 -2.699214
127 34 48
5 5 901 -146.50 -140.25 6 1046 -119.19 -128.52 0 826 -124.02 -102.05 1 1147 -162.07 -91.75 7 957 -188.47 -93.81
-0.130083 -0.636709 -2.701529
34 24 4
7 5 650 -30.38 -145.73 6 1014 -8.49 -146.38 0 829 1.30 -93.90 1 634 -40.70 -102.77 7 470 -64.49 -70.38 4 526 100.53 -84.70 8 546 44.69 -6.87
-0.129905 -0.636851 -2.702136
34 24 4
6 5 651 -30.38 -145.73 6 1015 -8.49 -146.38 0 830 1.30 -93.90 1 635 -40.70 -102.77 7 471 -64.49 -70.38 4 527 100.53 -84.70
-0.713816 -0.495550 -2.653167
149 42 81
5 5 667 -151.25 -117.72 6 1082 -124.41 -112.55 0 840 -129.50 -74.67 1 889 -164.91 -63.60 7 768 -190.80 -63.48
-0.124321 -0.448113 -2.641813
211 211 203
8 5 685 -30.57 -108.82 6 1062 -6.72 -121.18 0 856 -1.70 -50.72 1 899 -39.38 -57.80 2 1130 -56.11 -43.80 7 633 -66.15 -21.58 4 1031 93.82 -39.11 8 594 42.36 41.88
0.078354 -0.428995 -2.703237
36 34 37
9 5 696 12.65 -103.10 6 1076 36.73 -116.37 0 866 40.07 -45.31 1 666 9.40 -57.45 2 828 -16.87 -51.49 7 642 -11.71 -15.37 4 769 126.70 -27.97 8 595 97.18 43.23 3 801 -41.43 -27.89
0.078595 -0.428938 -2.702831
36 34 37
8 5 697 12.65 -103.10 6 1077 36.73 -116.37 0 867 40.07 -45.31 1 667 9.40 -57.45 2 829 -16.87 -51.49 7 643 -11.71 -15.37 8 597 97.18 43.23 3 802 -41.43 -27.89
-0.126401 -0.402934 -2.626099
214 217 209
8 5 700 -31.38 -99.96 6 1078 -7.16 -115.64 0 870 -3.21 -40.21 1 910 -39.93 -46.73 2 1135 -54.88 -34.16 7 813 -67.39 -10.66 4 1051 91.50 -27.44 8 610 40.87 52.87
0.064828 -0.376812 -2.681955
225 225 223
8 5 706 9.50 -92.96 6 734 34.29 -109.92 0 875 36.10 -33.48 1 912 6.23 -44.61 2 1132 -17.65 -39.69 7 651 -16.57 -2.77 8 615 92.14 55.80 3 1133 -40.89 -14.80
0.090913 -0.373266 -2.690144
224 225 217
8 5 709 15.02 -92.01 6 738 39.91 -109.06 0 877 41.36 -32.58 1 914 12.43 -44.27 2 848 -12.39 -40.58 7 652 -9.53 -1.76 8 614 99.04 56.08 3 1131 -36.38 -16.47
0.013009 -0.353427 -2.656591
227 37 31
7 5 714 -1.56 -88.58 6 1093 23.29 -106.32 0 880 25.11 -28.59 1 684 -6.21 -37.92 2 859 -27.03 -32.18 7 654 -31.03 2.83 3 829 -48.73 -5.72
0.041140 -0.350533 -2.665407
234 35 31
8 5 715 4.51 -87.84 6 1098 29.41 -105.62 0 881 30.78 -27.89 1 917 0.40 -37.84 2 858 -21.41 -33.04 7 655 -23.48 3.65 4 787 118.00 -10.39 3 828 -43.92 -7.43
-0.474439 -0.217369 -2.598853
65 86 77
6 5 729 -105.42 -60.94 6 762 -79.13 -75.80 0 887 -83.04 -6.93 1 697 -113.10 -2.04 7 661 -138.48 8.29 8 629 -45.19 77.55
2.002134 -1.458978 -4.871297
146 144 149
3 5 629 265.94 -191.03 6 736 285.78 -108.96 0 966 278.01 -215.37
2.193460 -1.446421 -4.898123
87 77 83
3 5 855 288.56 -188.23 6 740 308.64 -108.45 0 971 299.64 -210.22
-0.310881 -0.892156 -2.626244
38 84 154
5 5 831 -69.31 -201.74 6 942 -48.38 -192.12 0 1041 -32.20 -152.61 1 1089 -90.97 -158.96 4 947 88.11 -154.22
-0.001140 -0.502515 -2.699360
213 215 213
6 5 665 -3.84 -118.37 6 1047 19.06 -127.42 0 1121 25.37 -62.33 1 877 -9.81 -73.33 2 1101 -34.71 -61.89 7 610 -32.02 -34.29
-0.369681 -0.176555 -2.637239
193 208 198
4 5 1012 -82.25 -51.92 6 1146 -55.01 -66.42 0 1171 -60.63 0.59 1 1220 -87.43 4.28
1.042523 0.237292 -3.157081
56 51 49
4 5 554 192.33 32.70 6 558 246.56 22.96 0 1201 182.78 66.68 8 862 303.77 115.06
-0.051461 -0.415955 -2.654323
162 162 160
6 5 261 -15.00 -101.19 6 339 9.18 -115.92 1 240 -21.98 -51.17 7 241 -47.26 -12.65 4 233 105.66 -29.96 8 188 61.26 48.88
-0.507895 -0.317198 -2.609864
78 158 112
6 5 266 -112.14 -81.83 6 351 -85.89 -91.48 1 244 -122.47 -24.41 2 314 -105.55 -6.08 7 240 -147.60 -13.16 8 190 -52.99 56.90
-0.162077 -0.493082 -2.651563
202 200 194
5 5 257 -38.16 -117.36 6 236 -14.64 -126.38 1 335 -48.19 -67.98 2 399 -64.26 -51.15 4 347 89.06 -52.16
1.037498 0.239303 -3.149150
56 51 49
3 5 553 192.33 32.70 6 559 246.56 22.96 1 521 225.26 54.77
-0.772612 -0.122954 -2.507883
189 118 137
5 5 540 -173.13 -42.17 6 527 -147.05 -58.72 1 706 -180.42 24.55 2 1192 -138.58 39.90 7 670 -203.08 21.12
1.882529 -0.864881 -5.459168
123 111 116
3 5 949 231.32 -105.84 6 790 271.50 -11.36 1 785 305.11 -180.40
1.941482 -0.630729 -5.695677
137 126 132
3 5 998 231.00 -76.06 6 1215 277.63 23.39 1 821 305.88 -150.91
0.259687 0.465337 -2.724465
220 246 252
3 5 568 49.42 82.35 6 566 95.32 55.59 1 971 60.62 130.77
1.848973 -1.068128 -5.263068
86 77 83
3 5 914 233.60 -133.34 6 1162 267.25 -42.37 1 1024 306.69 -208.45
1.831576 -0.931007 -5.392263
122 113 121
3 5 933 227.43 -114.65 6 1180 265.53 -21.01 1 1054 300.30 -189.01
1.782623 -0.753625 -5.570601
95 80 83
3 5 975 216.83 -91.67 6 1199 260.03 6.95 1 1078 288.38 -165.23
-0.310352 -0.892536 -2.625118
38 84 154
3 5 830 -69.31 -201.74 6 941 -48.38 -192.12 1 1088 -90.97 -158.96
0.054642 -0.844036 -2.679253
211 234 128
3 5 852 7.91 -189.49 6 953 24.75 -187.46 1 1102 -3.88 -153.80
1.876283 -0.628222 -5.706094
90 69 71
3 5 999 223.46 -75.91 6 805 270.15 24.96 1 1105 297.13 -150.19
0.258578 0.485312 -2.727000
41 75 77
3 5 1077 48.97 86.43 6 820 95.54 60.09 1 1294 60.86 134.48
-0.424171 -0.536639 -2.712307
102 165 98
3 5 178 -90.29 -124.39 6 240 -64.31 -120.86 2 236 -97.61 -52.90
-0.624254 -0.551701 -2.705902
95 151 147
3 5 484 -130.74 -127.34 6 483 -103.77 -119.10 2 840 -125.39 -47.98
-0.765300 -0.182510 -2.532305
150 141 159
4 5 537 -170.02 -54.53 6 521 -143.55 -67.77 2 894 -138.84 27.94 7 662 -201.51 8.08
-0.737896 0.010411 -2.479389
183 158 143
2 5 34 -167.40 -13.54 6 28 -143.13 -36.21
-0.018669 -0.841182 -2.698323
238 239 76
2 5 93 -7.40 -187.96 6 120 11.37 -182.71
-0.138021 -0.828893 -2.696468
226 232 74
2 5 95 -32.06 -185.28 6 79 -11.54 -177.91
-0.093304 -0.248453 -2.593457
97 54 30
2 5 136 -26.13 -67.95 6 173 1.71 -91.57
0.674454 -0.338346 -3.449779
129 130 131
2 5 138 119.74 -68.85 6 134 152.87 -45.47
-0.163093 -0.307810 -2.576886
208 204 203
2 5 188 -40.11 -81.03 6 170 -15.57 -102.42
-0.652666 -0.162653 -2.580186
117 163 176
2 5 194 -143.60 -49.79 6 247 -117.43 -62.24
0.628807 0.045701 -3.080271
68 116 51
2 5 200 118.09 -3.59 6 183 160.17 -9.08
-0.163066 -0.951779 -2.625263
93 101 99
2 5 236 -37.80 -214.63 6 220 -20.62 -205.00
-0.145277 0.282093 -2.725246
63 191 228
2 5 310 -33.68 43.88 6 195 0.25 26.22
-0.485837 -0.642698 -2.717218
31 59 39
3 5 347 -102.40 -145.34 6 474 -76.69 -136.84 7 461 -142.13 -91.51
-0.088246 0.294852 -2.746466
230 107 151
2 5 401 -21.80 46.33 6 268 13.70 29.16
-0.158845 -1.003553 -2.572718
25 61 49
2 5 438 -38.28 -228.91 6 423 -21.71 -219.77
-0.203065 -0.900225 -2.686096
22 59 37
2 5 459 -45.15 -200.20 6 452 -25.41 -188.55
-0.321942 -0.878660 -2.628955
191 211 219
2 5 460 -71.37 -198.78 6 655 -50.11 -188.95
2.185897 -1.276085 -5.061630
130 119 125
2 5 476 280.93 -162.43 6 513 307.72 -80.32
1.851505 -1.156012 -5.184665
127 123 126
2 5 479 236.32 -145.27 6 529 267.49 -56.11
0.599879 -0.604690 -2.933038
38 56 14
2 5 482 116.39 -130.68 6 700 137.10 -133.52
-0.130133 -0.270390 -2.581584
105 58 34
2 5 532 -33.35 -72.90 6 1114 -7.64 -95.90
2.025028 -0.084306 -6.242901
96 92 97
2 5 543 224.32 -14.57 6 391 285.85 99.62
0.647816 0.353863 -2.907705
120 133 108
2 5 558 125.36 57.06 6 374 176.70 36.37
-0.153074 0.404069 -2.823490
221 244 205
2 5 561 -34.06 66.96 6 378 3.81 58.73
-0.574963 -0.967386 -2.532755
35 44 45
2 5 607 -127.91 -222.24 6 903 -103.37 -207.72
-0.182103 -0.970190 -2.602059
47 50 52
2 5 610 -42.65 -219.89 6 629 -24.85 -210.27
1.923159 -1.573103 -4.752152
96 79 78
2 5 616 260.38 -209.58 6 705 276.07 -127.83
-0.168517 -0.899809 -2.677593
37 59 36
2 5 621 -38.27 -200.72 6 652 -19.05 -190.42
1.953468 -1.497198 -4.832145
145 129 133
2 5 626 261.27 -197.09 6 722 279.73 -114.89
2.136551 -1.451634 -4.883238
79 62 72
2 5 630 282.13 -189.39 6 735 302.04 -109.25
1.738818 -1.400457 -4.924023
145 134 139
2 5 634 231.13 -182.29 6 755 253.74 -95.84
1.879442 -1.207861 -5.132622
98 89 87
2 5 643 241.45 -152.72 6 769 270.73 -64.89
2.072987 -0.750233 -5.600397
86 76 79
2 5 711 248.27 -90.42 6 546 292.88 4.87
1.957655 -0.663307 -5.687880
86 72 71
2 5 720 232.75 -79.72 6 799 279.44 19.34
1.957655 -0.663307 -5.687880
86 72 71
2 5 721 232.75 -79.72 6 800 279.44 19.34
1.970779 -0.317627 -5.988723
103 104 106
2 5 736 225.49 -39.75 6 1238 281.29 67.47
0.869363 -0.067152 -3.193354
110 112 98
2 5 742 160.02 -23.86 6 783 201.51 -25.23
0.704778 0.270369 -2.900300
201 218 218
2 5 757 136.86 40.77 6 795 186.41 17.73
1.995064 -1.658561 -4.684607
140 133 134
2 5 807 272.16 -222.93 6 1020 284.40 -142.47
1.794745 -1.624086 -4.694983
99 83 87
2 5 810 246.05 -218.45 6 1034 260.10 -135.33
-0.415367 -0.963813 -2.599079
33 70 49
2 5 812 -91.55 -217.86 6 924 -69.73 -203.30
1.678256 -1.557822 -4.752326
106 90 93
2 5 819 229.07 -207.98 6 1056 246.08 -122.79
1.771413 -1.522987 -4.784247
90 79 80
2 5 826 239.96 -202.29 6 1072 257.78 -118.27
-0.290265 -0.892327 -2.617338
26 78 160
2 5 829 -65.16 -202.41 6 940 -44.49 -193.37
2.049734 -1.464307 -4.872802
102 87 91
2 5 842 271.64 -191.46 6 1085 291.46 -110.10
2.049734 -1.464307 -4.872802
102 87 91
2 5 843 271.64 -191.46 6 1086 291.46 -110.10
0.079431 -0.843681 -2.674878
217 242 116
2 5 848 13.04 -189.98 6 949 29.53 -188.45
0.054795 -0.841569 -2.675034
211 234 128
2 5 851 7.91 -189.49 6 952 24.75 -187.46
1.953117 -1.219638 -5.116648
87 77 82
2 5 887 250.79 -154.47 6 1145 279.75 -68.04
1.707855 -1.005491 -5.326720
123 110 113
2 5 919 215.05 -124.53 6 1173 250.78 -30.67
2.149603 -1.007515 -5.336350
84 73 77
2 5 924 266.12 -124.14 6 780 302.63 -36.13
-0.068968 -0.439520 -2.657371
210 211 210
3 5 947 -18.75 -106.81 6 1067 5.25 -119.48 8 599 57.40 42.99
1.873121 -0.842820 -5.504841
126 113 116
2 5 959 229.00 -102.44 6 791 269.77 -6.78
2.107833 -0.347172 -6.005116
105 98 106
2 5 1016 239.43 -42.66 6 824 295.45 63.23
-0.281789 -0.056027 -2.731865
157 86 117
2 5 1023 -61.30 -25.77 6 1170 -32.17 -36.82
2.010410 -0.001997 -6.323162
79 75 76
2 5 1035 220.48 -6.18 6 839 284.23 110.71
2.283483 0.202197 -6.531564
53 46 47
2 5 1042 241.46 14.01 6 842 312.69 134.28
0.259292 0.484786 -2.730584
41 75 77
2 5 1076 48.97 86.43 6 819 95.54 60.09
-0.061027 -0.753342 -2.715184
221 198 54
2 5 8 -16.11 -169.40 1 7 -26.30 -130.61
-0.277369 -0.703704 -2.660497
33 30 23
2 5 13 -61.87 -161.35 1 11 -76.97 -115.23
-0.538963 0.285522 -2.553080
219 224 225
3 5 21 -120.12 45.76 0 21 -106.76 95.18 1 30 -118.37 106.66
-0.662690 -0.571608 -2.679316
181 180 146
3 5 25 -139.79 -132.84 1 43 -154.19 -81.70 2 57 -133.75 -47.74
-0.074760 -0.576285 -2.697617
17 17 15
7 5 40 -19.53 -133.74 0 44 10.74 -79.29 1 42 -27.02 -89.39 2 53 -49.28 -72.59 7 35 -51.48 -54.30 4 21 109.77 -66.58 8 21 57.30 7.79
-0.458088 -0.341396 -2.648302
100 180 114
4 5 43 -98.88 -87.59 0 31 -76.26 -36.37 4 22 12.77 -30.80 8 23 -39.77 48.02
0.718748 0.208778 -2.888350
205 223 222
2 5 49 140.52 28.81 1 50 160.52 66.77
-0.642802 -0.729257 -2.766404
67 146 165
2 5 68 -130.39 -160.49 0 41 -107.95 -127.19
-0.477302 -0.681333 -2.731517
93 163 103
4 5 69 -100.00 -152.86 0 75 -73.21 -112.35 1 82 -113.78 -109.27 4 53 26.96 -116.78
-0.476234 -0.680522 -2.735267
93 163 103
6 5 70 -100.00 -152.86 0 76 -73.21 -112.35 1 83 -113.78 -109.27 2 163 -110.56 -77.28 7 74 -138.72 -100.84 4 54 26.96 -116.78
0.297594 -0.648220 -2.887666
115 180 91
2 5 71 57.65 -140.75 1 60 61.72 -114.31
0.653000 -0.641592 -2.916072
113 182 93
2 5 72 128.08 -138.02 1 81 141.66 -117.58
-0.360397 -0.265388 -2.650051
16 16 14
2 5 76 -80.01 -70.36 1 97 -86.26 -15.66
0.281293 -0.874093 -2.705794
244 254 98
2 5 90 54.81 -194.92 1 112 50.30 -164.55
0.309997 -0.816907 -2.696371
23 24 16
2 5 96 61.18 -183.58 1 77 57.27 -151.15
0.559766 -0.565471 -2.976497
100 162 78
2 5 100 107.85 -121.50 1 119 122.08 -100.60
-0.443943 -0.389220 -2.662854
88 174 118
4 5 105 -96.39 -95.52 0 79 -72.05 -46.28 1 90 -105.78 -42.55 2 117 -95.84 -24.32
-0.091111 0.653741 -2.739011
153 149 141
3 5 123 -22.97 119.80 0 133 -20.24 151.69 1 146 -8.74 163.76
-0.713900 -0.879045 -2.853728
112 121 128
2 5 129 -139.96 -184.95 0 107 -118.28 -163.19
0.650757 -0.752415 -2.819533
16 19 12
2 5 131 130.02 -163.98 1 113 140.30 -141.85
0.650757 -0.752415 -2.819533
16 19 12
2 5 132 130.02 -163.98 1 114 140.30 -141.85
0.692243 -0.007461 -3.041411
112 184 93
2 5 144 131.52 -13.57 1 129 153.81 13.39
-0.742415 0.634009 -2.598926
145 141 138
2 5 157 -161.73 117.90 0 259 -150.55 151.73
-0.382245 -1.002811 -2.580788
28 51 35
2 5 161 -85.01 -227.08 1 216 -114.03 -184.30
-0.247531 -0.860081 -2.743670
110 111 106
2 5 169 -53.44 -189.16 1 315 -67.54 -152.81
0.673699 -0.843923 -2.846482
18 18 14
2 5 171 132.45 -181.45 1 220 146.39 -163.58
-0.446089 -0.728929 -2.757839
30 41 25
6 5 175 -91.87 -161.08 0 216 -64.99 -122.58 1 229 -106.60 -120.66 2 230 -108.31 -87.68 7 145 -131.50 -113.56 4 149 34.80 -127.18
-0.007961 -0.485737 -2.689411
205 207 204
6 5 180 -5.95 -114.93 0 154 24.17 -58.18 1 172 -11.67 -69.00 2 166 -35.77 -57.94 7 110 -34.44 -29.95 3 167 -58.26 -32.21
0.080649 -0.472839 -2.715792
214 213 210
4 5 181 13.43 -111.82 0 222 41.21 -54.95 2 233 -17.98 -60.63 3 231 -43.49 -37.20
-0.422412 -0.220788 -2.627117
100 114 107
2 5 192 -93.71 -61.36 1 246 -100.13 -4.56
0.834645 -0.043187 -3.177451
66 55 44
2 5 197 154.50 -19.49 1 188 182.61 -1.31
0.868116 -0.005803 -3.163360
175 182 174
4 5 198 161.14 -13.26 1 247 189.14 7.14 2 239 182.18 -31.05 7 170 200.22 39.21
0.575352 0.123893 -3.082174
79 136 67
2 5 201 108.23 11.09 1 191 130.13 37.27
-0.274651 0.474067 -2.693783
64 51 41
2 5 208 -60.98 83.46 0 250 -53.24 122.31
-0.269188 0.565176 -2.697567
194 197 191
4 5 210 -59.75 101.39 0 351 -53.42 137.95 1 266 -47.65 149.23 4 289 -8.80 166.57
-0.261731 0.612265 -2.697103
150 150 144
3 5 214 -58.83 112.43 0 352 -52.19 145.88 1 268 -45.86 158.59
-0.129261 -1.015791 -2.572814
181 206 205
2 5 222 -32.19 -231.58 1 436 -56.44 -192.47
-0.131343 -0.930168 -2.649265
40 49 48
2 5 238 -31.54 -209.04 1 218 -49.63 -171.01
0.997803 -0.888451 -2.806521
60 33 16
2 5 248 200.88 -191.33 1 157 224.03 -179.53
-0.194257 -0.863261 -2.711871
40 34 10
3 5 249 -43.67 -190.50 0 426 -6.08 -145.20 1 454 -59.03 -154.65
-0.501493 -0.753342 -2.743345
93 155 92
3 5 251 -104.00 -166.50 0 214 -76.61 -128.81 1 228 -119.87 -125.11
-0.157243 -0.545231 -2.665218
208 183 42
7 5 254 -36.69 -129.04 0 302 -6.54 -73.47 1 326 -47.18 -81.02 2 394 -65.12 -61.53 7 232 -73.11 -47.67 4 343 91.57 -62.64 3 587 -82.29 -30.50
-0.160355 -0.492429 -2.646012
202 200 194
5 5 256 -38.16 -117.36 1 334 -48.19 -67.98 2 398 -64.26 -51.15 7 331 -75.03 -33.31 8 288 33.77 30.88
-0.164470 -0.381046 -2.608557
205 207 200
6 5 263 -39.94 -95.72 0 314 -11.86 -35.76 1 242 -49.15 -40.71 7 244 -77.48 -5.57 4 235 83.77 -23.70 3 444 -76.76 3.04
-0.139474 -0.343129 -2.603550
189 189 194
7 5 265 -34.75 -87.86 0 317 -7.25 -26.74 1 345 -43.24 -32.44 2 309 -55.21 -21.45 7 248 -71.43 4.03 4 240 87.05 -13.16 8 194 35.64 67.41
0.049654 -0.304782 -2.655302
81 5 0
6 5 267 6.05 -78.87 1 243 2.88 -27.17 2 308 -18.06 -24.42 7 250 -21.94 14.29 4 242 116.76 0.68 8 198 86.22 74.33
-0.558643 -0.252481 -2.573111
99 120 97
6 5 269 -123.98 -69.10 0 229 -101.47 -14.60 1 245 -133.91 -7.68 7 347 -159.74 0.95 4 157 -10.12 -12.92 8 197 -67.38 73.29
-0.436004 -0.255446 -2.632011
55 75 63
3 5 270 -96.28 -68.77 0 320 -73.44 -16.55 1 346 -103.18 -12.18
-0.508838 0.109864 -2.618293
222 80 135
4 5 293 -118.84 3.94 1 372 -105.56 67.55 2 457 -75.31 65.32 4 264 -25.82 70.96
-0.887055 0.250888 -2.580488
110 88 90
2 5 307 -192.02 37.84 1 388 -185.28 95.48
1.013123 0.753031 -3.038004
203 205 210
2 5 322 191.36 131.21 1 267 220.25 158.98
-0.138281 -0.510812 -2.655381
42 16 15
5 5 351 -33.31 -121.52 1 471 -43.05 -72.34 2 604 -60.99 -55.68 7 479 -69.06 -37.44 8 418 39.79 26.56
-0.046906 -0.448737 -2.666586
28 28 33
6 5 356 -13.77 -108.51 0 450 14.60 -50.22 1 474 -20.97 -59.34 2 401 -41.63 -48.22 7 333 -45.37 -21.16 4 351 107.24 -36.28
-0.084414 -0.419201 -2.646487
24 22 23
8 5 359 -22.15 -102.81 0 454 6.04 -43.86 1 340 -29.75 -51.65 2 404 -47.62 -40.10 7 337 -55.82 -14.41 4 357 99.32 -30.85 8 295 53.05 48.35 3 602 -66.46 -11.09
0.026552 -0.418114 -2.679169
212 214 208
5 5 361 1.41 -101.18 0 666 29.36 -43.74 1 477 -3.10 -53.62 7 339 -26.30 -12.45 8 294 82.62 47.38
-0.073652 -0.389371 -2.639576
25 25 24
5 5 362 -19.95 -96.94 0 458 7.64 -36.85 1 342 -27.14 -44.77 2 409 -44.48 -34.37 7 341 -53.61 -6.91
-0.032009 -0.383561 -2.650905
30 28 29
5 5 363 -11.09 -95.43 0 461 16.25 -35.36 1 480 -17.06 -44.06 2 405 -36.60 -35.67 7 342 -42.58 -5.01
-0.032232 -0.382928 -2.651356
30 28 29
6 5 364 -11.09 -95.43 0 462 16.25 -35.36 1 481 -17.06 -44.06 2 406 -36.60 -35.67 7 343 -42.58 -5.01 3 607 -56.77 -7.50
-0.020919 -0.332831 -2.640434
216 213 211
8 5 368 -8.95 -84.87 0 467 17.45 -24.09 1 488 -14.46 -32.23 2 414 -32.79 -26.05 7 348 -40.10 7.35 4 554 106.51 -7.98 8 303 68.32 68.05 3 613 -52.85 1.80
0.005138 -0.325373 -2.647131
42 18 15
7 5 369 -3.39 -83.00 0 469 22.90 -22.55 1 492 -8.10 -30.98 2 412 -27.22 -25.95 7 351 -33.31 9.13 4 555 110.76 -5.60 3 612 -48.31 1.26
0.005203 -0.325197 -2.648540
42 18 15
5 5 370 -3.39 -83.00 1 493 -8.10 -30.98 2 413 -27.22 -25.95 7 352 -33.31 9.13 8 306 75.06 69.00
0.729305 -0.197767 -2.365365
197 209 209
2 5 375 159.96 -61.33 1 1230 165.75 12.43
-0.015588 0.069070 -2.825962
108 201 215
2 5 388 -5.67 0.12 0 501 6.31 42.62
0.898416 0.075427 -3.107161
75 68 52
2 5 390 167.74 2.53 0 498 166.63 40.74
0.710229 0.294490 -2.909982
110 116 99
3 5 400 137.96 45.43 0 705 134.53 88.72 4 853 168.47 120.22
-0.799898 0.334602 -2.546300
146 135 141
3 5 403 -177.05 56.04 0 526 -161.49 100.06 4 277 -104.97 117.19
0.267774 -0.813188 -2.697923
125 127 116
2 5 468 52.32 -182.72 1 455 47.37 -149.61
0.659624 -0.812615 -2.838066
124 137 129
2 5 472 130.79 -175.26 1 452 142.46 -156.24
-0.705248 -0.742111 -2.736495
172 73 97
4 5 474 -144.43 -163.91 0 630 -121.70 -130.91 1 627 -161.72 -119.69 2 1083 -144.62 -78.75
-0.500664 -0.610740 -2.700422
97 158 106
6 5 480 -105.61 -139.33 0 636 -79.95 -96.50 1 646 -119.87 -92.39 2 818 -114.04 -62.34 7 464 -146.25 -83.14 4 524 19.20 -100.90
-0.084592 -0.501345 -2.670567
210 215 208
4 5 486 -21.68 -119.26 0 651 7.74 -61.99 1 473 -29.93 -71.65 2 603 -50.40 -56.64
0.085648 -0.489333 -2.722930
209 214 207
7 5 490 13.99 -114.80 0 653 43.11 -58.55 1 472 10.84 -71.90 2 598 -17.52 -64.35 7 482 -9.10 -30.41 4 537 130.49 -41.39 8 287 101.50 28.15
0.111280 -0.473207 -2.726020
56 9 5
6 5 492 19.39 -111.64 0 654 47.33 -55.07 2 599 -12.26 -62.67 7 484 -1.87 -25.94 8 419 107.66 32.21 3 581 -38.21 -40.32
0.109284 -0.453923 -2.722333
55 6 1
6 5 493 19.15 -107.98 0 660 46.77 -50.56 1 657 16.72 -64.04 2 601 -11.74 -58.38 7 486 -2.50 -21.74 3 791 -37.35 -35.82
0.059131 -0.440573 -2.702596
26 25 28
6 5 494 8.84 -105.94 0 663 36.54 -48.02 2 608 -20.83 -52.92 7 487 -16.53 -18.63 4 544 123.54 -30.92 3 590 -44.73 -28.74
0.060202 -0.441372 -2.701094
26 25 28
6 5 495 8.84 -105.94 0 664 36.54 -48.02 1 661 5.03 -60.09 2 609 -20.83 -52.92 7 488 -16.53 -18.63 3 592 -44.73 -28.74
1.041308 -0.515009 -3.268052
24 23 20
2 5 498 189.00 -103.21 1 466 224.02 -100.68
-0.051632 -0.396444 -2.649847
201 204 193
7 5 504 -15.04 -98.04 0 671 12.56 -38.48 1 478 -21.83 -47.14 2 625 -40.76 -37.28 7 496 -47.41 -8.57 4 548 104.18 -23.44 8 430 60.91 53.12
-0.112027 -0.388971 -2.628982
27 30 34
8 5 506 -28.38 -97.07 0 673 -0.31 -37.13 1 678 -36.35 -43.92 2 629 -51.72 -32.46 7 498 -63.73 -7.21 4 549 93.19 -23.95 8 616 44.83 55.70 3 832 -69.00 -2.70
-0.010166 -0.388883 -2.660144
215 219 212
4 5 507 -6.20 -96.58 0 674 21.01 -36.65 2 623 -32.59 -38.26 4 778 110.66 -20.36
-0.009923 -0.389570 -2.662332
215 219 212
8 5 508 -6.20 -96.58 0 675 21.01 -36.65 1 479 -11.53 -46.70 2 624 -32.59 -38.26 7 500 -36.17 -6.91 4 779 110.66 -20.36 8 429 72.54 53.72 3 825 -53.79 -10.67
0.105367 -0.360673 -2.693062
57 6 1
4 5 510 18.13 -89.49 1 681 15.99 -41.60 2 622 -9.09 -38.88 7 502 -5.67 1.20
-0.086450 -0.341270 -2.621989
207 212 208
2 5 513 -23.13 -87.03 1 685 -30.25 -32.85
-0.086609 -0.342156 -2.620949
207 212 208
7 5 514 -23.13 -87.03 0 677 3.91 -26.18 1 686 -30.25 -32.85 2 867 -45.34 -24.18 7 657 -57.58 4.58 4 784 96.11 -12.69 8 623 50.30 67.22
-0.555755 -0.335731 -2.594628
39 53 39
2 5 515 -122.56 -86.13 1 691 -133.60 -27.36
0.080017 -0.340466 -2.675641
243 41 29
7 5 516 12.61 -85.09 0 679 38.53 -25.70 1 485 9.87 -35.96 2 628 -13.50 -33.36 7 504 -13.28 7.09 4 788 123.63 -7.88 3 603 -36.92 -8.99
0.080286 -0.338730 -2.674423
243 41 29
3 5 517 12.61 -85.09 1 486 9.87 -35.96 7 505 -13.28 7.09
0.031582 -0.324505 -2.654918
239 43 42
6 5 522 2.43 -82.90 0 681 28.32 -22.16 1 690 -1.69 -31.37 2 634 -22.22 -27.21 4 790 115.02 -4.75 3 837 -43.99 -0.66
0.077784 -0.316129 -2.669053
241 43 35
4 5 525 12.12 -80.44 0 682 37.42 -19.98 1 491 9.46 -30.83 2 632 -13.00 -28.38
0.077797 -0.315434 -2.668376
241 43 35
3 5 526 12.12 -80.44 0 683 37.42 -19.98 2 633 -13.00 -28.38
0.096061 -0.299366 -2.670497
56 9 0
4 5 529 15.87 -77.16 0 684 40.92 -16.52 2 636 -8.65 -25.82 7 508 -9.71 15.98
1.041932 0.276395 -3.155146
52 52 49
3 5 556 193.23 40.09 0 919 181.61 71.83 8 652 299.81 121.11
0.242945 0.420817 -2.727817
96 139 78
3 5 562 45.93 73.27 0 939 49.37 117.78 4 862 97.69 147.99
0.646397 0.466293 -2.872309
211 225 223
2 5 567 125.93 79.98 0 710 119.13 119.61
-0.771886 0.529764 -2.580541
42 24 20
2 5 574 -169.18 96.61 0 719 -155.98 134.07
-0.791090 0.565013 -2.603630
99 80 78
2 5 579 -171.78 103.27 0 721 -159.29 137.84
-0.111943 0.684776 -2.709200
141 140 135
6 5 585 -27.60 127.45 0 725 -24.87 159.45 1 740 -13.96 172.76 2 913 22.27 143.36 4 623 15.44 190.44 8 684 43.86 203.39
2.684192 2.033120 -6.170147
119 113 127
2 5 590 289.27 200.71 0 529 215.61 126.56
0.989085 -1.102519 -2.912848
182 189 182
2 5 601 193.79 -226.86 1 570 218.78 -230.89
-0.109248 -0.886752 -2.705957
61 38 1
4 5 627 -25.50 -196.11 0 808 12.42 -148.20 1 813 -40.80 -161.42 2 775 -76.77 -129.52
2.114522 -1.377215 -4.951619
83 79 81
2 5 635 276.64 -178.07 0 980 285.22 -202.69
-0.491628 -0.783402 -2.755487
41 74 49
6 5 636 -101.36 -172.06 0 816 -73.95 -135.46 1 836 -117.59 -132.24 2 1066 -117.86 -95.37 7 584 -143.78 -127.38 4 719 28.99 -142.70
-0.685146 -0.761696 -2.744261
154 30 59
2 5 638 -140.02 -167.54 1 840 -157.51 -124.47
-0.692417 -0.689064 -2.723024
154 30 60
3 5 642 -142.99 -153.81 0 632 -120.13 -118.63 4 509 -20.86 -132.78
1.608473 -1.173912 -5.118726
99 85 91
2 5 647 209.36 -149.29 1 578 276.47 -222.72
1.608473 -1.173912 -5.118726
99 85 91
2 5 649 209.36 -149.29 1 579 276.47 -222.72
-0.511568 -0.632362 -2.703177
107 164 113
3 5 652 -107.68 -143.78 1 859 -122.59 -97.44 7 598 -149.14 -88.59
0.083868 -0.593378 -2.756107
153 121 119
6 5 657 14.32 -134.99 0 835 44.44 -81.59 1 862 10.50 -96.58 2 804 -21.62 -85.57 7 605 -6.63 -57.29 8 558 103.77 1.20
-0.713297 -0.496669 -2.652108
149 42 81
4 5 666 -151.25 -117.72 0 839 -129.50 -74.67 1 890 -164.91 -63.60 4 528 -34.82 -84.34
-0.041594 -0.492770 -2.681228
21 20 16
7 5 668 -12.54 -116.68 0 842 16.69 -60.07 1 880 -19.54 -70.23 2 1107 -42.19 -57.76 7 612 -43.32 -31.92 4 1023 109.86 -47.09 8 574 66.08 29.91
-0.041263 -0.492489 -2.681156
21 20 16
7 5 669 -12.54 -116.68 0 843 16.69 -60.07 1 654 -19.56 -70.04 2 1108 -42.19 -57.76 7 613 -43.32 -31.92 8 575 66.08 29.91 3 1115 -63.43 -30.75
-0.087786 -0.472111 -2.662079
208 209 200
5 5 671 -22.49 -113.28 0 849 6.39 -55.83 1 885 -30.46 -64.43 2 1124 -49.92 -50.77 7 615 -55.98 -27.49
0.039780 -0.473884 -2.704345
19 16 16
5 5 672 4.60 -112.25 1 655 0.06 -67.42 2 821 -25.93 -58.51 7 616 -21.38 -26.72 8 578 88.14 32.30
0.039780 -0.473884 -2.704345
19 16 16
5 5 673 4.60 -112.25 1 656 0.06 -67.42 2 820 -25.93 -58.51 7 617 -21.38 -26.72 8 579 88.14 32.30
-0.059510 -0.466358 -2.669677
212 217 212
6 5 674 -16.43 -112.14 0 850 12.40 -54.33 1 887 -23.79 -63.64 7 619 -48.45 -26.00 4 1029 105.58 -40.61 8 581 60.67 35.88
-0.059427 -0.466941 -2.668937
212 217 212
6 5 675 -16.43 -112.14 0 851 12.40 -54.33 1 888 -23.79 -63.64 2 1123 -44.62 -51.07 7 620 -48.45 -26.00 8 582 60.67 35.88
-0.077453 -0.458415 -2.660716
18 17 23
6 5 677 -20.35 -110.63 0 655 8.32 -52.70 1 659 -28.08 -61.21 2 837 -47.65 -48.45 7 624 -53.30 -24.01 3 813 -67.20 -20.04
-0.077453 -0.458415 -2.660716
18 17 23
6 5 678 -20.35 -110.63 0 656 8.32 -52.70 1 660 -28.08 -61.21 2 838 -47.65 -48.45 7 625 -53.30 -24.01 3 814 -67.20 -20.04
1.743341 -0.890645 -5.429083
122 118 123
2 5 681 216.32 -109.33 1 782 287.18 -182.96
0.023879 -0.456253 -2.693172
214 214 207
6 5 682 1.20 -109.26 0 854 29.64 -51.32 1 658 -3.73 -62.78 2 827 -28.28 -53.73 7 629 -26.25 -22.64 8 585 83.22 37.02
-0.124303 -0.447699 -2.641394
211 211 203
3 5 684 -30.57 -108.82 0 855 -1.70 -50.72 7 632 -66.15 -21.58
-0.016668 -0.447614 -2.677376
17 21 24
8 5 687 -7.44 -107.88 0 857 20.89 -49.86 1 896 -13.40 -59.93 2 834 -35.88 -49.70 7 634 -37.32 -20.65 4 765 111.94 -35.02 8 800 72.29 39.81 3 1123 -57.44 -23.14
-0.094222 -0.442661 -2.649472
209 215 208
5 5 688 -24.11 -107.43 0 858 4.58 -49.33 1 900 -32.22 -57.10 2 844 -50.33 -44.27 7 636 -58.22 -20.04
-0.094226 -0.442647 -2.649306
209 215 208
6 5 689 -24.11 -107.43 0 859 4.58 -49.33 1 901 -32.22 -57.10 2 845 -50.33 -44.27 7 637 -58.22 -20.04 8 600 50.41 42.77
-0.009595 -0.432035 -2.673891
221 224 220
8 5 691 -6.10 -104.38 0 863 22.10 -46.35 1 903 -11.74 -56.31 2 1126 -33.95 -46.96 7 641 -35.67 -16.43 4 1044 112.68 -31.37 8 806 73.35 44.08 3 1126 -55.70 -20.84
0.060156 -0.422170 -2.693335
215 222 219
6 5 698 7.91 -102.31 0 667 36.01 -43.83 1 669 4.72 -55.51 2 610 -20.11 -48.89 7 492 -16.63 -13.40 8 425 92.51 45.49
0.092480 -0.416152 -2.704374
216 219 215
7 5 699 15.52 -100.34 0 869 42.67 -42.43 1 905 12.84 -54.73 2 833 -13.53 -49.72 7 646 -8.13 -11.94 4 1056 128.42 -24.86 8 606 100.72 46.07
-0.097060 -0.398706 -2.636165
213 220 213
8 5 702 -25.08 -98.88 0 872 3.00 -39.26 1 909 -32.76 -46.58 2 852 -49.29 -35.29 7 648 -59.50 -9.59 4 1054 96.53 -25.56 8 611 48.78 53.23 3 1146 -67.36 -5.86
0.028804 -0.381170 -2.672210
224 227 223
8 5 704 2.00 -94.38 0 873 28.93 -34.78 1 676 -2.34 -45.15 2 849 -24.78 -38.81 7 649 -26.10 -4.21 4 1060 116.78 -17.63 8 612 82.62 55.43 3 1136 -47.09 -12.77
0.028992 -0.381560 -2.671838
224 227 223
7 5 705 2.00 -94.38 0 874 28.93 -34.78 1 677 -2.34 -45.15 2 850 -24.78 -38.81 7 650 -26.10 -4.21 8 613 82.62 55.43 3 1137 -47.09 -12.77
-0.099211 -0.371632 -2.623406
207 211 206
6 5 707 -25.57 -93.17 0 876 2.51 -33.06 2 863 -48.78 -29.44 4 780 95.70 -19.22 8 618 46.26 60.46 3 839 -66.96 0.18
0.076705 -0.361172 -2.683719
26 19 16
8 5 712 11.95 -89.88 0 879 38.36 -30.22 1 682 9.22 -41.40 2 851 -14.73 -37.59 7 653 -13.56 1.10 4 785 123.30 -12.09 8 617 95.27 59.39 3 822 -37.91 -13.19
1.827124 -0.734176 -5.586040
138 126 130
2 5 713 221.32 -89.06 1 808 294.01 -163.08
-0.031669 -0.333991 -2.635161
206 214 208
4 5 717 -11.43 -85.25 1 687 -16.88 -32.16 2 865 -34.77 -25.45 7 659 -43.46 7.17
2.718666 -0.679619 -5.778370
58 57 58
2 5 719 312.05 -79.72 0 1069 292.01 -118.37
0.734518 0.055287 -2.981573
117 128 100
4 5 747 141.41 -1.97 0 905 143.33 42.92 1 707 163.31 29.71 7 530 158.63 68.65
0.705352 0.102576 -2.949336
163 176 162
4 5 750 136.32 7.36 0 912 138.42 52.74 1 710 157.24 41.32 8 650 236.36 116.36
0.713730 0.131419 -2.926645
192 204 195
4 5 751 138.55 13.12 0 1200 139.99 59.29 1 950 159.08 48.53 4 845 177.54 90.71
0.660540 0.413719 -2.879269
171 183 169
5 5 760 128.93 69.51 0 934 123.26 110.30 1 724 148.43 108.52 7 702 128.01 134.09 8 665 213.57 170.64
-0.040477 0.446512 -2.737427
153 141 132
3 5 763 -12.50 77.64 0 935 -6.16 116.87 4 858 42.04 144.49
-0.040477 0.446512 -2.737427
153 141 132
3 5 764 -12.50 77.64 0 936 -6.16 116.87 4 859 42.04 144.49
0.212160 0.443586 -2.730890
28 36 45
4 5 765 39.68 77.97 0 942 42.77 121.21 1 967 50.78 125.78 4 864 90.41 150.74
0.203613 0.465015 -2.734220
163 177 185
2 5 768 37.82 82.06 0 944 40.44 124.70
-0.072047 0.486946 -2.716616
123 118 115
3 5 769 -19.36 86.55 0 945 -13.22 125.41 4 612 35.04 153.37
-0.758250 0.479486 -2.567239
58 36 32
3 5 771 -167.26 86.44 0 713 -153.09 126.12 4 421 -104.61 148.70
-0.277208 0.524041 -2.683747
88 80 76
2 5 777 -62.36 94.33 1 1302 -51.00 142.94
-0.271848 0.606139 -2.692547
136 133 125
2 5 780 -60.97 111.05 1 978 -47.98 157.62
-0.746565 0.660560 -2.592293
136 122 126
2 5 781 -163.44 123.86 0 952 -151.36 156.86
-0.285132 -0.960459 -2.617428
16 16 15
3 5 815 -63.81 -216.56 0 1019 -24.85 -167.52 1 1071 -87.86 -175.69
-0.334999 -0.901178 -2.620287
153 184 220
2 5 824 -74.27 -203.87 1 1085 -97.53 -160.55
0.116631 -0.865493 -2.673138
169 189 85
3 5 838 20.66 -194.51 0 1056 61.78 -136.75 1 1086 9.91 -159.87
0.142981 -0.766870 -2.833847
215 188 78
2 5 881 26.89 -166.36 1 835 24.22 -138.34
-0.407861 -0.696983 -2.767469
89 126 90
4 5 888 -84.37 -154.53 0 1079 -57.37 -114.99 1 846 -97.33 -114.25 7 759 -120.77 -106.00
-0.496075 -0.625159 -2.707873
23 70 32
4 5 899 -104.49 -142.57 0 1085 -78.47 -99.70 1 1145 -118.56 -95.68 8 769 -48.87 -18.83
-0.055626 -0.614320 -2.716556
156 115 107
7 5 900 -14.68 -140.55 0 1098 16.40 -87.64 1 852 -23.03 -98.77 2 1081 -48.85 -81.45 7 767 -44.89 -63.73 8 554 65.26 -1.98 3 1099 -70.87 -54.67
-0.032539 -0.609763 -2.722402
167 128 128
5 5 902 -9.94 -139.51 0 1104 21.17 -86.27 1 855 -17.47 -98.21 2 1078 -44.36 -81.82 7 769 -38.70 -62.39
-0.011271 -0.606359 -2.727322
168 133 128
4 5 903 -5.50 -138.67 0 1105 25.47 -85.26 1 854 -12.48 -97.79 7 771 -32.94 -61.15
-0.482639 -0.603567 -2.705419
28 60 28
6 5 906 -101.98 -138.10 0 1087 -76.12 -94.72 1 869 -115.60 -91.19 2 1103 -110.46 -61.89 7 763 -141.44 -81.55 8 772 -45.09 -13.32
0.045248 -0.598172 -2.744021
165 133 134
4 5 910 6.20 -136.43 0 1109 36.98 -82.88 1 860 1.08 -96.87 7 777 -17.37 -58.76
0.104095 -0.589758 -2.763252
178 140 137
8 5 913 18.55 -134.11 0 836 48.70 -80.58 1 863 15.27 -96.16 2 1072 -17.44 -86.28 7 606 -0.87 -56.44 4 1015 136.72 -63.64 8 559 109.27 1.57 3 1091 -44.75 -64.99
-0.100907 -0.484043 -2.660971
28 25 24
3 5 931 -25.41 -115.88 1 882 -33.88 -66.89 7 800 -59.15 -30.48
0.098033 -0.488762 -2.729108
212 218 212
7 5 935 16.96 -114.53 0 1123 45.22 -58.32 1 879 13.92 -72.06 2 1095 -15.07 -64.97 7 799 -4.88 -30.32 8 791 104.44 27.46 3 1105 -41.08 -42.67
-0.027538 -0.461640 -2.677849
213 215 211
7 5 939 -9.65 -110.74 0 852 19.01 -53.03 1 891 -16.07 -63.06 2 1122 -38.42 -51.80 7 622 -39.93 -24.43 8 583 69.40 36.50 3 1119 -59.82 -24.89
-0.003042 -0.457565 -2.684622
209 212 210
4 5 942 -4.35 -109.67 0 1128 24.04 -51.90 2 1118 -33.55 -52.47 7 803 -33.49 -23.33
-0.002990 -0.457677 -2.684742
209 212 210
3 5 943 -4.35 -109.67 0 1129 24.04 -51.90 7 804 -33.49 -23.33
-0.069051 -0.440532 -2.656754
210 211 210
6 5 946 -18.75 -106.81 0 1130 9.67 -48.70 1 902 -26.11 -57.07 2 1129 -45.57 -45.37 7 808 -51.51 -19.29 8 598 57.40 42.99
0.096225 -0.442394 -2.714042
178 183 176
4 5 951 16.38 -105.62 0 1131 43.88 -48.13 2 1113 -13.90 -55.37 7 809 -6.51 -18.72
0.096477 -0.442648 -2.713889
178 183 176
6 5 952 16.38 -105.62 0 1132 43.88 -48.13 1 1162 13.74 -61.18 2 1114 -13.90 -55.37 7 810 -6.51 -18.72 8 1039 102.77 39.19
-0.030579 -0.436048 -2.667568
217 216 214
5 5 953 -10.54 -105.62 0 1133 17.74 -47.47 1 904 -16.86 -56.80 7 811 -41.28 -17.75 8 805 67.72 43.46
0.043092 -0.437495 -2.692658
25 16 23
6 5 954 5.17 -105.15 0 861 32.93 -47.24 1 897 0.85 -58.66 2 830 -24.27 -51.05 7 639 -21.10 -17.64 3 803 -47.82 -26.29
0.043032 -0.437503 -2.692772
25 16 23
7 5 955 5.17 -105.15 0 862 32.93 -47.24 1 898 0.85 -58.66 2 831 -24.27 -51.05 7 640 -21.10 -17.64 8 803 87.90 41.65 3 804 -47.82 -26.29
0.003019 -0.421234 -2.675822
62 63 59
3 5 960 -3.55 -101.98 0 1136 24.46 -43.81 4 1050 114.61 -28.61
0.002780 -0.419909 -2.676702
62 63 59
2 5 961 -3.55 -101.98 0 1135 24.46 -43.81
-0.001708 -0.341904 -2.650285
52 15 13
5 5 980 -4.78 -86.25 1 921 -9.65 -34.76 2 1143 -29.39 -28.89 7 817 -34.80 5.13 4 1066 110.37 -9.82
0.023375 -0.341884 -2.657423
113 15 9
5 5 981 0.48 -86.25 0 1151 26.97 -26.11 1 1183 -3.68 -35.45 2 1140 -24.49 -30.32 7 818 -28.37 5.55
0.023375 -0.341884 -2.657423
113 15 9
5 5 982 0.48 -86.25 0 1152 26.97 -26.11 1 1184 -3.68 -35.45 2 1141 -24.49 -30.32 7 819 -28.37 5.55
-0.146095 -0.333971 -2.599754
19 18 19
7 5 983 -36.24 -86.22 0 1156 -8.97 -24.76 1 926 -44.69 -29.84 2 1148 -56.16 -19.14 7 820 -73.27 5.93 4 1065 85.21 -11.33 8 827 34.15 69.48
-0.145971 -0.333872 -2.598585
19 18 19
6 5 984 -36.24 -86.22 0 1155 -8.97 -24.76 1 927 -44.69 -29.84 2 1149 -56.16 -19.14 7 821 -73.27 5.93 4 1064 85.21 -11.33
0.050938 -0.337003 -2.666603
72 9 5
7 5 985 6.47 -85.02 0 1154 32.69 -24.94 1 920 3.00 -34.91 2 1138 -18.81 -31.04 7 823 -21.25 6.88 8 820 87.11 65.73 3 1145 -40.92 -5.86
0.097282 -0.329132 -2.679855
113 6 4
6 5 986 16.24 -82.86 0 1158 41.81 -23.29 1 922 14.22 -33.99 2 860 -9.57 -31.86 7 825 -8.75 9.18 4 1072 125.82 -4.42
0.097282 -0.329132 -2.679855
113 6 4
6 5 987 16.24 -82.86 0 1159 41.81 -23.29 1 923 14.22 -33.99 2 861 -9.57 -31.86 7 826 -8.75 9.18 4 1073 125.82 -4.42
2.438992 -0.693107 -5.745470
66 59 65
2 5 988 283.07 -81.73 0 1067 265.63 -123.12
2.438992 -0.693107 -5.745470
66 59 65
2 5 989 283.07 -81.73 0 1068 265.63 -123.12
-0.012043 -0.318145 -2.635289
216 213 209
2 5 990 -7.30 -81.88 1 1187 -12.34 -28.67
0.456296 -0.302081 -2.574069
106 179 86
2 5 993 93.50 -79.85 1 1200 95.48 -24.83
1.868478 -0.655806 -5.668310
125 112 114
2 5 994 223.59 -79.21 1 1103 297.04 -153.60
0.049604 -0.305020 -2.656978
100 7 0
2 5 995 6.14 -78.50 1 929 2.63 -27.20
-0.722167 -0.298564 -2.583378
84 170 186
4 5 996 -157.69 -78.33 0 1149 -136.21 -28.95 7 1005 -192.47 -17.66 4 1042 -46.43 -32.37
1.942556 -0.630352 -5.692762
137 126 132
2 5 997 231.00 -76.06 1 820 305.88 -150.91
1.924722 -0.532434 -5.784305
123 111 117
2 5 1006 226.41 -64.36 1 833 300.88 -139.12
1.900061 -0.507503 -5.807134
93 79 83
2 5 1008 223.13 -61.44 1 1125 297.10 -136.09
-0.370018 -0.176498 -2.637432
193 208 198
3 5 1013 -82.25 -51.92 0 1172 -60.63 0.59 1 1221 -87.43 4.28
0.847147 -0.024033 -3.183068
75 75 60
2 5 1028 156.42 -16.02 1 935 185.32 2.19
0.474132 0.023155 -3.081180
61 105 14
2 5 1034 89.26 -7.96 1 941 108.89 17.94
0.970363 0.050405 -3.139486
213 218 213
4 5 1036 181.13 -2.36 1 942 211.52 18.81 7 686 220.05 57.78 8 631 296.87 87.44
0.828311 0.141430 -3.074384
93 91 80
4 5 1044 155.97 14.82 0 911 153.49 52.79 7 688 182.04 73.99 8 647 261.75 106.51
1.010564 0.237712 -3.126113
177 172 176
2 5 1052 188.66 32.75 1 951 219.55 55.78
0.623520 0.361561 -2.914543
138 155 138
2 5 1059 120.66 58.48 1 1263 140.48 95.15
0.645775 0.401194 -2.883952
210 224 216
4 5 1062 125.92 66.80 0 1218 120.72 107.49 1 1270 145.27 105.72 8 1102 210.62 167.66
0.633027 0.412386 -2.885155
162 179 161
4 5 1065 123.26 69.07 0 933 118.02 109.29 1 957 142.59 107.48 8 873 207.49 168.53
-0.833597 0.434815 -2.620829
84 71 71
2 5 1070 -179.10 75.43 0 1221 -166.51 111.72
-0.739771 0.483653 -2.552508
140 120 117
4 5 1078 -164.05 88.15 0 1233 -149.64 128.42 1 1304 -152.86 144.41 4 865 -99.85 151.63
0.615205 0.565971 -2.783948
129 146 128
5 5 1088 121.74 102.40 0 1241 113.69 143.31 1 976 138.97 146.46 7 887 110.23 167.30 8 887 197.40 204.73
0.603227 0.595557 -2.743256
160 171 158
2 5 1091 120.22 109.72 1 1308 136.20 155.96
1.939847 -0.560940 -5.780338
126 116 121
2 6 809 277.30 34.24 1 832 303.03 -142.68
0.118511 -0.602557 -2.769977
91 25 8
4 6 1024 42.88 -139.46 0 641 51.55 -83.35 1 641 18.42 -99.39 7 475 3.34 -59.24
-0.001072 -0.502594 -2.699129
214 215 216
5 6 1048 19.06 -127.42 0 1122 25.37 -62.33 1 878 -9.81 -73.33 2 1102 -34.71 -61.89 8 571 77.63 26.17
-0.173264 -0.465870 -2.649898
185 151 131
3 0 18 -12.77 -56.11 1 21 -47.82 -61.48 7 22 -78.13 -29.48
-0.364719 0.366022 -2.700465
234 239 242
3 0 22 -68.79 99.79 1 32 -70.07 111.03 2 45 -33.49 96.43
-0.366212 0.370163 -2.711527
234 239 242
2 0 23 -68.79 99.79 1 33 -70.07 111.03
0.059664 -0.899551 -2.690229
100 76 20
2 0 28 49.73 -146.20 1 18 -3.12 -167.12
0.423834 0.287501 -2.748316
101 4 0
2 0 64 87.35 96.38 1 51 95.74 92.81
-0.127827 0.439841 -2.758587
107 95 79
2 0 65 -22.98 112.11 1 75 -18.50 121.62
-0.468083 -0.486619 -2.672634
43 42 40
2 0 78 -75.34 -68.24 1 88 -112.40 -64.19
-0.615983 -0.213902 -2.577220
18 20 17
2 0 83 -113.92 -9.27 1 127 -144.42 1.15
0.108297 0.062849 -2.899541
123 188 100
2 0 87 29.51 38.69 1 70 30.16 37.17
-0.123713 0.553584 -2.746175
180 185 180
2 0 94 -24.52 133.50 1 105 -16.41 144.01
0.355570 0.625395 -2.843112
39 35 26
2 0 96 62.63 143.95 1 107 85.16 151.29
-0.465088 -1.015255 -2.553619
31 38 40
2 0 103 -65.45 -184.73 1 110 -135.06 -185.31
-0.216470 0.511648 -2.708965
188 191 182
4 0 129 -41.43 127.30 1 144 -36.62 138.08 4 103 4.74 156.17 8 136 21.72 178.88
-0.445614 -0.609665 -2.723081
41 35 32
4 0 150 -67.21 -95.84 1 168 -105.79 -93.13 7 149 -131.75 -83.64 8 121 -35.55 -15.96
-0.510954 -0.280387 -2.587887
78 91 73
3 0 160 -89.66 -20.78 1 183 -123.32 -14.81 4 125 1.98 -17.27
-0.160911 -0.257600 -2.580432
190 117 74
2 0 165 -13.83 -8.06 1 184 -47.70 -11.55
-0.160911 -0.257600 -2.580432
190 117 74
2 0 166 -13.83 -8.06 1 185 -47.70 -11.55
-0.169439 0.374043 -2.815962
230 240 240
2 0 184 -29.89 95.44 1 138 -25.07 103.74
-0.007673 -0.846014 -2.660483
232 234 77
2 0 211 34.05 -135.23 1 163 -19.34 -153.00
-0.646313 -0.164479 -2.570742
101 173 192
3 0 231 -121.73 1.36 1 248 -149.59 11.39 2 322 -117.89 26.15
0.265792 0.142764 -2.776195
32 58 20
2 0 242 60.44 64.18 1 254 60.50 61.98
-0.006128 -0.986640 -2.589986
176 137 71
2 0 283 40.00 -165.90 1 212 -25.59 -187.53
-0.006128 -0.986640 -2.589986
176 137 71
2 0 284 40.00 -165.90 1 213 -25.59 -187.53
-0.492471 -0.554604 -2.688454
44 39 35
3 0 297 -79.14 -83.66 1 327 -117.62 -79.62 7 326 -144.15 -69.75
1.024426 -0.553418 -3.324084
113 104 97
2 0 300 197.21 -74.53 1 232 219.47 -109.57
-0.436803 -0.189729 -2.609770
89 100 88
3 0 323 -74.93 -1.66 1 350 -103.67 3.21 2 429 -87.36 13.47
-0.424308 -0.100851 -2.673421
175 188 202
2 0 327 -73.04 12.49 1 358 -94.36 18.34
-0.958644 1.074965 -5.145813
199 207 174
2 0 332 -131.48 48.91 1 373 -42.51 71.15
-0.958644 1.074965 -5.145813
199 207 174
2 0 333 -131.48 48.91 1 374 -42.51 71.15
0.288613 0.224148 -2.789062
88 0 0
3 0 338 62.15 78.54 1 256 66.68 77.16 2 257 66.28 54.52
-0.621127 0.215094 -2.552012
228 233 239
4 0 340 -122.12 81.09 1 536 -136.26 91.50 2 1213 -92.00 86.66 4 133 -54.90 96.47
-0.192659 0.352735 -2.877742
230 130 162
2 0 344 -33.99 86.64 1 387 -26.94 94.60
0.519894 -1.086732 -2.587566
144 147 135
3 0 403 162.04 -174.83 1 285 103.69 -223.76 2 352 1.14 -204.57
0.212282 -1.031561 -2.568998
41 48 46
2 0 407 91.90 -170.47 1 429 25.77 -203.14
0.571605 -1.060736 -2.618937
148 151 140
3 0 411 170.32 -166.85 1 208 117.62 -217.48 2 202 16.14 -204.26
-0.060128 -0.983782 -2.594642
58 65 66
2 0 412 27.56 -166.89 1 300 -38.09 -185.61
0.121397 -0.958777 -2.622201
44 57 57
2 0 420 67.12 -156.78 1 302 7.14 -182.66
-0.024537 -0.919019 -2.670333
100 111 99
2 0 424 32.42 -152.88 1 448 -24.11 -169.79
-0.647646 -0.356672 -2.639193
180 174 131
3 0 456 -117.34 -42.82 1 489 -149.02 -33.24 7 481 -173.18 -31.90
-0.665560 -0.216242 -2.586762
204 110 127
4 0 472 -124.68 -10.52 1 508 -153.61 -0.68 2 653 -122.03 16.37 4 365 -38.79 -9.32
-0.606488 -0.152851 -2.592785
145 188 192
2 0 477 -112.60 3.57 1 353 -139.37 12.41
-0.516912 -0.105567 -2.625063
180 82 112
3 0 481 -93.30 12.86 1 513 -117.19 20.48 2 658 -91.02 28.50
-0.367966 -0.087947 -2.693225
190 182 195
2 0 483 -61.26 14.80 1 359 -81.10 19.82
-0.398025 -0.073950 -2.674028
202 101 131
2 0 484 -67.97 18.21 1 361 -88.33 23.99
0.908578 0.042850 -3.125125
205 207 200
4 0 494 168.23 34.46 1 356 198.98 18.35 7 370 205.61 55.15 8 313 284.00 86.39
0.908858 0.044058 -3.126452
205 207 200
5 0 495 168.23 34.46 1 357 198.98 18.35 2 310 190.37 -20.46 7 371 205.61 55.15 8 314 284.00 86.39
0.645222 0.350398 -2.901774
123 133 110
2 0 524 121.44 97.55 1 537 145.13 94.18
-0.679858 0.312401 -2.531176
158 167 159
2 0 525 -136.10 99.44 1 727 -147.16 113.13
-0.178147 0.543107 -2.756300
190 200 196
3 0 532 -34.49 129.77 1 551 -27.50 141.18 2 485 9.12 116.57
0.225707 0.625448 -2.761479
169 180 173
2 0 537 40.45 148.54 1 200 56.37 159.30
-0.486325 -1.108317 -2.478156
106 126 124
2 0 568 -69.40 -207.63 1 587 -149.64 -208.58
-0.484013 -0.645287 -2.717631
50 69 45
5 0 635 -75.34 -104.16 1 639 -115.73 -100.85 2 812 -111.95 -69.79 4 522 23.81 -108.42 8 401 -45.23 -23.93
-0.399351 -0.554224 -2.731121
26 25 16
2 0 643 -58.75 -82.92 1 325 -94.97 -82.19
-0.167577 -0.147584 -2.734337
197 198 182
2 0 689 -18.51 4.60 1 699 -37.92 4.16
0.426100 0.256411 -2.823714
118 17 12
2 0 704 86.51 83.90 1 528 97.07 81.40
0.296700 -1.135874 -2.470152
153 170 169
2 0 765 119.44 -191.77 1 752 41.73 -234.49
-0.108374 -0.887943 -2.700679
41 33 3
2 0 809 12.42 -148.20 1 814 -40.80 -161.42
0.026434 -0.843132 -2.681989
61 64 22
3 0 817 40.94 -134.11 1 620 -10.21 -153.02 2 777 -55.60 -127.24
0.027422 -0.602164 -2.738541
166 120 114
3 0 832 33.36 -83.99 1 856 -3.30 -97.44 7 775 -22.33 -59.78
0.033169 -0.600177 -2.743491
166 120 114
4 0 833 33.36 -83.99 1 857 -3.30 -97.44 4 751 127.94 -68.05 3 1094 -54.84 -60.78
-0.101811 -0.484244 -2.662180
13 14 9
3 0 847 3.62 -58.91 1 883 -33.88 -66.89 4 1026 99.20 -46.77
-0.126292 -0.402134 -2.626422
218 220 217
3 0 871 -3.21 -40.21 1 911 -39.93 -46.73 2 1136 -54.88 -34.16
-0.358688 -0.272597 -2.082900
136 193 208
2 0 899 -60.56 18.60 1 704 -135.83 17.27
-0.642219 0.340161 -2.514203
230 228 233
2 0 932 -128.87 106.86 1 1280 -140.39 120.55
-0.668457 -0.781702 -2.755236
200 76 115
2 0 1053 -112.54 -139.11 1 838 -153.52 -129.19
0.133345 -0.868571 -2.671241
184 202 85
2 0 1055 65.40 -136.96 1 1084 13.74 -160.81
0.322310 -0.870871 -2.698761
27 45 0
2 0 1058 105.58 -133.92 1 803 59.57 -163.97
0.079935 -0.846057 -2.677467
217 235 127
2 0 1059 52.87 -133.42 1 817 1.88 -154.56
-0.428876 -0.707132 -2.759876
82 117 74
5 0 1073 -61.77 -118.03 1 844 -102.52 -115.87 7 593 -126.73 -107.94 8 537 -29.13 -41.63 3 1104 -105.46 -48.71
0.990582 -0.735168 -2.683545
105 136 60
2 0 1094 240.19 -87.32 1 1117 227.09 -139.93
1.009327 -0.732241 -2.684577
97 127 56
2 0 1101 243.77 -86.33 1 1119 231.88 -139.40
0.017958 -0.592356 -2.716149
22 19 17
3 0 1110 31.11 -81.43 1 866 -5.72 -94.71 3 1098 -61.57 -55.41
1.035212 -0.530854 -3.317994
95 82 74
2 0 1118 198.83 -70.77 1 849 221.76 -104.44
0.016038 -0.392719 -2.670849
53 53 55
4 0 1139 26.26 -37.01 1 1173 -5.44 -47.88 7 1014 -29.48 -6.92 8 1046 79.48 53.07
0.016147 -0.392531 -2.671145
53 53 55
3 0 1140 26.26 -37.01 1 1174 -5.44 -47.88 8 1047 79.48 53.07
-0.138666 -0.377802 -2.613749
213 214 214
5 0 1142 -6.20 -34.59 1 1179 -43.46 -40.58 2 1144 -55.53 -28.42 7 1016 -71.50 -4.63 4 1057 88.79 -21.93
-0.177144 -0.294323 -2.576846
224 206 194
3 0 1162 -16.47 -15.72 1 1203 -52.31 -19.55 2 878 -60.56 -9.84
-0.177071 -0.294156 -2.575908
224 206 194
2 0 1163 -16.47 -15.72 1 1204 -52.31 -19.55
0.946312 0.069374 -3.114574
213 211 202
2 0 1186 174.24 39.98 1 944 206.95 24.14
0.908977 0.075146 -3.071266
209 212 207
2 0 1190 169.72 43.11 1 1237 199.76 27.85
0.689432 0.406525 -2.859272
175 186 172
2 0 1219 129.37 111.28 1 1272 154.80 108.64
-0.445306 -0.390338 -2.665598
88 174 118
2 5 106 -96.39 -95.52 2 118 -95.84 -24.32
-0.089517 -0.499354 -2.673658
210 214 208
2 5 133 -22.67 -118.78 2 167 -50.63 -56.17
-0.536291 0.106058 -2.641058
222 80 135
2 5 294 -118.84 3.94 2 456 -75.31 65.32
0.333883 -0.038965 -3.050733
99 147 71
3 5 384 62.93 -19.93 7 355 76.60 20.01 8 300 158.84 65.51
1.033649 -0.929958 -2.874712
156 154 144
2 5 462 203.25 -196.48 2 270 142.32 -214.57
-0.051771 -0.396224 -2.649237
201 204 193
4 5 505 -15.04 -98.04 2 626 -40.76 -37.28 7 497 -47.41 -8.57 3 827 -60.58 -8.60
-0.645426 -0.355297 -2.634364
169 166 121
2 5 511 -139.01 -89.04 2 880 -123.26 -10.25
0.048370 -0.454518 -2.699805
204 210 203
2 5 683 6.38 -108.57 2 825 -23.65 -54.88
-0.697848 -0.647995 -2.706989
149 36 61
2 5 896 -144.91 -146.46 7 762 -187.47 -100.82
0.008545 -0.604375 -2.733891
186 146 143
2 5 904 -1.27 -138.05 2 1074 -36.40 -83.22
-0.144555 -0.365432 -2.608926
37 35 33
3 5 970 -35.75 -92.47 7 1019 -72.48 -1.88 8 816 35.10 62.84
-0.145119 -0.365623 -2.610449
37 35 33
2 5 971 -35.75 -92.47 7 1020 -72.48 -1.88
0.092611 -0.285859 -2.665815
249 41 38
2 5 1000 15.16 -74.32 7 1043 -10.78 19.19
-0.655053 -0.289332 -2.611416
179 88 109
2 6 354 -115.46 -82.46 7 490 -175.35 -16.07
0.078147 -0.333371 -2.679509
241 44 32
2 6 500 37.78 -102.10 7 506 -13.28 7.09
-0.140196 -0.669552 -2.685632
212 186 39
2 0 148 -0.54 -100.99 7 151 -69.63 -75.49
-0.119519 -0.298875 -2.600770
216 220 216
3 0 162 -4.17 -17.12 7 163 -66.37 13.99 8 126 41.00 77.32
-0.471249 0.312838 -2.741500
235 237 241
2 0 245 -88.48 84.79 2 261 -47.19 86.53
-0.164326 -0.380995 -2.609847
210 210 206
3 0 315 -11.86 -35.76 7 243 -77.48 -5.57 8 191 30.39 58.23
-0.551783 -0.307987 -2.594968
102 126 101
3 0 316 -98.27 -28.24 7 493 -157.85 -11.99 8 192 -65.36 59.74
-0.635744 -0.481080 -2.681594
119 170 165
3 0 445 -111.78 -70.86 2 627 -124.96 -34.45 4 341 -19.49 -76.97
-0.074400 -0.387097 -2.641247
32 30 30
3 0 457 7.64 -36.85 2 408 -44.48 -34.37 4 361 99.64 -22.32
0.920660 0.002756 -3.155308
136 129 115
3 0 488 169.85 26.20 7 365 211.20 44.81 8 308 288.63 76.01
0.920660 0.002756 -3.155308
136 129 115
3 0 489 169.85 26.20 7 366 211.20 44.81 8 309 288.63 76.01
-0.257168 0.292350 -2.743571
94 198 223
2 0 522 -45.56 85.12 2 464 -18.44 79.48
0.157574 -0.895070 -2.666414
162 141 29
2 0 626 71.68 -142.20 2 563 -39.86 -143.69
-0.087003 -0.341138 -2.621191
213 214 213
4 0 678 3.91 -26.18 2 868 -45.34 -24.18 7 658 -57.58 4.58 3 846 -63.40 5.47
-0.396176 -0.728394 -2.781056
113 137 121
3 0 819 -53.95 -121.98 2 801 -98.55 -90.88 4 731 43.77 -124.40
-0.395564 -0.728818 -2.781317
113 137 121
3 0 820 -53.95 -121.98 2 802 -98.55 -90.88 7 590 -117.35 -114.28
-0.695211 -0.664672 -2.711785
158 34 65
3 0 822 -121.41 -112.73 2 1097 -141.08 -65.09 4 514 -22.62 -126.57
-0.695487 -0.664479 -2.712293
158 34 65
2 0 823 -121.41 -112.73 2 1096 -141.08 -65.09
-0.102776 -0.485067 -2.659971
13 14 9
4 0 846 3.62 -58.91 2 1120 -53.45 -52.40 4 1025 99.20 -46.77 3 1121 -72.26 -23.65
0.079144 -0.446728 -2.708473
221 223 221
3 0 860 40.73 -49.05 2 824 -17.24 -55.18 7 635 -11.54 -19.88
-0.055532 -0.614581 -2.716133
159 118 119
2 0 1097 16.40 -87.64 2 1080 -48.85 -81.45
0.051388 -0.337080 -2.666525
87 16 7
3 0 1153 32.69 -24.94 7 822 -21.25 6.88 3 1144 -40.92 -5.86
-0.543823 -0.471440 -2.669235
32 35 28
3 1 22 -128.68 -60.18 2 58 -111.48 -36.63 7 21 -154.85 -51.87
0.415607 0.451417 -2.784518
134 210 113
2 1 34 95.62 123.77 2 22 100.74 91.22
0.215962 -0.970982 -2.622278
18 61 38
2 1 156 29.80 -188.25 2 210 -40.30 -160.16
0.080975 -0.392176 -2.693413
145 149 149
2 1 176 10.05 -48.68 7 157 -11.80 -6.37
-0.523766 -0.322293 -2.611172
78 151 107
2 1 179 -124.85 -25.25 7 156 -151.21 -15.19
-0.070725 -0.295713 -2.611381
209 212 207
2 1 180 -26.58 -22.15 7 166 -53.94 15.90
0.640702 0.505521 -2.847164
123 127 108
3 1 197 144.66 129.64 2 329 148.71 90.93 7 188 119.93 150.69
0.530354 -1.056300 -2.602715
43 26 18
2 1 209 107.06 -216.13 2 204 7.14 -198.63
-0.452581 -0.770796 -2.764887
70 148 99
2 1 226 -108.32 -129.94 2 297 -110.72 -95.37
-0.397242 -0.754470 -2.782235
80 157 107
2 1 227 -95.11 -127.28 2 226 -100.27 -95.75
-0.247277 0.375914 -2.729756
162 163 147
2 1 260 -45.06 110.97 2 263 -13.36 93.22
-0.247277 0.375914 -2.729756
162 163 147
2 1 261 -45.06 110.97 2 264 -13.36 93.22
0.643703 0.502139 -2.847286
119 124 105
2 1 264 145.20 128.64 2 330 148.71 90.93
-0.598625 -1.101661 -2.471494
69 97 81
2 1 289 -175.51 -204.66 2 380 -189.32 -134.81
-0.571443 -1.038481 -2.468662
11 12 13
2 1 296 -167.94 -189.32 2 381 -181.61 -124.42
-0.637140 -0.483347 -2.685654
110 168 164
4 1 337 -145.94 -62.57 2 407 -124.92 -34.83 7 327 -170.67 -61.78 8 283 -81.73 8.19
0.364796 0.045405 -3.029679
102 85 15
3 1 363 86.05 25.57 2 425 86.82 2.65 3 329 89.92 21.86
0.503876 0.148624 -3.122456
18 39 15
2 1 368 116.07 39.52 2 319 122.39 10.47
-0.495587 0.091548 -2.575439
190 214 165
2 1 371 -111.97 65.06 7 375 -133.96 62.41
-0.552048 0.178653 -2.534351
212 100 139
2 1 379 -124.51 86.17 7 383 -146.20 78.39
0.228101 -1.070149 -2.509302
68 86 104
2 1 422 26.65 -214.32 2 536 -59.43 -178.55
-0.299109 -0.959261 -2.605553
59 88 79
2 1 447 -91.94 -175.15 2 576 -121.26 -129.30
0.879784 -0.083438 -3.199497
120 121 106
2 1 500 191.78 -10.38 7 357 207.08 21.53
0.879565 -0.083139 -3.201447
120 121 106
2 1 501 191.78 -10.38 2 612 181.97 -48.14
0.908750 -0.020069 -3.169524
203 206 200
2 1 510 198.15 3.43 7 364 210.13 38.26
0.669265 0.460177 -2.852261
163 171 161
2 1 543 150.56 119.46 2 901 151.58 83.31
-0.721128 -0.763602 -2.737256
34 21 29
2 1 626 -165.27 -124.17 2 808 -147.87 -81.83
-0.041962 -0.627352 -2.722452
26 22 23
4 1 638 -19.98 -101.95 2 806 -47.17 -84.60 7 601 -40.94 -66.86 3 775 -69.90 -58.38
-0.031583 -0.333862 -2.635243
211 216 210
3 1 688 -16.88 -32.16 2 866 -34.77 -25.45 7 660 -43.46 7.17
0.009177 -0.604428 -2.733137
185 146 146
2 1 858 -7.56 -97.66 2 1075 -36.40 -83.22
-0.002943 -0.457751 -2.685347
217 222 219
3 1 893 -10.14 -62.61 2 1119 -33.55 -52.47 8 586 76.00 37.10
-0.034680 -0.363329 -2.641625
219 218 212
2 1 916 -17.96 -39.14 2 1139 -36.59 -31.22
0.917447 0.488327 -2.969454
134 112 107
2 1 964 202.64 116.18 2 461 206.80 72.32
-0.359336 -0.897214 -2.620501
115 152 195
2 1 1090 -102.78 -159.18 2 1056 -123.47 -115.37
-0.116947 -0.620880 -2.701031
149 127 123
3 1 1142 -37.56 -99.15 7 766 -61.51 -66.19 8 778 48.33 -3.22
0.118468 -0.588450 -2.770323
68 6 0
3 1 1143 18.62 -96.11 7 779 3.34 -56.53 8 786 113.49 1.30
-0.096831 -0.495928 -2.665346
202 208 204
3 1 1154 -32.87 -69.72 7 988 -58.13 -33.48 8 1036 50.91 29.36
-0.096754 -0.495984 -2.665397
202 208 204
2 1 1155 -32.87 -69.72 7 989 -58.13 -33.48
0.097488 -0.465563 -2.721481
209 211 211
2 1 1158 13.82 -66.53 7 999 -5.71 -24.45
-0.072158 -0.481405 -2.666722
8 11 15
3 1 1159 -27.10 -66.63 7 993 -51.93 -29.59 8 1037 57.37 33.25
-0.026647 -0.448878 -2.671917
24 26 33
2 1 1166 -15.95 -59.81 7 1002 -40.23 -20.83
0.091757 -0.431039 -2.708512
20 15 19
2 1 1168 12.58 -58.15 7 1007 -8.14 -15.83
-0.049457 -0.430344 -2.659085
210 213 206
3 1 1169 -21.41 -54.91 7 1006 -46.62 -16.43 8 1041 62.40 45.17
0.089865 -0.358904 -2.683814
37 25 25
2 1 1178 12.14 -41.01 2 1133 -12.26 -37.41
-0.125253 -0.348006 -2.607893
25 25 26
2 1 1185 -39.91 -33.48 7 1023 -67.82 3.14
-0.001629 -0.311719 -2.641214
47 50 54
3 1 1188 -9.64 -27.58 7 1035 -35.49 12.63 8 1059 72.64 72.41
0.019253 -0.307298 -2.648953
57 8 7
3 1 1191 -4.27 -27.15 7 1037 -29.77 13.53 8 1060 77.98 72.76
-0.122468 -0.255481 -2.581469
166 106 64
2 1 1209 -39.01 -11.19 7 1050 -68.09 24.88
0.395282 -0.197750 -2.578001
143 211 115
2 1 1216 81.79 -0.43 2 1156 40.34 -9.68
0.909917 0.053686 -3.121149
195 194 186
2 1 1232 199.23 20.50 2 1150 190.70 -18.53
0.946934 0.088960 -3.116018
101 84 75
3 1 1235 207.23 27.45 2 876 199.09 -12.56 3 597 202.73 -13.80
0.789386 0.173877 -3.079523
178 178 173
2 1 1242 174.49 46.84 7 1090 172.88 75.87
0.844771 0.194198 -3.058658
174 180 170
2 1 1244 186.06 52.04 7 1102 183.57 85.51
0.728411 0.159724 -2.899802
201 213 209
2 1 1248 162.60 56.04 7 1115 149.97 97.99
0.705923 0.392673 -2.866349
171 178 167
2 1 1269 158.15 105.31 7 878 137.73 136.29
-0.670894 -0.371409 -2.629174
202 62 107
3 2 422 -128.18 -11.79 7 330 -179.55 -34.49 8 291 -91.94 37.42
-0.723041 -0.183441 -2.546742
125 178 182
2 2 440 -131.76 26.22 7 350 -191.62 8.08
0.871433 0.471553 -2.994511
128 105 98
2 2 459 198.65 68.20 7 406 177.21 136.97
0.940546 0.066729 -3.119724
208 212 203
3 2 872 196.60 -16.45 7 526 212.38 61.50 8 636 290.18 91.94
-1.589684 3.166569 -9.125789
14 13 13
2 5 220 -87.24 214.54 4 169 -285.35 85.73
-0.727316 0.031027 -2.483717
176 203 153
3 5 285 -165.78 -8.05 4 259 -64.62 54.76 3 648 -108.78 109.56
-0.102116 -0.005580 -2.806705
75 201 237
2 5 386 -23.59 -14.42 4 571 54.05 46.06
0.110945 -0.501767 -2.737195
49 6 7
2 5 487 19.51 -117.05 8 414 108.59 24.12
0.110945 -0.501767 -2.737195
49 6 7
2 5 488 19.51 -117.05 8 415 108.59 24.12
-0.166754 -0.148812 -2.728001
202 206 189
2 5 539 -37.83 -44.85 4 813 56.50 19.71
0.429781 0.688955 -2.737119
144 147 135
2 5 782 83.81 128.89 4 875 113.01 199.41
0.270590 -0.798855 -2.765296
19 19 15
2 0 74 89.63 -119.94 4 55 182.92 -100.86
-0.529531 -0.323700 -2.600414
88 140 103
2 0 117 -92.90 -31.59 4 124 -0.19 -28.62
0.290319 -0.871683 -2.714712
242 253 117
2 0 144 97.90 -134.79 4 83 197.97 -113.12
-0.428106 0.464530 -2.681613
182 180 173
2 0 186 -83.11 119.89 4 138 -34.31 141.75
0.355995 -0.959967 -2.649830
8 13 9
2 0 206 117.82 -151.34 4 116 225.04 -126.89
-0.500445 -0.391876 -2.636086
59 58 53
2 0 223 -84.76 -47.35 4 155 8.67 -45.22
-0.306086 0.580704 -2.676506
189 194 188
2 0 256 -60.83 142.15 4 183 -15.46 169.84
0.345413 -1.273519 -2.519634
17 16 13
2 0 372 133.37 -224.12 4 457 266.57 -198.33
-0.493115 -0.557367 -2.686405
44 39 36
2 0 440 -79.37 -84.21 4 339 18.15 -86.99
0.009370 -0.438350 -2.682302
35 31 28
2 0 452 26.12 -47.56 4 355 116.21 -32.12
-0.033220 -0.380373 -2.652132
35 34 33
3 0 460 16.25 -35.36 4 551 106.32 -19.35 3 606 -56.77 -7.50
-0.091980 0.192271 -2.747997
211 229 195
2 0 516 -10.76 69.75 4 592 47.43 91.46
-0.612831 0.205652 -2.609660
103 178 205
2 0 517 -118.52 74.11 4 842 -55.38 88.07
-0.649551 0.207446 -2.559816
59 48 41
2 0 703 -127.56 78.60 4 591 -61.51 91.36
-0.676494 0.324976 -2.564787
159 167 161
2 0 707 -134.59 98.75 4 412 -75.63 117.62
-0.278449 0.522866 -2.698177
88 76 64
2 0 715 -54.22 129.72 4 613 -7.53 157.30
-0.111044 0.684200 -2.712433
140 135 124
2 0 726 -24.87 159.45 8 683 43.86 203.39
-0.416398 -0.961250 -2.614945
45 86 68
2 0 790 -54.95 -171.63 4 685 71.22 -178.73
-0.009303 -0.432141 -2.676075
216 216 212
2 0 864 22.10 -46.35 4 1045 112.68 -31.37
-0.737861 -0.179212 -2.538603
151 165 188
3 0 890 -142.77 -1.31 4 796 -56.07 -1.18 8 835 -109.54 84.08
0.393490 -0.228065 -2.581041
103 175 79
2 0 894 103.72 9.73 4 1095 185.30 36.54
0.877433 0.107747 -3.076279
194 202 189
2 0 908 162.96 47.97 8 644 274.25 102.93
0.744096 0.251839 -2.889046
215 232 231
2 0 923 143.05 83.49 4 850 178.58 115.48
0.744096 0.251839 -2.889046
215 232 231
2 0 924 143.05 83.49 4 851 178.58 115.48
0.631143 0.313605 -2.943784
102 121 87
2 0 925 118.25 87.97 8 657 211.44 145.45
0.257139 0.461047 -2.718285
221 244 252
2 0 946 51.37 125.99 4 867 98.45 156.76
-0.720908 -0.969054 -2.926593
62 62 66
2 0 1002 -116.35 -183.22 8 473 -93.30 -131.62
-0.750504 -0.913130 -2.879675
74 68 72
2 0 1015 -125.07 -171.69 4 664 -29.04 -193.62
-0.018573 -0.634882 -2.739114
195 173 80
2 0 1090 24.44 -91.93 4 1006 118.98 -79.47
0.097838 -0.464190 -2.727428
187 189 184
2 0 1125 44.52 -53.22 4 1037 130.70 -35.64
-0.736542 -0.205587 -2.549654
99 182 202
2 0 1166 -141.61 -7.50 4 1067 -54.53 -8.30
0.841421 0.137643 -3.063243
192 205 191
2 0 1193 156.39 53.29 8 1083 264.82 108.20
-0.841644 0.234032 -2.578336
92 73 66
2 0 1202 -168.08 77.15 4 844 -110.22 89.24
0.681982 0.322983 -2.902666
145 152 137
2 0 1210 128.89 93.36 4 1128 162.84 125.38
-0.308447 0.514087 -2.702935
142 140 136
2 0 1231 -59.95 127.45 4 1135 -13.45 154.04
0.253500 0.480351 -2.722598
61 93 89
2 0 1236 50.06 129.24 4 1138 96.18 159.53
0.996720 0.588050 -2.953294
26 21 32
2 0 1238 173.45 137.42 4 1141 189.83 172.01
-0.140527 -0.344500 -2.604598
175 177 178
2 1 344 -43.24 -32.44 8 195 35.64 67.41
-0.642264 -0.776400 -2.768972
96 164 175
2 1 624 -146.86 -128.41 4 712 -6.41 -151.84
0.081372 -0.489362 -2.724106
212 214 209
2 1 652 10.17 -71.90 8 572 99.86 27.66
0.099337 -0.162884 -2.682854
33 37 20
2 1 698 17.16 3.23 4 375 114.30 30.74
-0.108258 -0.637137 -2.705773
25 21 12
2 1 850 -35.87 -103.10 8 545 51.09 -7.06
-0.040917 -0.350112 -2.634119
46 47 49
2 1 919 -19.50 -35.40 4 1063 104.66 -12.50
-0.601875 -0.228690 -2.608829
82 105 84
2 2 64 -112.22 10.71 4 24 -24.23 -10.22
-0.143464 -0.356245 -2.605593
22 23 26
3 2 869 -57.03 -24.65 4 781 86.65 -16.23 3 847 -72.68 7.06
-0.083269 -0.743373 -2.739512
221 194 41
2 7 6 -51.67 -96.67 8 6 60.33 -35.45
-0.124964 0.560756 -2.747755
180 183 179
2 7 122 -36.41 126.45 8 100 42.91 181.55
0.094991 -1.261719 -2.441649
163 163 151
2 7 134 -57.74 -187.98 8 105 109.61 -117.33
0.939371 0.524623 -3.007888
110 78 66
2 7 187 190.70 146.26 8 222 267.71 173.51
0.128097 0.550766 -2.662009
200 211 210
2 7 190 3.77 153.37 8 141 91.91 205.20
0.359245 -1.280183 -2.505722
113 117 113
2 7 197 37.20 -190.27 8 154 207.43 -123.42
0.359245 -1.280183 -2.505722
113 117 113
2 7 198 37.20 -190.27 8 155 207.43 -123.42
-0.501238 -0.753292 -2.744543
98 158 99
2 7 219 -146.29 -119.53 8 117 -49.32 -52.09
0.531410 0.306721 -2.901176
162 218 125
2 7 260 104.10 108.07 8 212 189.64 147.33
-0.094781 0.641698 -2.719338
148 142 134
2 7 266 -32.22 142.51 8 139 47.39 197.63
-0.058899 -1.343827 -2.392330
92 89 85
2 7 270 -116.88 -214.82 8 239 52.75 -141.93
-0.221488 -1.325605 -2.384517
42 29 28
2 7 271 -165.08 -214.55 8 240 -5.96 -140.09
-0.251456 -1.325248 -2.376539
42 25 26
2 7 272 -175.10 -214.39 8 241 -17.17 -139.84
-0.232146 -1.308009 -2.377189
156 153 145
2 7 274 -168.50 -208.19 8 242 -10.17 -133.65
-0.282511 -1.181284 -2.452109
120 118 113
2 7 276 -160.97 -181.38 8 249 -18.62 -108.55
-0.128994 -1.186986 -2.462123
129 132 127
2 7 277 -117.62 -178.32 8 358 32.43 -105.82
0.484576 -1.187961 -2.541037
177 187 173
2 7 283 83.23 -158.53 8 252 246.68 -95.68
0.615363 -1.168354 -2.574322
179 189 180
2 7 294 130.88 -149.92 8 364 290.68 -89.94
0.680485 -0.944819 -3.031208
164 154 147
2 7 295 178.54 -147.61 8 251 284.75 -97.97
-0.663769 -0.218499 -2.585095
206 106 127
2 7 346 -177.24 0.08 8 435 -89.98 72.15
0.334400 -0.040323 -3.049255
108 155 76
2 7 356 76.60 20.01 8 301 158.84 65.51
0.363869 -0.032568 -3.051328
25 53 9
2 7 359 83.04 22.36 8 302 165.19 67.72
0.913840 0.087202 -3.077161
189 198 192
2 7 377 203.21 69.91 8 318 283.51 100.98
0.651757 0.345766 -2.906763
138 148 123
2 7 400 129.43 119.60 8 332 214.37 156.82
-0.254118 0.594338 -2.684041
151 145 142
2 7 403 -64.68 131.82 8 340 13.99 191.73
0.070851 -1.278843 -2.432969
148 135 126
2 7 421 -67.21 -193.45 8 356 100.98 -122.28
-0.218696 -1.131396 -2.442373
11 10 9
2 7 428 -143.10 -162.61 8 361 1.67 -90.18
0.641175 -1.167790 -2.577979
186 193 181
2 7 440 140.07 -148.52 8 363 299.62 -89.56
0.067093 -0.855901 -2.683120
69 67 28
2 7 455 -22.78 -108.99 8 397 101.50 -46.33
0.946577 0.086307 -3.110750
96 72 55
2 7 528 212.11 66.63 8 441 290.42 96.62
0.946577 0.086307 -3.110750
96 72 55
2 7 529 212.11 66.63 8 442 290.42 96.62
0.249545 0.350595 -2.706109
63 84 41
2 7 541 30.90 126.90 8 338 122.95 176.40
-0.653022 0.302836 -2.521457
171 162 159
2 7 694 -160.78 92.26 8 455 -80.44 164.75
0.092284 -0.874027 -2.673639
24 24 6
2 7 756 -17.66 -110.52 8 986 108.93 -48.60
0.075561 -0.446516 -2.706082
220 220 219
2 7 806 -12.40 -19.48 8 798 97.05 38.88
0.075561 -0.446516 -2.706082
220 220 219
2 7 807 -12.40 -19.48 8 799 97.05 38.88
0.910613 0.078820 -3.082349
203 209 201
2 7 849 202.99 67.67 8 851 283.18 98.68
0.946355 0.090647 -3.090008
194 200 194
2 7 851 211.01 70.48 8 855 290.43 100.52
0.154626 0.556078 -2.692868
105 94 73
2 7 883 11.49 150.93 8 886 98.40 201.53
0.607927 0.582230 -2.767146
147 152 134
2 7 888 107.47 171.31 8 1118 195.15 209.69
-0.074959 -0.860734 -2.689946
166 141 12
2 7 943 -58.45 -118.13 8 978 61.07 -53.92
-0.023807 -0.417336 -2.663068
36 38 37
2 7 1009 -39.91 -12.93 8 1042 69.08 48.06
-0.023807 -0.417336 -2.663068
36 38 37
2 7 1010 -39.91 -12.93 8 1043 69.08 48.06
0.364855 -0.063479 -3.065238
71 114 42
2 7 1040 84.53 15.32 8 1053 166.53 60.64
0.400332 0.093941 -2.751427
54 84 28
2 7 1108 67.41 90.90 8 1095 164.95 137.30
0.720257 0.151664 -2.917509
160 168 158
2 7 1111 149.37 93.19 8 1092 237.78 129.92
-0.035931 -0.362679 -2.643164
218 204 202
2 0 1145 15.05 -30.86 3 1148 -56.70 -3.44
-0.140533 -0.392970 -2.620763
31 29 37
2 1 680 -43.32 -44.30 3 836 -73.60 -0.95
-0.155253 -0.034158 -2.789037
211 232 243
2 1 945 -30.41 24.89 3 864 -16.11 52.29
-0.770900 0.073793 -2.488553
190 177 157
2 2 70 -127.11 72.33 3 56 -107.62 118.35
0.237781 0.678790 -2.637609
215 225 226
2 2 194 72.39 147.18 3 146 80.10 191.34
0.941111 0.551888 -3.034024
128 92 80
2 2 260 217.81 77.38 3 138 243.00 99.02
-0.036092 -1.286247 -2.397383
125 121 118
2 2 276 -134.23 -203.32 3 379 -190.26 -167.23
0.501464 -1.107609 -2.557371
148 155 141
2 2 350 -7.37 -207.29 3 368 -91.59 -199.02
0.119283 -0.603402 -2.768607
59 8 4
2 2 590 -15.34 -89.66 3 570 -43.42 -68.99
0.119283 -0.603402 -2.768607
59 8 4
2 2 591 -15.34 -89.66 3 571 -43.42 -68.99
0.466417 0.157883 -3.095082
191 226 82
2 2 651 114.67 14.93 3 617 124.74 32.75
0.466417 0.157883 -3.095082
191 226 82
2 2 652 114.67 14.93 3 618 124.74 32.75
0.410550 -1.147460 -2.520037
166 177 165
2 2 704 -31.68 -208.44 3 507 -112.97 -194.85
-0.017633 -0.447537 -2.677391
33 33 39
2 2 835 -35.88 -49.70 3 1124 -57.44 -23.14
-0.802980 0.118930 -2.430838
204 121 138
2 2 903 -134.73 85.45 3 1213 -114.83 130.84
0.104821 -0.590605 -2.762271
183 143 139
2 2 1071 -17.44 -86.28 3 1090 -44.75 -64.99
-0.008841 -0.433019 -2.673788
221 222 216
2 2 1127 -33.95 -46.96 3 1127 -55.70 -20.84
-0.717282 -0.162689 -2.551314
134 169 180
2 2 1188 -128.98 29.17 3 1186 -113.87 71.67
0.845456 0.439676 -3.006457
211 211 201
2 2 1204 192.34 62.44 3 637 207.91 80.77
0.241568 0.664946 -2.662734
200 216 211
2 2 1240 74.21 141.82 3 910 82.83 185.89
-0.432277 0.207377 -2.576946
217 110 140
2 4 408 -12.76 99.07 3 481 -53.55 123.28
-0.592777 -0.131117 -2.597873
123 181 193
2 4 561 -27.95 13.45 3 1185 -94.25 68.85
0.052610 -0.320630 -2.660622
94 3 2
2 4 792 118.46 -2.86 3 834 -40.43 -2.08
0.052610 -0.320630 -2.660622
94 3 2
2 4 793 118.46 -2.86 3 833 -40.43 -2.08
