# Bundle file v0.3
11 631
7.0008849479e+02 -7.0992716605e-02 -2.8653295186e-02
9.9240045398e-01 -1.1447615454e-01 4.5128139672e-02
9.6516563784e-02 9.5165945078e-01 2.9159705528e-01
-7.6327530178e-02 -2.8502543707e-01 9.5547611606e-01
1.8342005790e-01 9.7561838757e-01 -8.2822559093e-01
6.8263279251e+02 -9.6069462590e-02 1.5623988446e-02
9.7637980077e-01 6.9791164941e-02 -2.0447904035e-01
-1.7793097396e-02 9.6915171516e-01 2.4582180271e-01
2.1532740265e-01 -2.3637712728e-01 9.4750195956e-01
-5.5862519602e-01 8.3175523204e-01 -5.2784130960e-01
6.9910665989e+02 -6.6390884509e-02 -7.4083105816e-03
8.1303580386e-01 3.2596328861e-01 -4.8241135571e-01
-1.4961950775e-01 9.1773128728e-01 3.6794467959e-01
5.6266045226e-01 -2.2697404878e-01 7.9491886167e-01
-1.3122802617e+00 1.1425275450e+00 -1.4865750995e+00
6.9543510414e+02 -4.8219393115e-02 -4.1425326799e-03
5.4728510412e-01 4.5131750276e-01 -7.0483439652e-01
-2.7978683614e-01 8.9235701973e-01 3.5414442768e-01
7.8879550020e-01 3.3854158312e-03 6.1464640065e-01
-1.9449742221e+00 1.2341288184e+00 -1.6003093490e+00
0 0 0
0 0 0
0 0 0
0 0 0
0 0 0
6.8927882526e+02 -5.5907869963e-02 -2.2052222286e-02
9.1774529359e-01 -2.7836263893e-01 2.8329810685e-01
1.9927967159e-01 9.3974119318e-01 2.7780227202e-01
-3.4355667450e-01 -1.9849617400e-01 9.1791507250e-01
1.1318114254e+00 1.0169734354e+00 -5.9723053375e-01
0 0 0
0 0 0
0 0 0
0 0 0
0 0 0
6.9148338318e+02 -9.4712673777e-02 -1.6315594947e-03
9.9830375964e-01 -5.8019905976e-03 -5.7930478929e-02
5.8663636838e-03 9.9998234979e-01 9.4120971735e-04
5.7923995555e-02 -1.2794544572e-03 9.9832017596e-01
-1.7653779046e-01 -6.5496103662e-02 -6.2770125315e-01
7.1057686167e+02 -9.3339156613e-02 -1.3727465566e-02
9.8902405846e-01 6.0568523609e-02 -1.3476967662e-01
-1.0872973465e-01 9.1595176241e-01 -3.8627737927e-01
1.0004627225e-01 3.9669109251e-01 9.1248392892e-01
-2.3808127246e-01 -1.2087113318e+00 -8.1566455378e-01
6.9382976137e+02 -1.0980529024e-01 -1.8079024729e-02
9.1582624759e-01 3.5036649131e-02 -4.0004339446e-01
2.3335771243e-01 7.6429124598e-01 6.0116808745e-01
3.2681257975e-01 -6.4391872510e-01 6.9178191158e-01
-1.1837742603e+00 1.8752743982e+00 -1.1098837203e+00
6.8591937000e+02 -9.9861966043e-02 -2.8353642781e-03
9.6814083385e-01 2.1665352359e-02 -2.4946730916e-01
1.3861402431e-01 7.8332040842e-01 6.0596640998e-01
2.0854131028e-01 -6.2124049310e-01 7.5536135170e-01
-3.6818482616e-01 2.1276858731e+00 -8.6087945726e-01
-1.3488878811e-01 -8.2774753212e-01 -2.6943864640e+00
226 232 74
5 7 94 -32.0600 -185.2800 8 78 -11.5400 -177.9100 0 72 5.7500 -134.2100 1 78 -45.5200 -147.0200 5 80 114.1000 -129.5100
-4.7149271349e-01 -4.8324637321e-01 -2.6845509121e+00
31 27 24
4 7 73 -100.9800 -113.7000 8 90 -75.4600 -113.8400 0 77 -75.3400 -68.2400 1 87 -112.4000 -64.1900
-4.2634943409e-01 -5.3742147977e-01 -2.7154215877e+00
102 165 98
6 7 177 -90.2900 -124.3900 8 239 -64.3100 -120.8600 0 151 -65.1200 -79.5600 1 171 -101.5300 -77.2000 2 235 -97.6100 -52.9000 5 118 29.1500 -79.8900
-4.9969863068e-01 -3.9568171899e-01 -2.6356889692e+00
38 39 34
6 7 135 -108.8800 -97.4900 8 126 -82.7500 -103.3300 0 155 -84.6300 -47.5600 1 177 -119.9000 -42.5600 2 240 -106.6200 -21.4300 9 154 -145.8800 -31.3400
-1.5854710597e-01 -3.0825581825e-01 -2.5810083713e+00
208 204 203
5 7 189 -40.1100 -81.0300 8 171 -15.5700 -102.4200 0 161 -11.0600 -18.2100 1 182 -47.6600 -23.1400 2 242 -57.5900 -13.2600
-1.1870292276e-01 -3.0108447687e-01 -2.5976520371e+00
217 218 212
6 7 190 -30.5200 -79.0800 8 241 -4.9700 -100.3300 0 163 -4.1700 -17.1200 1 181 -37.8800 -22.4500 2 241 -50.0100 -14.1300 9 164 -66.3700 13.9900
-9.6197842532e-02 -2.4947838973e-01 -2.5877695135e+00
97 54 30
6 7 137 -26.1300 -67.9500 8 174 1.7100 -91.5700 0 167 -0.7100 -5.9800 1 125 -32.8200 -10.5900 2 173 -44.3200 -5.0600 3 174 -61.7300 26.2700
6.8586810965e-01 3.6718822094e-01 -2.8822266554e+00
220 237 236
4 7 206 133.9700 60.0100 8 197 185.5800 36.5600 0 246 129.3900 102.6300 1 195 153.6600 99.1100
-1.1551107541e-01 -4.2049316010e-01 -2.6369268618e+00
209 211 205
9 7 258 -28.8000 -103.7300 8 338 -5.3500 -117.9600 0 311 -0.3900 -44.5100 1 241 -37.1500 -51.7400 2 307 -53.3800 -38.7700 9 238 -63.9900 -15.2500 5 359 93.9500 -30.5800 10 187 44.5100 47.9200 3 440 -70.8500 -8.0700
-4.2922954416e-01 -2.5258454515e-01 -2.6397385136e+00
55 78 65
5 7 535 -93.5000 -67.5100 8 514 -66.8500 -79.3000 0 319 -73.4400 -16.5500 1 498 -101.5500 -11.8500 5 364 14.6600 -9.5500
-7.1826497118e-01 -2.2944699762e-01 -2.5659317993e+00
108 171 180
8 7 272 -157.8900 -64.0500 8 245 -131.1100 -74.2300 0 321 -136.9100 -13.1200 1 349 -166.8500 -1.9600 2 431 -132.0700 16.9300 9 344 -190.5400 -2.2500 5 239 -49.2200 -14.4100 10 307 -104.5600 71.5100
-7.2367606223e-01 -1.8273027125e-01 -2.5481766896e+00
113 171 178
6 7 275 -160.2400 -54.6500 8 246 -133.5900 -67.4700 0 322 -139.3900 -2.5300 1 352 -168.4900 9.0900 5 241 -52.9600 -1.5400 10 201 -105.6300 82.2900
-4.8389527733e-01 -5.8049743368e-01 -2.6969355660e+00
90 155 95
7 7 481 -103.2300 -134.0500 8 704 -77.4900 -128.6100 0 439 -77.1700 -89.6500 1 467 -116.1400 -85.8700 2 602 -110.2200 -57.4800 9 323 -141.0300 -75.1200 10 280 -45.5000 -7.3500
-1.3464421431e-01 -4.6873925326e-01 -2.6457219658e+00
29 28 26
9 7 353 -32.6400 -113.1800 8 481 -9.2100 -124.5800 0 449 -3.4200 -55.3700 1 336 -41.9400 -62.5800 2 402 -58.4500 -47.1900 9 332 -68.5400 -26.8700 5 350 92.9000 -43.8300 10 290 39.8200 36.2200 3 595 -75.9100 -17.6100
9.0171154165e-03 -4.3790801543e-01 -2.6817129528e+00
28 28 33
9 7 358 -2.0100 -105.3800 8 484 21.6200 -118.5100 0 451 26.1200 -47.5600 1 338 -7.2400 -57.9600 2 400 -30.6400 -49.1900 9 335 -30.4100 -17.9400 5 354 116.2100 -32.1200 10 292 78.4900 42.2500 3 435 -53.2200 -23.5600
-8.4348042505e-02 -4.1938012694e-01 -2.6461804731e+00
24 22 23
9 7 360 -22.1500 -102.8100 8 486 2.0100 -117.0900 0 455 6.0400 -43.8600 1 341 -29.7500 -51.6500 2 403 -47.6200 -40.1000 9 338 -55.8200 -14.4100 5 358 99.3200 -30.8500 10 296 53.0500 48.3500 3 601 -66.4600 -11.0900
-1.1880742135e-01 -3.6634651782e-01 -2.6169165436e+00
208 210 206
9 7 366 -29.9600 -92.2600 8 494 -4.7000 -109.4800 0 463 -2.5100 -31.9600 1 343 -38.2600 -38.1300 2 411 -52.5300 -27.3000 9 345 -65.8000 -1.4200 5 362 91.6500 -18.9600 10 299 41.7400 62.0500 3 443 -69.7600 2.7100
-5.6548691623e-02 -3.6008734065e-01 -2.6353673080e+00
208 210 202
7 7 509 -16.3600 -90.5300 8 741 8.2300 -107.9500 0 464 10.7900 -30.3800 1 483 -23.4500 -37.9500 2 631 -40.5400 -29.6400 9 501 -49.2400 0.7600 3 609 -60.0800 -1.2900
-4.2804081748e-01 -9.9781399369e-01 -2.5611148980e+00
33 38 41
3 7 442 -95.7900 -227.0800 8 434 -73.9800 -213.0700 0 590 -56.9300 -179.5700
1.1832235064e-01 -6.0223805684e-01 -2.7703756446e+00
78 7 0
5 7 654 21.3600 -136.0300 8 1023 42.8800 -139.4600 0 640 51.5500 -83.3500 1 640 18.4200 -99.3900 9 474 3.3400 -59.2400
6.6787537200e-02 -5.9721824231e-01 -2.7491168058e+00
168 130 128
6 7 655 10.6000 -135.9000 8 1025 32.3200 -139.6900 0 644 41.4900 -82.3700 1 642 6.1600 -97.0300 2 805 -25.3200 -85.1800 9 604 -11.5800 -58.2200
-7.3047023592e-01 -4.8173000900e-01 -2.6432445392e+00
131 186 191
8 7 491 -155.3700 -114.6900 8 493 -127.8800 -110.9000 0 646 -133.8200 -71.3700 1 662 -168.8600 -59.8600 2 1142 -141.5200 -29.5400 9 603 -194.5700 -60.3300 5 529 -39.4000 -81.8300 10 569 -107.6500 12.2300
-5.1427814324e-02 -5.0872091003e-01 -2.6840569090e+00
207 211 204
5 7 485 -14.4500 -120.1800 8 703 7.9700 -128.7400 0 648 15.6800 -64.0600 2 819 -44.3700 -60.3200 10 417 63.6200 25.5400
2.7233339053e-02 -4.9729558106e-01 -2.7067296914e+00
207 210 203
7 7 489 2.0500 -116.9900 8 710 24.7700 -126.3500 0 652 31.3500 -60.7900 1 651 -3.1000 -72.6000 2 817 -29.2600 -62.4200 9 480 -24.3500 -32.6100 3 790 -52.8600 -38.1000
-1.0757529827e-01 -4.5458321985e-01 -2.6489267411e+00
30 29 35
9 7 679 -26.8800 -109.8600 8 1060 -3.3200 -121.9900 0 657 2.0000 -52.0200 1 663 -35.4100 -59.5600 2 841 -53.2100 -45.9100 9 627 -61.4800 -23.1500 5 758 97.2400 -39.9700 10 592 46.9200 40.0600 3 818 -71.7600 -16.9700
-1.0757529827e-01 -4.5458321985e-01 -2.6489267411e+00
30 29 35
9 7 680 -26.8800 -109.8600 8 1061 -3.3200 -121.9900 0 658 2.0000 -52.0200 1 664 -35.4100 -59.5600 2 842 -53.2100 -45.9100 9 628 -61.4800 -23.1500 5 759 97.2400 -39.9700 10 593 46.9200 40.0600 3 819 -71.7600 -16.9700
1.0796544274e-01 -4.2749100588e-01 -2.7121279703e+00
49 11 11
7 7 499 18.7200 -102.5800 8 487 42.9800 -115.8600 0 665 45.7900 -44.8600 1 475 16.3700 -57.7200 2 607 -11.1900 -52.9600 9 491 -3.7600 -14.9700 10 423 105.3800 43.2900
4.8515450543e-02 -4.0383957107e-01 -2.6851185775e+00
30 27 28
8 7 501 6.1500 -98.3300 8 728 30.5100 -112.8500 0 669 33.4200 -39.9800 1 670 2.2500 -50.8400 2 619 -21.8400 -44.6000 9 494 -20.4400 -9.1800 10 426 88.4200 50.0100 3 812 -45.1700 -20.2300
4.8449246734e-02 -4.0397614409e-01 -2.6856335124e+00
30 27 28
7 7 502 6.1500 -98.3300 8 729 30.5100 -112.8500 0 670 33.4200 -39.9800 1 671 2.2500 -50.8400 2 620 -21.8400 -44.6000 9 495 -20.4400 -9.1800 3 811 -45.1700 -20.2300
-1.4069863335e-01 -3.9425460202e-01 -2.6195569158e+00
29 28 32
8 7 503 -34.5900 -98.3500 8 723 -10.3400 -114.7700 0 672 -6.4300 -38.3200 1 679 -43.3200 -44.3000 2 862 -57.2800 -31.6400 5 773 88.7400 -25.7200 10 431 36.6600 54.6200 3 835 -73.6000 -0.9500
-4.8679567303e-01 -3.3334863623e-01 -2.6258262082e+00
54 103 70
6 7 520 -106.7900 -85.0200 8 758 -80.2300 -93.1700 0 676 -83.0300 -33.4600 1 494 -116.5800 -28.7200 2 643 -102.1400 -10.5600 9 489 -142.0300 -17.3200
3.2114421848e-02 -3.2492338303e-01 -2.6547368778e+00
239 43 42
8 7 521 2.4300 -82.9000 8 749 27.9900 -102.4900 0 680 28.3200 -22.1600 1 689 -1.6900 -31.3700 2 635 -22.2200 -27.2100 5 789 115.0200 -4.7500 10 625 82.1800 69.0200 3 838 -43.9900 -0.6600
9.6377519526e-02 -3.0038486030e-01 -2.6686340857e+00
56 9 0
5 7 530 15.8700 -77.1600 8 504 41.8000 -98.2500 0 685 40.9200 -16.5200 2 637 -8.6500 -25.8200 9 509 -9.7100 15.9800
2.3230200280e-01 4.3846748922e-01 -2.7279500696e+00
189 216 227
5 7 564 43.7600 76.8300 8 811 88.0300 50.7400 0 711 46.9300 120.8800 1 731 54.8700 125.2700 5 610 94.8400 150.4800
-7.0389114824e-01 -6.1681350658e-01 -2.6992135404e+00
127 34 48
5 7 901 -146.5000 -140.2500 8 1046 -119.1900 -128.5200 0 826 -124.0200 -102.0500 1 1147 -162.0700 -91.7500 9 957 -188.4700 -93.8100
-1.3008325511e-01 -6.3670944360e-01 -2.7015287461e+00
34 24 4
7 7 650 -30.3800 -145.7300 8 1014 -8.4900 -146.3800 0 829 1.3000 -93.9000 1 634 -40.7000 -102.7700 9 470 -64.4900 -70.3800 5 526 100.5300 -84.7000 10 546 44.6900 -6.8700
-1.2990506897e-01 -6.3685068300e-01 -2.7021364475e+00
34 24 4
6 7 651 -30.3800 -145.7300 8 1015 -8.4900 -146.3800 0 830 1.3000 -93.9000 1 635 -40.7000 -102.7700 9 471 -64.4900 -70.3800 5 527 100.5300 -84.7000
-7.1381614313e-01 -4.9554959251e-01 -2.6531674610e+00
149 42 81
5 7 667 -151.2500 -117.7200 8 1082 -124.4100 -112.5500 0 840 -129.5000 -74.6700 1 889 -164.9100 -63.6000 9 768 -190.8000 -63.4800
-1.2432115881e-01 -4.4811331889e-01 -2.6418131002e+00
211 211 203
8 7 685 -30.5700 -108.8200 8 1062 -6.7200 -121.1800 0 856 -1.7000 -50.7200 1 899 -39.3800 -57.8000 2 1130 -56.1100 -43.8000 9 633 -66.1500 -21.5800 5 1031 93.8200 -39.1100 10 594 42.3600 41.8800
7.8353916853e-02 -4.2899530856e-01 -2.7032371536e+00
36 34 37
9 7 696 12.6500 -103.1000 8 1076 36.7300 -116.3700 0 866 40.0700 -45.3100 1 666 9.4000 -57.4500 2 828 -16.8700 -51.4900 9 642 -11.7100 -15.3700 5 769 126.7000 -27.9700 10 595 97.1800 43.2300 3 801 -41.4300 -27.8900
7.8595458607e-02 -4.2893772485e-01 -2.7028310189e+00
36 34 37
8 7 697 12.6500 -103.1000 8 1077 36.7300 -116.3700 0 867 40.0700 -45.3100 1 667 9.4000 -57.4500 2 829 -16.8700 -51.4900 9 643 -11.7100 -15.3700 10 597 97.1800 43.2300 3 802 -41.4300 -27.8900
-1.2640109002e-01 -4.0293385487e-01 -2.6260986054e+00
214 217 209
8 7 700 -31.3800 -99.9600 8 1078 -7.1600 -115.6400 0 870 -3.2100 -40.2100 1 910 -39.9300 -46.7300 2 1135 -54.8800 -34.1600 9 813 -67.3900 -10.6600 5 1051 91.5000 -27.4400 10 610 40.8700 52.8700
6.4827709191e-02 -3.7681214533e-01 -2.6819547465e+00
225 225 223
8 7 706 9.5000 -92.9600 8 734 34.2900 -109.9200 0 875 36.1000 -33.4800 1 912 6.2300 -44.6100 2 1132 -17.6500 -39.6900 9 651 -16.5700 -2.7700 10 615 92.1400 55.8000 3 1133 -40.8900 -14.8000
9.0913396096e-02 -3.7326574287e-01 -2.6901443718e+00
224 225 217
8 7 709 15.0200 -92.0100 8 738 39.9100 -109.0600 0 877 41.3600 -32.5800 1 914 12.4300 -44.2700 2 848 -12.3900 -40.5800 9 652 -9.5300 -1.7600 10 614 99.0400 56.0800 3 1131 -36.3800 -16.4700
1.3009033424e-02 -3.5342685637e-01 -2.6565914078e+00
227 37 31
7 7 714 -1.5600 -88.5800 8 1093 23.2900 -106.3200 0 880 25.1100 -28.5900 1 684 -6.2100 -37.9200 2 859 -27.0300 -32.1800 9 654 -31.0300 2.8300 3 829 -48.7300 -5.7200
4.1139683728e-02 -3.5053306988e-01 -2.6654068691e+00
234 35 31
8 7 715 4.5100 -87.8400 8 1098 29.4100 -105.6200 0 881 30.7800 -27.8900 1 917 0.4000 -37.8400 2 858 -21.4100 -33.0400 9 655 -23.4800 3.6500 5 787 118.0000 -10.3900 3 828 -43.9200 -7.4300
-4.7443922666e-01 -2.1736935620e-01 -2.5988532489e+00
65 86 77
6 7 729 -105.4200 -60.9400 8 762 -79.1300 -75.8000 0 887 -83.0400 -6.9300 1 697 -113.1000 -2.0400 9 661 -138.4800 8.2900 10 629 -45.1900 77.5500
2.0021338448e+00 -1.4589775214e+00 -4.8712971691e+00
146 144 149
3 7 629 265.9400 -191.0300 8 736 285.7800 -108.9600 0 966 278.0100 -215.3700
2.1934595723e+00 -1.4464212377e+00 -4.8981233167e+00
87 77 83
3 7 855 288.5600 -188.2300 8 740 308.6400 -108.4500 0 971 299.6400 -210.2200
-3.1088103493e-01 -8.9215582554e-01 -2.6262437777e+00
38 84 154
5 7 831 -69.3100 -201.7400 8 942 -48.3800 -192.1200 0 1041 -32.2000 -152.6100 1 1089 -90.9700 -158.9600 5 947 88.1100 -154.2200
-1.1402999529e-03 -5.0251459194e-01 -2.6993595071e+00
213 215 213
6 7 665 -3.8400 -118.3700 8 1047 19.0600 -127.4200 0 1121 25.3700 -62.3300 1 877 -9.8100 -73.3300 2 1101 -34.7100 -61.8900 9 610 -32.0200 -34.2900
-3.6968098495e-01 -1.7655511489e-01 -2.6372393221e+00
193 208 198
4 7 1012 -82.2500 -51.9200 8 1146 -55.0100 -66.4200 0 1171 -60.6300 0.5900 1 1220 -87.4300 4.2800
1.0425232307e+00 2.3729199391e-01 -3.1570805159e+00
56 51 49
4 7 554 192.3300 32.7000 8 558 246.5600 22.9600 0 1201 182.7800 66.6800 10 862 303.7700 115.0600
-5.1461384004e-02 -4.1595538333e-01 -2.6543228456e+00
162 162 160
6 7 261 -15.0000 -101.1900 8 339 9.1800 -115.9200 1 240 -21.9800 -51.1700 9 241 -47.2600 -12.6500 5 233 105.6600 -29.9600 10 188 61.2600 48.8800
-5.0789485031e-01 -3.1719831992e-01 -2.6098639147e+00
78 158 112
6 7 266 -112.1400 -81.8300 8 351 -85.8900 -91.4800 1 244 -122.4700 -24.4100 2 314 -105.5500 -6.0800 9 240 -147.6000 -13.1600 10 190 -52.9900 56.9000
-1.6207676448e-01 -4.9308170592e-01 -2.6515631440e+00
202 200 194
5 7 257 -38.1600 -117.3600 8 236 -14.6400 -126.3800 1 335 -48.1900 -67.9800 2 399 -64.2600 -51.1500 5 347 89.0600 -52.1600
1.0374983373e+00 2.3930306216e-01 -3.1491495392e+00
56 51 49
3 7 553 192.3300 32.7000 8 559 246.5600 22.9600 1 521 225.2600 54.7700
-7.7261221619e-01 -1.2295371892e-01 -2.5078833919e+00
189 118 137
5 7 540 -173.1300 -42.1700 8 527 -147.0500 -58.7200 1 706 -180.4200 24.5500 2 1192 -138.5800 39.9000 9 670 -203.0800 21.1200
1.8825287452e+00 -8.6488072449e-01 -5.4591677972e+00
123 111 116
3 7 949 231.3200 -105.8400 8 790 271.5000 -11.3600 1 785 305.1100 -180.4000
1.9414817193e+00 -6.3072943305e-01 -5.6956772156e+00
137 126 132
3 7 998 231.0000 -76.0600 8 1215 277.6300 23.3900 1 821 305.8800 -150.9100
2.5968656921e-01 4.6533723417e-01 -2.7244647854e+00
220 246 252
3 7 568 49.4200 82.3500 8 566 95.3200 55.5900 1 971 60.6200 130.7700
1.8489733118e+00 -1.0681279747e+00 -5.2630675395e+00
86 77 83
3 7 914 233.6000 -133.3400 8 1162 267.2500 -42.3700 1 1024 306.6900 -208.4500
1.8315759937e+00 -9.3100656383e-01 -5.3922634371e+00
122 113 121
3 7 933 227.4300 -114.6500 8 1180 265.5300 -21.0100 1 1054 300.3000 -189.0100
1.7826234568e+00 -7.5362504289e-01 -5.5706007584e+00
95 80 83
3 7 975 216.8300 -91.6700 8 1199 260.0300 6.9500 1 1078 288.3800 -165.2300
-3.1035193884e-01 -8.9253562987e-01 -2.6251175150e+00
38 84 154
3 7 830 -69.3100 -201.7400 8 941 -48.3800 -192.1200 1 1088 -90.9700 -158.9600
5.4642223462e-02 -8.4403599397e-01 -2.6792527797e+00
211 234 128
3 7 852 7.9100 -189.4900 8 953 24.7500 -187.4600 1 1102 -3.8800 -153.8000
1.8762833773e+00 -6.2822229332e-01 -5.7060942421e+00
90 69 71
3 7 999 223.4600 -75.9100 8 805 270.1500 24.9600 1 1105 297.1300 -150.1900
2.5857829362e-01 4.8531232964e-01 -2.7270002903e+00
41 75 77
3 7 1077 48.9700 86.4300 8 820 95.5400 60.0900 1 1294 60.8600 134.4800
-4.2417056619e-01 -5.3663856771e-01 -2.7123069915e+00
102 165 98
3 7 178 -90.2900 -124.3900 8 240 -64.3100 -120.8600 2 236 -97.6100 -52.9000
-6.2425431322e-01 -5.5170065169e-01 -2.7059023252e+00
95 151 147
3 7 484 -130.7400 -127.3400 8 483 -103.7700 -119.1000 2 840 -125.3900 -47.9800
-7.6529972763e-01 -1.8251042227e-01 -2.5323048882e+00
150 141 159
4 7 537 -170.0200 -54.5300 8 521 -143.5500 -67.7700 2 894 -138.8400 27.9400 9 662 -201.5100 8.0800
-7.3789608933e-01 1.0410537413e-02 -2.4793888730e+00
183 158 143
2 7 34 -167.4000 -13.5400 8 28 -143.1300 -36.2100
-1.8669265539e-02 -8.4118221856e-01 -2.6983226749e+00
238 239 76
2 7 93 -7.4000 -187.9600 8 120 11.3700 -182.7100
-1.3802082670e-01 -8.2889297148e-01 -2.6964683280e+00
226 232 74
2 7 95 -32.0600 -185.2800 8 79 -11.5400 -177.9100
-9.3304230793e-02 -2.4845316560e-01 -2.5934567538e+00
97 54 30
2 7 136 -26.1300 -67.9500 8 173 1.7100 -91.5700
6.7445360479e-01 -3.3834630388e-01 -3.4497794248e+00
129 130 131
2 7 138 119.7400 -68.8500 8 134 152.8700 -45.4700
-1.6309279163e-01 -3.0780987993e-01 -2.5768857290e+00
208 204 203
2 7 188 -40.1100 -81.0300 8 170 -15.5700 -102.4200
-6.5266599367e-01 -1.6265332178e-01 -2.5801862540e+00
117 163 176
2 7 194 -143.6000 -49.7900 8 247 -117.4300 -62.2400
6.2880691680e-01 4.5701445278e-02 -3.0802709534e+00
68 116 51
2 7 200 118.0900 -3.5900 8 183 160.1700 -9.0800
-1.6306647320e-01 -9.5177866539e-01 -2.6252631173e+00
93 101 99
2 7 236 -37.8000 -214.6300 8 220 -20.6200 -205.0000
-1.4527694935e-01 2.8209261179e-01 -2.7252458048e+00
63 191 228
2 7 310 -33.6800 43.8800 8 195 0.2500 26.2200
-4.8583695375e-01 -6.4269823652e-01 -2.7172183379e+00
31 59 39
3 7 347 -102.4000 -145.3400 8 474 -76.6900 -136.8400 9 461 -142.1300 -91.5100
-8.8245903175e-02 2.9485207185e-01 -2.7464658788e+00
230 107 151
2 7 401 -21.8000 46.3300 8 268 13.7000 29.1600
-1.5884468105e-01 -1.0035533535e+00 -2.5727184395e+00
25 61 49
2 7 438 -38.2800 -228.9100 8 423 -21.7100 -219.7700
-2.0306546810e-01 -9.0022475632e-01 -2.6860961977e+00
22 59 37
2 7 459 -45.1500 -200.2000 8 452 -25.4100 -188.5500
-3.2194244711e-01 -8.7866000255e-01 -2.6289549536e+00
191 211 219
2 7 460 -71.3700 -198.7800 8 655 -50.1100 -188.9500
2.1858970837e+00 -1.2760849918e+00 -5.0616297354e+00
130 119 125
2 7 476 280.9300 -162.4300 8 513 307.7200 -80.3200
1.8515053462e+00 -1.1560124967e+00 -5.1846650041e+00
127 123 126
2 7 479 236.3200 -145.2700 8 529 267.4900 -56.1100
5.9987939592e-01 -6.0468951807e-01 -2.9330382963e+00
38 56 14
2 7 482 116.3900 -130.6800 8 700 137.1000 -133.5200
-1.3013254101e-01 -2.7038963655e-01 -2.5815839385e+00
105 58 34
2 7 532 -33.3500 -72.9000 8 1114 -7.6400 -95.9000
2.0250277940e+00 -8.4306165197e-02 -6.2429008023e+00
96 92 97
2 7 543 224.3200 -14.5700 8 391 285.8500 99.6200
6.4781602231e-01 3.5386320033e-01 -2.9077046675e+00
120 133 108
2 7 558 125.3600 57.0600 8 374 176.7000 36.3700
-1.5307375344e-01 4.0406915703e-01 -2.8234896604e+00
221 244 205
2 7 561 -34.0600 66.9600 8 378 3.8100 58.7300
-5.7496289365e-01 -9.6738635772e-01 -2.5327549032e+00
35 44 45
2 7 607 -127.9100 -222.2400 8 903 -103.3700 -207.7200
-1.8210311623e-01 -9.7018963291e-01 -2.6020594745e+00
47 50 52
2 7 610 -42.6500 -219.8900 8 629 -24.8500 -210.2700
1.9231594963e+00 -1.5731030242e+00 -4.7521521574e+00
96 79 78
2 7 616 260.3800 -209.5800 8 705 276.0700 -127.8300
-1.6851650861e-01 -8.9980853556e-01 -2.6775929219e+00
37 59 36
2 7 621 -38.2700 -200.7200 8 652 -19.0500 -190.4200
1.9534681902e+00 -1.4971984148e+00 -4.8321446891e+00
145 129 133
2 7 626 261.2700 -197.0900 8 722 279.7300 -114.8900
2.1365509181e+00 -1.4516340212e+00 -4.8832379577e+00
79 62 72
2 7 630 282.1300 -189.3900 8 735 302.0400 -109.2500
1.7388176528e+00 -1.4004567384e+00 -4.9240232896e+00
145 134 139
2 7 634 231.1300 -182.2900 8 755 253.7400 -95.8400
1.8794420958e+00 -1.2078614145e+00 -5.1326224184e+00
98 89 87
2 7 643 241.4500 -152.7200 8 769 270.7300 -64.8900
2.0729869259e+00 -7.5023291192e-01 -5.6003966157e+00
86 76 79
2 7 711 248.2700 -90.4200 8 546 292.8800 4.8700
1.9576554475e+00 -6.6330681818e-01 -5.6878795260e+00
86 72 71
2 7 720 232.7500 -79.7200 8 799 279.4400 19.3400
1.9576554475e+00 -6.6330681818e-01 -5.6878795260e+00
86 72 71
2 7 721 232.7500 -79.7200 8 800 279.4400 19.3400
1.9707791671e+00 -3.1762723284e-01 -5.9887225904e+00
103 104 106
2 7 736 225.4900 -39.7500 8 1238 281.2900 67.4700
8.6936344704e-01 -6.7151823532e-02 -3.1933535403e+00
110 112 98
2 7 742 160.0200 -23.8600 8 783 201.5100 -25.2300
7.0477760243e-01 2.7036869572e-01 -2.9002996739e+00
201 218 218
2 7 757 136.8600 40.7700 8 795 186.4100 17.7300
1.9950636788e+00 -1.6585606348e+00 -4.6846070369e+00
140 133 134
2 7 807 272.1600 -222.9300 8 1020 284.4000 -142.4700
1.7947448617e+00 -1.6240864038e+00 -4.6949834654e+00
99 83 87
2 7 810 246.0500 -218.4500 8 1034 260.1000 -135.3300
-4.1536706323e-01 -9.6381336075e-01 -2.5990786514e+00
33 70 49
2 7 812 -91.5500 -217.8600 8 924 -69.7300 -203.3000
1.6782561884e+00 -1.5578217720e+00 -4.7523260386e+00
106 90 93
2 7 819 229.0700 -207.9800 8 1056 246.0800 -122.7900
1.7714134519e+00 -1.5229869239e+00 -4.7842473285e+00
90 79 80
2 7 826 239.9600 -202.2900 8 1072 257.7800 -118.2700
-2.9026470402e-01 -8.9232749959e-01 -2.6173376274e+00
26 78 160
2 7 829 -65.1600 -202.4100 8 940 -44.4900 -193.3700
2.0497338641e+00 -1.4643067625e+00 -4.8728016324e+00
102 87 91
2 7 842 271.6400 -191.4600 8 1085 291.4600 -110.1000
2.0497338641e+00 -1.4643067625e+00 -4.8728016324e+00
102 87 91
2 7 843 271.6400 -191.4600 8 1086 291.4600 -110.1000
7.9430797375e-02 -8.4368126620e-01 -2.6748778390e+00
217 242 116
2 7 848 13.0400 -189.9800 8 949 29.5300 -188.4500
5.4795236899e-02 -8.4156917531e-01 -2.6750341590e+00
211 234 128
2 7 851 7.9100 -189.4900 8 952 24.7500 -187.4600
1.9531171399e+00 -1.2196382157e+00 -5.1166483656e+00
87 77 82
2 7 887 250.7900 -154.4700 8 1145 279.7500 -68.0400
1.7078545528e+00 -1.0054908605e+00 -5.3267197920e+00
123 110 113
2 7 919 215.0500 -124.5300 8 1173 250.7800 -30.6700
2.1496026203e+00 -1.0075148294e+00 -5.3363496238e+00
84 73 77
2 7 924 266.1200 -124.1400 8 780 302.6300 -36.1300
-6.8967895577e-02 -4.3952031322e-01 -2.6573712863e+00
210 211 210
3 7 947 -18.7500 -106.8100 8 1067 5.2500 -119.4800 10 599 57.4000 42.9900
1.8731213818e+00 -8.4281980706e-01 -5.5048410983e+00
126 113 116
2 7 959 229.0000 -102.4400 8 791 269.7700 -6.7800
2.1078333333e+00 -3.4717163053e-01 -6.0051158875e+00
105 98 106
2 7 1016 239.4300 -42.6600 8 824 295.4500 63.2300
-2.8178924305e-01 -5.6026955385e-02 -2.7318649492e+00
157 86 117
2 7 1023 -61.3000 -25.7700 8 1170 -32.1700 -36.8200
2.0104102774e+00 -1.9965628808e-03 -6.3231619998e+00
79 75 76
2 7 1035 220.4800 -6.1800 8 839 284.2300 110.7100
2.2834834368e+00 2.0219734471e-01 -6.5315641153e+00
53 46 47
2 7 1042 241.4600 14.0100 8 842 312.6900 134.2800
2.5929206608e-01 4.8478562217e-01 -2.7305836349e+00
41 75 77
2 7 1076 48.9700 86.4300 8 819 95.5400 60.0900
-6.1026933782e-02 -7.5334236212e-01 -2.7151838779e+00
221 198 54
2 7 8 -16.1100 -169.4000 1 7 -26.3000 -130.6100
-2.7736893320e-01 -7.0370430306e-01 -2.6604968139e+00
33 30 23
2 7 13 -61.8700 -161.3500 1 11 -76.9700 -115.2300
-5.3896303433e-01 2.8552151445e-01 -2.5530798919e+00
219 224 225
3 7 21 -120.1200 45.7600 0 21 -106.7600 95.1800 1 30 -118.3700 106.6600
-6.6269032276e-01 -5.7160767559e-01 -2.6793157096e+00
181 180 146
3 7 25 -139.7900 -132.8400 1 43 -154.1900 -81.7000 2 57 -133.7500 -47.7400
-7.4759598617e-02 -5.7628526290e-01 -2.6976165979e+00
17 17 15
7 7 40 -19.5300 -133.7400 0 44 10.7400 -79.2900 1 42 -27.0200 -89.3900 2 53 -49.2800 -72.5900 9 35 -51.4800 -54.3000 5 21 109.7700 -66.5800 10 21 57.3000 7.7900
-4.5808797931e-01 -3.4139630861e-01 -2.6483021670e+00
100 180 114
4 7 43 -98.8800 -87.5900 0 31 -76.2600 -36.3700 5 22 12.7700 -30.8000 10 23 -39.7700 48.0200
7.1874824373e-01 2.0877782668e-01 -2.8883501426e+00
205 223 222
2 7 49 140.5200 28.8100 1 50 160.5200 66.7700
-6.4280188131e-01 -7.2925743010e-01 -2.7664039677e+00
67 146 165
2 7 68 -130.3900 -160.4900 0 41 -107.9500 -127.1900
-4.7730217550e-01 -6.8133298001e-01 -2.7315166936e+00
93 163 103
4 7 69 -100.0000 -152.8600 0 75 -73.2100 -112.3500 1 82 -113.7800 -109.2700 5 53 26.9600 -116.7800
-4.7623372168e-01 -6.8052200547e-01 -2.7352672448e+00
93 163 103
6 7 70 -100.0000 -152.8600 0 76 -73.2100 -112.3500 1 83 -113.7800 -109.2700 2 163 -110.5600 -77.2800 9 74 -138.7200 -100.8400 5 54 26.9600 -116.7800
2.9759360020e-01 -6.4822006895e-01 -2.8876663796e+00
115 180 91
2 7 71 57.6500 -140.7500 1 60 61.7200 -114.3100
6.5299998120e-01 -6.4159230591e-01 -2.9160719550e+00
113 182 93
2 7 72 128.0800 -138.0200 1 81 141.6600 -117.5800
-3.6039740878e-01 -2.6538795012e-01 -2.6500513046e+00
16 16 14
2 7 76 -80.0100 -70.3600 1 97 -86.2600 -15.6600
2.8129336987e-01 -8.7409346366e-01 -2.7057937881e+00
244 254 98
2 7 90 54.8100 -194.9200 1 112 50.3000 -164.5500
3.0999687793e-01 -8.1690662462e-01 -2.6963713724e+00
23 24 16
2 7 96 61.1800 -183.5800 1 77 57.2700 -151.1500
5.5976577194e-01 -5.6547080205e-01 -2.9764965595e+00
100 162 78
2 7 100 107.8500 -121.5000 1 119 122.0800 -100.6000
-4.4394339489e-01 -3.8921956482e-01 -2.6628543353e+00
88 174 118
4 7 105 -96.3900 -95.5200 0 79 -72.0500 -46.2800 1 90 -105.7800 -42.5500 2 117 -95.8400 -24.3200
-9.1111121885e-02 6.5374075397e-01 -2.7390114586e+00
153 149 141
3 7 123 -22.9700 119.8000 0 133 -20.2400 151.6900 1 146 -8.7400 163.7600
-7.1389966319e-01 -8.7904481116e-01 -2.8537282848e+00
112 121 128
2 7 129 -139.9600 -184.9500 0 107 -118.2800 -163.1900
6.5075706775e-01 -7.5241462795e-01 -2.8195325545e+00
16 19 12
2 7 131 130.0200 -163.9800 1 113 140.3000 -141.8500
6.5075706775e-01 -7.5241462795e-01 -2.8195325545e+00
16 19 12
2 7 132 130.0200 -163.9800 1 114 140.3000 -141.8500
6.9224301153e-01 -7.4613618579e-03 -3.0414113586e+00
112 184 93
2 7 144 131.5200 -13.5700 1 129 153.8100 13.3900
-7.4241487058e-01 6.3400852138e-01 -2.5989262638e+00
145 141 138
2 7 157 -161.7300 117.9000 0 259 -150.5500 151.7300
-3.8224482261e-01 -1.0028114062e+00 -2.5807875763e+00
28 51 35
2 7 161 -85.0100 -227.0800 1 216 -114.0300 -184.3000
-2.4753118539e-01 -8.6008113424e-01 -2.7436704567e+00
110 111 106
2 7 169 -53.4400 -189.1600 1 315 -67.5400 -152.8100
6.7369893009e-01 -8.4392342165e-01 -2.8464817127e+00
18 18 14
2 7 171 132.4500 -181.4500 1 220 146.3900 -163.5800
-4.4608944085e-01 -7.2892934568e-01 -2.7578388567e+00
30 41 25
6 7 175 -91.8700 -161.0800 0 216 -64.9900 -122.5800 1 229 -106.6000 -120.6600 2 230 -108.3100 -87.6800 9 145 -131.5000 -113.5600 5 149 34.8000 -127.1800
-7.9610296561e-03 -4.8573720620e-01 -2.6894109962e+00
205 207 204
6 7 180 -5.9500 -114.9300 0 154 24.1700 -58.1800 1 172 -11.6700 -69.0000 2 166 -35.7700 -57.9400 9 110 -34.4400 -29.9500 3 167 -58.2600 -32.2100
8.0648649267e-02 -4.7283871276e-01 -2.7157922746e+00
214 213 210
4 7 181 13.4300 -111.8200 0 222 41.2100 -54.9500 2 233 -17.9800 -60.6300 3 231 -43.4900 -37.2000
-4.2241228148e-01 -2.2078843636e-01 -2.6271166088e+00
100 114 107
2 7 192 -93.7100 -61.3600 1 246 -100.1300 -4.5600
8.3464476531e-01 -4.3186866826e-02 -3.1774513134e+00
66 55 44
2 7 197 154.5000 -19.4900 1 188 182.6100 -1.3100
8.6811621839e-01 -5.8025720183e-03 -3.1633601087e+00
175 182 174
4 7 198 161.1400 -13.2600 1 247 189.1400 7.1400 2 239 182.1800 -31.0500 9 170 200.2200 39.2100
5.7535168416e-01 1.2389280622e-01 -3.0821737014e+00
79 136 67
2 7 201 108.2300 11.0900 1 191 130.1300 37.2700
-2.7465067708e-01 4.7406746860e-01 -2.6937833490e+00
64 51 41
2 7 208 -60.9800 83.4600 0 250 -53.2400 122.3100
-2.6918837119e-01 5.6517624378e-01 -2.6975667936e+00
194 197 191
4 7 210 -59.7500 101.3900 0 351 -53.4200 137.9500 1 266 -47.6500 149.2300 5 289 -8.8000 166.5700
-2.6173061775e-01 6.1226468757e-01 -2.6971032468e+00
150 150 144
3 7 214 -58.8300 112.4300 0 352 -52.1900 145.8800 1 268 -45.8600 158.5900
-1.2926089626e-01 -1.0157907140e+00 -2.5728135765e+00
181 206 205
2 7 222 -32.1900 -231.5800 1 436 -56.4400 -192.4700
-1.3134336801e-01 -9.3016790018e-01 -2.6492652321e+00
40 49 48
2 7 238 -31.5400 -209.0400 1 218 -49.6300 -171.0100
9.9780333061e-01 -8.8845123527e-01 -2.8065210624e+00
60 33 16
2 7 248 200.8800 -191.3300 1 157 224.0300 -179.5300
-1.9425735101e-01 -8.6326145997e-01 -2.7118713838e+00
40 34 10
3 7 249 -43.6700 -190.5000 0 426 -6.0800 -145.2000 1 454 -59.0300 -154.6500
-5.0149320558e-01 -7.5334165281e-01 -2.7433451677e+00
93 155 92
3 7 251 -104.0000 -166.5000 0 214 -76.6100 -128.8100 1 228 -119.8700 -125.1100
-1.5724258529e-01 -5.4523050364e-01 -2.6652183147e+00
208 183 42
7 7 254 -36.6900 -129.0400 0 302 -6.5400 -73.4700 1 326 -47.1800 -81.0200 2 394 -65.1200 -61.5300 9 232 -73.1100 -47.6700 5 343 91.5700 -62.6400 3 587 -82.2900 -30.5000
-1.6035522177e-01 -4.9242919962e-01 -2.6460122537e+00
202 200 194
5 7 256 -38.1600 -117.3600 1 334 -48.1900 -67.9800 2 398 -64.2600 -51.1500 9 331 -75.0300 -33.3100 10 288 33.7700 30.8800
-1.6447003312e-01 -3.8104589776e-01 -2.6085573239e+00
205 207 200
6 7 263 -39.9400 -95.7200 0 314 -11.8600 -35.7600 1 242 -49.1500 -40.7100 9 244 -77.4800 -5.5700 5 235 83.7700 -23.7000 3 444 -76.7600 3.0400
-1.3947374473e-01 -3.4312874092e-01 -2.6035504867e+00
189 189 194
7 7 265 -34.7500 -87.8600 0 317 -7.2500 -26.7400 1 345 -43.2400 -32.4400 2 309 -55.2100 -21.4500 9 248 -71.4300 4.0300 5 240 87.0500 -13.1600 10 194 35.6400 67.4100
4.9654001397e-02 -3.0478173974e-01 -2.6553018659e+00
81 5 0
6 7 267 6.0500 -78.8700 1 243 2.8800 -27.1700 2 308 -18.0600 -24.4200 9 250 -21.9400 14.2900 5 242 116.7600 0.6800 10 198 86.2200 74.3300
-5.5864303192e-01 -2.5248082419e-01 -2.5731108534e+00
99 120 97
6 7 269 -123.9800 -69.1000 0 229 -101.4700 -14.6000 1 245 -133.9100 -7.6800 9 347 -159.7400 0.9500 5 157 -10.1200 -12.9200 10 197 -67.3800 73.2900
-4.3600355089e-01 -2.5544637114e-01 -2.6320112410e+00
55 75 63
3 7 270 -96.2800 -68.7700 0 320 -73.4400 -16.5500 1 346 -103.1800 -12.1800
-5.0883752290e-01 1.0986372115e-01 -2.6182933397e+00
222 80 135
4 7 293 -118.8400 3.9400 1 372 -105.5600 67.5500 2 457 -75.3100 65.3200 5 264 -25.8200 70.9600
-8.8705523961e-01 2.5088839917e-01 -2.5804882283e+00
110 88 90
2 7 307 -192.0200 37.8400 1 388 -185.2800 95.4800
1.0131226801e+00 7.5303143812e-01 -3.0380038102e+00
203 205 210
2 7 322 191.3600 131.2100 1 267 220.2500 158.9800
-1.3828058643e-01 -5.1081182227e-01 -2.6553811356e+00
42 16 15
5 7 351 -33.3100 -121.5200 1 471 -43.0500 -72.3400 2 604 -60.9900 -55.6800 9 479 -69.0600 -37.4400 10 418 39.7900 26.5600
-4.6906362528e-02 -4.4873668948e-01 -2.6665863123e+00
28 28 33
6 7 356 -13.7700 -108.5100 0 450 14.6000 -50.2200 1 474 -20.9700 -59.3400 2 401 -41.6300 -48.2200 9 333 -45.3700 -21.1600 5 351 107.2400 -36.2800
-8.4414340659e-02 -4.1920144244e-01 -2.6464871179e+00
24 22 23
8 7 359 -22.1500 -102.8100 0 454 6.0400 -43.8600 1 340 -29.7500 -51.6500 2 404 -47.6200 -40.1000 9 337 -55.8200 -14.4100 5 357 99.3200 -30.8500 10 295 53.0500 48.3500 3 602 -66.4600 -11.0900
2.6551592508e-02 -4.1811369904e-01 -2.6791687629e+00
212 214 208
5 7 361 1.4100 -101.1800 0 666 29.3600 -43.7400 1 477 -3.1000 -53.6200 9 339 -26.3000 -12.4500 10 294 82.6200 47.3800
-7.3651906499e-02 -3.8937123151e-01 -2.6395764007e+00
25 25 24
5 7 362 -19.9500 -96.9400 0 458 7.6400 -36.8500 1 342 -27.1400 -44.7700 2 409 -44.4800 -34.3700 9 341 -53.6100 -6.9100
-3.2008769235e-02 -3.8356108077e-01 -2.6509048950e+00
30 28 29
5 7 363 -11.0900 -95.4300 0 461 16.2500 -35.3600 1 480 -17.0600 -44.0600 2 405 -36.6000 -35.6700 9 342 -42.5800 -5.0100
-3.2231879605e-02 -3.8292769215e-01 -2.6513562330e+00
30 28 29
6 7 364 -11.0900 -95.4300 0 462 16.2500 -35.3600 1 481 -17.0600 -44.0600 2 406 -36.6000 -35.6700 9 343 -42.5800 -5.0100 3 607 -56.7700 -7.5000
-2.0918584194e-02 -3.3283052144e-01 -2.6404336109e+00
216 213 211
8 7 368 -8.9500 -84.8700 0 467 17.4500 -24.0900 1 488 -14.4600 -32.2300 2 414 -32.7900 -26.0500 9 348 -40.1000 7.3500 5 554 106.5100 -7.9800 10 303 68.3200 68.0500 3 613 -52.8500 1.8000
5.1383037579e-03 -3.2537330624e-01 -2.6471307903e+00
42 18 15
7 7 369 -3.3900 -83.0000 0 469 22.9000 -22.5500 1 492 -8.1000 -30.9800 2 412 -27.2200 -25.9500 9 351 -33.3100 9.1300 5 555 110.7600 -5.6000 3 612 -48.3100 1.2600
5.2032750462e-03 -3.2519736799e-01 -2.6485404825e+00
42 18 15
5 7 370 -3.3900 -83.0000 1 493 -8.1000 -30.9800 2 413 -27.2200 -25.9500 9 352 -33.3100 9.1300 10 306 75.0600 69.0000
7.2930517545e-01 -1.9776742635e-01 -2.3653653679e+00
197 209 209
2 7 375 159.9600 -61.3300 1 1230 165.7500 12.4300
-1.5587835038e-02 6.9069672443e-02 -2.8259622693e+00
108 201 215
2 7 388 -5.6700 0.1200 0 501 6.3100 42.6200
8.9841587073e-01 7.5426711275e-02 -3.1071608200e+00
75 68 52
2 7 390 167.7400 2.5300 0 498 166.6300 40.7400
7.1022882860e-01 2.9448959272e-01 -2.9099821962e+00
110 116 99
3 7 400 137.9600 45.4300 0 705 134.5300 88.7200 5 853 168.4700 120.2200
-7.9989763759e-01 3.3460245068e-01 -2.5462998092e+00
146 135 141
3 7 403 -177.0500 56.0400 0 526 -161.4900 100.0600 5 277 -104.9700 117.1900
2.6777368930e-01 -8.1318829796e-01 -2.6979230802e+00
125 127 116
2 7 468 52.3200 -182.7200 1 455 47.3700 -149.6100
6.5962369652e-01 -8.1261458100e-01 -2.8380658620e+00
124 137 129
2 7 472 130.7900 -175.2600 1 452 142.4600 -156.2400
-7.0524789059e-01 -7.4211060508e-01 -2.7364945704e+00
172 73 97
4 7 474 -144.4300 -163.9100 0 630 -121.7000 -130.9100 1 627 -161.7200 -119.6900 2 1083 -144.6200 -78.7500
-5.0066432355e-01 -6.1074018812e-01 -2.7004221891e+00
97 158 106
6 7 480 -105.6100 -139.3300 0 636 -79.9500 -96.5000 1 646 -119.8700 -92.3900 2 818 -114.0400 -62.3400 9 464 -146.2500 -83.1400 5 524 19.2000 -100.9000
-8.4592350017e-02 -5.0134482542e-01 -2.6705674422e+00
210 215 208
4 7 486 -21.6800 -119.2600 0 651 7.7400 -61.9900 1 473 -29.9300 -71.6500 2 603 -50.4000 -56.6400
8.5648262299e-02 -4.8933283796e-01 -2.7229296380e+00
209 214 207
7 7 490 13.9900 -114.8000 0 653 43.1100 -58.5500 1 472 10.8400 -71.9000 2 598 -17.5200 -64.3500 9 482 -9.1000 -30.4100 5 537 130.4900 -41.3900 10 287 101.5000 28.1500
1.1128031314e-01 -4.7320744786e-01 -2.7260202546e+00
56 9 5
6 7 492 19.3900 -111.6400 0 654 47.3300 -55.0700 2 599 -12.2600 -62.6700 9 484 -1.8700 -25.9400 10 419 107.6600 32.2100 3 581 -38.2100 -40.3200
1.0928385804e-01 -4.5392286822e-01 -2.7223327864e+00
55 6 1
6 7 493 19.1500 -107.9800 0 660 46.7700 -50.5600 1 657 16.7200 -64.0400 2 601 -11.7400 -58.3800 9 486 -2.5000 -21.7400 3 791 -37.3500 -35.8200
5.9130662620e-02 -4.4057250601e-01 -2.7025956512e+00
26 25 28
6 7 494 8.8400 -105.9400 0 663 36.5400 -48.0200 2 608 -20.8300 -52.9200 9 487 -16.5300 -18.6300 5 544 123.5400 -30.9200 3 590 -44.7300 -28.7400
6.0201958241e-02 -4.4137232872e-01 -2.7010938576e+00
26 25 28
6 7 495 8.8400 -105.9400 0 664 36.5400 -48.0200 1 661 5.0300 -60.0900 2 609 -20.8300 -52.9200 9 488 -16.5300 -18.6300 3 592 -44.7300 -28.7400
1.0413076855e+00 -5.1500886358e-01 -3.2680520062e+00
24 23 20
2 7 498 189.0000 -103.2100 1 466 224.0200 -100.6800
-5.1632403643e-02 -3.9644406668e-01 -2.6498467371e+00
201 204 193
7 7 504 -15.0400 -98.0400 0 671 12.5600 -38.4800 1 478 -21.8300 -47.1400 2 625 -40.7600 -37.2800 9 496 -47.4100 -8.5700 5 548 104.1800 -23.4400 10 430 60.9100 53.1200
-1.1202734885e-01 -3.8897074396e-01 -2.6289816387e+00
27 30 34
8 7 506 -28.3800 -97.0700 0 673 -0.3100 -37.1300 1 678 -36.3500 -43.9200 2 629 -51.7200 -32.4600 9 498 -63.7300 -7.2100 5 549 93.1900 -23.9500 10 616 44.8300 55.7000 3 832 -69.0000 -2.7000
-1.0165952496e-02 -3.8888262458e-01 -2.6601435523e+00
215 219 212
4 7 507 -6.2000 -96.5800 0 674 21.0100 -36.6500 2 623 -32.5900 -38.2600 5 778 110.6600 -20.3600
-9.9233482052e-03 -3.8956973504e-01 -2.6623317394e+00
215 219 212
8 7 508 -6.2000 -96.5800 0 675 21.0100 -36.6500 1 479 -11.5300 -46.7000 2 624 -32.5900 -38.2600 9 500 -36.1700 -6.9100 5 779 110.6600 -20.3600 10 429 72.5400 53.7200 3 825 -53.7900 -10.6700
1.0536666982e-01 -3.6067328693e-01 -2.6930624505e+00
57 6 1
4 7 510 18.1300 -89.4900 1 681 15.9900 -41.6000 2 622 -9.0900 -38.8800 9 502 -5.6700 1.2000
-8.6450441211e-02 -3.4127018365e-01 -2.6219893338e+00
207 212 208
2 7 513 -23.1300 -87.0300 1 685 -30.2500 -32.8500
-8.6608741451e-02 -3.4215606156e-01 -2.6209487705e+00
207 212 208
7 7 514 -23.1300 -87.0300 0 677 3.9100 -26.1800 1 686 -30.2500 -32.8500 2 867 -45.3400 -24.1800 9 657 -57.5800 4.5800 5 784 96.1100 -12.6900 10 623 50.3000 67.2200
-5.5575525085e-01 -3.3573143324e-01 -2.5946275966e+00
39 53 39
2 7 515 -122.5600 -86.1300 1 691 -133.6000 -27.3600
8.0017250690e-02 -3.4046596764e-01 -2.6756406013e+00
243 41 29
7 7 516 12.6100 -85.0900 0 679 38.5300 -25.7000 1 485 9.8700 -35.9600 2 628 -13.5000 -33.3600 9 504 -13.2800 7.0900 5 788 123.6300 -7.8800 3 603 -36.9200 -8.9900
8.0285635541e-02 -3.3873011614e-01 -2.6744228723e+00
243 41 29
3 7 517 12.6100 -85.0900 1 486 9.8700 -35.9600 9 505 -13.2800 7.0900
3.1582376921e-02 -3.2450530003e-01 -2.6549181283e+00
239 43 42
6 7 522 2.4300 -82.9000 0 681 28.3200 -22.1600 1 690 -1.6900 -31.3700 2 634 -22.2200 -27.2100 5 790 115.0200 -4.7500 3 837 -43.9900 -0.6600
7.7783908515e-02 -3.1612918995e-01 -2.6690532776e+00
241 43 35
4 7 525 12.1200 -80.4400 0 682 37.4200 -19.9800 1 491 9.4600 -30.8300 2 632 -13.0000 -28.3800
7.7796703445e-02 -3.1543425975e-01 -2.6683757915e+00
241 43 35
3 7 526 12.1200 -80.4400 0 683 37.4200 -19.9800 2 633 -13.0000 -28.3800
9.6061099249e-02 -2.9936633159e-01 -2.6704972714e+00
56 9 0
4 7 529 15.8700 -77.1600 0 684 40.9200 -16.5200 2 636 -8.6500 -25.8200 9 508 -9.7100 15.9800
1.0419315488e+00 2.7639483579e-01 -3.1551459320e+00
52 52 49
3 7 556 193.2300 40.0900 0 919 181.6100 71.8300 10 652 299.8100 121.1100
2.4294527990e-01 4.2081689429e-01 -2.7278165064e+00
96 139 78
3 7 562 45.9300 73.2700 0 939 49.3700 117.7800 5 862 97.6900 147.9900
6.4639701311e-01 4.6629332188e-01 -2.8723094667e+00
211 225 223
2 7 567 125.9300 79.9800 0 710 119.1300 119.6100
-7.7188581727e-01 5.2976394789e-01 -2.5805408544e+00
42 24 20
2 7 574 -169.1800 96.6100 0 719 -155.9800 134.0700
-7.9109030595e-01 5.6501284609e-01 -2.6036296622e+00
99 80 78
2 7 579 -171.7800 103.2700 0 721 -159.2900 137.8400
-1.1194263736e-01 6.8477616162e-01 -2.7091995126e+00
141 140 135
6 7 585 -27.6000 127.4500 0 725 -24.8700 159.4500 1 740 -13.9600 172.7600 2 913 22.2700 143.3600 5 623 15.4400 190.4400 10 684 43.8600 203.3900
2.6841916293e+00 2.0331198838e+00 -6.1701469477e+00
119 113 127
2 7 590 289.2700 200.7100 0 529 215.6100 126.5600
9.8908493536e-01 -1.1025189496e+00 -2.9128484158e+00
182 189 182
2 7 601 193.7900 -226.8600 1 570 218.7800 -230.8900
-1.0924813514e-01 -8.8675226100e-01 -2.7059568498e+00
61 38 1
4 7 627 -25.5000 -196.1100 0 808 12.4200 -148.2000 1 813 -40.8000 -161.4200 2 775 -76.7700 -129.5200
2.1145221237e+00 -1.3772147246e+00 -4.9516193903e+00
83 79 81
2 7 635 276.6400 -178.0700 0 980 285.2200 -202.6900
-4.9162813846e-01 -7.8340172069e-01 -2.7554870315e+00
41 74 49
6 7 636 -101.3600 -172.0600 0 816 -73.9500 -135.4600 1 836 -117.5900 -132.2400 2 1066 -117.8600 -95.3700 9 584 -143.7800 -127.3800 5 719 28.9900 -142.7000
-6.8514575673e-01 -7.6169633047e-01 -2.7442612269e+00
154 30 59
2 7 638 -140.0200 -167.5400 1 840 -157.5100 -124.4700
-6.9241736664e-01 -6.8906363037e-01 -2.7230239646e+00
154 30 60
3 7 642 -142.9900 -153.8100 0 632 -120.1300 -118.6300 5 509 -20.8600 -132.7800
1.6084729041e+00 -1.1739116929e+00 -5.1187263245e+00
99 85 91
2 7 647 209.3600 -149.2900 1 578 276.4700 -222.7200
1.6084729041e+00 -1.1739116929e+00 -5.1187263245e+00
99 85 91
2 7 649 209.3600 -149.2900 1 579 276.4700 -222.7200
-5.1156761595e-01 -6.3236197843e-01 -2.7031766827e+00
107 164 113
3 7 652 -107.6800 -143.7800 1 859 -122.5900 -97.4400 9 598 -149.1400 -88.5900
8.3867669902e-02 -5.9337752794e-01 -2.7561065624e+00
153 121 119
6 7 657 14.3200 -134.9900 0 835 44.4400 -81.5900 1 862 10.5000 -96.5800 2 804 -21.6200 -85.5700 9 605 -6.6300 -57.2900 10 558 103.7700 1.2000
-7.1329712293e-01 -4.9666923045e-01 -2.6521081753e+00
149 42 81
4 7 666 -151.2500 -117.7200 0 839 -129.5000 -74.6700 1 890 -164.9100 -63.6000 5 528 -34.8200 -84.3400
-4.1593669311e-02 -4.9277026243e-01 -2.6812281601e+00
21 20 16
7 7 668 -12.5400 -116.6800 0 842 16.6900 -60.0700 1 880 -19.5400 -70.2300 2 1107 -42.1900 -57.7600 9 612 -43.3200 -31.9200 5 1023 109.8600 -47.0900 10 574 66.0800 29.9100
-4.1263416619e-02 -4.9248913285e-01 -2.6811560291e+00
21 20 16
7 7 669 -12.5400 -116.6800 0 843 16.6900 -60.0700 1 654 -19.5600 -70.0400 2 1108 -42.1900 -57.7600 9 613 -43.3200 -31.9200 10 575 66.0800 29.9100 3 1115 -63.4300 -30.7500
-8.7785504886e-02 -4.7211095771e-01 -2.6620787597e+00
208 209 200
5 7 671 -22.4900 -113.2800 0 849 6.3900 -55.8300 1 885 -30.4600 -64.4300 2 1124 -49.9200 -50.7700 9 615 -55.9800 -27.4900
3.9779931690e-02 -4.7388366840e-01 -2.7043446991e+00
19 16 16
5 7 672 4.6000 -112.2500 1 655 0.0600 -67.4200 2 821 -25.9300 -58.5100 9 616 -21.3800 -26.7200 10 578 88.1400 32.3000
3.9779931690e-02 -4.7388366840e-01 -2.7043446991e+00
19 16 16
5 7 673 4.6000 -112.2500 1 656 0.0600 -67.4200 2 820 -25.9300 -58.5100 9 617 -21.3800 -26.7200 10 579 88.1400 32.3000
-5.9510383998e-02 -4.6635801767e-01 -2.6696768079e+00
212 217 212
6 7 674 -16.4300 -112.1400 0 850 12.4000 -54.3300 1 887 -23.7900 -63.6400 9 619 -48.4500 -26.0000 5 1029 105.5800 -40.6100 10 581 60.6700 35.8800
-5.9426848595e-02 -4.6694133056e-01 -2.6689369617e+00
212 217 212
6 7 675 -16.4300 -112.1400 0 851 12.4000 -54.3300 1 888 -23.7900 -63.6400 2 1123 -44.6200 -51.0700 9 620 -48.4500 -26.0000 10 582 60.6700 35.8800
-7.7453122673e-02 -4.5841527368e-01 -2.6607161752e+00
18 17 23
6 7 677 -20.3500 -110.6300 0 655 8.3200 -52.7000 1 659 -28.0800 -61.2100 2 837 -47.6500 -48.4500 9 624 -53.3000 -24.0100 3 813 -67.2000 -20.0400
-7.7453122673e-02 -4.5841527368e-01 -2.6607161752e+00
18 17 23
6 7 678 -20.3500 -110.6300 0 656 8.3200 -52.7000 1 660 -28.0800 -61.2100 2 838 -47.6500 -48.4500 9 625 -53.3000 -24.0100 3 814 -67.2000 -20.0400
1.7433410337e+00 -8.9064475656e-01 -5.4290834209e+00
122 118 123
2 7 681 216.3200 -109.3300 1 782 287.1800 -182.9600
2.3879361507e-02 -4.5625297157e-01 -2.6931718134e+00
214 214 207
6 7 682 1.2000 -109.2600 0 854 29.6400 -51.3200 1 658 -3.7300 -62.7800 2 827 -28.2800 -53.7300 9 629 -26.2500 -22.6400 10 585 83.2200 37.0200
-1.2430318157e-01 -4.4769873644e-01 -2.6413941550e+00
211 211 203
3 7 684 -30.5700 -108.8200 0 855 -1.7000 -50.7200 9 632 -66.1500 -21.5800
-1.6668404876e-02 -4.4761378755e-01 -2.6773757327e+00
17 21 24
8 7 687 -7.4400 -107.8800 0 857 20.8900 -49.8600 1 896 -13.4000 -59.9300 2 834 -35.8800 -49.7000 9 634 -37.3200 -20.6500 5 765 111.9400 -35.0200 10 800 72.2900 39.8100 3 1123 -57.4400 -23.1400
-9.4222151960e-02 -4.4266136884e-01 -2.6494719350e+00
209 215 208
5 7 688 -24.1100 -107.4300 0 858 4.5800 -49.3300 1 900 -32.2200 -57.1000 2 844 -50.3300 -44.2700 9 636 -58.2200 -20.0400
-9.4226498117e-02 -4.4264716784e-01 -2.6493060194e+00
209 215 208
6 7 689 -24.1100 -107.4300 0 859 4.5800 -49.3300 1 901 -32.2200 -57.1000 2 845 -50.3300 -44.2700 9 637 -58.2200 -20.0400 10 600 50.4100 42.7700
-9.5947905197e-03 -4.3203511480e-01 -2.6738912267e+00
221 224 220
8 7 691 -6.1000 -104.3800 0 863 22.1000 -46.3500 1 903 -11.7400 -56.3100 2 1126 -33.9500 -46.9600 9 641 -35.6700 -16.4300 5 1044 112.6800 -31.3700 10 806 73.3500 44.0800 3 1126 -55.7000 -20.8400
6.0156182255e-02 -4.2216966456e-01 -2.6933349948e+00
215 222 219
6 7 698 7.9100 -102.3100 0 667 36.0100 -43.8300 1 669 4.7200 -55.5100 2 610 -20.1100 -48.8900 9 492 -16.6300 -13.4000 10 425 92.5100 45.4900
9.2480230770e-02 -4.1615204650e-01 -2.7043743566e+00
216 219 215
7 7 699 15.5200 -100.3400 0 869 42.6700 -42.4300 1 905 12.8400 -54.7300 2 833 -13.5300 -49.7200 9 646 -8.1300 -11.9400 5 1056 128.4200 -24.8600 10 606 100.7200 46.0700
-9.7059717255e-02 -3.9870571202e-01 -2.6361646958e+00
213 220 213
8 7 702 -25.0800 -98.8800 0 872 3.0000 -39.2600 1 909 -32.7600 -46.5800 2 852 -49.2900 -35.2900 9 648 -59.5000 -9.5900 5 1054 96.5300 -25.5600 10 611 48.7800 53.2300 3 1146 -67.3600 -5.8600
2.8803945237e-02 -3.8117037756e-01 -2.6722102427e+00
224 227 223
8 7 704 2.0000 -94.3800 0 873 28.9300 -34.7800 1 676 -2.3400 -45.1500 2 849 -24.7800 -38.8100 9 649 -26.1000 -4.2100 5 1060 116.7800 -17.6300 10 612 82.6200 55.4300 3 1136 -47.0900 -12.7700
2.8992402559e-02 -3.8156009159e-01 -2.6718379081e+00
224 227 223
7 7 705 2.0000 -94.3800 0 874 28.9300 -34.7800 1 677 -2.3400 -45.1500 2 850 -24.7800 -38.8100 9 650 -26.1000 -4.2100 10 613 82.6200 55.4300 3 1137 -47.0900 -12.7700
-9.9211152450e-02 -3.7163238609e-01 -2.6234062677e+00
207 211 206
6 7 707 -25.5700 -93.1700 0 876 2.5100 -33.0600 2 863 -48.7800 -29.4400 5 780 95.7000 -19.2200 10 618 46.2600 60.4600 3 839 -66.9600 0.1800
7.6704704976e-02 -3.6117162064e-01 -2.6837185676e+00
26 19 16
8 7 712 11.9500 -89.8800 0 879 38.3600 -30.2200 1 682 9.2200 -41.4000 2 851 -14.7300 -37.5900 9 653 -13.5600 1.1000 5 785 123.3000 -12.0900 10 617 95.2700 59.3900 3 822 -37.9100 -13.1900
1.8271241576e+00 -7.3417583933e-01 -5.5860404258e+00
138 126 130
2 7 713 221.3200 -89.0600 1 808 294.0100 -163.0800
-3.1669308828e-02 -3.3399114398e-01 -2.6351609929e+00
206 214 208
4 7 717 -11.4300 -85.2500 1 687 -16.8800 -32.1600 2 865 -34.7700 -25.4500 9 659 -43.4600 7.1700
2.7186658879e+00 -6.7961929774e-01 -5.7783700609e+00
58 57 58
2 7 719 312.0500 -79.7200 0 1069 292.0100 -118.3700
7.3451780174e-01 5.5287438379e-02 -2.9815731655e+00
117 128 100
4 7 747 141.4100 -1.9700 0 905 143.3300 42.9200 1 707 163.3100 29.7100 9 530 158.6300 68.6500
7.0535155466e-01 1.0257615197e-01 -2.9493361548e+00
163 176 162
4 7 750 136.3200 7.3600 0 912 138.4200 52.7400 1 710 157.2400 41.3200 10 650 236.3600 116.3600
7.1372978490e-01 1.3141860154e-01 -2.9266452304e+00
192 204 195
4 7 751 138.5500 13.1200 0 1200 139.9900 59.2900 1 950 159.0800 48.5300 5 845 177.5400 90.7100
6.6053987820e-01 4.1371911379e-01 -2.8792693185e+00
171 183 169
5 7 760 128.9300 69.5100 0 934 123.2600 110.3000 1 724 148.4300 108.5200 9 702 128.0100 134.0900 10 665 213.5700 170.6400
-4.0477496836e-02 4.4651241882e-01 -2.7374268211e+00
153 141 132
3 7 763 -12.5000 77.6400 0 935 -6.1600 116.8700 5 858 42.0400 144.4900
-4.0477496836e-02 4.4651241882e-01 -2.7374268211e+00
153 141 132
3 7 764 -12.5000 77.6400 0 936 -6.1600 116.8700 5 859 42.0400 144.4900
2.1215969347e-01 4.4358580469e-01 -2.7308897198e+00
28 36 45
4 7 765 39.6800 77.9700 0 942 42.7700 121.2100 1 967 50.7800 125.7800 5 864 90.4100 150.7400
2.0361274328e-01 4.6501498196e-01 -2.7342199933e+00
163 177 185
2 7 768 37.8200 82.0600 0 944 40.4400 124.7000
-7.2046885426e-02 4.8694634569e-01 -2.7166164275e+00
123 118 115
3 7 769 -19.3600 86.5500 0 945 -13.2200 125.4100 5 612 35.0400 153.3700
-7.5824960800e-01 4.7948623480e-01 -2.5672393592e+00
58 36 32
3 7 771 -167.2600 86.4400 0 713 -153.0900 126.1200 5 421 -104.6100 148.7000
-2.7720840803e-01 5.2404120216e-01 -2.6837473222e+00
88 80 76
2 7 777 -62.3600 94.3300 1 1302 -51.0000 142.9400
-2.7184779406e-01 6.0613905778e-01 -2.6925471702e+00
136 133 125
2 7 780 -60.9700 111.0500 1 978 -47.9800 157.6200
-7.4656529492e-01 6.6056034433e-01 -2.5922933510e+00
136 122 126
2 7 781 -163.4400 123.8600 0 952 -151.3600 156.8600
-2.8513161421e-01 -9.6045899129e-01 -2.6174282396e+00
16 16 15
3 7 815 -63.8100 -216.5600 0 1019 -24.8500 -167.5200 1 1071 -87.8600 -175.6900
-3.3499944811e-01 -9.0117806408e-01 -2.6202874309e+00
153 184 220
2 7 824 -74.2700 -203.8700 1 1085 -97.5300 -160.5500
1.1663072729e-01 -8.6549304017e-01 -2.6731382704e+00
169 189 85
3 7 838 20.6600 -194.5100 0 1056 61.7800 -136.7500 1 1086 9.9100 -159.8700
1.4298122213e-01 -7.6686976340e-01 -2.8338466440e+00
215 188 78
2 7 881 26.8900 -166.3600 1 835 24.2200 -138.3400
-4.0786065052e-01 -6.9698274408e-01 -2.7674694611e+00
89 126 90
4 7 888 -84.3700 -154.5300 0 1079 -57.3700 -114.9900 1 846 -97.3300 -114.2500 9 759 -120.7700 -106.0000
-4.9607505919e-01 -6.2515880706e-01 -2.7078733675e+00
23 70 32
4 7 899 -104.4900 -142.5700 0 1085 -78.4700 -99.7000 1 1145 -118.5600 -95.6800 10 769 -48.8700 -18.8300
-5.5626277921e-02 -6.1431960693e-01 -2.7165559890e+00
156 115 107
7 7 900 -14.6800 -140.5500 0 1098 16.4000 -87.6400 1 852 -23.0300 -98.7700 2 1081 -48.8500 -81.4500 9 767 -44.8900 -63.7300 10 554 65.2600 -1.9800 3 1099 -70.8700 -54.6700
-3.2538624885e-02 -6.0976274832e-01 -2.7224017513e+00
167 128 128
5 7 902 -9.9400 -139.5100 0 1104 21.1700 -86.2700 1 855 -17.4700 -98.2100 2 1078 -44.3600 -81.8200 9 769 -38.7000 -62.3900
-1.1270744893e-02 -6.0635939855e-01 -2.7273217534e+00
168 133 128
4 7 903 -5.5000 -138.6700 0 1105 25.4700 -85.2600 1 854 -12.4800 -97.7900 9 771 -32.9400 -61.1500
-4.8263862025e-01 -6.0356691214e-01 -2.7054194522e+00
28 60 28
6 7 906 -101.9800 -138.1000 0 1087 -76.1200 -94.7200 1 869 -115.6000 -91.1900 2 1103 -110.4600 -61.8900 9 763 -141.4400 -81.5500 10 772 -45.0900 -13.3200
4.5248478767e-02 -5.9817237974e-01 -2.7440209245e+00
165 133 134
4 7 910 6.2000 -136.4300 0 1109 36.9800 -82.8800 1 860 1.0800 -96.8700 9 777 -17.3700 -58.7600
1.0409477354e-01 -5.8975762467e-01 -2.7632515532e+00
178 140 137
8 7 913 18.5500 -134.1100 0 836 48.7000 -80.5800 1 863 15.2700 -96.1600 2 1072 -17.4400 -86.2800 9 606 -0.8700 -56.4400 5 1015 136.7200 -63.6400 10 559 109.2700 1.5700 3 1091 -44.7500 -64.9900
-1.0090714064e-01 -4.8404271029e-01 -2.6609709748e+00
28 25 24
3 7 931 -25.4100 -115.8800 1 882 -33.8800 -66.8900 9 800 -59.1500 -30.4800
9.8033420277e-02 -4.8876202974e-01 -2.7291079488e+00
212 218 212
7 7 935 16.9600 -114.5300 0 1123 45.2200 -58.3200 1 879 13.9200 -72.0600 2 1095 -15.0700 -64.9700 9 799 -4.8800 -30.3200 10 791 104.4400 27.4600 3 1105 -41.0800 -42.6700
-2.7538490709e-02 -4.6164035398e-01 -2.6778492967e+00
213 215 211
7 7 939 -9.6500 -110.7400 0 852 19.0100 -53.0300 1 891 -16.0700 -63.0600 2 1122 -38.4200 -51.8000 9 622 -39.9300 -24.4300 10 583 69.4000 36.5000 3 1119 -59.8200 -24.8900
-3.0420231831e-03 -4.5756516527e-01 -2.6846216349e+00
209 212 210
4 7 942 -4.3500 -109.6700 0 1128 24.0400 -51.9000 2 1118 -33.5500 -52.4700 9 803 -33.4900 -23.3300
-2.9898391951e-03 -4.5767656761e-01 -2.6847415542e+00
209 212 210
3 7 943 -4.3500 -109.6700 0 1129 24.0400 -51.9000 9 804 -33.4900 -23.3300
-6.9051336492e-02 -4.4053177204e-01 -2.6567535425e+00
210 211 210
6 7 946 -18.7500 -106.8100 0 1130 9.6700 -48.7000 1 902 -26.1100 -57.0700 2 1129 -45.5700 -45.3700 9 808 -51.5100 -19.2900 10 598 57.4000 42.9900
9.6224733329e-02 -4.4239448206e-01 -2.7140419524e+00
178 183 176
4 7 951 16.3800 -105.6200 0 1131 43.8800 -48.1300 2 1113 -13.9000 -55.3700 9 809 -6.5100 -18.7200
9.6476504611e-02 -4.4264772139e-01 -2.7138894782e+00
178 183 176
6 7 952 16.3800 -105.6200 0 1132 43.8800 -48.1300 1 1162 13.7400 -61.1800 2 1114 -13.9000 -55.3700 9 810 -6.5100 -18.7200 10 1039 102.7700 39.1900
-3.0578636092e-02 -4.3604779975e-01 -2.6675675630e+00
217 216 214
5 7 953 -10.5400 -105.6200 0 1133 17.7400 -47.4700 1 904 -16.8600 -56.8000 9 811 -41.2800 -17.7500 10 805 67.7200 43.4600
4.3091526954e-02 -4.3749464180e-01 -2.6926575271e+00
25 16 23
6 7 954 5.1700 -105.1500 0 861 32.9300 -47.2400 1 897 0.8500 -58.6600 2 830 -24.2700 -51.0500 9 639 -21.1000 -17.6400 3 803 -47.8200 -26.2900
4.3031523678e-02 -4.3750264742e-01 -2.6927715764e+00
25 16 23
7 7 955 5.1700 -105.1500 0 862 32.9300 -47.2400 1 898 0.8500 -58.6600 2 831 -24.2700 -51.0500 9 640 -21.1000 -17.6400 10 803 87.9000 41.6500 3 804 -47.8200 -26.2900
3.0189238582e-03 -4.2123416199e-01 -2.6758221221e+00
62 63 59
3 7 960 -3.5500 -101.9800 0 1136 24.4600 -43.8100 5 1050 114.6100 -28.6100
2.7801084586e-03 -4.1990893572e-01 -2.6767021162e+00
62 63 59
2 7 961 -3.5500 -101.9800 0 1135 24.4600 -43.8100
-1.7080296503e-03 -3.4190367797e-01 -2.6502848593e+00
52 15 13
5 7 980 -4.7800 -86.2500 1 921 -9.6500 -34.7600 2 1143 -29.3900 -28.8900 9 817 -34.8000 5.1300 5 1066 110.3700 -9.8200
2.3375232720e-02 -3.4188426407e-01 -2.6574233971e+00
113 15 9
5 7 981 0.4800 -86.2500 0 1151 26.9700 -26.1100 1 1183 -3.6800 -35.4500 2 1140 -24.4900 -30.3200 9 818 -28.3700 5.5500
2.3375232720e-02 -3.4188426407e-01 -2.6574233971e+00
113 15 9
5 7 982 0.4800 -86.2500 0 1152 26.9700 -26.1100 1 1184 -3.6800 -35.4500 2 1141 -24.4900 -30.3200 9 819 -28.3700 5.5500
-1.4609504324e-01 -3.3397054471e-01 -2.5997539329e+00
19 18 19
7 7 983 -36.2400 -86.2200 0 1156 -8.9700 -24.7600 1 926 -44.6900 -29.8400 2 1148 -56.1600 -19.1400 9 820 -73.2700 5.9300 5 1065 85.2100 -11.3300 10 827 34.1500 69.4800
-1.4597075255e-01 -3.3387195063e-01 -2.5985853325e+00
19 18 19
6 7 984 -36.2400 -86.2200 0 1155 -8.9700 -24.7600 1 927 -44.6900 -29.8400 2 1149 -56.1600 -19.1400 9 821 -73.2700 5.9300 5 1064 85.2100 -11.3300
5.0937947172e-02 -3.3700307461e-01 -2.6666033964e+00
72 9 5
7 7 985 6.4700 -85.0200 0 1154 32.6900 -24.9400 1 920 3.0000 -34.9100 2 1138 -18.8100 -31.0400 9 823 -21.2500 6.8800 10 820 87.1100 65.7300 3 1145 -40.9200 -5.8600
9.7281945794e-02 -3.2913198950e-01 -2.6798547730e+00
113 6 4
6 7 986 16.2400 -82.8600 0 1158 41.8100 -23.2900 1 922 14.2200 -33.9900 2 860 -9.5700 -31.8600 9 825 -8.7500 9.1800 5 1072 125.8200 -4.4200
9.7281945794e-02 -3.2913198950e-01 -2.6798547730e+00
113 6 4
6 7 987 16.2400 -82.8600 0 1159 41.8100 -23.2900 1 923 14.2200 -33.9900 2 861 -9.5700 -31.8600 9 826 -8.7500 9.1800 5 1073 125.8200 -4.4200
2.4389922382e+00 -6.9310671750e-01 -5.7454703262e+00
66 59 65
2 7 988 283.0700 -81.7300 0 1067 265.6300 -123.1200
2.4389922382e+00 -6.9310671750e-01 -5.7454703262e+00
66 59 65
2 7 989 283.0700 -81.7300 0 1068 265.6300 -123.1200
-1.2042680288e-02 -3.1814528079e-01 -2.6352891812e+00
216 213 209
2 7 990 -7.3000 -81.8800 1 1187 -12.3400 -28.6700
4.5629574399e-01 -3.0208121436e-01 -2.5740692797e+00
106 179 86
2 7 993 93.5000 -79.8500 1 1200 95.4800 -24.8300
1.8684784623e+00 -6.5580563027e-01 -5.6683095876e+00
125 112 114
2 7 994 223.5900 -79.2100 1 1103 297.0400 -153.6000
4.9603879582e-02 -3.0502029533e-01 -2.6569776356e+00
100 7 0
2 7 995 6.1400 -78.5000 1 929 2.6300 -27.2000
-7.2216650912e-01 -2.9856429285e-01 -2.5833780516e+00
84 170 186
4 7 996 -157.6900 -78.3300 0 1149 -136.2100 -28.9500 9 1005 -192.4700 -17.6600 5 1042 -46.4300 -32.3700
1.9425559546e+00 -6.3035214623e-01 -5.6927621968e+00
137 126 132
2 7 997 231.0000 -76.0600 1 820 305.8800 -150.9100
1.9247220683e+00 -5.3243404424e-01 -5.7843052949e+00
123 111 117
2 7 1006 226.4100 -64.3600 1 833 300.8800 -139.1200
1.9000608504e+00 -5.0750267700e-01 -5.8071340695e+00
93 79 83
2 7 1008 223.1300 -61.4400 1 1125 297.1000 -136.0900
-3.7001820012e-01 -1.7649818822e-01 -2.6374323639e+00
193 208 198
3 7 1013 -82.2500 -51.9200 0 1172 -60.6300 0.5900 1 1221 -87.4300 4.2800
8.4714650959e-01 -2.4032723196e-02 -3.1830676521e+00
75 75 60
2 7 1028 156.4200 -16.0200 1 935 185.3200 2.1900
4.7413237235e-01 2.3155008680e-02 -3.0811795092e+00
61 105 14
2 7 1034 89.2600 -7.9600 1 941 108.8900 17.9400
9.7036315253e-01 5.0404526497e-02 -3.1394858076e+00
213 218 213
4 7 1036 181.1300 -2.3600 1 942 211.5200 18.8100 9 686 220.0500 57.7800 10 631 296.8700 87.4400
8.2831121218e-01 1.4143003428e-01 -3.0743839011e+00
93 91 80
4 7 1044 155.9700 14.8200 0 911 153.4900 52.7900 9 688 182.0400 73.9900 10 647 261.7500 106.5100
1.0105635924e+00 2.3771154327e-01 -3.1261125980e+00
177 172 176
2 7 1052 188.6600 32.7500 1 951 219.5500 55.7800
6.2351976685e-01 3.6156081520e-01 -2.9145430078e+00
138 155 138
2 7 1059 120.6600 58.4800 1 1263 140.4800 95.1500
6.4577479645e-01 4.0119379657e-01 -2.8839522533e+00
210 224 216
4 7 1062 125.9200 66.8000 0 1218 120.7200 107.4900 1 1270 145.2700 105.7200 10 1102 210.6200 167.6600
6.3302675144e-01 4.1238608875e-01 -2.8851550183e+00
162 179 161
4 7 1065 123.2600 69.0700 0 933 118.0200 109.2900 1 957 142.5900 107.4800 10 873 207.4900 168.5300
-8.3359716933e-01 4.3481465994e-01 -2.6208288538e+00
84 71 71
2 7 1070 -179.1000 75.4300 0 1221 -166.5100 111.7200
-7.3977086407e-01 4.8365275789e-01 -2.5525082083e+00
140 120 117
4 7 1078 -164.0500 88.1500 0 1233 -149.6400 128.4200 1 1304 -152.8600 144.4100 5 865 -99.8500 151.6300
6.1520519750e-01 5.6597056649e-01 -2.7839480741e+00
129 146 128
5 7 1088 121.7400 102.4000 0 1241 113.6900 143.3100 1 976 138.9700 146.4600 9 887 110.2300 167.3000 10 887 197.4000 204.7300
6.0322710401e-01 5.9555666704e-01 -2.7432562469e+00
160 171 158
2 7 1091 120.2200 109.7200 1 1308 136.2000 155.9600
1.9398466426e+00 -5.6094003789e-01 -5.7803377081e+00
126 116 121
2 8 809 277.3000 34.2400 1 832 303.0300 -142.6800
1.1851084523e-01 -6.0255704143e-01 -2.7699774349e+00
91 25 8
4 8 1024 42.8800 -139.4600 0 641 51.5500 -83.3500 1 641 18.4200 -99.3900 9 475 3.3400 -59.2400
-1.0718694761e-03 -5.0259401585e-01 -2.6991294785e+00
214 215 216
5 8 1048 19.0600 -127.4200 0 1122 25.3700 -62.3300 1 878 -9.8100 -73.3300 2 1102 -34.7100 -61.8900 10 571 77.6300 26.1700
-1.7326413098e-01 -4.6587023759e-01 -2.6498981547e+00
185 151 131
3 0 18 -12.7700 -56.1100 1 21 -47.8200 -61.4800 9 22 -78.1300 -29.4800
-3.6471915565e-01 3.6602248385e-01 -2.7004649073e+00
234 239 242
3 0 22 -68.7900 99.7900 1 32 -70.0700 111.0300 2 45 -33.4900 96.4300
-3.6621216166e-01 3.7016262549e-01 -2.7115268183e+00
234 239 242
2 0 23 -68.7900 99.7900 1 33 -70.0700 111.0300
5.9663905131e-02 -8.9955112911e-01 -2.6902294982e+00
100 76 20
2 0 28 49.7300 -146.2000 1 18 -3.1200 -167.1200
4.2383372195e-01 2.8750073611e-01 -2.7483162147e+00
101 4 0
2 0 64 87.3500 96.3800 1 51 95.7400 92.8100
-1.2782675350e-01 4.3984105968e-01 -2.7585869236e+00
107 95 79
2 0 65 -22.9800 112.1100 1 75 -18.5000 121.6200
-4.6808289122e-01 -4.8661923875e-01 -2.6726344774e+00
43 42 40
2 0 78 -75.3400 -68.2400 1 88 -112.4000 -64.1900
-6.1598346630e-01 -2.1390163580e-01 -2.5772200006e+00
18 20 17
2 0 83 -113.9200 -9.2700 1 127 -144.4200 1.1500
1.0829745646e-01 6.2848795327e-02 -2.8995414076e+00
123 188 100
2 0 87 29.5100 38.6900 1 70 30.1600 37.1700
-1.2371262926e-01 5.5358438395e-01 -2.7461746747e+00
180 185 180
2 0 94 -24.5200 133.5000 1 105 -16.4100 144.0100
3.5556984177e-01 6.2539545443e-01 -2.8431118510e+00
39 35 26
2 0 96 62.6300 143.9500 1 107 85.1600 151.2900
-4.6508844818e-01 -1.0152551025e+00 -2.5536186563e+00
31 38 40
2 0 103 -65.4500 -184.7300 1 110 -135.0600 -185.3100
-2.1646959254e-01 5.1164778005e-01 -2.7089650071e+00
188 191 182
4 0 129 -41.4300 127.3000 1 144 -36.6200 138.0800 5 103 4.7400 156.1700 10 136 21.7200 178.8800
-4.4561420774e-01 -6.0966512689e-01 -2.7230807586e+00
41 35 32
4 0 150 -67.2100 -95.8400 1 168 -105.7900 -93.1300 9 149 -131.7500 -83.6400 10 121 -35.5500 -15.9600
-5.1095439412e-01 -2.8038672761e-01 -2.5878868602e+00
78 91 73
3 0 160 -89.6600 -20.7800 1 183 -123.3200 -14.8100 5 125 1.9800 -17.2700
-1.6091139647e-01 -2.5760002403e-01 -2.5804316846e+00
190 117 74
2 0 165 -13.8300 -8.0600 1 184 -47.7000 -11.5500
-1.6091139647e-01 -2.5760002403e-01 -2.5804316846e+00
190 117 74
2 0 166 -13.8300 -8.0600 1 185 -47.7000 -11.5500
-1.6943860186e-01 3.7404304886e-01 -2.8159621158e+00
230 240 240
2 0 184 -29.8900 95.4400 1 138 -25.0700 103.7400
-7.6731793644e-03 -8.4601359267e-01 -2.6604833784e+00
232 234 77
2 0 211 34.0500 -135.2300 1 163 -19.3400 -153.0000
-6.4631335577e-01 -1.6447867749e-01 -2.5707424898e+00
101 173 192
3 0 231 -121.7300 1.3600 1 248 -149.5900 11.3900 2 322 -117.8900 26.1500
2.6579150765e-01 1.4276360719e-01 -2.7761954446e+00
32 58 20
2 0 242 60.4400 64.1800 1 254 60.5000 61.9800
-6.1277007130e-03 -9.8664022494e-01 -2.5899855407e+00
176 137 71
2 0 283 40.0000 -165.9000 1 212 -25.5900 -187.5300
-6.1277007130e-03 -9.8664022494e-01 -2.5899855407e+00
176 137 71
2 0 284 40.0000 -165.9000 1 213 -25.5900 -187.5300
-4.9247066559e-01 -5.5460381667e-01 -2.6884535438e+00
44 39 35
3 0 297 -79.1400 -83.6600 1 327 -117.6200 -79.6200 9 326 -144.1500 -69.7500
1.0244261812e+00 -5.5341839926e-01 -3.3240840293e+00
113 104 97
2 0 300 197.2100 -74.5300 1 232 219.4700 -109.5700
-4.3680277014e-01 -1.8972886764e-01 -2.6097697449e+00
89 100 88
3 0 323 -74.9300 -1.6600 1 350 -103.6700 3.2100 2 429 -87.3600 13.4700
-4.2430826237e-01 -1.0085134955e-01 -2.6734211927e+00
175 188 202
2 0 327 -73.0400 12.4900 1 358 -94.3600 18.3400
-9.5864430791e-01 1.0749646929e+00 -5.1458127008e+00
199 207 174
2 0 332 -131.4800 48.9100 1 373 -42.5100 71.1500
-9.5864430791e-01 1.0749646929e+00 -5.1458127008e+00
199 207 174
2 0 333 -131.4800 48.9100 1 374 -42.5100 71.1500
2.8861342904e-01 2.2414783094e-01 -2.7890616227e+00
88 0 0
3 0 338 62.1500 78.5400 1 256 66.6800 77.1600 2 257 66.2800 54.5200
-6.2112723978e-01 2.1509409754e-01 -2.5520124124e+00
228 233 239
4 0 340 -122.1200 81.0900 1 536 -136.2600 91.5000 2 1213 -92.0000 86.6600 5 133 -54.9000 96.4700
-1.9265888063e-01 3.5273495162e-01 -2.8777418908e+00
230 130 162
2 0 344 -33.9900 86.6400 1 387 -26.9400 94.6000
5.1989405099e-01 -1.0867320534e+00 -2.5875660665e+00
144 147 135
3 0 403 162.0400 -174.8300 1 285 103.6900 -223.7600 2 352 1.1400 -204.5700
2.1228206163e-01 -1.0315608353e+00 -2.5689979618e+00
41 48 46
2 0 407 91.9000 -170.4700 1 429 25.7700 -203.1400
5.7160537452e-01 -1.0607360695e+00 -2.6189367139e+00
148 151 140
3 0 411 170.3200 -166.8500 1 208 117.6200 -217.4800 2 202 16.1400 -204.2600
-6.0127955018e-02 -9.8378222112e-01 -2.5946418110e+00
58 65 66
2 0 412 27.5600 -166.8900 1 300 -38.0900 -185.6100
1.2139655882e-01 -9.5877728368e-01 -2.6222007510e+00
44 57 57
2 0 420 67.1200 -156.7800 1 302 7.1400 -182.6600
-2.4537307508e-02 -9.1901879351e-01 -2.6703334505e+00
100 111 99
2 0 424 32.4200 -152.8800 1 448 -24.1100 -169.7900
-6.4764585212e-01 -3.5667195351e-01 -2.6391934936e+00
180 174 131
3 0 456 -117.3400 -42.8200 1 489 -149.0200 -33.2400 9 481 -173.1800 -31.9000
-6.6555972298e-01 -2.1624196712e-01 -2.5867616759e+00
204 110 127
4 0 472 -124.6800 -10.5200 1 508 -153.6100 -0.6800 2 653 -122.0300 16.3700 5 365 -38.7900 -9.3200
-6.0648774250e-01 -1.5285129159e-01 -2.5927853139e+00
145 188 192
2 0 477 -112.6000 3.5700 1 353 -139.3700 12.4100
-5.1691164229e-01 -1.0556725427e-01 -2.6250631273e+00
180 82 112
3 0 481 -93.3000 12.8600 1 513 -117.1900 20.4800 2 658 -91.0200 28.5000
-3.6796567683e-01 -8.7947496659e-02 -2.6932245119e+00
190 182 195
2 0 483 -61.2600 14.8000 1 359 -81.1000 19.8200
-3.9802549650e-01 -7.3949899202e-02 -2.6740278909e+00
202 101 131
2 0 484 -67.9700 18.2100 1 361 -88.3300 23.9900
9.0857849120e-01 4.2850264781e-02 -3.1251246668e+00
205 207 200
4 0 494 168.2300 34.4600 1 356 198.9800 18.3500 9 370 205.6100 55.1500 10 313 284.0000 86.3900
9.0885778601e-01 4.4057858364e-02 -3.1264517691e+00
205 207 200
5 0 495 168.2300 34.4600 1 357 198.9800 18.3500 2 310 190.3700 -20.4600 9 371 205.6100 55.1500 10 314 284.0000 86.3900
6.4522164718e-01 3.5039833084e-01 -2.9017739530e+00
123 133 110
2 0 524 121.4400 97.5500 1 537 145.1300 94.1800
-6.7985786406e-01 3.1240109837e-01 -2.5311758021e+00
158 167 159
2 0 525 -136.1000 99.4400 1 727 -147.1600 113.1300
-1.7814650714e-01 5.4310677053e-01 -2.7563003191e+00
190 200 196
3 0 532 -34.4900 129.7700 1 551 -27.5000 141.1800 2 485 9.1200 116.5700
2.2570706081e-01 6.2544814987e-01 -2.7614794892e+00
169 180 173
2 0 537 40.4500 148.5400 1 200 56.3700 159.3000
-4.8632501277e-01 -1.1083168317e+00 -2.4781560755e+00
106 126 124
2 0 568 -69.4000 -207.6300 1 587 -149.6400 -208.5800
-4.8401328587e-01 -6.4528693891e-01 -2.7176305389e+00
50 69 45
5 0 635 -75.3400 -104.1600 1 639 -115.7300 -100.8500 2 812 -111.9500 -69.7900 5 522 23.8100 -108.4200 10 401 -45.2300 -23.9300
-3.9935144145e-01 -5.5422429084e-01 -2.7311205268e+00
26 25 16
2 0 643 -58.7500 -82.9200 1 325 -94.9700 -82.1900
-1.6757710480e-01 -1.4758385865e-01 -2.7343372473e+00
197 198 182
2 0 689 -18.5100 4.6000 1 699 -37.9200 4.1600
4.2610015753e-01 2.5641096544e-01 -2.8237135715e+00
118 17 12
2 0 704 86.5100 83.9000 1 528 97.0700 81.4000
2.9669952571e-01 -1.1358736679e+00 -2.4701522193e+00
153 170 169
2 0 765 119.4400 -191.7700 1 752 41.7300 -234.4900
-1.0837366196e-01 -8.8794302728e-01 -2.7006793977e+00
41 33 3
2 0 809 12.4200 -148.2000 1 814 -40.8000 -161.4200
2.6433696221e-02 -8.4313204265e-01 -2.6819885042e+00
61 64 22
3 0 817 40.9400 -134.1100 1 620 -10.2100 -153.0200 2 777 -55.6000 -127.2400
2.7422441258e-02 -6.0216410250e-01 -2.7385407147e+00
166 120 114
3 0 832 33.3600 -83.9900 1 856 -3.3000 -97.4400 9 775 -22.3300 -59.7800
3.3169242038e-02 -6.0017743064e-01 -2.7434910375e+00
166 120 114
4 0 833 33.3600 -83.9900 1 857 -3.3000 -97.4400 5 751 127.9400 -68.0500 3 1094 -54.8400 -60.7800
-1.0181084684e-01 -4.8424442319e-01 -2.6621798866e+00
13 14 9
3 0 847 3.6200 -58.9100 1 883 -33.8800 -66.8900 5 1026 99.2000 -46.7700
-1.2629211568e-01 -4.0213422721e-01 -2.6264222325e+00
218 220 217
3 0 871 -3.2100 -40.2100 1 911 -39.9300 -46.7300 2 1136 -54.8800 -34.1600
-3.5868756288e-01 -2.7259709693e-01 -2.0828996631e+00
136 193 208
2 0 899 -60.5600 18.6000 1 704 -135.8300 17.2700
-6.4221880462e-01 3.4016134247e-01 -2.5142026060e+00
230 228 233
2 0 932 -128.8700 106.8600 1 1280 -140.3900 120.5500
-6.6845706565e-01 -7.8170216134e-01 -2.7552360405e+00
200 76 115
2 0 1053 -112.5400 -139.1100 1 838 -153.5200 -129.1900
1.3334484047e-01 -8.6857140417e-01 -2.6712406346e+00
184 202 85
2 0 1055 65.4000 -136.9600 1 1084 13.7400 -160.8100
3.2230989499e-01 -8.7087061210e-01 -2.6987605086e+00
27 45 0
2 0 1058 105.5800 -133.9200 1 803 59.5700 -163.9700
7.9935003416e-02 -8.4605674360e-01 -2.6774671516e+00
217 235 127
2 0 1059 52.8700 -133.4200 1 817 1.8800 -154.5600
-4.2887627450e-01 -7.0713150203e-01 -2.7598755573e+00
82 117 74
5 0 1073 -61.7700 -118.0300 1 844 -102.5200 -115.8700 9 593 -126.7300 -107.9400 10 537 -29.1300 -41.6300 3 1104 -105.4600 -48.7100
9.9058224257e-01 -7.3516817115e-01 -2.6835448263e+00
105 136 60
2 0 1094 240.1900 -87.3200 1 1117 227.0900 -139.9300
1.0093274105e+00 -7.3224128378e-01 -2.6845768898e+00
97 127 56
2 0 1101 243.7700 -86.3300 1 1119 231.8800 -139.4000
1.7958445778e-02 -5.9235593118e-01 -2.7161492544e+00
22 19 17
3 0 1110 31.1100 -81.4300 1 866 -5.7200 -94.7100 3 1098 -61.5700 -55.4100
1.0352122074e+00 -5.3085410000e-01 -3.3179941533e+00
95 82 74
2 0 1118 198.8300 -70.7700 1 849 221.7600 -104.4400
1.6037596736e-02 -3.9271861924e-01 -2.6708486202e+00
53 53 55
4 0 1139 26.2600 -37.0100 1 1173 -5.4400 -47.8800 9 1014 -29.4800 -6.9200 10 1046 79.4800 53.0700
1.6147495360e-02 -3.9253129434e-01 -2.6711449195e+00
53 53 55
3 0 1140 26.2600 -37.0100 1 1174 -5.4400 -47.8800 10 1047 79.4800 53.0700
-1.3866605464e-01 -3.7780152948e-01 -2.6137494549e+00
213 214 214
5 0 1142 -6.2000 -34.5900 1 1179 -43.4600 -40.5800 2 1144 -55.5300 -28.4200 9 1016 -71.5000 -4.6300 5 1057 88.7900 -21.9300
-1.7714394868e-01 -2.9432284545e-01 -2.5768458008e+00
224 206 194
3 0 1162 -16.4700 -15.7200 1 1203 -52.3100 -19.5500 2 878 -60.5600 -9.8400
-1.7707125065e-01 -2.9415642530e-01 -2.5759079919e+00
224 206 194
2 0 1163 -16.4700 -15.7200 1 1204 -52.3100 -19.5500
9.4631207908e-01 6.9373697817e-02 -3.1145740972e+00
213 211 202
2 0 1186 174.2400 39.9800 1 944 206.9500 24.1400
9.0897726706e-01 7.5146308327e-02 -3.0712664790e+00
209 212 207
2 0 1190 169.7200 43.1100 1 1237 199.7600 27.8500
6.8943225929e-01 4.0652496276e-01 -2.8592719309e+00
175 186 172
2 0 1219 129.3700 111.2800 1 1272 154.8000 108.6400
-4.4530625688e-01 -3.9033836290e-01 -2.6655982350e+00
88 174 118
2 7 106 -96.3900 -95.5200 2 118 -95.8400 -24.3200
-8.9516929146e-02 -4.9935407373e-01 -2.6736579285e+00
210 214 208
2 7 133 -22.6700 -118.7800 2 167 -50.6300 -56.1700
-5.3629124512e-01 1.0605777750e-01 -2.6410581077e+00
222 80 135
2 7 294 -118.8400 3.9400 2 456 -75.3100 65.3200
3.3388301364e-01 -3.8964834706e-02 -3.0507326475e+00
99 147 71
3 7 384 62.9300 -19.9300 9 355 76.6000 20.0100 10 300 158.8400 65.5100
1.0336491325e+00 -9.2995843912e-01 -2.8747116567e+00
156 154 144
2 7 462 203.2500 -196.4800 2 270 142.3200 -214.5700
-5.1770556677e-02 -3.9622436833e-01 -2.6492368353e+00
201 204 193
4 7 505 -15.0400 -98.0400 2 626 -40.7600 -37.2800 9 497 -47.4100 -8.5700 3 827 -60.5800 -8.6000
-6.4542569332e-01 -3.5529749921e-01 -2.6343637649e+00
169 166 121
2 7 511 -139.0100 -89.0400 2 880 -123.2600 -10.2500
4.8370449923e-02 -4.5451784041e-01 -2.6998052444e+00
204 210 203
2 7 683 6.3800 -108.5700 2 825 -23.6500 -54.8800
-6.9784790861e-01 -6.4799460214e-01 -2.7069893136e+00
149 36 61
2 7 896 -144.9100 -146.4600 9 762 -187.4700 -100.8200
8.5447833114e-03 -6.0437463824e-01 -2.7338908578e+00
186 146 143
2 7 904 -1.2700 -138.0500 2 1074 -36.4000 -83.2200
-1.4455462165e-01 -3.6543181018e-01 -2.6089257573e+00
37 35 33
3 7 970 -35.7500 -92.4700 9 1019 -72.4800 -1.8800 10 816 35.1000 62.8400
-1.4511935866e-01 -3.6562309176e-01 -2.6104493737e+00
37 35 33
2 7 971 -35.7500 -92.4700 9 1020 -72.4800 -1.8800
9.2611127991e-02 -2.8585872029e-01 -2.6658145950e+00
249 41 38
2 7 1000 15.1600 -74.3200 9 1043 -10.7800 19.1900
-6.5505265398e-01 -2.8933241563e-01 -2.6114164711e+00
179 88 109
2 8 354 -115.4600 -82.4600 9 490 -175.3500 -16.0700
7.8147052898e-02 -3.3337130566e-01 -2.6795087452e+00
241 44 32
2 8 500 37.7800 -102.1000 9 506 -13.2800 7.0900
-1.4019611596e-01 -6.6955197436e-01 -2.6856318816e+00
212 186 39
2 0 148 -0.5400 -100.9900 9 151 -69.6300 -75.4900
-1.1951913583e-01 -2.9887539065e-01 -2.6007696598e+00
216 220 216
3 0 162 -4.1700 -17.1200 9 163 -66.3700 13.9900 10 126 41.0000 77.3200
-4.7124876809e-01 3.1283777291e-01 -2.7415001858e+00
235 237 241
2 0 245 -88.4800 84.7900 2 261 -47.1900 86.5300
-1.6432601592e-01 -3.8099546850e-01 -2.6098472581e+00
210 210 206
3 0 315 -11.8600 -35.7600 9 243 -77.4800 -5.5700 10 191 30.3900 58.2300
-5.5178275920e-01 -3.0798690286e-01 -2.5949681846e+00
102 126 101
3 0 316 -98.2700 -28.2400 9 493 -157.8500 -11.9900 10 192 -65.3600 59.7400
-6.3574362118e-01 -4.8107962780e-01 -2.6815939623e+00
119 170 165
3 0 445 -111.7800 -70.8600 2 627 -124.9600 -34.4500 5 341 -19.4900 -76.9700
-7.4399908866e-02 -3.8709662778e-01 -2.6412470589e+00
32 30 30
3 0 457 7.6400 -36.8500 2 408 -44.4800 -34.3700 5 361 99.6400 -22.3200
9.2066013601e-01 2.7558681519e-03 -3.1553077140e+00
136 129 115
3 0 488 169.8500 26.2000 9 365 211.2000 44.8100 10 308 288.6300 76.0100
9.2066013601e-01 2.7558681519e-03 -3.1553077140e+00
136 129 115
3 0 489 169.8500 26.2000 9 366 211.2000 44.8100 10 309 288.6300 76.0100
-2.5716837708e-01 2.9235034913e-01 -2.7435713870e+00
94 198 223
2 0 522 -45.5600 85.1200 2 464 -18.4400 79.4800
1.5757414132e-01 -8.9506950294e-01 -2.6664141755e+00
162 141 29
2 0 626 71.6800 -142.2000 2 563 -39.8600 -143.6900
-8.7003382752e-02 -3.4113809900e-01 -2.6211913153e+00
213 214 213
4 0 678 3.9100 -26.1800 2 868 -45.3400 -24.1800 9 658 -57.5800 4.5800 3 846 -63.4000 5.4700
-3.9617623584e-01 -7.2839368935e-01 -2.7810561688e+00
113 137 121
3 0 819 -53.9500 -121.9800 2 801 -98.5500 -90.8800 5 731 43.7700 -124.4000
-3.9556402955e-01 -7.2881786034e-01 -2.7813166939e+00
113 137 121
3 0 820 -53.9500 -121.9800 2 802 -98.5500 -90.8800 9 590 -117.3500 -114.2800
-6.9521139586e-01 -6.6467237223e-01 -2.7117845597e+00
158 34 65
3 0 822 -121.4100 -112.7300 2 1097 -141.0800 -65.0900 5 514 -22.6200 -126.5700
-6.9548694728e-01 -6.6447909638e-01 -2.7122932697e+00
158 34 65
2 0 823 -121.4100 -112.7300 2 1096 -141.0800 -65.0900
-1.0277630364e-01 -4.8506661863e-01 -2.6599713011e+00
13 14 9
4 0 846 3.6200 -58.9100 2 1120 -53.4500 -52.4000 5 1025 99.2000 -46.7700 3 1121 -72.2600 -23.6500
7.9144280293e-02 -4.4672752899e-01 -2.7084727659e+00
221 223 221
3 0 860 40.7300 -49.0500 2 824 -17.2400 -55.1800 9 635 -11.5400 -19.8800
-5.5532285035e-02 -6.1458140874e-01 -2.7161325175e+00
159 118 119
2 0 1097 16.4000 -87.6400 2 1080 -48.8500 -81.4500
5.1388144774e-02 -3.3707968129e-01 -2.6665246898e+00
87 16 7
3 0 1153 32.6900 -24.9400 9 822 -21.2500 6.8800 3 1144 -40.9200 -5.8600
-5.4382258908e-01 -4.7143967604e-01 -2.6692346391e+00
32 35 28
3 1 22 -128.6800 -60.1800 2 58 -111.4800 -36.6300 9 21 -154.8500 -51.8700
4.1560744263e-01 4.5141711806e-01 -2.7845179408e+00
134 210 113
2 1 34 95.6200 123.7700 2 22 100.7400 91.2200
2.1596228598e-01 -9.7098243488e-01 -2.6222783933e+00
18 61 38
2 1 156 29.8000 -188.2500 2 210 -40.3000 -160.1600
8.0974705659e-02 -3.9217557502e-01 -2.6934129222e+00
145 149 149
2 1 176 10.0500 -48.6800 9 157 -11.8000 -6.3700
-5.2376595655e-01 -3.2229309399e-01 -2.6111716475e+00
78 151 107
2 1 179 -124.8500 -25.2500 9 156 -151.2100 -15.1900
-7.0724513732e-02 -2.9571287269e-01 -2.6113810508e+00
209 212 207
2 1 180 -26.5800 -22.1500 9 166 -53.9400 15.9000
6.4070190408e-01 5.0552125643e-01 -2.8471643410e+00
123 127 108
3 1 197 144.6600 129.6400 2 329 148.7100 90.9300 9 188 119.9300 150.6900
5.3035444107e-01 -1.0563003818e+00 -2.6027153772e+00
43 26 18
2 1 209 107.0600 -216.1300 2 204 7.1400 -198.6300
-4.5258062096e-01 -7.7079582174e-01 -2.7648866752e+00
70 148 99
2 1 226 -108.3200 -129.9400 2 297 -110.7200 -95.3700
-3.9724169261e-01 -7.5446992891e-01 -2.7822351310e+00
80 157 107
2 1 227 -95.1100 -127.2800 2 226 -100.2700 -95.7500
-2.4727711990e-01 3.7591415194e-01 -2.7297557947e+00
162 163 147
2 1 260 -45.0600 110.9700 2 263 -13.3600 93.2200
-2.4727711990e-01 3.7591415194e-01 -2.7297557947e+00
162 163 147
2 1 261 -45.0600 110.9700 2 264 -13.3600 93.2200
6.4370266172e-01 5.0213911595e-01 -2.8472858963e+00
119 124 105
2 1 264 145.2000 128.6400 2 330 148.7100 90.9300
-5.9862454986e-01 -1.1016606762e+00 -2.4714939432e+00
69 97 81
2 1 289 -175.5100 -204.6600 2 380 -189.3200 -134.8100
-5.7144349307e-01 -1.0384810537e+00 -2.4686623674e+00
11 12 13
2 1 296 -167.9400 -189.3200 2 381 -181.6100 -124.4200
-6.3714043635e-01 -4.8334677989e-01 -2.6856538993e+00
110 168 164
4 1 337 -145.9400 -62.5700 2 407 -124.9200 -34.8300 9 327 -170.6700 -61.7800 10 283 -81.7300 8.1900
3.6479580989e-01 4.5404637167e-02 -3.0296786379e+00
102 85 15
3 1 363 86.0500 25.5700 2 425 86.8200 2.6500 3 329 89.9200 21.8600
5.0387597804e-01 1.4862413882e-01 -3.1224558601e+00
18 39 15
2 1 368 116.0700 39.5200 2 319 122.3900 10.4700
-4.9558743156e-01 9.1547558989e-02 -2.5754389707e+00
190 214 165
2 1 371 -111.9700 65.0600 9 375 -133.9600 62.4100
-5.5204774695e-01 1.7865307082e-01 -2.5343508314e+00
212 100 139
2 1 379 -124.5100 86.1700 9 383 -146.2000 78.3900
2.2810115791e-01 -1.0701494309e+00 -2.5093017170e+00
68 86 104
2 1 422 26.6500 -214.3200 2 536 -59.4300 -178.5500
-2.9910915492e-01 -9.5926129211e-01 -2.6055531114e+00
59 88 79
2 1 447 -91.9400 -175.1500 2 576 -121.2600 -129.3000
8.7978442083e-01 -8.3437668274e-02 -3.1994973427e+00
120 121 106
2 1 500 191.7800 -10.3800 9 357 207.0800 21.5300
8.7956480832e-01 -8.3138900491e-02 -3.2014473793e+00
120 121 106
2 1 501 191.7800 -10.3800 2 612 181.9700 -48.1400
9.0875008164e-01 -2.0068712083e-02 -3.1695244819e+00
203 206 200
2 1 510 198.1500 3.4300 9 364 210.1300 38.2600
6.6926480066e-01 4.6017690006e-01 -2.8522609208e+00
163 171 161
2 1 543 150.5600 119.4600 2 901 151.5800 83.3100
-7.2112842056e-01 -7.6360222071e-01 -2.7372559506e+00
34 21 29
2 1 626 -165.2700 -124.1700 2 808 -147.8700 -81.8300
-4.1962327206e-02 -6.2735240732e-01 -2.7224523679e+00
26 22 23
4 1 638 -19.9800 -101.9500 2 806 -47.1700 -84.6000 9 601 -40.9400 -66.8600 3 775 -69.9000 -58.3800
-3.1583299973e-02 -3.3386188885e-01 -2.6352431721e+00
211 216 210
3 1 688 -16.8800 -32.1600 2 866 -34.7700 -25.4500 9 660 -43.4600 7.1700
9.1765662737e-03 -6.0442834524e-01 -2.7331370073e+00
185 146 146
2 1 858 -7.5600 -97.6600 2 1075 -36.4000 -83.2200
-2.9432636270e-03 -4.5775114110e-01 -2.6853465095e+00
217 222 219
3 1 893 -10.1400 -62.6100 2 1119 -33.5500 -52.4700 10 586 76.0000 37.1000
-3.4680398117e-02 -3.6332943120e-01 -2.6416250298e+00
219 218 212
2 1 916 -17.9600 -39.1400 2 1139 -36.5900 -31.2200
9.1744732487e-01 4.8832714904e-01 -2.9694544368e+00
134 112 107
2 1 964 202.6400 116.1800 2 461 206.8000 72.3200
-3.5933631462e-01 -8.9721375621e-01 -2.6205010954e+00
115 152 195
2 1 1090 -102.7800 -159.1800 2 1056 -123.4700 -115.3700
-1.1694706382e-01 -6.2088009905e-01 -2.7010313377e+00
149 127 123
3 1 1142 -37.5600 -99.1500 9 766 -61.5100 -66.1900 10 778 48.3300 -3.2200
1.1846792489e-01 -5.8845012448e-01 -2.7703228011e+00
68 6 0
3 1 1143 18.6200 -96.1100 9 779 3.3400 -56.5300 10 786 113.4900 1.3000
-9.6831400488e-02 -4.9592794008e-01 -2.6653460503e+00
202 208 204
3 1 1154 -32.8700 -69.7200 9 988 -58.1300 -33.4800 10 1036 50.9100 29.3600
-9.6754388030e-02 -4.9598350520e-01 -2.6653968750e+00
202 208 204
2 1 1155 -32.8700 -69.7200 9 989 -58.1300 -33.4800
9.7488440480e-02 -4.6556271472e-01 -2.7214813795e+00
209 211 211
2 1 1158 13.8200 -66.5300 9 999 -5.7100 -24.4500
-7.2157620177e-02 -4.8140493903e-01 -2.6667216846e+00
8 11 15
3 1 1159 -27.1000 -66.6300 9 993 -51.9300 -29.5900 10 1037 57.3700 33.2500
-2.6647322551e-02 -4.4887771623e-01 -2.6719170046e+00
24 26 33
2 1 1166 -15.9500 -59.8100 9 1002 -40.2300 -20.8300
9.1757299804e-02 -4.3103936667e-01 -2.7085122306e+00
20 15 19
2 1 1168 12.5800 -58.1500 9 1007 -8.1400 -15.8300
-4.9456810619e-02 -4.3034353701e-01 -2.6590849608e+00
210 213 206
3 1 1169 -21.4100 -54.9100 9 1006 -46.6200 -16.4300 10 1041 62.4000 45.1700
8.9864550043e-02 -3.5890382778e-01 -2.6838139244e+00
37 25 25
2 1 1178 12.1400 -41.0100 2 1133 -12.2600 -37.4100
-1.2525345199e-01 -3.4800640325e-01 -2.6078931177e+00
25 25 26
2 1 1185 -39.9100 -33.4800 9 1023 -67.8200 3.1400
-1.6288034223e-03 -3.1171858348e-01 -2.6412144626e+00
47 50 54
3 1 1188 -9.6400 -27.5800 9 1035 -35.4900 12.6300 10 1059 72.6400 72.4100
1.9253225527e-02 -3.0729777599e-01 -2.6489529252e+00
57 8 7
3 1 1191 -4.2700 -27.1500 9 1037 -29.7700 13.5300 10 1060 77.9800 72.7600
-1.2246756830e-01 -2.5548130845e-01 -2.5814686752e+00
166 106 64
2 1 1209 -39.0100 -11.1900 9 1050 -68.0900 24.8800
3.9528239482e-01 -1.9775017907e-01 -2.5780011902e+00
143 211 115
2 1 1216 81.7900 -0.4300 2 1156 40.3400 -9.6800
9.0991709648e-01 5.3686228099e-02 -3.1211485062e+00
195 194 186
2 1 1232 199.2300 20.5000 2 1150 190.7000 -18.5300
9.4693410334e-01 8.8959537127e-02 -3.1160184374e+00
101 84 75
3 1 1235 207.2300 27.4500 2 876 199.0900 -12.5600 3 597 202.7300 -13.8000
7.8938607025e-01 1.7387697185e-01 -3.0795232307e+00
178 178 173
2 1 1242 174.4900 46.8400 9 1090 172.8800 75.8700
8.4477126576e-01 1.9419751873e-01 -3.0586579236e+00
174 180 170
2 1 1244 186.0600 52.0400 9 1102 183.5700 85.5100
7.2841058309e-01 1.5972353456e-01 -2.8998024883e+00
201 213 209
2 1 1248 162.6000 56.0400 9 1115 149.9700 97.9900
7.0592312990e-01 3.9267324183e-01 -2.8663493092e+00
171 178 167
2 1 1269 158.1500 105.3100 9 878 137.7300 136.2900
-6.7089360897e-01 -3.7140898839e-01 -2.6291741196e+00
202 62 107
3 2 422 -128.1800 -11.7900 9 330 -179.5500 -34.4900 10 291 -91.9400 37.4200
-7.2304087575e-01 -1.8344122575e-01 -2.5467423716e+00
125 178 182
2 2 440 -131.7600 26.2200 9 350 -191.6200 8.0800
8.7143334064e-01 4.7155349713e-01 -2.9945113711e+00
128 105 98
2 2 459 198.6500 68.2000 9 406 177.2100 136.9700
9.4054580138e-01 6.6728696344e-02 -3.1197235676e+00
208 212 203
3 2 872 196.6000 -16.4500 9 526 212.3800 61.5000 10 636 290.1800 91.9400
-1.5896835280e+00 3.1665689982e+00 -9.1257892583e+00
14 13 13
2 7 220 -87.2400 214.5400 5 169 -285.3500 85.7300
-7.2731643385e-01 3.1027003886e-02 -2.4837167585e+00
176 203 153
3 7 285 -165.7800 -8.0500 5 259 -64.6200 54.7600 3 648 -108.7800 109.5600
-1.0211597370e-01 -5.5800855584e-03 -2.8067047248e+00
75 201 237
2 7 386 -23.5900 -14.4200 5 571 54.0500 46.0600
1.1094498417e-01 -5.0176711033e-01 -2.7371954600e+00
49 6 7
2 7 487 19.5100 -117.0500 10 414 108.5900 24.1200
1.1094498417e-01 -5.0176711033e-01 -2.7371954600e+00
49 6 7
2 7 488 19.5100 -117.0500 10 415 108.5900 24.1200
-1.6675429937e-01 -1.4881151343e-01 -2.7280007513e+00
202 206 189
2 7 539 -37.8300 -44.8500 5 813 56.5000 19.7100
4.2978124104e-01 6.8895498597e-01 -2.7371187825e+00
144 147 135
2 7 782 83.8100 128.8900 5 875 113.0100 199.4100
2.7059010663e-01 -7.9885517826e-01 -2.7652962715e+00
19 19 15
2 0 74 89.6300 -119.9400 5 55 182.9200 -100.8600
-5.2953098405e-01 -3.2369967896e-01 -2.6004137560e+00
88 140 103
2 0 117 -92.9000 -31.5900 5 124 -0.1900 -28.6200
2.9031926249e-01 -8.7168325669e-01 -2.7147119208e+00
242 253 117
2 0 144 97.9000 -134.7900 5 83 197.9700 -113.1200
-4.2810593867e-01 4.6452996375e-01 -2.6816133786e+00
182 180 173
2 0 186 -83.1100 119.8900 5 138 -34.3100 141.7500
3.5599464698e-01 -9.5996725963e-01 -2.6498298835e+00
8 13 9
2 0 206 117.8200 -151.3400 5 116 225.0400 -126.8900
-5.0044524629e-01 -3.9187628852e-01 -2.6360857330e+00
59 58 53
2 0 223 -84.7600 -47.3500 5 155 8.6700 -45.2200
-3.0608624051e-01 5.8070420331e-01 -2.6765059988e+00
189 194 188
2 0 256 -60.8300 142.1500 5 183 -15.4600 169.8400
3.4541284854e-01 -1.2735187293e+00 -2.5196338326e+00
17 16 13
2 0 372 133.3700 -224.1200 5 457 266.5700 -198.3300
-4.9311507587e-01 -5.5736719120e-01 -2.6864052888e+00
44 39 36
2 0 440 -79.3700 -84.2100 5 339 18.1500 -86.9900
9.3698039531e-03 -4.3834964754e-01 -2.6823017854e+00
35 31 28
2 0 452 26.1200 -47.5600 5 355 116.2100 -32.1200
-3.3220472127e-02 -3.8037293281e-01 -2.6521318468e+00
35 34 33
3 0 460 16.2500 -35.3600 5 551 106.3200 -19.3500 3 606 -56.7700 -7.5000
-9.1980120332e-02 1.9227068695e-01 -2.7479971719e+00
211 229 195
2 0 516 -10.7600 69.7500 5 592 47.4300 91.4600
-6.1283110462e-01 2.0565196040e-01 -2.6096599693e+00
103 178 205
2 0 517 -118.5200 74.1100 5 842 -55.3800 88.0700
-6.4955145739e-01 2.0744561455e-01 -2.5598158163e+00
59 48 41
2 0 703 -127.5600 78.6000 5 591 -61.5100 91.3600
-6.7649366893e-01 3.2497618025e-01 -2.5647873379e+00
159 167 161
2 0 707 -134.5900 98.7500 5 412 -75.6300 117.6200
-2.7844926328e-01 5.2286584319e-01 -2.6981766945e+00
88 76 64
2 0 715 -54.2200 129.7200 5 613 -7.5300 157.3000
-1.1104359735e-01 6.8419994211e-01 -2.7124332322e+00
140 135 124
2 0 726 -24.8700 159.4500 10 683 43.8600 203.3900
-4.1639807461e-01 -9.6124952604e-01 -2.6149445153e+00
45 86 68
2 0 790 -54.9500 -171.6300 5 685 71.2200 -178.7300
-9.3025091265e-03 -4.3214050842e-01 -2.6760751941e+00
216 216 212
2 0 864 22.1000 -46.3500 5 1045 112.6800 -31.3700
-7.3786143195e-01 -1.7921169670e-01 -2.5386026202e+00
151 165 188
3 0 890 -142.7700 -1.3100 5 796 -56.0700 -1.1800 10 835 -109.5400 84.0800
3.9348998801e-01 -2.2806504036e-01 -2.5810411862e+00
103 175 79
2 0 894 103.7200 9.7300 5 1095 185.3000 36.5400
8.7743263003e-01 1.0774706251e-01 -3.0762785430e+00
194 202 189
2 0 908 162.9600 47.9700 10 644 274.2500 102.9300
7.4409551296e-01 2.5183899737e-01 -2.8890461071e+00
215 232 231
2 0 923 143.0500 83.4900 5 850 178.5800 115.4800
7.4409551296e-01 2.5183899737e-01 -2.8890461071e+00
215 232 231
2 0 924 143.0500 83.4900 5 851 178.5800 115.4800
6.3114271903e-01 3.1360535240e-01 -2.9437844962e+00
102 121 87
2 0 925 118.2500 87.9700 10 657 211.4400 145.4500
2.5713864607e-01 4.6104663269e-01 -2.7182849230e+00
221 244 252
2 0 946 51.3700 125.9900 5 867 98.4500 156.7600
-7.2090755284e-01 -9.6905416287e-01 -2.9265927046e+00
62 62 66
2 0 1002 -116.3500 -183.2200 10 473 -93.3000 -131.6200
-7.5050434518e-01 -9.1312970615e-01 -2.8796745166e+00
74 68 72
2 0 1015 -125.0700 -171.6900 5 664 -29.0400 -193.6200
-1.8572704213e-02 -6.3488168639e-01 -2.7391143276e+00
195 173 80
2 0 1090 24.4400 -91.9300 5 1006 118.9800 -79.4700
9.7837863860e-02 -4.6418950668e-01 -2.7274282704e+00
187 189 184
2 0 1125 44.5200 -53.2200 5 1037 130.7000 -35.6400
-7.3654158273e-01 -2.0558659470e-01 -2.5496543461e+00
99 182 202
2 0 1166 -141.6100 -7.5000 5 1067 -54.5300 -8.3000
8.4142120519e-01 1.3764325966e-01 -3.0632431015e+00
192 205 191
2 0 1193 156.3900 53.2900 10 1083 264.8200 108.2000
-8.4164368185e-01 2.3403163760e-01 -2.5783362080e+00
92 73 66
2 0 1202 -168.0800 77.1500 5 844 -110.2200 89.2400
6.8198241691e-01 3.2298322605e-01 -2.9026664826e+00
145 152 137
2 0 1210 128.8900 93.3600 5 1128 162.8400 125.3800
-3.0844690865e-01 5.1408661994e-01 -2.7029345851e+00
142 140 136
2 0 1231 -59.9500 127.4500 5 1135 -13.4500 154.0400
2.5350010016e-01 4.8035102518e-01 -2.7225977711e+00
61 93 89
2 0 1236 50.0600 129.2400 5 1138 96.1800 159.5300
9.9672043894e-01 5.8805031513e-01 -2.9532944816e+00
26 21 32
2 0 1238 173.4500 137.4200 5 1141 189.8300 172.0100
-1.4052655491e-01 -3.4450009989e-01 -2.6045980579e+00
175 177 178
2 1 344 -43.2400 -32.4400 10 195 35.6400 67.4100
-6.4226399031e-01 -7.7639997451e-01 -2.7689715288e+00
96 164 175
2 1 624 -146.8600 -128.4100 5 712 -6.4100 -151.8400
8.1372372808e-02 -4.8936222399e-01 -2.7241059595e+00
212 214 209
2 1 652 10.1700 -71.9000 10 572 99.8600 27.6600
9.9337047104e-02 -1.6288448216e-01 -2.6828541719e+00
33 37 20
2 1 698 17.1600 3.2300 5 375 114.3000 30.7400
-1.0825817551e-01 -6.3713650978e-01 -2.7057728499e+00
25 21 12
2 1 850 -35.8700 -103.1000 10 545 51.0900 -7.0600
-4.0916612859e-02 -3.5011191312e-01 -2.6341190816e+00
46 47 49
2 1 919 -19.5000 -35.4000 5 1063 104.6600 -12.5000
-6.0187527463e-01 -2.2868982625e-01 -2.6088294675e+00
82 105 84
2 2 64 -112.2200 10.7100 5 24 -24.2300 -10.2200
-1.4346373740e-01 -3.5624465574e-01 -2.6055928668e+00
22 23 26
3 2 869 -57.0300 -24.6500 5 781 86.6500 -16.2300 3 847 -72.6800 7.0600
-8.3268615246e-02 -7.4337298026e-01 -2.7395123814e+00
221 194 41
2 9 6 -51.6700 -96.6700 10 6 60.3300 -35.4500
-1.2496448161e-01 5.6075634012e-01 -2.7477552703e+00
180 183 179
2 9 122 -36.4100 126.4500 10 100 42.9100 181.5500
9.4991422743e-02 -1.2617191122e+00 -2.4416494679e+00
163 163 151
2 9 134 -57.7400 -187.9800 10 105 109.6100 -117.3300
9.3937074511e-01 5.2462250185e-01 -3.0078884484e+00
110 78 66
2 9 187 190.7000 146.2600 10 222 267.7100 173.5100
1.2809662790e-01 5.5076600317e-01 -2.6620089350e+00
200 211 210
2 9 190 3.7700 153.3700 10 141 91.9100 205.2000
3.5924536687e-01 -1.2801831569e+00 -2.5057222091e+00
113 117 113
2 9 197 37.2000 -190.2700 10 154 207.4300 -123.4200
3.5924536687e-01 -1.2801831569e+00 -2.5057222091e+00
113 117 113
2 9 198 37.2000 -190.2700 10 155 207.4300 -123.4200
-5.0123779886e-01 -7.5329206118e-01 -2.7445431343e+00
98 158 99
2 9 219 -146.2900 -119.5300 10 117 -49.3200 -52.0900
5.3140981504e-01 3.0672126210e-01 -2.9011763645e+00
162 218 125
2 9 260 104.1000 108.0700 10 212 189.6400 147.3300
-9.4781480338e-02 6.4169849136e-01 -2.7193379183e+00
148 142 134
2 9 266 -32.2200 142.5100 10 139 47.3900 197.6300
-5.8898589642e-02 -1.3438272456e+00 -2.3923304402e+00
92 89 85
2 9 270 -116.8800 -214.8200 10 239 52.7500 -141.9300
-2.2148808823e-01 -1.3256047509e+00 -2.3845165877e+00
42 29 28
2 9 271 -165.0800 -214.5500 10 240 -5.9600 -140.0900
-2.5145631882e-01 -1.3252478044e+00 -2.3765386273e+00
42 25 26
2 9 272 -175.1000 -214.3900 10 241 -17.1700 -139.8400
-2.3214563873e-01 -1.3080094965e+00 -2.3771888493e+00
156 153 145
2 9 274 -168.5000 -208.1900 10 242 -10.1700 -133.6500
-2.8251061782e-01 -1.1812840991e+00 -2.4521091029e+00
120 118 113
2 9 276 -160.9700 -181.3800 10 249 -18.6200 -108.5500
-1.2899417843e-01 -1.1869857984e+00 -2.4621233300e+00
129 132 127
2 9 277 -117.6200 -178.3200 10 358 32.4300 -105.8200
4.8457563443e-01 -1.1879605575e+00 -2.5410374709e+00
177 187 173
2 9 283 83.2300 -158.5300 10 252 246.6800 -95.6800
6.1536266494e-01 -1.1683535253e+00 -2.5743223140e+00
179 189 180
2 9 294 130.8800 -149.9200 10 364 290.6800 -89.9400
6.8048496412e-01 -9.4481875705e-01 -3.0312078669e+00
164 154 147
2 9 295 178.5400 -147.6100 10 251 284.7500 -97.9700
-6.6376862390e-01 -2.1849907495e-01 -2.5850952517e+00
206 106 127
2 9 346 -177.2400 0.0800 10 435 -89.9800 72.1500
3.3440000241e-01 -4.0323146182e-02 -3.0492554865e+00
108 155 76
2 9 356 76.6000 20.0100 10 301 158.8400 65.5100
3.6386857579e-01 -3.2567878610e-02 -3.0513278141e+00
25 53 9
2 9 359 83.0400 22.3600 10 302 165.1900 67.7200
9.1384048600e-01 8.7202328830e-02 -3.0771610592e+00
189 198 192
2 9 377 203.2100 69.9100 10 318 283.5100 100.9800
6.5175679081e-01 3.4576591119e-01 -2.9067633139e+00
138 148 123
2 9 400 129.4300 119.6000 10 332 214.3700 156.8200
-2.5411821602e-01 5.9433772008e-01 -2.6840409009e+00
151 145 142
2 9 403 -64.6800 131.8200 10 340 13.9900 191.7300
7.0851061828e-02 -1.2788434025e+00 -2.4329688205e+00
148 135 126
2 9 421 -67.2100 -193.4500 10 356 100.9800 -122.2800
-2.1869564284e-01 -1.1313960335e+00 -2.4423727458e+00
11 10 9
2 9 428 -143.1000 -162.6100 10 361 1.6700 -90.1800
6.4117509630e-01 -1.1677896313e+00 -2.5779791606e+00
186 193 181
2 9 440 140.0700 -148.5200 10 363 299.6200 -89.5600
6.7092778840e-02 -8.5590050959e-01 -2.6831199393e+00
69 67 28
2 9 455 -22.7800 -108.9900 10 397 101.5000 -46.3300
9.4657706368e-01 8.6307172617e-02 -3.1107497374e+00
96 72 55
2 9 528 212.1100 66.6300 10 441 290.4200 96.6200
9.4657706368e-01 8.6307172617e-02 -3.1107497374e+00
96 72 55
2 9 529 212.1100 66.6300 10 442 290.4200 96.6200
2.4954517117e-01 3.5059501481e-01 -2.7061088041e+00
63 84 41
2 9 541 30.9000 126.9000 10 338 122.9500 176.4000
-6.5302196506e-01 3.0283585159e-01 -2.5214566214e+00
171 162 159
2 9 694 -160.7800 92.2600 10 455 -80.4400 164.7500
9.2284136051e-02 -8.7402655887e-01 -2.6736388397e+00
24 24 6
2 9 756 -17.6600 -110.5200 10 986 108.9300 -48.6000
7.5561054087e-02 -4.4651623366e-01 -2.7060824389e+00
220 220 219
2 9 806 -12.4000 -19.4800 10 798 97.0500 38.8800
7.5561054087e-02 -4.4651623366e-01 -2.7060824389e+00
220 220 219
2 9 807 -12.4000 -19.4800 10 799 97.0500 38.8800
9.1061332765e-01 7.8820138124e-02 -3.0823492733e+00
203 209 201
2 9 849 202.9900 67.6700 10 851 283.1800 98.6800
9.4635455624e-01 9.0646757063e-02 -3.0900078999e+00
194 200 194
2 9 851 211.0100 70.4800 10 855 290.4300 100.5200
1.5462592136e-01 5.5607783604e-01 -2.6928683203e+00
105 94 73
2 9 883 11.4900 150.9300 10 886 98.4000 201.5300
6.0792672446e-01 5.8223006075e-01 -2.7671462609e+00
147 152 134
2 9 888 107.4700 171.3100 10 1118 195.1500 209.6900
-7.4959185529e-02 -8.6073373065e-01 -2.6899461685e+00
166 141 12
2 9 943 -58.4500 -118.1300 10 978 61.0700 -53.9200
-2.3807208734e-02 -4.1733603134e-01 -2.6630677895e+00
36 38 37
2 9 1009 -39.9100 -12.9300 10 1042 69.0800 48.0600
-2.3807208734e-02 -4.1733603134e-01 -2.6630677895e+00
36 38 37
2 9 1010 -39.9100 -12.9300 10 1043 69.0800 48.0600
3.6485504100e-01 -6.3479016628e-02 -3.0652379431e+00
71 114 42
2 9 1040 84.5300 15.3200 10 1053 166.5300 60.6400
4.0033226351e-01 9.3940673432e-02 -2.7514272732e+00
54 84 28
2 9 1108 67.4100 90.9000 10 1095 164.9500 137.3000
7.2025727872e-01 1.5166436439e-01 -2.9175090874e+00
160 168 158
2 9 1111 149.3700 93.1900 10 1092 237.7800 129.9200
-3.5931235631e-02 -3.6267883504e-01 -2.6431640679e+00
218 204 202
2 0 1145 15.0500 -30.8600 3 1148 -56.7000 -3.4400
-1.4053348735e-01 -3.9297001299e-01 -2.6207631326e+00
31 29 37
2 1 680 -43.3200 -44.3000 3 836 -73.6000 -0.9500
-1.5525300564e-01 -3.4158430237e-02 -2.7890365623e+00
211 232 243
2 1 945 -30.4100 24.8900 3 864 -16.1100 52.2900
-7.7090005941e-01 7.3793418299e-02 -2.4885531110e+00
190 177 157
2 2 70 -127.1100 72.3300 3 56 -107.6200 118.3500
2.3778084332e-01 6.7878957170e-01 -2.6376088679e+00
215 225 226
2 2 194 72.3900 147.1800 3 146 80.1000 191.3400
9.4111100204e-01 5.5188842127e-01 -3.0340240385e+00
128 92 80
2 2 260 217.8100 77.3800 3 138 243.0000 99.0200
-3.6092132192e-02 -1.2862466002e+00 -2.3973834888e+00
125 121 118
2 2 276 -134.2300 -203.3200 3 379 -190.2600 -167.2300
5.0146390675e-01 -1.1076087729e+00 -2.5573711222e+00
148 155 141
2 2 350 -7.3700 -207.2900 3 368 -91.5900 -199.0200
1.1928327524e-01 -6.0340240274e-01 -2.7686070179e+00
59 8 4
2 2 590 -15.3400 -89.6600 3 570 -43.4200 -68.9900
1.1928327524e-01 -6.0340240274e-01 -2.7686070179e+00
59 8 4
2 2 591 -15.3400 -89.6600 3 571 -43.4200 -68.9900
4.6641700510e-01 1.5788297934e-01 -3.0950817845e+00
191 226 82
2 2 651 114.6700 14.9300 3 617 124.7400 32.7500
4.6641700510e-01 1.5788297934e-01 -3.0950817845e+00
191 226 82
2 2 652 114.6700 14.9300 3 618 124.7400 32.7500
4.1054961142e-01 -1.1474595158e+00 -2.5200370625e+00
166 177 165
2 2 704 -31.6800 -208.4400 3 507 -112.9700 -194.8500
-1.7632998472e-02 -4.4753723131e-01 -2.6773907716e+00
33 33 39
2 2 835 -35.8800 -49.7000 3 1124 -57.4400 -23.1400
-8.0297981083e-01 1.1892955807e-01 -2.4308380184e+00
204 121 138
2 2 903 -134.7300 85.4500 3 1213 -114.8300 130.8400
1.0482062883e-01 -5.9060514772e-01 -2.7622710869e+00
183 143 139
2 2 1071 -17.4400 -86.2800 3 1090 -44.7500 -64.9900
-8.8407918149e-03 -4.3301921313e-01 -2.6737880030e+00
221 222 216
2 2 1127 -33.9500 -46.9600 3 1127 -55.7000 -20.8400
-7.1728245033e-01 -1.6268908896e-01 -2.5513135975e+00
134 169 180
2 2 1188 -128.9800 29.1700 3 1186 -113.8700 71.6700
8.4545611581e-01 4.3967612473e-01 -3.0064566467e+00
211 211 201
2 2 1204 192.3400 62.4400 3 637 207.9100 80.7700
2.4156808039e-01 6.6494567837e-01 -2.6627336382e+00
200 216 211
2 2 1240 74.2100 141.8200 3 910 82.8300 185.8900
-4.3227710233e-01 2.0737681178e-01 -2.5769459559e+00
217 110 140
2 5 408 -12.7600 99.0700 3 481 -53.5500 123.2800
-5.9277689196e-01 -1.3111699791e-01 -2.5978730577e+00
123 181 193
2 5 561 -27.9500 13.4500 3 1185 -94.2500 68.8500
5.2610305904e-02 -3.2063033137e-01 -2.6606221408e+00
94 3 2
2 5 792 118.4600 -2.8600 3 834 -40.4300 -2.0800
5.2610305904e-02 -3.2063033137e-01 -2.6606221408e+00
94 3 2
2 5 793 118.4600 -2.8600 3 833 -40.4300 -2.0800
