# Bundle file v0.3
11 127
0 0 0
0 0 0
0 0 0
0 0 0
0 0 0
0 0 0
0 0 0
0 0 0
0 0 0
0 0 0
0 0 0
0 0 0
0 0 0
0 0 0
0 0 0
0 0 0
0 0 0
0 0 0
0 0 0
0 0 0
0 0 0
0 0 0
0 0 0
0 0 0
0 0 0
0 0 0
0 0 0
0 0 0
0 0 0
0 0 0
0 0 0
0 0 0
0 0 0
0 0 0
0 0 0
6.6080306000e+02 0.0000000000e+00 0.0000000000e+00
1.0000000000e+00 0.0000000000e+00 0.0000000000e+00
0.0000000000e+00 1.0000000000e+00 0.0000000000e+00
0.0000000000e+00 0.0000000000e+00 1.0000000000e+00
-0.0000000000e+00 -0.0000000000e+00 -0.0000000000e+00
6.6080306000e+02 0.0000000000e+00 0.0000000000e+00
9.9411997988e-01 6.9999213833e-02 -8.2617042255e-02
-9.4346227336e-02 9.3436853430e-01 -3.4359020868e-01
5.3143720192e-02 3.4936449759e-01 9.3547859026e-01
-9.3776912259e-02 -9.9469781721e-01 -4.2215437548e-02
0 0 0
0 0 0
0 0 0
0 0 0
0 0 0
0 0 0
0 0 0
0 0 0
0 0 0
0 0 0
-1.2857347564e-01 -7.5555277533e-01 -2.6945651412e+00
226 232 74
2 7 94 -32.0600 -185.2800 8 78 -11.5400 -177.9100
-4.0756687814e-01 -4.5901488707e-01 -2.6676818827e+00
31 27 24
2 7 73 -100.9800 -113.7000 8 90 -75.4600 -113.8400
-3.6773501711e-01 -5.0924940727e-01 -2.7048834782e+00
102 165 98
2 7 177 -90.2900 -124.3900 8 239 -64.3100 -120.8600
-4.3119306267e-01 -3.8678826380e-01 -2.6214487430e+00
38 39 34
2 7 135 -108.8800 -97.4900 8 126 -82.7500 -103.3300
-1.5564463361e-01 -3.1314952235e-01 -2.5538539532e+00
208 204 203
2 7 189 -40.1100 -81.0300 8 171 -15.5700 -102.4200
-1.1771543524e-01 -3.0736320678e-01 -2.5682476812e+00
217 218 212
2 7 190 -30.5200 -79.0800 8 241 -4.9700 -100.3300
-9.7387030418e-02 -2.6360095865e-01 -2.5629521881e+00
97 54 30
2 7 137 -26.1300 -67.9500 8 174 1.7100 -91.5700
5.5906228316e-01 2.5134552930e-01 -2.7694586345e+00
220 237 236
2 7 206 133.9700 60.0100 8 197 185.5800 36.5600
-1.1442931429e-01 -4.0963277707e-01 -2.6095975210e+00
209 211 205
2 7 258 -28.8000 -103.7300 8 338 -5.3500 -117.9600
-3.6898590427e-01 -2.6688095058e-01 -2.6120186868e+00
55 78 65
2 7 535 -93.5000 -67.5100 8 514 -66.8500 -79.3000
-6.1282333852e-01 -2.4868664145e-01 -2.5655533288e+00
108 171 180
2 7 272 -157.8900 -64.0500 8 245 -131.1100 -74.2300
-6.1725932537e-01 -2.1059820339e-01 -2.5462740691e+00
113 171 178
2 7 275 -160.2400 -54.6500 8 246 -133.5900 -67.4700
-4.1973321868e-01 -5.4658601421e-01 -2.6941334448e+00
90 155 95
2 7 481 -103.2300 -134.0500 8 704 -77.4900 -128.6100
-1.2936553188e-01 -4.4907397812e-01 -2.6219110483e+00
29 28 26
2 7 353 -32.6400 -113.1800 8 481 -9.2100 -124.5800
-8.1498867301e-03 -4.2241026503e-01 -2.6487961746e+00
28 28 33
2 7 358 -2.0100 -105.3800 8 484 21.6200 -118.5100
-8.7143610044e-02 -4.0737916220e-01 -2.6183492131e+00
24 22 23
2 7 360 -22.1500 -102.8100 8 486 2.0100 -117.0900
-1.1599503515e-01 -3.6220925589e-01 -2.5941068390e+00
208 210 206
2 7 366 -29.9600 -92.2600 8 494 -4.7000 -109.4800
-6.4554274134e-02 -3.5728296334e-01 -2.6079046428e+00
208 210 202
2 7 509 -16.3600 -90.5300 8 741 8.2300 -107.9500
-3.7425627911e-01 -8.8983295394e-01 -2.5892763808e+00
33 38 41
2 7 442 -95.7900 -227.0800 8 434 -73.9800 -213.0700
8.8687166420e-02 -5.6303510137e-01 -2.7351087306e+00
78 7 0
2 7 654 21.3600 -136.0300 8 1023 42.8800 -139.4600
4.4028176134e-02 -5.5903528622e-01 -2.7182721355e+00
168 130 128
2 7 655 10.6000 -135.9000 8 1025 32.3200 -139.6900
-6.2232390007e-01 -4.5980561825e-01 -2.6490144636e+00
131 186 191
2 7 491 -155.3700 -114.6900 8 493 -127.8800 -110.9000
-5.9066324111e-02 -4.8403676750e-01 -2.6614896960e+00
207 211 204
2 7 485 -14.4500 -120.1800 8 703 7.9700 -128.7400
7.8971298140e-03 -4.7392327319e-01 -2.6768968705e+00
207 210 203
2 7 489 2.0500 -116.9900 8 710 24.7700 -126.3500
-1.0667603560e-01 -4.3649195136e-01 -2.6254697741e+00
30 29 35
2 7 679 -26.8800 -109.8600 8 1060 -3.3200 -121.9900
-1.0667603560e-01 -4.3649195136e-01 -2.6254697741e+00
30 29 35
2 7 680 -26.8800 -109.8600 8 1061 -3.3200 -121.9900
7.6375498625e-02 -4.1524050487e-01 -2.6749374733e+00
49 11 11
2 7 499 18.7200 -102.5800 8 487 42.9800 -115.8600
2.4954641407e-02 -3.9478554654e-01 -2.6530637471e+00
30 27 28
2 7 501 6.1500 -98.3300 8 728 30.5100 -112.8500
2.4954641407e-02 -3.9478554654e-01 -2.6530637471e+00
30 27 28
2 7 502 6.1500 -98.3300 8 729 30.5100 -112.8500
-1.3509771919e-01 -3.8528789850e-01 -2.5886589488e+00
29 28 32
2 7 503 -34.5900 -98.3500 8 723 -10.3400 -114.7700
-4.2164078582e-01 -3.3663392663e-01 -2.6159761585e+00
54 103 70
2 7 520 -106.7900 -85.0200 8 758 -80.2300 -93.1700
1.0306790760e-02 -3.2810168869e-01 -2.6153248631e+00
239 43 42
2 7 521 2.4300 -82.9000 8 749 27.9900 -102.4900
6.3149265593e-02 -3.0600086370e-01 -2.6206211364e+00
56 9 0
2 7 530 15.8700 -77.1600 8 504 41.8000 -98.2500
1.7468609222e-01 3.0730512786e-01 -2.6431457497e+00
189 216 227
2 7 564 43.7600 76.8300 8 811 88.0300 50.7400
-5.9914258788e-01 -5.7394032181e-01 -2.7040681695e+00
127 34 48
2 7 901 -146.5000 -140.2500 8 1046 -119.1900 -128.5200
-1.2330657918e-01 -5.9262360910e-01 -2.6871958007e+00
34 24 4
2 7 650 -30.3800 -145.7300 8 1014 -8.4900 -146.3800
-1.2330657918e-01 -5.9262360910e-01 -2.6871958007e+00
34 24 4
2 7 651 -30.3800 -145.7300 8 1015 -8.4900 -146.3800
-6.1023188036e-01 -4.7438913769e-01 -2.6631785582e+00
149 42 81
2 7 667 -151.2500 -117.7200 8 1082 -124.4100 -112.5500
-1.2072516066e-01 -4.3158745110e-01 -2.6207396046e+00
211 211 203
2 7 685 -30.5700 -108.8200 8 1062 -6.7200 -121.1800
5.1437368606e-02 -4.1615720215e-01 -2.6673037843e+00
36 34 37
2 7 696 12.6500 -103.1000 8 1076 36.7300 -116.3700
5.1437368606e-02 -4.1615720215e-01 -2.6673037843e+00
36 34 37
2 7 697 12.6500 -103.1000 8 1077 36.7300 -116.3700
-1.2287451554e-01 -3.9294661012e-01 -2.5975907982e+00
214 217 209
2 7 700 -31.3800 -99.9600 8 1078 -7.1600 -115.6400
3.8417416434e-02 -3.7109731047e-01 -2.6379432948e+00
225 225 223
2 7 706 9.5000 -92.9600 8 734 34.2900 -109.9200
6.0537873215e-02 -3.6818645751e-01 -2.6442809510e+00
224 225 217
2 7 709 15.0200 -92.0100 8 738 39.9100 -109.0600
-6.1164866168e-03 -3.5161701789e-01 -2.6230471666e+00
227 37 31
2 7 714 -1.5600 -88.5800 8 1093 23.2900 -106.3200
1.7895310306e-02 -3.4961579199e-01 -2.6300908120e+00
234 35 31
2 7 715 4.5100 -87.8400 8 1098 29.4100 -105.6200
-4.1075981441e-01 -2.3744470921e-01 -2.5747346752e+00
65 86 77
2 7 729 -105.4200 -60.9400 8 762 -79.1300 -75.8000
1.9580097893e+00 -1.4073671884e+00 -4.8678710612e+00
146 144 149
2 7 629 265.9400 -191.0300 8 736 285.7800 -108.9600
2.1294736829e+00 -1.3908650764e+00 -4.8817554234e+00
87 77 83
2 7 855 288.5600 -188.2300 8 740 308.6400 -108.4500
-2.7553796674e-01 -8.0466032532e-01 -2.6355835642e+00
38 84 154
2 7 831 -69.3100 -201.7400 8 942 -48.3800 -192.1200
-1.5456030342e-02 -4.7857202417e-01 -2.6716373738e+00
213 215 213
2 7 665 -3.8400 -118.3700 8 1047 19.0600 -127.4200
-3.2437419503e-01 -2.0518722160e-01 -2.6111523204e+00
193 208 198
2 7 1012 -82.2500 -51.9200 8 1146 -55.0100 -66.4200
8.7208963015e-01 1.4854240003e-01 -3.0085364243e+00
56 51 49
2 7 554 192.3300 32.7000 8 558 246.5600 22.9600
-5.9042547179e-02 -4.0176264200e-01 -2.6236096376e+00
162 162 160
2 7 261 -15.0000 -101.1900 8 339 9.1800 -115.9200
-4.4046183031e-01 -3.2176785131e-01 -2.5981758835e+00
78 158 112
2 7 266 -112.1400 -81.8300 8 351 -85.8900 -91.4800
-1.5179036839e-01 -4.6799224565e-01 -2.6350198267e+00
202 200 194
2 7 257 -38.1600 -117.3600 8 236 -14.6400 -126.3800
8.7208963015e-01 1.4854240003e-01 -3.0085364243e+00
56 51 49
2 7 553 192.3300 32.7000 8 559 246.5600 22.9600
-6.5753805446e-01 -1.6004036483e-01 -2.5083125865e+00
189 118 137
2 7 540 -173.1300 -42.1700 8 527 -147.0500 -58.7200
1.9593491901e+00 -8.9625134911e-01 -5.5959589577e+00
123 111 116
2 7 949 231.3200 -105.8400 8 790 271.5000 -11.3600
2.0547391306e+00 -6.7789286254e-01 -5.8865989579e+00
137 126 132
2 7 998 231.0000 -76.0600 8 1215 277.6300 23.3900
1.9772158081e-01 3.2889328797e-01 -2.6390793824e+00
220 246 252
2 7 568 49.4200 82.3500 8 566 95.3200 55.5900
1.8956173387e+00 -1.0820275489e+00 -5.3622853978e+00
86 77 83
2 7 914 233.6000 -133.3400 8 1162 267.2500 -42.3700
1.8995886161e+00 -9.5698702679e-01 -5.5163546363e+00
122 113 121
2 7 933 227.4300 -114.6500 8 1180 265.5300 -21.0100
1.8905358233e+00 -7.9867017694e-01 -5.7580425675e+00
95 80 83
2 7 975 216.8300 -91.6700 8 1199 260.0300 6.9500
-2.7553796674e-01 -8.0466032532e-01 -2.6355835642e+00
38 84 154
2 7 830 -69.3100 -201.7400 8 941 -48.3800 -192.1200
3.2010478270e-02 -7.6547492397e-01 -2.6694193559e+00
211 234 128
2 7 852 7.9100 -189.4900 8 953 24.7500 -187.4600
2.0014830143e+00 -6.8058923276e-01 -5.9231946021e+00
90 69 71
2 7 999 223.4600 -75.9100 8 805 270.1500 24.9600
1.9632904977e-01 3.4533039911e-01 -2.6401115517e+00
41 75 77
2 7 1077 48.9700 86.4300 8 820 95.5400 60.0900
-3.6773501711e-01 -5.0924940727e-01 -2.7048834782e+00
102 165 98
2 7 178 -90.2900 -124.3900 8 240 -64.3100 -120.8600
-5.3457533160e-01 -5.2154214666e-01 -2.7061581793e+00
95 151 147
2 7 484 -130.7400 -127.3400 8 483 -103.7700 -119.1000
-6.5171256281e-01 -2.0896798935e-01 -2.5324413194e+00
150 141 159
2 7 537 -170.0200 -54.5300 8 521 -143.5500 -67.7700
-6.2973268332e-01 -5.0464709501e-02 -2.4745797452e+00
183 158 143
2 7 34 -167.4000 -13.5400 8 28 -143.1300 -36.2100
-2.8440091006e-02 -7.6600536613e-01 -2.6929844859e+00
238 239 76
2 7 93 -7.4000 -187.9600 8 120 11.3700 -182.7100
-1.2857347564e-01 -7.5555277533e-01 -2.6945651412e+00
226 232 74
2 7 95 -32.0600 -185.2800 8 79 -11.5400 -177.9100
-9.7387030418e-02 -2.6360095865e-01 -2.5629521881e+00
97 54 30
2 7 136 -26.1300 -67.9500 8 173 1.7100 -91.5700
6.0471958333e-01 -3.4988642072e-01 -3.3562840775e+00
129 130 131
2 7 138 119.7400 -68.8500 8 134 152.8700 -45.4700
-1.5564463361e-01 -3.1314952235e-01 -2.5538539532e+00
208 204 203
2 7 188 -40.1100 -81.0300 8 170 -15.5700 -102.4200
-5.5947428985e-01 -1.9359552793e-01 -2.5702389571e+00
117 163 176
2 7 194 -143.6000 -49.7900 8 247 -117.4300 -62.2400
5.3126110367e-01 -1.6150609500e-02 -2.9728086532e+00
68 116 51
2 7 200 118.0900 -3.5900 8 183 160.1700 -9.0800
-1.5196300183e-01 -8.5715741659e-01 -2.6390740701e+00
93 101 99
2 7 236 -37.8000 -214.6300 8 220 -20.6200 -205.0000
-1.3716021116e-01 1.7681918980e-01 -2.6623597197e+00
63 191 228
2 7 310 -33.6800 43.8800 8 195 0.2500 26.2200
-4.1829505821e-01 -5.9600031448e-01 -2.7094301355e+00
31 59 39
2 7 347 -102.4000 -145.3400 8 474 -76.6900 -136.8400
-8.9068867551e-02 1.8784142455e-01 -2.6790484600e+00
230 107 151
2 7 401 -21.8000 46.3300 8 268 13.7000 29.1600
-1.5037794512e-01 -8.9924287005e-01 -2.5958779901e+00
25 61 49
2 7 438 -38.2800 -228.9100 8 423 -21.7100 -219.7700
-1.8319623532e-01 -8.1553380764e-01 -2.6917922612e+00
22 59 37
2 7 459 -45.1500 -200.2000 8 452 -25.4100 -188.5500
-2.8451982629e-01 -7.9504186893e-01 -2.6428498830e+00
191 211 219
2 7 460 -71.3700 -198.7800 8 655 -50.1100 -188.9500
2.1534451857e+00 -1.2460886978e+00 -5.0686514954e+00
130 119 125
2 7 476 280.9300 -162.4300 8 513 307.7200 -80.3200
1.8789431818e+00 -1.1541968203e+00 -5.2507576618e+00
127 123 126
2 7 479 236.3200 -145.2700 8 529 267.4900 -56.1100
5.0338995252e-01 -5.6801433585e-01 -2.8716177497e+00
38 56 14
2 7 482 116.3900 -130.6800 8 700 137.1000 -133.5200
-1.2828331688e-01 -2.8184504504e-01 -2.5546858698e+00
105 58 34
2 7 532 -33.3500 -72.9000 8 1114 -7.6400 -95.9000
2.2375587184e+00 -1.4617250159e-01 -6.6057022839e+00
96 92 97
2 7 543 224.3200 -14.5700 8 391 285.8500 99.6200
5.2928126124e-01 2.4105374977e-01 -2.7918636735e+00
120 133 108
2 7 558 125.3600 57.0600 8 374 176.7000 36.3700
-1.4049990046e-01 2.7884265161e-01 -2.7520452062e+00
221 244 205
2 7 561 -34.0600 66.9600 8 378 3.8100 58.7300
-4.9655583336e-01 -8.6474985267e-01 -2.5710336149e+00
35 44 45
2 7 607 -127.9100 -222.2400 8 903 -103.3700 -207.7200
-1.6870690207e-01 -8.7196478657e-01 -2.6203615485e+00
47 50 52
2 7 610 -42.6500 -219.8900 8 629 -24.8500 -210.2700
1.8644871730e+00 -1.5012045318e+00 -4.7330907954e+00
96 79 78
2 7 616 260.3800 -209.5800 8 705 276.0700 -127.8300
-1.5461818777e-01 -8.1497001991e-01 -2.6829676213e+00
37 59 36
2 7 621 -38.2700 -200.7200 8 652 -19.0500 -190.4200
1.9057552316e+00 -1.4384762972e+00 -4.8225360443e+00
145 129 133
2 7 626 261.2700 -197.0900 8 722 279.7300 -114.8900
2.0753619632e+00 -1.3946075652e+00 -4.8651474602e+00
79 62 72
2 7 630 282.1300 -189.3900 8 735 302.0400 -109.2500
1.7314979587e+00 -1.3649996972e+00 -4.9483954537e+00
145 134 139
2 7 634 231.1300 -182.2900 8 755 253.7400 -95.8400
1.8947965643e+00 -1.1982305767e+00 -5.1847749319e+00
98 89 87
2 7 643 241.4500 -152.7200 8 769 270.7300 -64.8900
2.1585088620e+00 -7.8612955627e-01 -5.7451530546e+00
86 76 79
2 7 711 248.2700 -90.4200 8 546 292.8800 4.8700
2.0693495292e+00 -7.0853019272e-01 -5.8735415857e+00
86 72 71
2 7 720 232.7500 -79.7200 8 799 279.4400 19.3400
2.0693495292e+00 -7.0853019272e-01 -5.8735415857e+00
86 72 71
2 7 721 232.7500 -79.7200 8 800 279.4400 19.3400
2.1374812603e+00 -3.7714210759e-01 -6.2674554139e+00
103 104 106
2 7 736 225.4900 -39.7500 8 1238 281.2900 67.4700
7.4349490691e-01 -1.1121176348e-01 -3.0767163950e+00
110 112 98
2 7 742 160.0200 -23.8600 8 783 201.5100 -25.2300
5.7667079125e-01 1.7185083430e-01 -2.7856663993e+00
201 218 218
2 7 757 136.8600 40.7700 8 795 186.4100 17.7300
1.9144807917e+00 -1.5691147414e+00 -4.6507741502e+00
140 133 134
2 7 807 272.1600 -222.9300 8 1020 284.4000 -142.4700
1.7416597075e+00 -1.5466373963e+00 -4.6784071342e+00
99 83 87
2 7 810 246.0500 -218.4500 8 1034 260.1000 -135.3300
-3.6290698476e-01 -8.6531654646e-01 -2.6245483887e+00
33 70 49
2 7 812 -91.5500 -217.8600 8 924 -69.7300 -203.3000
1.6483411768e+00 -1.4959101495e+00 -4.7530839044e+00
106 90 93
2 7 819 229.0700 -207.9800 8 1056 246.0800 -122.7900
1.7366099748e+00 -1.4640114054e+00 -4.7823497195e+00
90 79 80
2 7 826 239.9600 -202.2900 8 1072 257.7800 -118.2700
-2.5850110666e-01 -8.0633249025e-01 -2.6323077546e+00
26 78 160
2 7 829 -65.1600 -202.4100 8 940 -44.4900 -193.3700
1.9975776003e+00 -1.4084363467e+00 -4.8608182684e+00
102 87 91
2 7 842 271.6400 -191.4600 8 1085 291.4600 -110.1000
1.9975776003e+00 -1.4084363467e+00 -4.8608182684e+00
102 87 91
2 7 843 271.6400 -191.4600 8 1086 291.4600 -110.1000
5.2641026794e-02 -7.6722236953e-01 -2.6686114456e+00
217 242 116
2 7 848 13.0400 -189.9800 8 949 29.5300 -188.4500
3.2010478270e-02 -7.6547492397e-01 -2.6694193559e+00
211 234 128
2 7 851 7.9100 -189.4900 8 952 24.7500 -187.4600
1.9579411405e+00 -1.2056461025e+00 -5.1578111405e+00
87 77 82
2 7 887 250.7900 -154.4700 8 1145 279.7500 -68.0400
1.7727259172e+00 -1.0252968166e+00 -5.4415702269e+00
123 110 113
2 7 919 215.0500 -124.5300 8 1173 250.7800 -30.6700
2.1757565993e+00 -1.0152847427e+00 -5.4040380270e+00
84 73 77
2 7 924 266.1200 -124.1400 8 780 302.6300 -36.1300
-7.4023590218e-02 -4.2567804275e-01 -2.6335041247e+00
210 211 210
2 7 947 -18.7500 -106.8100 8 1067 5.2500 -119.4800
1.9571786977e+00 -8.7571715051e-01 -5.6486844586e+00
126 113 116
2 7 959 229.0000 -102.4400 8 791 269.7700 -6.7800
2.2699669699e+00 -4.0502079526e-01 -6.2703028780e+00
105 98 106
2 7 1016 239.4300 -42.6600 8 824 295.4500 63.2300
-2.4943144156e-01 -1.0485883831e-01 -2.6888269602e+00
157 86 117
2 7 1023 -61.3000 -25.7700 8 1170 -32.1700 -36.8200
2.2387439880e+00 -6.3156444089e-02 -6.7187812496e+00
79 75 76
2 7 1035 220.4800 -6.1800 8 839 284.2300 110.7100
2.5365119959e+00 1.4694404429e-01 -6.9521220080e+00
53 46 47
2 7 1042 241.4600 14.0100 8 842 312.6900 134.2800
1.9632904977e-01 3.4533039911e-01 -2.6401115517e+00
41 75 77
2 7 1076 48.9700 86.4300 8 819 95.5400 60.0900
