# Bundle file v0.3
11 415
7.0493401332e+02 -7.5780406697e-02 -2.3482199409e-02
9.9223637219e-01 -1.1555361395e-01 4.5981996436e-02
9.7324414554e-02 9.5164815285e-01 2.9136532312e-01
-7.7426998038e-02 -2.8462810031e-01 9.5550609861e-01
1.8505638537e-01 9.7503873041e-01 -8.6036058549e-01
6.8661764537e+02 -1.0236701853e-01 1.9891478443e-02
9.7656624590e-01 6.8826369736e-02 -2.0391492882e-01
-1.6846955000e-02 9.6902471859e-01 2.4638846334e-01
2.1455663000e-01 -2.3717931105e-01 9.4747634637e-01
-5.5725827445e-01 8.3345613751e-01 -5.5344765707e-01
0 0 0
0 0 0
0 0 0
0 0 0
0 0 0
0 0 0
0 0 0
0 0 0
0 0 0
0 0 0
0 0 0
0 0 0
0 0 0
0 0 0
0 0 0
0 0 0
0 0 0
0 0 0
0 0 0
0 0 0
0 0 0
0 0 0
0 0 0
0 0 0
0 0 0
6.8896652267e+02 -9.4021133657e-02 1.2627313929e-03
9.9822980985e-01 -6.8342331619e-03 -5.9080792040e-02
6.9814981557e-03 9.9997301484e-01 2.2865441167e-03
5.9063570959e-02 -2.6949689395e-03 9.9825058564e-01
-1.8013349986e-01 -6.1509383406e-02 -6.2486579520e-01
7.0839274325e+02 -8.5399387230e-02 -2.3610470693e-02
9.8904971854e-01 5.9347831512e-02 -1.3512397695e-01
-1.0769902068e-01 9.1623666521e-01 -3.8589026195e-01
1.0090379178e-01 3.9621737496e-01 9.1259531918e-01
-2.3912299984e-01 -1.2069040776e+00 -8.1328164283e-01
0 0 0
0 0 0
0 0 0
0 0 0
0 0 0
0 0 0
0 0 0
0 0 0
0 0 0
0 0 0
-1.3499661938e-01 -8.2845130900e-01 -2.6905790113e+00
226 232 74
4 7 94 -32.0600 -185.2800 8 78 -11.5400 -177.9100 0 72 5.7500 -134.2100 1 78 -45.5200 -147.0200
-4.7244904686e-01 -4.8412819900e-01 -2.6829524677e+00
31 27 24
4 7 73 -100.9800 -113.7000 8 90 -75.4600 -113.8400 0 77 -75.3400 -68.2400 1 87 -112.4000 -64.1900
-4.2643741175e-01 -5.3790712393e-01 -2.7134175292e+00
102 165 98
4 7 177 -90.2900 -124.3900 8 239 -64.3100 -120.8600 0 151 -65.1200 -79.5600 1 171 -101.5300 -77.2000
-5.0026263048e-01 -3.9603861280e-01 -2.6322877480e+00
38 39 34
4 7 135 -108.8800 -97.4900 8 126 -82.7500 -103.3300 0 155 -84.6300 -47.5600 1 177 -119.9000 -42.5600
-1.5879127059e-01 -3.0905280831e-01 -2.5755244742e+00
208 204 203
4 7 189 -40.1100 -81.0300 8 171 -15.5700 -102.4200 0 161 -11.0600 -18.2100 1 182 -47.6600 -23.1400
-1.1864285294e-01 -3.0186985901e-01 -2.5949272641e+00
217 218 212
4 7 190 -30.5200 -79.0800 8 241 -4.9700 -100.3300 0 163 -4.1700 -17.1200 1 181 -37.8800 -22.4500
-9.6023425656e-02 -2.4984308482e-01 -2.5925418604e+00
97 54 30
4 7 137 -26.1300 -67.9500 8 174 1.7100 -91.5700 0 167 -0.7100 -5.9800 1 125 -32.8200 -10.5900
6.8805390381e-01 3.6685127666e-01 -2.8803431992e+00
220 237 236
4 7 206 133.9700 60.0100 8 197 185.5800 36.5600 0 246 129.3900 102.6300 1 195 153.6600 99.1100
-1.1563892666e-01 -4.2333382965e-01 -2.6323442702e+00
209 211 205
4 7 258 -28.8000 -103.7300 8 338 -5.3500 -117.9600 0 311 -0.3900 -44.5100 1 241 -37.1500 -51.7400
-4.2966610416e-01 -2.5311930236e-01 -2.6376331794e+00
55 78 65
4 7 535 -93.5000 -67.5100 8 514 -66.8500 -79.3000 0 319 -73.4400 -16.5500 1 498 -101.5500 -11.8500
-7.1950923806e-01 -2.2899872622e-01 -2.5651574444e+00
108 171 180
4 7 272 -157.8900 -64.0500 8 245 -131.1100 -74.2300 0 321 -136.9100 -13.1200 1 349 -166.8500 -1.9600
-7.2497099119e-01 -1.8315810656e-01 -2.5461768041e+00
113 171 178
4 7 275 -160.2400 -54.6500 8 246 -133.5900 -67.4700 0 322 -139.3900 -2.5300 1 352 -168.4900 9.0900
-4.8670388741e-01 -5.8230026521e-01 -2.6957329448e+00
90 155 95
4 7 481 -103.2300 -134.0500 8 704 -77.4900 -128.6100 0 439 -77.1700 -89.6500 1 467 -116.1400 -85.8700
-1.3482046457e-01 -4.7016072163e-01 -2.6418519088e+00
29 28 26
4 7 353 -32.6400 -113.1800 8 481 -9.2100 -124.5800 0 449 -3.4200 -55.3700 1 336 -41.9400 -62.5800
9.1968559700e-03 -4.3865198151e-01 -2.6803243150e+00
28 28 33
4 7 358 -2.0100 -105.3800 8 484 21.6200 -118.5100 0 451 26.1200 -47.5600 1 338 -7.2400 -57.9600
-8.4261982534e-02 -4.2042747904e-01 -2.6429734741e+00
24 22 23
4 7 360 -22.1500 -102.8100 8 486 2.0100 -117.0900 0 455 6.0400 -43.8600 1 341 -29.7500 -51.6500
-1.1854461095e-01 -3.6661432390e-01 -2.6169284606e+00
208 210 206
4 7 366 -29.9600 -92.2600 8 494 -4.7000 -109.4800 0 463 -2.5100 -31.9600 1 343 -38.2600 -38.1300
-5.6682406433e-02 -3.6064377164e-01 -2.6343415134e+00
208 210 202
4 7 509 -16.3600 -90.5300 8 741 8.2300 -107.9500 0 464 10.7900 -30.3800 1 483 -23.4500 -37.9500
-4.2971969570e-01 -1.0004135181e+00 -2.5609264346e+00
33 38 41
3 7 442 -95.7900 -227.0800 8 434 -73.9800 -213.0700 0 590 -56.9300 -179.5700
1.1814529989e-01 -6.0421317025e-01 -2.7694811275e+00
78 7 0
4 7 654 21.3600 -136.0300 8 1023 42.8800 -139.4600 0 640 51.5500 -83.3500 1 640 18.4200 -99.3900
6.6960126824e-02 -5.9860339214e-01 -2.7465523703e+00
168 130 128
4 7 655 10.6000 -135.9000 8 1025 32.3200 -139.6900 0 644 41.4900 -82.3700 1 642 6.1600 -97.0300
-7.3224397160e-01 -4.8155506809e-01 -2.6429396436e+00
131 186 191
4 7 491 -155.3700 -114.6900 8 493 -127.8800 -110.9000 0 646 -133.8200 -71.3700 1 662 -168.8600 -59.8600
-5.1353314465e-02 -5.1036115700e-01 -2.6835530122e+00
207 211 204
3 7 485 -14.4500 -120.1800 8 703 7.9700 -128.7400 0 648 15.6800 -64.0600
2.7076606870e-02 -4.9854213256e-01 -2.7055969840e+00
207 210 203
4 7 489 2.0500 -116.9900 8 710 24.7700 -126.3500 0 652 31.3500 -60.7900 1 651 -3.1000 -72.6000
-1.0788209069e-01 -4.5526300081e-01 -2.6479318632e+00
30 29 35
4 7 679 -26.8800 -109.8600 8 1060 -3.3200 -121.9900 0 657 2.0000 -52.0200 1 663 -35.4100 -59.5600
-1.0788209069e-01 -4.5526300081e-01 -2.6479318632e+00
30 29 35
4 7 680 -26.8800 -109.8600 8 1061 -3.3200 -121.9900 0 658 2.0000 -52.0200 1 664 -35.4100 -59.5600
1.0811799642e-01 -4.2893172912e-01 -2.7115270962e+00
49 11 11
4 7 499 18.7200 -102.5800 8 487 42.9800 -115.8600 0 665 45.7900 -44.8600 1 475 16.3700 -57.7200
4.8554570360e-02 -4.0486488271e-01 -2.6862773787e+00
30 27 28
4 7 501 6.1500 -98.3300 8 728 30.5100 -112.8500 0 669 33.4200 -39.9800 1 670 2.2500 -50.8400
4.8554570360e-02 -4.0486488271e-01 -2.6862773787e+00
30 27 28
4 7 502 6.1500 -98.3300 8 729 30.5100 -112.8500 0 670 33.4200 -39.9800 1 671 2.2500 -50.8400
-1.4024133255e-01 -3.9552823198e-01 -2.6123715174e+00
29 28 32
4 7 503 -34.5900 -98.3500 8 723 -10.3400 -114.7700 0 672 -6.4300 -38.3200 1 679 -43.3200 -44.3000
-4.8746696717e-01 -3.3365487074e-01 -2.6242622985e+00
54 103 70
4 7 520 -106.7900 -85.0200 8 758 -80.2300 -93.1700 0 676 -83.0300 -33.4600 1 494 -116.5800 -28.7200
3.2867943350e-02 -3.2609082810e-01 -2.6499698529e+00
239 43 42
4 7 521 2.4300 -82.9000 8 749 27.9900 -102.4900 0 680 28.3200 -22.1600 1 689 -1.6900 -31.3700
9.6494093494e-02 -3.0093625043e-01 -2.6624217740e+00
56 9 0
3 7 530 15.8700 -77.1600 8 504 41.8000 -98.2500 0 685 40.9200 -16.5200
2.3357274038e-01 4.3913780501e-01 -2.7261653817e+00
189 216 227
4 7 564 43.7600 76.8300 8 811 88.0300 50.7400 0 711 46.9300 120.8800 1 731 54.8700 125.2700
-7.0512084529e-01 -6.1740759611e-01 -2.6975432133e+00
127 34 48
4 7 901 -146.5000 -140.2500 8 1046 -119.1900 -128.5200 0 826 -124.0200 -102.0500 1 1147 -162.0700 -91.7500
-1.3091258497e-01 -6.3882898799e-01 -2.7020041572e+00
34 24 4
4 7 650 -30.3800 -145.7300 8 1014 -8.4900 -146.3800 0 829 1.3000 -93.9000 1 634 -40.7000 -102.7700
-1.3091258497e-01 -6.3882898799e-01 -2.7020041572e+00
34 24 4
4 7 651 -30.3800 -145.7300 8 1015 -8.4900 -146.3800 0 830 1.3000 -93.9000 1 635 -40.7000 -102.7700
-7.1594694497e-01 -4.9662803905e-01 -2.6539500396e+00
149 42 81
4 7 667 -151.2500 -117.7200 8 1082 -124.4100 -112.5500 0 840 -129.5000 -74.6700 1 889 -164.9100 -63.6000
-1.2450647448e-01 -4.4908203277e-01 -2.6415167114e+00
211 211 203
4 7 685 -30.5700 -108.8200 8 1062 -6.7200 -121.1800 0 856 -1.7000 -50.7200 1 899 -39.3800 -57.8000
7.9000550954e-02 -4.3025790928e-01 -2.7020702798e+00
36 34 37
4 7 696 12.6500 -103.1000 8 1076 36.7300 -116.3700 0 866 40.0700 -45.3100 1 666 9.4000 -57.4500
7.9000550954e-02 -4.3025790928e-01 -2.7020702798e+00
36 34 37
4 7 697 12.6500 -103.1000 8 1077 36.7300 -116.3700 0 867 40.0700 -45.3100 1 667 9.4000 -57.4500
-1.2608605059e-01 -4.0406026593e-01 -2.6209127100e+00
214 217 209
4 7 700 -31.3800 -99.9600 8 1078 -7.1600 -115.6400 0 870 -3.2100 -40.2100 1 910 -39.9300 -46.7300
6.5455449840e-02 -3.7816195655e-01 -2.6757652995e+00
225 225 223
4 7 706 9.5000 -92.9600 8 734 34.2900 -109.9200 0 875 36.1000 -33.4800 1 912 6.2300 -44.6100
9.1573293278e-02 -3.7448414194e-01 -2.6833857826e+00
224 225 217
4 7 709 15.0200 -92.0100 8 738 39.9100 -109.0600 0 877 41.3600 -32.5800 1 914 12.4300 -44.2700
1.3328646252e-02 -3.5408233684e-01 -2.6557490820e+00
227 37 31
4 7 714 -1.5600 -88.5800 8 1093 23.2900 -106.3200 0 880 25.1100 -28.5900 1 684 -6.2100 -37.9200
4.1388921337e-02 -3.5138087833e-01 -2.6639612200e+00
234 35 31
4 7 715 4.5100 -87.8400 8 1098 29.4100 -105.6200 0 881 30.7800 -27.8900 1 917 0.4000 -37.8400
-4.7415649056e-01 -2.1721045255e-01 -2.5928041377e+00
65 86 77
4 7 729 -105.4200 -60.9400 8 762 -79.1300 -75.8000 0 887 -83.0400 -6.9300 1 697 -113.1000 -2.0400
2.0031667002e+00 -1.4618111123e+00 -4.8709574816e+00
146 144 149
3 7 629 265.9400 -191.0300 8 736 285.7800 -108.9600 0 966 278.0100 -215.3700
2.1946246990e+00 -1.4494010689e+00 -4.8979363342e+00
87 77 83
3 7 855 288.5600 -188.2300 8 740 308.6400 -108.4500 0 971 299.6400 -210.2200
-3.1166130784e-01 -8.9468223010e-01 -2.6242215417e+00
38 84 154
4 7 831 -69.3100 -201.7400 8 942 -48.3800 -192.1200 0 1041 -32.2000 -152.6100 1 1089 -90.9700 -158.9600
-1.2304159153e-03 -5.0414643005e-01 -2.6989873939e+00
213 215 213
4 7 665 -3.8400 -118.3700 8 1047 19.0600 -127.4200 0 1121 25.3700 -62.3300 1 877 -9.8100 -73.3300
-3.7003729471e-01 -1.7691919150e-01 -2.6353429962e+00
193 208 198
4 7 1012 -82.2500 -51.9200 8 1146 -55.0100 -66.4200 0 1171 -60.6300 0.5900 1 1220 -87.4300 4.2800
1.0410874473e+00 2.3705597520e-01 -3.1517160605e+00
56 51 49
3 7 554 192.3300 32.7000 8 558 246.5600 22.9600 0 1201 182.7800 66.6800
-5.1294610311e-02 -4.1513248876e-01 -2.6529877773e+00
162 162 160
3 7 261 -15.0000 -101.1900 8 339 9.1800 -115.9200 1 240 -21.9800 -51.1700
-5.1049485127e-01 -3.1792707193e-01 -2.6082386291e+00
78 158 112
3 7 266 -112.1400 -81.8300 8 351 -85.8900 -91.4800 1 244 -122.4700 -24.4100
-1.6344350977e-01 -4.9308188149e-01 -2.6547943422e+00
202 200 194
3 7 257 -38.1600 -117.3600 8 236 -14.6400 -126.3800 1 335 -48.1900 -67.9800
1.0400104858e+00 2.3857120665e-01 -3.1476336101e+00
56 51 49
3 7 553 192.3300 32.7000 8 559 246.5600 22.9600 1 521 225.2600 54.7700
-7.7332742583e-01 -1.2255357610e-01 -2.5056574618e+00
189 118 137
3 7 540 -173.1300 -42.1700 8 527 -147.0500 -58.7200 1 706 -180.4200 24.5500
1.8839810406e+00 -8.6593836940e-01 -5.4583339828e+00
123 111 116
3 7 949 231.3200 -105.8400 8 790 271.5000 -11.3600 1 785 305.1100 -180.4000
1.9428955487e+00 -6.3118519222e-01 -5.6944471378e+00
137 126 132
3 7 998 231.0000 -76.0600 8 1215 277.6300 23.3900 1 821 305.8800 -150.9100
2.6127007031e-01 4.6559849182e-01 -2.7222227390e+00
220 246 252
3 7 568 49.4200 82.3500 8 566 95.3200 55.5900 1 971 60.6200 130.7700
1.8505400380e+00 -1.0698396519e+00 -5.2628348146e+00
86 77 83
3 7 914 233.6000 -133.3400 8 1162 267.2500 -42.3700 1 1024 306.6900 -208.4500
1.8329737751e+00 -9.3218450994e-01 -5.3914799375e+00
122 113 121
3 7 933 227.4300 -114.6500 8 1180 265.5300 -21.0100 1 1054 300.3000 -189.0100
1.7838061835e+00 -7.5413537422e-01 -5.5691998974e+00
95 80 83
3 7 975 216.8300 -91.6700 8 1199 260.0300 6.9500 1 1078 288.3800 -165.2300
-3.1157747780e-01 -8.9467868649e-01 -2.6241352729e+00
38 84 154
3 7 830 -69.3100 -201.7400 8 941 -48.3800 -192.1200 1 1088 -90.9700 -158.9600
5.4284004640e-02 -8.4638836463e-01 -2.6783978119e+00
211 234 128
3 7 852 7.9100 -189.4900 8 953 24.7500 -187.4600 1 1102 -3.8800 -153.8000
1.8775709276e+00 -6.2853684586e-01 -5.7046907168e+00
90 69 71
3 7 999 223.4600 -75.9100 8 805 270.1500 24.9600 1 1105 297.1300 -150.1900
2.6018101179e-01 4.8561137802e-01 -2.7247349404e+00
41 75 77
3 7 1077 48.9700 86.4300 8 820 95.5400 60.0900 1 1294 60.8600 134.4800
-4.2520880269e-01 -5.3857794403e-01 -2.7146499397e+00
102 165 98
2 7 178 -90.2900 -124.3900 8 240 -64.3100 -120.8600
-6.2622021375e-01 -5.5363812640e-01 -2.7069413585e+00
95 151 147
2 7 484 -130.7400 -127.3400 8 483 -103.7700 -119.1000
-7.6613226966e-01 -1.8192964311e-01 -2.5308736155e+00
150 141 159
2 7 537 -170.0200 -54.5300 8 521 -143.5500 -67.7700
-7.3893016446e-01 1.0417972751e-02 -2.4780774880e+00
183 158 143
2 7 34 -167.4000 -13.5400 8 28 -143.1300 -36.2100
-1.9159898433e-02 -8.4343820638e-01 -2.6974322717e+00
238 239 76
2 7 93 -7.4000 -187.9600 8 120 11.3700 -182.7100
-1.3875084421e-01 -8.3103688225e-01 -2.6955701196e+00
226 232 74
2 7 95 -32.0600 -185.2800 8 79 -11.5400 -177.9100
-9.3187427699e-02 -2.4955077375e-01 -2.5921446798e+00
97 54 30
2 7 136 -26.1300 -67.9500 8 173 1.7100 -91.5700
6.7555916653e-01 -3.3935905157e-01 -3.4485429411e+00
129 130 131
2 7 138 119.7400 -68.8500 8 134 152.8700 -45.4700
-1.6319842500e-01 -3.0900176345e-01 -2.5756638032e+00
208 204 203
2 7 188 -40.1100 -81.0300 8 170 -15.5700 -102.4200
-6.5379444269e-01 -1.6303305800e-01 -2.5789981891e+00
117 163 176
2 7 194 -143.6000 -49.7900 8 247 -117.4300 -62.2400
6.3038383942e-01 4.5105648422e-02 -3.0786300233e+00
68 116 51
2 7 200 118.0900 -3.5900 8 183 160.1700 -9.0800
-1.6396221402e-01 -9.5424884621e-01 -2.6246051104e+00
93 101 99
2 7 236 -37.8000 -214.6300 8 220 -20.6200 -205.0000
-1.4470988213e-01 2.8243460085e-01 -2.7234515822e+00
63 191 228
2 7 310 -33.6800 43.8800 8 195 0.2500 26.2200
-4.8622917424e-01 -6.4183550320e-01 -2.7109009262e+00
31 59 39
2 7 347 -102.4000 -145.3400 8 474 -76.6900 -136.8400
-8.7547656415e-02 2.9518681540e-01 -2.7446397472e+00
230 107 151
2 7 401 -21.8000 46.3300 8 268 13.7000 29.1600
-1.5976277296e-01 -1.0061862600e+00 -2.5721744837e+00
25 61 49
2 7 438 -38.2800 -228.9100 8 423 -21.7100 -219.7700
-2.0402103908e-01 -9.0248551838e-01 -2.6853107129e+00
22 59 37
2 7 459 -45.1500 -200.2000 8 452 -25.4100 -188.5500
-3.2311331456e-01 -8.8086944867e-01 -2.6282476790e+00
191 211 219
2 7 460 -71.3700 -198.7800 8 655 -50.1100 -188.9500
2.1868967205e+00 -1.2783507526e+00 -5.0607545375e+00
130 119 125
2 7 476 280.9300 -162.4300 8 513 307.7200 -80.3200
1.8525623665e+00 -1.1577508593e+00 -5.1838235025e+00
127 123 126
2 7 479 236.3200 -145.2700 8 529 267.4900 -56.1100
6.0072938929e-01 -6.0680068103e-01 -2.9321624540e+00
38 56 14
2 7 482 116.3900 -130.6800 8 700 137.1000 -133.5200
-1.3012070047e-01 -2.7152257757e-01 -2.5803213990e+00
105 58 34
2 7 532 -33.3500 -72.9000 8 1114 -7.6400 -95.9000
2.0253545937e+00 -8.2432128787e-02 -6.2352426470e+00
96 92 97
2 7 543 224.3200 -14.5700 8 391 285.8500 99.6200
6.4973807742e-01 3.5363706278e-01 -2.9055313128e+00
120 133 108
2 7 558 125.3600 57.0600 8 374 176.7000 36.3700
-1.5240526201e-01 4.0484388198e-01 -2.8213670924e+00
221 244 205
2 7 561 -34.0600 66.9600 8 378 3.8100 58.7300
-5.7680297322e-01 -9.6976747659e-01 -2.5324514124e+00
35 44 45
2 7 607 -127.9100 -222.2400 8 903 -103.3700 -207.7200
-1.8304783648e-01 -9.7270496176e-01 -2.6014398095e+00
47 50 52
2 7 610 -42.6500 -219.8900 8 629 -24.8500 -210.2700
1.9237512556e+00 -1.5760153823e+00 -4.7517738655e+00
96 79 78
2 7 616 260.3800 -209.5800 8 705 276.0700 -127.8300
-1.6938944779e-01 -9.0210115081e-01 -2.6768052787e+00
37 59 36
2 7 621 -38.2700 -200.7200 8 652 -19.0500 -190.4200
1.9541928415e+00 -1.4999595871e+00 -4.8317291977e+00
145 129 133
2 7 626 261.2700 -197.0900 8 722 279.7300 -114.8900
2.1373457274e+00 -1.4543304354e+00 -4.8826587152e+00
79 62 72
2 7 630 282.1300 -189.3900 8 735 302.0400 -109.2500
1.7395814209e+00 -1.4028871962e+00 -4.9236062981e+00
145 134 139
2 7 634 231.1300 -182.2900 8 755 253.7400 -95.8400
1.8804736843e+00 -1.2097845294e+00 -5.1318735475e+00
98 89 87
2 7 643 241.4500 -152.7200 8 769 270.7300 -64.8900
2.0741223743e+00 -7.5068712185e-01 -5.5978294588e+00
86 76 79
2 7 711 248.2700 -90.4200 8 546 292.8800 4.8700
1.9587687198e+00 -6.6335626684e-01 -5.6850597287e+00
86 72 71
2 7 720 232.7500 -79.7200 8 799 279.4400 19.3400
1.9587687198e+00 -6.6335626684e-01 -5.6850597287e+00
86 72 71
2 7 721 232.7500 -79.7200 8 800 279.4400 19.3400
1.9715660610e+00 -3.1649328433e-01 -5.9835194732e+00
103 104 106
2 7 736 225.4900 -39.7500 8 1238 281.2900 67.4700
8.7108238516e-01 -6.8108765399e-02 -3.1918361294e+00
110 112 98
2 7 742 160.0200 -23.8600 8 783 201.5100 -25.2300
7.0670493638e-01 2.6989699431e-01 -2.8983350336e+00
201 218 218
2 7 757 136.8600 40.7700 8 795 186.4100 17.7300
1.9955022380e+00 -1.6616160259e+00 -4.6841850683e+00
140 133 134
2 7 807 272.1600 -222.9300 8 1020 284.4000 -142.4700
1.7952061758e+00 -1.6270683330e+00 -4.6946547238e+00
99 83 87
2 7 810 246.0500 -218.4500 8 1034 260.1000 -135.3300
-4.1684343502e-01 -9.6618465685e-01 -2.5985642956e+00
33 70 49
2 7 812 -91.5500 -217.8600 8 924 -69.7300 -203.3000
1.6787596493e+00 -1.5606260696e+00 -4.7519975530e+00
106 90 93
2 7 819 229.0700 -207.9800 8 1056 246.0800 -122.7900
1.7720289643e+00 -1.5257579140e+00 -4.7839045335e+00
90 79 80
2 7 826 239.9600 -202.2900 8 1072 257.7800 -118.2700
-2.9137005464e-01 -8.9459794540e-01 -2.6166410798e+00
26 78 160
2 7 829 -65.1600 -202.4100 8 940 -44.4900 -193.3700
2.0505151914e+00 -1.4670078236e+00 -4.8722918347e+00
102 87 91
2 7 842 271.6400 -191.4600 8 1085 291.4600 -110.1000
2.0505151914e+00 -1.4670078236e+00 -4.8722918347e+00
102 87 91
2 7 843 271.6400 -191.4600 8 1086 291.4600 -110.1000
7.9147712516e-02 -8.4605417328e-01 -2.6740431457e+00
217 242 116
2 7 848 13.0400 -189.9800 8 949 29.5300 -188.4500
5.4465506021e-02 -8.4391784513e-01 -2.6741910095e+00
211 234 128
2 7 851 7.9100 -189.4900 8 952 24.7500 -187.4600
1.9541607250e+00 -1.2216388028e+00 -5.1158625794e+00
87 77 82
2 7 887 250.7900 -154.4700 8 1145 279.7500 -68.0400
1.7089255435e+00 -1.0066377813e+00 -5.3256527498e+00
123 110 113
2 7 919 215.0500 -124.5300 8 1173 250.7800 -30.6700
2.1507586145e+00 -1.0089280801e+00 -5.3347812565e+00
84 73 77
2 7 924 266.1200 -124.1400 8 780 302.6300 -36.1300
-6.9385989058e-02 -4.4184656449e-01 -2.6582974302e+00
210 211 210
2 7 947 -18.7500 -106.8100 8 1067 5.2500 -119.4800
1.8742902438e+00 -8.4347951684e-01 -5.5030446539e+00
126 113 116
2 7 959 229.0000 -102.4400 8 791 269.7700 -6.7800
2.1085525322e+00 -3.4621066263e-01 -5.9997333116e+00
105 98 106
2 7 1016 239.4300 -42.6600 8 824 295.4500 63.2300
-2.8196878637e-01 -5.6327710756e-02 -2.7304379322e+00
157 86 117
2 7 1023 -61.3000 -25.7700 8 1170 -32.1700 -36.8200
2.0105665867e+00 1.4414900065e-04 -6.3145763857e+00
79 75 76
2 7 1035 220.4800 -6.1800 8 839 284.2300 110.7100
2.2826845916e+00 2.0451647634e-01 -6.5193891534e+00
53 46 47
2 7 1042 241.4600 14.0100 8 842 312.6900 134.2800
2.6089231908e-01 4.8507901415e-01 -2.7283458051e+00
41 75 77
2 7 1076 48.9700 86.4300 8 819 95.5400 60.0900
-6.1380545398e-02 -7.5522711545e-01 -2.7135363758e+00
221 198 54
2 7 8 -16.1100 -169.4000 1 7 -26.3000 -130.6100
-2.7802746263e-01 -7.0529640842e-01 -2.6584382094e+00
33 30 23
2 7 13 -61.8700 -161.3500 1 11 -76.9700 -115.2300
-5.3924775016e-01 2.8623174399e-01 -2.5509323184e+00
219 224 225
3 7 21 -120.1200 45.7600 0 21 -106.7600 95.1800 1 30 -118.3700 106.6600
-6.6323745690e-01 -5.7445021935e-01 -2.6728626416e+00
181 180 146
2 7 25 -139.7900 -132.8400 1 43 -154.1900 -81.7000
-7.6676781302e-02 -5.7756880143e-01 -2.7032756364e+00
17 17 15
3 7 40 -19.5300 -133.7400 0 44 10.7400 -79.2900 1 42 -27.0200 -89.3900
-4.5589256968e-01 -3.4709224299e-01 -2.6406379757e+00
100 180 114
2 7 43 -98.8800 -87.5900 0 31 -76.2600 -36.3700
7.2097144697e-01 2.0820490513e-01 -2.8864699079e+00
205 223 222
2 7 49 140.5200 28.8100 1 50 160.5200 66.7700
-6.4453356730e-01 -7.3062632925e-01 -2.7649933367e+00
67 146 165
2 7 68 -130.3900 -160.4900 0 41 -107.9500 -127.1900
-4.7946855793e-01 -6.8306473572e-01 -2.7335589444e+00
93 163 103
3 7 69 -100.0000 -152.8600 0 75 -73.2100 -112.3500 1 82 -113.7800 -109.2700
-4.7946855793e-01 -6.8306473572e-01 -2.7335589444e+00
93 163 103
3 7 70 -100.0000 -152.8600 0 76 -73.2100 -112.3500 1 83 -113.7800 -109.2700
2.9801534259e-01 -6.5009371197e-01 -2.8866094179e+00
115 180 91
2 7 71 57.6500 -140.7500 1 60 61.7200 -114.3100
6.5430248173e-01 -6.4389255597e-01 -2.9160600831e+00
113 182 93
2 7 72 128.0800 -138.0200 1 81 141.6600 -117.5800
-3.6068750641e-01 -2.6604015423e-01 -2.6477091515e+00
16 16 14
2 7 76 -80.0100 -70.3600 1 97 -86.2600 -15.6600
2.8144429073e-01 -8.7683296247e-01 -2.7055929756e+00
244 254 98
2 7 90 54.8100 -194.9200 1 112 50.3000 -164.5500
3.1029102071e-01 -8.1950541146e-01 -2.6959715299e+00
23 24 16
2 7 96 61.1800 -183.5800 1 77 57.2700 -151.1500
5.6082862326e-01 -5.6738025089e-01 -2.9758679681e+00
100 162 78
2 7 100 107.8500 -121.5000 1 119 122.0800 -100.6000
-4.4449749528e-01 -3.8917225387e-01 -2.6604921611e+00
88 174 118
3 7 105 -96.3900 -95.5200 0 79 -72.0500 -46.2800 1 90 -105.7800 -42.5500
-9.0069131769e-02 6.5495335939e-01 -2.7376520951e+00
153 149 141
3 7 123 -22.9700 119.8000 0 133 -20.2400 151.6900 1 146 -8.7400 163.7600
-7.1599802766e-01 -8.8068952013e-01 -2.8525723588e+00
112 121 128
2 7 129 -139.9600 -184.9500 0 107 -118.2800 -163.1900
6.5205419348e-01 -7.5518443331e-01 -2.8202085057e+00
16 19 12
2 7 131 130.0200 -163.9800 1 113 140.3000 -141.8500
6.5205419348e-01 -7.5518443331e-01 -2.8202085057e+00
16 19 12
2 7 132 130.0200 -163.9800 1 114 140.3000 -141.8500
6.9410834676e-01 -8.2623126079e-03 -3.0403450878e+00
112 184 93
2 7 144 131.5200 -13.5700 1 129 153.8100 13.3900
-7.4290238689e-01 6.3575776097e-01 -2.5969547415e+00
145 141 138
2 7 157 -161.7300 117.9000 0 259 -150.5500 151.7300
-3.8376601460e-01 -1.0052707198e+00 -2.5796482077e+00
28 51 35
2 7 161 -85.0100 -227.0800 1 216 -114.0300 -184.3000
-2.4839500544e-01 -8.6199511953e-01 -2.7421468475e+00
110 111 106
2 7 169 -53.4400 -189.1600 1 315 -67.5400 -152.8100
6.7501822766e-01 -8.4705013210e-01 -2.8478925971e+00
18 18 14
2 7 171 132.4500 -181.4500 1 220 146.3900 -163.5800
-4.4665245545e-01 -7.3029885245e-01 -2.7574703798e+00
30 41 25
3 7 175 -91.8700 -161.0800 0 216 -64.9900 -122.5800 1 229 -106.6000 -120.6600
-7.7521766217e-03 -4.8652192482e-01 -2.6855315537e+00
205 207 204
3 7 180 -5.9500 -114.9300 0 154 24.1700 -58.1800 1 172 -11.6700 -69.0000
8.0952049058e-02 -4.7431441558e-01 -2.7156869032e+00
214 213 210
2 7 181 13.4300 -111.8200 0 222 41.2100 -54.9500
-4.2277553155e-01 -2.2131481481e-01 -2.6247393533e+00
100 114 107
2 7 192 -93.7100 -61.3600 1 246 -100.1300 -4.5600
8.3677169370e-01 -4.4049691394e-02 -3.1769552408e+00
66 55 44
2 7 197 154.5000 -19.4900 1 188 182.6100 -1.3100
8.6658889479e-01 -9.7402089932e-03 -3.1409060848e+00
175 182 174
2 7 198 161.1400 -13.2600 1 247 189.1400 7.1400
5.7706918407e-01 1.2356048208e-01 -3.0814323662e+00
79 136 67
2 7 201 108.2300 11.0900 1 191 130.1300 37.2700
-2.7417472424e-01 4.7500767549e-01 -2.6922653596e+00
64 51 41
2 7 208 -60.9800 83.4600 0 250 -53.2400 122.3100
-2.6699586581e-01 5.6226733047e-01 -2.6914108528e+00
194 197 191
3 7 210 -59.7500 101.3900 0 351 -53.4200 137.9500 1 266 -47.6500 149.2300
-2.6108786337e-01 6.1350739624e-01 -2.6955466743e+00
150 150 144
3 7 214 -58.8300 112.4300 0 352 -52.1900 145.8800 1 268 -45.8600 158.5900
-1.3029449850e-01 -1.0186380896e+00 -2.5721831279e+00
181 206 205
2 7 222 -32.1900 -231.5800 1 436 -56.4400 -192.4700
-1.3214810733e-01 -9.3256510600e-01 -2.6481173506e+00
40 49 48
2 7 238 -31.5400 -209.0400 1 218 -49.6300 -171.0100
1.0008290249e+00 -8.9259494787e-01 -2.8109082409e+00
60 33 16
2 7 248 200.8800 -191.3300 1 157 224.0300 -179.5300
-1.9502229818e-01 -8.6534962323e-01 -2.7104873348e+00
40 34 10
3 7 249 -43.6700 -190.5000 0 426 -6.0800 -145.2000 1 454 -59.0300 -154.6500
-5.0285287195e-01 -7.5481783511e-01 -2.7420616345e+00
93 155 92
3 7 251 -104.0000 -166.5000 0 214 -76.6100 -128.8100 1 228 -119.8700 -125.1100
-1.5682384639e-01 -5.4912741023e-01 -2.6611976515e+00
208 183 42
3 7 254 -36.6900 -129.0400 0 302 -6.5400 -73.4700 1 326 -47.1800 -81.0200
-1.6373020764e-01 -4.9300243979e-01 -2.6564275519e+00
202 200 194
2 7 256 -38.1600 -117.3600 1 334 -48.1900 -67.9800
-1.6478652151e-01 -3.8182793822e-01 -2.6071959758e+00
205 207 200
3 7 263 -39.9400 -95.7200 0 314 -11.8600 -35.7600 1 242 -49.1500 -40.7100
-1.3945941533e-01 -3.4437510796e-01 -2.6011326627e+00
189 189 194
3 7 265 -34.7500 -87.8600 0 317 -7.2500 -26.7400 1 345 -43.2400 -32.4400
5.0828107000e-02 -3.0703463552e-01 -2.6516978624e+00
81 5 0
2 7 267 6.0500 -78.8700 1 243 2.8800 -27.1700
-5.5905508185e-01 -2.5188890954e-01 -2.5686974647e+00
99 120 97
3 7 269 -123.9800 -69.1000 0 229 -101.4700 -14.6000 1 245 -133.9100 -7.6800
-4.3654912436e-01 -2.5596649483e-01 -2.6298603176e+00
55 75 63
3 7 270 -96.2800 -68.7700 0 320 -73.4400 -16.5500 1 346 -103.1800 -12.1800
-5.1156242608e-01 1.0566555126e-01 -2.6152897791e+00
222 80 135
2 7 293 -118.8400 3.9400 1 372 -105.5600 67.5500
-8.8839488071e-01 2.5198762774e-01 -2.5789320838e+00
110 88 90
2 7 307 -192.0200 37.8400 1 388 -185.2800 95.4800
1.0166893525e+00 7.5361746096e-01 -3.0364246614e+00
203 205 210
2 7 322 191.3600 131.2100 1 267 220.2500 158.9800
-1.3926277554e-01 -5.1189613466e-01 -2.6544070860e+00
42 16 15
2 7 351 -33.3100 -121.5200 1 471 -43.0500 -72.3400
-4.6645159392e-02 -4.5011495465e-01 -2.6615273693e+00
28 28 33
3 7 356 -13.7700 -108.5100 0 450 14.6000 -50.2200 1 474 -20.9700 -59.3400
-8.4346671285e-02 -4.2028889332e-01 -2.6439044633e+00
24 22 23
3 7 359 -22.1500 -102.8100 0 454 6.0400 -43.8600 1 340 -29.7500 -51.6500
2.6327234091e-02 -4.1931279878e-01 -2.6846334071e+00
212 214 208
3 7 361 1.4100 -101.1800 0 666 29.3600 -43.7400 1 477 -3.1000 -53.6200
-7.3170944277e-02 -3.9074709305e-01 -2.6354553759e+00
25 25 24
3 7 362 -19.9500 -96.9400 0 458 7.6400 -36.8500 1 342 -27.1400 -44.7700
-3.1513972203e-02 -3.8476710585e-01 -2.6464926782e+00
30 28 29
3 7 363 -11.0900 -95.4300 0 461 16.2500 -35.3600 1 480 -17.0600 -44.0600
-3.1513972203e-02 -3.8476710585e-01 -2.6464926782e+00
30 28 29
3 7 364 -11.0900 -95.4300 0 462 16.2500 -35.3600 1 481 -17.0600 -44.0600
-2.0694046031e-02 -3.3387750538e-01 -2.6364644958e+00
216 213 211
3 7 368 -8.9500 -84.8700 0 467 17.4500 -24.0900 1 488 -14.4600 -32.2300
5.6721753453e-03 -3.2635224590e-01 -2.6441130366e+00
42 18 15
3 7 369 -3.3900 -83.0000 0 469 22.9000 -22.5500 1 492 -8.1000 -30.9800
5.4560628449e-03 -3.2629213031e-01 -2.6448355134e+00
42 18 15
2 7 370 -3.3900 -83.0000 1 493 -8.1000 -30.9800
7.3138839880e-01 -1.9956252087e-01 -2.3624708536e+00
197 209 209
2 7 375 159.9600 -61.3300 1 1230 165.7500 12.4300
-1.4965299078e-02 6.8828258337e-02 -2.8241697889e+00
108 201 215
2 7 388 -5.6700 0.1200 0 501 6.3100 42.6200
9.0091473844e-01 7.4554737023e-02 -3.1066244160e+00
75 68 52
2 7 390 167.7400 2.5300 0 498 166.6300 40.7400
7.1229278857e-01 2.9415996749e-01 -2.9073093582e+00
110 116 99
2 7 400 137.9600 45.4300 0 705 134.5300 88.7200
-8.0182859902e-01 3.3641989285e-01 -2.5471864424e+00
146 135 141
2 7 403 -177.0500 56.0400 0 526 -161.4900 100.0600
2.6797287012e-01 -8.1570723097e-01 -2.6973466477e+00
125 127 116
2 7 468 52.3200 -182.7200 1 455 47.3700 -149.6100
6.6091213269e-01 -8.1560192498e-01 -2.8391959953e+00
124 137 129
2 7 472 130.7900 -175.2600 1 452 142.4600 -156.2400
-7.0733743958e-01 -7.4338109835e-01 -2.7362603222e+00
172 73 97
3 7 474 -144.4300 -163.9100 0 630 -121.7000 -130.9100 1 627 -161.7200 -119.6900
-5.0247188037e-01 -6.1110899060e-01 -2.7024833047e+00
97 158 106
3 7 480 -105.6100 -139.3300 0 636 -79.9500 -96.5000 1 646 -119.8700 -92.3900
-8.4638397474e-02 -5.0288219626e-01 -2.6671766462e+00
210 215 208
3 7 486 -21.6800 -119.2600 0 651 7.7400 -61.9900 1 473 -29.9300 -71.6500
8.5815061026e-02 -4.9079054912e-01 -2.7200578419e+00
209 214 207
3 7 490 13.9900 -114.8000 0 653 43.1100 -58.5500 1 472 10.8400 -71.9000
1.1037656805e-01 -4.7544621730e-01 -2.7260628008e+00
56 9 5
2 7 492 19.3900 -111.6400 0 654 47.3300 -55.0700
1.0975281332e-01 -4.5584445894e-01 -2.7171822251e+00
55 6 1
3 7 493 19.1500 -107.9800 0 660 46.7700 -50.5600 1 657 16.7200 -64.0400
6.0312692088e-02 -4.4291805929e-01 -2.6955765948e+00
26 25 28
2 7 494 8.8400 -105.9400 0 663 36.5400 -48.0200
6.0624358792e-02 -4.4307054927e-01 -2.6977004340e+00
26 25 28
3 7 495 8.8400 -105.9400 0 664 36.5400 -48.0200 1 661 5.0300 -60.0900
1.0437213869e+00 -5.1710347976e-01 -3.2691447807e+00
24 23 20
2 7 498 189.0000 -103.2100 1 466 224.0200 -100.6800
-5.0904744994e-02 -3.9808964339e-01 -2.6463940479e+00
201 204 193
3 7 504 -15.0400 -98.0400 0 671 12.5600 -38.4800 1 478 -21.8300 -47.1400
-1.1154194483e-01 -3.9036796884e-01 -2.6244868312e+00
27 30 34
3 7 506 -28.3800 -97.0700 0 673 -0.3100 -37.1300 1 678 -36.3500 -43.9200
-9.6489720160e-03 -3.9139282672e-01 -2.6517232164e+00
215 219 212
2 7 507 -6.2000 -96.5800 0 674 21.0100 -36.6500
-8.9877573369e-03 -3.9201973338e-01 -2.6580610847e+00
215 219 212
3 7 508 -6.2000 -96.5800 0 675 21.0100 -36.6500 1 479 -11.5300 -46.7000
1.0631696381e-01 -3.6226692692e-01 -2.6866283209e+00
57 6 1
2 7 510 18.1300 -89.4900 1 681 15.9900 -41.6000
-8.6273131763e-02 -3.4237496278e-01 -2.6193868324e+00
207 212 208
2 7 513 -23.1300 -87.0300 1 685 -30.2500 -32.8500
-8.6303638782e-02 -3.4203166088e-01 -2.6184479368e+00
207 212 208
3 7 514 -23.1300 -87.0300 0 677 3.9100 -26.1800 1 686 -30.2500 -32.8500
-5.5648097131e-01 -3.3637715320e-01 -2.5921552638e+00
39 53 39
2 7 515 -122.5600 -86.1300 1 691 -133.6000 -27.3600
8.0385091329e-02 -3.4036508028e-01 -2.6755682140e+00
243 41 29
3 7 516 12.6100 -85.0900 0 679 38.5300 -25.7000 1 485 9.8700 -35.9600
8.0030960578e-02 -3.3998492981e-01 -2.6758077619e+00
243 41 29
2 7 517 12.6100 -85.0900 1 486 9.8700 -35.9600
3.2603503166e-02 -3.2607838847e-01 -2.6500483620e+00
239 43 42
3 7 522 2.4300 -82.9000 0 681 28.3200 -22.1600 1 690 -1.6900 -31.3700
7.8293351514e-02 -3.1702809231e-01 -2.6673119627e+00
241 43 35
3 7 525 12.1200 -80.4400 0 682 37.4200 -19.9800 1 491 9.4600 -30.8300
7.8188605773e-02 -3.1609188825e-01 -2.6637141941e+00
241 43 35
2 7 526 12.1200 -80.4400 0 683 37.4200 -19.9800
9.6567180450e-02 -3.0069218245e-01 -2.6642058562e+00
56 9 0
2 7 529 15.8700 -77.1600 0 684 40.9200 -16.5200
1.0543408493e+00 2.8050341892e-01 -3.1839546545e+00
52 52 49
2 7 556 193.2300 40.0900 0 919 181.6100 71.8300
2.4474957141e-01 4.2163619853e-01 -2.7309617452e+00
96 139 78
2 7 562 45.9300 73.2700 0 939 49.3700 117.7800
6.4889442616e-01 4.6638615593e-01 -2.8714050703e+00
211 225 223
2 7 567 125.9300 79.9800 0 710 119.1300 119.6100
-7.7248386963e-01 5.3119360585e-01 -2.5781957109e+00
42 24 20
2 7 574 -169.1800 96.6100 0 719 -155.9800 134.0700
-7.9171401359e-01 5.6657376472e-01 -2.6014084367e+00
99 80 78
2 7 579 -171.7800 103.2700 0 721 -159.2900 137.8400
-1.1093148953e-01 6.8734400590e-01 -2.7077910839e+00
141 140 135
3 7 585 -27.6000 127.4500 0 725 -24.8700 159.4500 1 740 -13.9600 172.7600
2.7175418208e+00 2.0612157767e+00 -6.2426824477e+00
119 113 127
2 7 590 289.2700 200.7100 0 529 215.6100 126.5600
9.9215981990e-01 -1.1078776509e+00 -2.9196715590e+00
182 189 182
2 7 601 193.7900 -226.8600 1 570 218.7800 -230.8900
-1.0993909313e-01 -8.8921262206e-01 -2.7070883425e+00
61 38 1
3 7 627 -25.5000 -196.1100 0 808 12.4200 -148.2000 1 813 -40.8000 -161.4200
2.1159763573e+00 -1.3800168332e+00 -4.9518015471e+00
83 79 81
2 7 635 276.6400 -178.0700 0 980 285.2200 -202.6900
-4.9333570614e-01 -7.8532048323e-01 -2.7544993411e+00
41 74 49
3 7 636 -101.3600 -172.0600 0 816 -73.9500 -135.4600 1 836 -117.5900 -132.2400
-6.8685711881e-01 -7.6296613674e-01 -2.7428065847e+00
154 30 59
2 7 638 -140.0200 -167.5400 1 840 -157.5100 -124.4700
-6.9529640675e-01 -6.8991449767e-01 -2.7252982206e+00
154 30 60
2 7 642 -142.9900 -153.8100 0 632 -120.1300 -118.6300
1.6097955176e+00 -1.1756727644e+00 -5.1191560742e+00
99 85 91
2 7 647 209.3600 -149.2900 1 578 276.4700 -222.7200
1.6097955176e+00 -1.1756727644e+00 -5.1191560742e+00
99 85 91
2 7 649 209.3600 -149.2900 1 579 276.4700 -222.7200
-5.1348378848e-01 -6.3375035351e-01 -2.7040546742e+00
107 164 113
2 7 652 -107.6800 -143.7800 1 859 -122.5900 -97.4400
8.3944921707e-02 -5.9513788094e-01 -2.7559392212e+00
153 121 119
3 7 657 14.3200 -134.9900 0 835 44.4400 -81.5900 1 862 10.5000 -96.5800
-7.1452769365e-01 -4.9721833893e-01 -2.6494812569e+00
149 42 81
3 7 666 -151.2500 -117.7200 0 839 -129.5000 -74.6700 1 890 -164.9100 -63.6000
-4.1727341568e-02 -4.9354683344e-01 -2.6824299317e+00
21 20 16
3 7 668 -12.5400 -116.6800 0 842 16.6900 -60.0700 1 880 -19.5400 -70.2300
-4.1715474762e-02 -4.9328361242e-01 -2.6817278052e+00
21 20 16
3 7 669 -12.5400 -116.6800 0 843 16.6900 -60.0700 1 654 -19.5600 -70.0400
-8.7939278910e-02 -4.7321694939e-01 -2.6619843992e+00
208 209 200
3 7 671 -22.4900 -113.2800 0 849 6.3900 -55.8300 1 885 -30.4600 -64.4300
3.9337970313e-02 -4.7527529483e-01 -2.7060529763e+00
19 16 16
2 7 672 4.6000 -112.2500 1 655 0.0600 -67.4200
3.9337970313e-02 -4.7527529483e-01 -2.7060529763e+00
19 16 16
2 7 673 4.6000 -112.2500 1 656 0.0600 -67.4200
-5.9125236330e-02 -4.6823211225e-01 -2.6653013805e+00
212 217 212
3 7 674 -16.4300 -112.1400 0 850 12.4000 -54.3300 1 887 -23.7900 -63.6400
-5.9125236330e-02 -4.6823211225e-01 -2.6653013805e+00
212 217 212
3 7 675 -16.4300 -112.1400 0 851 12.4000 -54.3300 1 888 -23.7900 -63.6400
-7.7430358298e-02 -4.5974985166e-01 -2.6584826005e+00
18 17 23
3 7 677 -20.3500 -110.6300 0 655 8.3200 -52.7000 1 659 -28.0800 -61.2100
-7.7430358298e-02 -4.5974985166e-01 -2.6584826005e+00
18 17 23
3 7 678 -20.3500 -110.6300 0 656 8.3200 -52.7000 1 660 -28.0800 -61.2100
1.7445957370e+00 -8.9156622103e-01 -5.4287060493e+00
122 118 123
2 7 681 216.3200 -109.3300 1 782 287.1800 -182.9600
2.4671446863e-02 -4.5773271236e-01 -2.6872815182e+00
214 214 207
3 7 682 1.2000 -109.2600 0 854 29.6400 -51.3200 1 658 -3.7300 -62.7800
-1.2439134974e-01 -4.4892508768e-01 -2.6404051133e+00
211 211 203
2 7 684 -30.5700 -108.8200 0 855 -1.7000 -50.7200
-1.6346474195e-02 -4.4904394189e-01 -2.6746237027e+00
17 21 24
3 7 687 -7.4400 -107.8800 0 857 20.8900 -49.8600 1 896 -13.4000 -59.9300
-9.4306794610e-02 -4.4371883327e-01 -2.6489466490e+00
209 215 208
3 7 688 -24.1100 -107.4300 0 858 4.5800 -49.3300 1 900 -32.2200 -57.1000
-9.4306794610e-02 -4.4371883327e-01 -2.6489466490e+00
209 215 208
3 7 689 -24.1100 -107.4300 0 859 4.5800 -49.3300 1 901 -32.2200 -57.1000
-9.4822478505e-03 -4.3276371149e-01 -2.6739061773e+00
221 224 220
3 7 691 -6.1000 -104.3800 0 863 22.1000 -46.3500 1 903 -11.7400 -56.3100
5.8716770536e-02 -4.2436113943e-01 -2.6896937509e+00
215 222 219
3 7 698 7.9100 -102.3100 0 667 36.0100 -43.8300 1 669 4.7200 -55.5100
9.3043801011e-02 -4.1737475735e-01 -2.7034020995e+00
216 219 215
3 7 699 15.5200 -100.3400 0 869 42.6700 -42.4300 1 905 12.8400 -54.7300
-9.6806632684e-02 -4.0005194425e-01 -2.6328089553e+00
213 220 213
3 7 702 -25.0800 -98.8800 0 872 3.0000 -39.2600 1 909 -32.7600 -46.5800
2.9665178405e-02 -3.8312658587e-01 -2.6679033523e+00
224 227 223
3 7 704 2.0000 -94.3800 0 873 28.9300 -34.7800 1 676 -2.3400 -45.1500
2.9665178405e-02 -3.8312658587e-01 -2.6679033523e+00
224 227 223
3 7 705 2.0000 -94.3800 0 874 28.9300 -34.7800 1 677 -2.3400 -45.1500
-9.7422327118e-02 -3.7201302988e-01 -2.6214795411e+00
207 211 206
2 7 707 -25.5700 -93.1700 0 876 2.5100 -33.0600
7.7542873536e-02 -3.6309438403e-01 -2.6783120973e+00
26 19 16
3 7 712 11.9500 -89.8800 0 879 38.3600 -30.2200 1 682 9.2200 -41.4000
1.8285491186e+00 -7.3476944220e-01 -5.5860096103e+00
138 126 130
2 7 713 221.3200 -89.0600 1 808 294.0100 -163.0800
-3.1186668725e-02 -3.3519695045e-01 -2.6334919651e+00
206 214 208
2 7 717 -11.4300 -85.2500 1 687 -16.8800 -32.1600
2.7248392096e+00 -6.8134623934e-01 -5.7884243833e+00
58 57 58
2 7 719 312.0500 -79.7200 0 1069 292.0100 -118.3700
7.3630787080e-01 5.3909214667e-02 -2.9763568017e+00
117 128 100
3 7 747 141.4100 -1.9700 0 905 143.3300 42.9200 1 707 163.3100 29.7100
7.0730843025e-01 1.0094510890e-01 -2.9429911197e+00
163 176 162
3 7 750 136.3200 7.3600 0 912 138.4200 52.7400 1 710 157.2400 41.3200
7.1564562173e-01 1.2966905837e-01 -2.9216364103e+00
192 204 195
3 7 751 138.5500 13.1200 0 1200 139.9900 59.2900 1 950 159.0800 48.5300
6.6316974008e-01 4.1341499444e-01 -2.8761326635e+00
171 183 169
3 7 760 128.9300 69.5100 0 934 123.2600 110.3000 1 724 148.4300 108.5200
-3.9556179485e-02 4.4743857069e-01 -2.7399353109e+00
153 141 132
2 7 763 -12.5000 77.6400 0 935 -6.1600 116.8700
-3.9556179485e-02 4.4743857069e-01 -2.7399353109e+00
153 141 132
2 7 764 -12.5000 77.6400 0 936 -6.1600 116.8700
2.1351822948e-01 4.4444527411e-01 -2.7297210069e+00
28 36 45
3 7 765 39.6800 77.9700 0 942 42.7700 121.2100 1 967 50.7800 125.7800
2.0514870265e-01 4.6540099260e-01 -2.7326570721e+00
163 177 185
2 7 768 37.8200 82.0600 0 944 40.4400 124.7000
-7.1554480952e-02 4.8928916517e-01 -2.7208390895e+00
123 118 115
2 7 769 -19.3600 86.5500 0 945 -13.2200 125.4100
-7.5931359608e-01 4.8090962461e-01 -2.5668924046e+00
58 36 32
2 7 771 -167.2600 86.4400 0 713 -153.0900 126.1200
-2.7681951145e-01 5.2519997961e-01 -2.6823348719e+00
88 80 76
2 7 777 -62.3600 94.3300 1 1302 -51.0000 142.9400
-2.7140927943e-01 6.0756149443e-01 -2.6912971170e+00
136 133 125
2 7 780 -60.9700 111.0500 1 978 -47.9800 157.6200
-7.4700385126e-01 6.6232008567e-01 -2.5901533515e+00
136 122 126
2 7 781 -163.4400 123.8600 0 952 -151.3600 156.8600
-2.8635430930e-01 -9.6289839716e-01 -2.6164007978e+00
16 16 15
3 7 815 -63.8100 -216.5600 0 1019 -24.8500 -167.5200 1 1071 -87.8600 -175.6900
-3.3615793561e-01 -9.0328689810e-01 -2.6187680510e+00
153 184 220
2 7 824 -74.2700 -203.8700 1 1085 -97.5300 -160.5500
1.1661169619e-01 -8.6795284179e-01 -2.6716629549e+00
169 189 85
3 7 838 20.6600 -194.5100 0 1056 61.7800 -136.7500 1 1086 9.9100 -159.8700
1.4296158921e-01 -7.6890753720e-01 -2.8328158507e+00
215 188 78
2 7 881 26.8900 -166.3600 1 835 24.2200 -138.3400
-4.0875359487e-01 -6.9838061595e-01 -2.7647897209e+00
89 126 90
3 7 888 -84.3700 -154.5300 0 1079 -57.3700 -114.9900 1 846 -97.3300 -114.2500
-4.9663346104e-01 -6.2625017183e-01 -2.7044958002e+00
23 70 32
3 7 899 -104.4900 -142.5700 0 1085 -78.4700 -99.7000 1 1145 -118.5600 -95.6800
-5.5834646223e-02 -6.1573793697e-01 -2.7155810003e+00
156 115 107
3 7 900 -14.6800 -140.5500 0 1098 16.4000 -87.6400 1 852 -23.0300 -98.7700
-3.2559205770e-02 -6.1136221738e-01 -2.7202206438e+00
167 128 128
3 7 902 -9.9400 -139.5100 0 1104 21.1700 -86.2700 1 855 -17.4700 -98.2100
-1.1385112703e-02 -6.0802996496e-01 -2.7248582364e+00
168 133 128
3 7 903 -5.5000 -138.6700 0 1105 25.4700 -85.2600 1 854 -12.4800 -97.7900
-4.8419116042e-01 -6.0468007848e-01 -2.7045232569e+00
28 60 28
3 7 906 -101.9800 -138.1000 0 1087 -76.1200 -94.7200 1 869 -115.6000 -91.1900
4.5359421448e-02 -5.9981821000e-01 -2.7403379373e+00
165 133 134
3 7 910 6.2000 -136.4300 0 1109 36.9800 -82.8800 1 860 1.0800 -96.8700
1.0473923405e-01 -5.9179101389e-01 -2.7592787713e+00
178 140 137
3 7 913 18.5500 -134.1100 0 836 48.7000 -80.5800 1 863 15.2700 -96.1600
-1.0170223492e-01 -4.8561595129e-01 -2.6602427781e+00
28 25 24
2 7 931 -25.4100 -115.8800 1 882 -33.8800 -66.8900
9.8309150195e-02 -4.8995919849e-01 -2.7270064764e+00
212 218 212
3 7 935 16.9600 -114.5300 0 1123 45.2200 -58.3200 1 879 13.9200 -72.0600
-2.7100218383e-02 -4.6306339647e-01 -2.6747768106e+00
213 215 211
3 7 939 -9.6500 -110.7400 0 852 19.0100 -53.0300 1 891 -16.0700 -63.0600
-2.3978567236e-03 -4.5862865212e-01 -2.6796957883e+00
209 212 210
2 7 942 -4.3500 -109.6700 0 1128 24.0400 -51.9000
-2.3978567236e-03 -4.5862865212e-01 -2.6796957883e+00
209 212 210
2 7 943 -4.3500 -109.6700 0 1129 24.0400 -51.9000
-6.9423296922e-02 -4.4152499246e-01 -2.6571075740e+00
210 211 210
3 7 946 -18.7500 -106.8100 0 1130 9.6700 -48.7000 1 902 -26.1100 -57.0700
9.6447608966e-02 -4.4371589962e-01 -2.7104521435e+00
178 183 176
2 7 951 16.3800 -105.6200 0 1131 43.8800 -48.1300
9.6718077786e-02 -4.4398026836e-01 -2.7125371613e+00
178 183 176
3 7 952 16.3800 -105.6200 0 1132 43.8800 -48.1300 1 1162 13.7400 -61.1800
-3.0639439372e-02 -4.3731853894e-01 -2.6669725929e+00
217 216 214
3 7 953 -10.5400 -105.6200 0 1133 17.7400 -47.4700 1 904 -16.8600 -56.8000
4.3190288685e-02 -4.3855823426e-01 -2.6914843024e+00
25 16 23
3 7 954 5.1700 -105.1500 0 861 32.9300 -47.2400 1 897 0.8500 -58.6600
4.3190288685e-02 -4.3855823426e-01 -2.6914843024e+00
25 16 23
3 7 955 5.1700 -105.1500 0 862 32.9300 -47.2400 1 898 0.8500 -58.6600
2.9695039544e-03 -4.2119086867e-01 -2.6742623362e+00
62 63 59
2 7 960 -3.5500 -101.9800 0 1136 24.4600 -43.8100
2.9695039544e-03 -4.2119086867e-01 -2.6742623362e+00
62 63 59
2 7 961 -3.5500 -101.9800 0 1135 24.4600 -43.8100
-1.4682732248e-03 -3.4228868125e-01 -2.6497139412e+00
52 15 13
2 7 980 -4.7800 -86.2500 1 921 -9.6500 -34.7600
2.3749043680e-02 -3.4303714639e-01 -2.6553681355e+00
113 15 9
3 7 981 0.4800 -86.2500 0 1151 26.9700 -26.1100 1 1183 -3.6800 -35.4500
2.3749043680e-02 -3.4303714639e-01 -2.6553681355e+00
113 15 9
3 7 982 0.4800 -86.2500 0 1152 26.9700 -26.1100 1 1184 -3.6800 -35.4500
-1.4591029244e-01 -3.3519639361e-01 -2.5958082966e+00
19 18 19
3 7 983 -36.2400 -86.2200 0 1156 -8.9700 -24.7600 1 926 -44.6900 -29.8400
-1.4591029244e-01 -3.3519639361e-01 -2.5958082966e+00
19 18 19
3 7 984 -36.2400 -86.2200 0 1155 -8.9700 -24.7600 1 927 -44.6900 -29.8400
5.1902345915e-02 -3.3828607949e-01 -2.6625216480e+00
72 9 5
3 7 985 6.4700 -85.0200 0 1154 32.6900 -24.9400 1 920 3.0000 -34.9100
9.7995382529e-02 -3.2996292882e-01 -2.6792741507e+00
113 6 4
3 7 986 16.2400 -82.8600 0 1158 41.8100 -23.2900 1 922 14.2200 -33.9900
9.7995382529e-02 -3.2996292882e-01 -2.6792741507e+00
113 6 4
3 7 987 16.2400 -82.8600 0 1159 41.8100 -23.2900 1 923 14.2200 -33.9900
2.4440513353e+00 -6.9460166825e-01 -5.7541558245e+00
66 59 65
2 7 988 283.0700 -81.7300 0 1067 265.6300 -123.1200
2.4440513353e+00 -6.9460166825e-01 -5.7541558245e+00
66 59 65
2 7 989 283.0700 -81.7300 0 1068 265.6300 -123.1200
-1.1713744544e-02 -3.1927140216e-01 -2.6327034890e+00
216 213 209
2 7 990 -7.3000 -81.8800 1 1187 -12.3400 -28.6700
4.5753165633e-01 -3.0368930317e-01 -2.5716111510e+00
106 179 86
2 7 993 93.5000 -79.8500 1 1200 95.4800 -24.8300
1.8700117688e+00 -6.5623148255e-01 -5.6685633371e+00
125 112 114
2 7 994 223.5900 -79.2100 1 1103 297.0400 -153.6000
5.0040232081e-02 -3.0616211867e-01 -2.6544903154e+00
100 7 0
2 7 995 6.1400 -78.5000 1 929 2.6300 -27.2000
-7.2336034206e-01 -2.9837800517e-01 -2.5814321258e+00
84 170 186
2 7 996 -157.6900 -78.3300 0 1149 -136.2100 -28.9500
1.9443719464e+00 -6.3082832230e-01 -5.6935724853e+00
137 126 132
2 7 997 231.0000 -76.0600 1 820 305.8800 -150.9100
1.9264791130e+00 -5.3259558831e-01 -5.7852235098e+00
123 111 117
2 7 1006 226.4100 -64.3600 1 833 300.8800 -139.1200
1.9017389540e+00 -5.0755596081e-01 -5.8079904253e+00
93 79 83
2 7 1008 223.1300 -61.4400 1 1125 297.1000 -136.0900
-3.7032445787e-01 -1.7693181953e-01 -2.6352223646e+00
193 208 198
3 7 1013 -82.2500 -51.9200 0 1172 -60.6300 0.5900 1 1221 -87.4300 4.2800
8.4932566377e-01 -2.4855790053e-02 -3.1826171234e+00
75 75 60
2 7 1028 156.4200 -16.0200 1 935 185.3200 2.1900
4.7551287176e-01 2.2698879003e-02 -3.0804074117e+00
61 105 14
2 7 1034 89.2600 -7.9600 1 941 108.8900 17.9400
9.7326605627e-01 4.8560102025e-02 -3.1319166232e+00
213 218 213
2 7 1036 181.1300 -2.3600 1 942 211.5200 18.8100
8.3156455895e-01 1.4109506965e-01 -3.0762458992e+00
93 91 80
2 7 1044 155.9700 14.8200 0 911 153.4900 52.7900
1.0135041633e+00 2.3726313776e-01 -3.1253769093e+00
177 172 176
2 7 1052 188.6600 32.7500 1 951 219.5500 55.7800
6.2569198806e-01 3.6146416521e-01 -2.9128986025e+00
138 155 138
2 7 1059 120.6600 58.4800 1 1263 140.4800 95.1500
6.4830803828e-01 4.0061646012e-01 -2.8806764084e+00
210 224 216
3 7 1062 125.9200 66.8000 0 1218 120.7200 107.4900 1 1270 145.2700 105.7200
6.3560377428e-01 4.1216946297e-01 -2.8831176190e+00
162 179 161
3 7 1065 123.2600 69.0700 0 933 118.0200 109.2900 1 957 142.5900 107.4800
-8.3443888461e-01 4.3611259120e-01 -2.6185586974e+00
84 71 71
2 7 1070 -179.1000 75.4300 0 1221 -166.5100 111.7200
-7.4046653833e-01 4.8533210679e-01 -2.5504840298e+00
140 120 117
3 7 1078 -164.0500 88.1500 0 1233 -149.6400 128.4200 1 1304 -152.8600 144.4100
6.1787019929e-01 5.6655405385e-01 -2.7833332627e+00
129 146 128
3 7 1088 121.7400 102.4000 0 1241 113.6900 143.3100 1 976 138.9700 146.4600
6.0568917666e-01 5.9558234278e-01 -2.7401999650e+00
160 171 158
2 7 1091 120.2200 109.7200 1 1308 136.2000 155.9600
1.9411517016e+00 -5.6135221527e-01 -5.7790758884e+00
126 116 121
2 8 809 277.3000 34.2400 1 832 303.0300 -142.6800
1.1825898798e-01 -6.0457234988e-01 -2.7690728607e+00
91 25 8
3 8 1024 42.8800 -139.4600 0 641 51.5500 -83.3500 1 641 18.4200 -99.3900
-1.2004093103e-03 -5.0421021386e-01 -2.6989243793e+00
214 215 216
3 8 1048 19.0600 -127.4200 0 1122 25.3700 -62.3300 1 878 -9.8100 -73.3300
-1.7512631209e-01 -4.5897422007e-01 -2.6895486251e+00
185 151 131
2 0 18 -12.7700 -56.1100 1 21 -47.8200 -61.4800
-3.6581693522e-01 3.7077590977e-01 -2.7096160151e+00
234 239 242
2 0 22 -68.7900 99.7900 1 32 -70.0700 111.0300
-3.6581693522e-01 3.7077590977e-01 -2.7096160151e+00
234 239 242
2 0 23 -68.7900 99.7900 1 33 -70.0700 111.0300
5.9548930212e-02 -9.0214249100e-01 -2.6879890709e+00
100 76 20
2 0 28 49.7300 -146.2000 1 18 -3.1200 -167.1200
4.2558069506e-01 2.8726916306e-01 -2.7462269270e+00
101 4 0
2 0 64 87.3500 96.3800 1 51 95.7400 92.8100
-1.2689355268e-01 4.4019641792e-01 -2.7564635468e+00
107 95 79
2 0 65 -22.9800 112.1100 1 75 -18.5000 121.6200
-4.6909838842e-01 -4.8739021596e-01 -2.6713989285e+00
43 42 40
2 0 78 -75.3400 -68.2400 1 88 -112.4000 -64.1900
-6.1717303245e-01 -2.1387760573e-01 -2.5758399823e+00
18 20 17
2 0 83 -113.9200 -9.2700 1 127 -144.4200 1.1500
1.0928249192e-01 6.2356490059e-02 -2.8975355403e+00
123 188 100
2 0 87 29.5100 38.6900 1 70 30.1600 37.1700
-1.2266616028e-01 5.5413540837e-01 -2.7440317844e+00
180 185 180
2 0 94 -24.5200 133.5000 1 105 -16.4100 144.0100
3.5752170280e-01 6.2573404185e-01 -2.8412353225e+00
39 35 26
2 0 96 62.6300 143.9500 1 107 85.1600 151.2900
-4.6707353610e-01 -1.0179044137e+00 -2.5522094103e+00
31 38 40
2 0 103 -65.4500 -184.7300 1 110 -135.0600 -185.3100
-2.1399015257e-01 5.1361775574e-01 -2.7186624119e+00
188 191 182
2 0 129 -41.4300 127.3000 1 144 -36.6200 138.0800
-4.4514076562e-01 -6.0952078185e-01 -2.7273194302e+00
41 35 32
2 0 150 -67.2100 -95.8400 1 168 -105.7900 -93.1300
-5.1156099607e-01 -2.8000014593e-01 -2.5852827554e+00
78 91 73
2 0 160 -89.6600 -20.7800 1 183 -123.3200 -14.8100
-1.6096341615e-01 -2.5831322997e-01 -2.5782610340e+00
190 117 74
2 0 165 -13.8300 -8.0600 1 184 -47.7000 -11.5500
-1.6096341615e-01 -2.5831322997e-01 -2.5782610340e+00
190 117 74
2 0 166 -13.8300 -8.0600 1 185 -47.7000 -11.5500
-1.6859202881e-01 3.7431898685e-01 -2.8140213742e+00
230 240 240
2 0 184 -29.8900 95.4400 1 138 -25.0700 103.7400
-7.9242522780e-03 -8.4838891080e-01 -2.6583041942e+00
232 234 77
2 0 211 34.0500 -135.2300 1 163 -19.3400 -153.0000
-6.4844154104e-01 -1.6378300632e-01 -2.5735966227e+00
101 173 192
2 0 231 -121.7300 1.3600 1 248 -149.5900 11.3900
2.6707606993e-01 1.4226670850e-01 -2.7738989995e+00
32 58 20
2 0 242 60.4400 64.1800 1 254 60.5000 61.9800
-6.5575221786e-03 -9.8960324460e-01 -2.5876086322e+00
176 137 71
2 0 283 40.0000 -165.9000 1 212 -25.5900 -187.5300
-6.5575221786e-03 -9.8960324460e-01 -2.5876086322e+00
176 137 71
2 0 284 40.0000 -165.9000 1 213 -25.5900 -187.5300
-4.9311435785e-01 -5.5495708195e-01 -2.6878309528e+00
44 39 35
2 0 297 -79.1400 -83.6600 1 327 -117.6200 -79.6200
1.0268186418e+00 -5.5560141571e-01 -3.3235888141e+00
113 104 97
2 0 300 197.2100 -74.5300 1 232 219.4700 -109.5700
-4.3775074178e-01 -1.8895180408e-01 -2.6102086647e+00
89 100 88
2 0 323 -74.9300 -1.6600 1 350 -103.6700 3.2100
-4.2467932153e-01 -1.0085663754e-01 -2.6718818263e+00
175 188 202
2 0 327 -73.0400 12.4900 1 358 -94.3600 18.3400
-9.5248072939e-01 1.0719463666e+00 -5.1373667092e+00
199 207 174
2 0 332 -131.4800 48.9100 1 373 -42.5100 71.1500
-9.5248072939e-01 1.0719463666e+00 -5.1373667092e+00
199 207 174
2 0 333 -131.4800 48.9100 1 374 -42.5100 71.1500
2.9013450488e-01 2.2403426029e-01 -2.7893917083e+00
88 0 0
2 0 338 62.1500 78.5400 1 256 66.6800 77.1600
-6.2221425219e-01 2.1728004857e-01 -2.5495062393e+00
228 233 239
2 0 340 -122.1200 81.0900 1 536 -136.2600 91.5000
-1.9181172700e-01 3.5296879424e-01 -2.8759337066e+00
230 130 162
2 0 344 -33.9900 86.6400 1 387 -26.9400 94.6000
5.2054249784e-01 -1.0909822832e+00 -2.5813812065e+00
144 147 135
2 0 403 162.0400 -174.8300 1 285 103.6900 -223.7600
2.1242774616e-01 -1.0350089523e+00 -2.5660655987e+00
41 48 46
2 0 407 91.9000 -170.4700 1 429 25.7700 -203.1400
5.7171136613e-01 -1.0631556735e+00 -2.6080284032e+00
148 151 140
2 0 411 170.3200 -166.8500 1 208 117.6200 -217.4800
-6.0707409157e-02 -9.8666208564e-01 -2.5923948852e+00
58 65 66
2 0 412 27.5600 -166.8900 1 300 -38.0900 -185.6100
1.2136295572e-01 -9.6175177777e-01 -2.6196331866e+00
44 57 57
2 0 420 67.1200 -156.7800 1 302 7.1400 -182.6600
-2.4898165145e-02 -9.2159738196e-01 -2.6681880800e+00
100 111 99
2 0 424 32.4200 -152.8800 1 448 -24.1100 -169.7900
-6.4884770939e-01 -3.5705705598e-01 -2.6373516059e+00
180 174 131
2 0 456 -117.3400 -42.8200 1 489 -149.0200 -33.2400
-6.6653935109e-01 -2.1657071881e-01 -2.5850165400e+00
204 110 127
2 0 472 -124.6800 -10.5200 1 508 -153.6100 -0.6800
-6.0754677042e-01 -1.5268717186e-01 -2.5914501543e+00
145 188 192
2 0 477 -112.6000 3.5700 1 353 -139.3700 12.4100
-5.1752127490e-01 -1.0544498975e-01 -2.6231567865e+00
180 82 112
2 0 481 -93.3000 12.8600 1 513 -117.1900 20.4800
-3.6816149212e-01 -8.8015661321e-02 -2.6916056863e+00
190 182 195
2 0 483 -61.2600 14.8000 1 359 -81.1000 19.8200
-3.9829746843e-01 -7.3948633682e-02 -2.6724146003e+00
202 101 131
2 0 484 -67.9700 18.2100 1 361 -88.3300 23.9900
9.1146447897e-01 4.1519340502e-02 -3.1221612720e+00
205 207 200
2 0 494 168.2300 34.4600 1 356 198.9800 18.3500
9.1146447897e-01 4.1519340502e-02 -3.1221612720e+00
205 207 200
2 0 495 168.2300 34.4600 1 357 198.9800 18.3500
6.4750475864e-01 3.5018337336e-01 -2.9002742423e+00
123 133 110
2 0 524 121.4400 97.5500 1 537 145.1300 94.1800
-6.8056128829e-01 3.1357740688e-01 -2.5293418220e+00
158 167 159
2 0 525 -136.1000 99.4400 1 727 -147.1600 113.1300
-1.7622140899e-01 5.3829664687e-01 -2.7420374742e+00
190 200 196
2 0 532 -34.4900 129.7700 1 551 -27.5000 141.1800
2.2741218406e-01 6.2583236660e-01 -2.7592333611e+00
169 180 173
2 0 537 40.4500 148.5400 1 200 56.3700 159.3000
-4.8864943219e-01 -1.1114869336e+00 -2.4765185543e+00
106 126 124
2 0 568 -69.4000 -207.6300 1 587 -149.6400 -208.5800
-4.8521928430e-01 -6.4667245622e-01 -2.7170738519e+00
50 69 45
2 0 635 -75.3400 -104.1600 1 639 -115.7300 -100.8500
-4.0020064193e-01 -5.5520160985e-01 -2.7299408109e+00
26 25 16
2 0 643 -58.7500 -82.9200 1 325 -94.9700 -82.1900
-1.6738110500e-01 -1.4803878773e-01 -2.7324791342e+00
197 198 182
2 0 689 -18.5100 4.6000 1 699 -37.9200 4.1600
4.2780091751e-01 2.5602479750e-01 -2.8216391342e+00
118 17 12
2 0 704 86.5100 83.9000 1 528 97.0700 81.4000
2.9701439980e-01 -1.1400341959e+00 -2.4666879473e+00
153 170 169
2 0 765 119.4400 -191.7700 1 752 41.7300 -234.4900
-1.0890526784e-01 -8.9027153223e-01 -2.6988286670e+00
41 33 3
2 0 809 12.4200 -148.2000 1 814 -40.8000 -161.4200
2.6269374721e-02 -8.4518857903e-01 -2.6804479028e+00
61 64 22
2 0 817 40.9400 -134.1100 1 620 -10.2100 -153.0200
2.7529095670e-02 -6.0409904164e-01 -2.7342783312e+00
166 120 114
2 0 832 33.3600 -83.9900 1 856 -3.3000 -97.4400
2.7529095670e-02 -6.0409904164e-01 -2.7342783312e+00
166 120 114
2 0 833 33.3600 -83.9900 1 857 -3.3000 -97.4400
-1.0258706286e-01 -4.8480987979e-01 -2.6645117403e+00
13 14 9
2 0 847 3.6200 -58.9100 1 883 -33.8800 -66.8900
-1.2646601290e-01 -4.0301733779e-01 -2.6255893301e+00
218 220 217
2 0 871 -3.2100 -40.2100 1 911 -39.9300 -46.7300
-3.5988323329e-01 -2.7324420997e-01 -2.0793186016e+00
136 193 208
2 0 899 -60.5600 18.6000 1 704 -135.8300 17.2700
-6.4281137469e-01 3.4133189633e-01 -2.5122271265e+00
230 228 233
2 0 932 -128.8700 106.8600 1 1280 -140.3900 120.5500
-6.7044797156e-01 -7.8299711165e-01 -2.7548899357e+00
200 76 115
2 0 1053 -112.5400 -139.1100 1 838 -153.5200 -129.1900
1.3343619537e-01 -8.7118824256e-01 -2.6687988051e+00
184 202 85
2 0 1055 65.4000 -136.9600 1 1084 13.7400 -160.8100
3.2287571010e-01 -8.7372071111e-01 -2.6960330579e+00
27 45 0
2 0 1058 105.5800 -133.9200 1 803 59.5700 -163.9700
7.9914778273e-02 -8.4852288750e-01 -2.6751501437e+00
217 235 127
2 0 1059 52.8700 -133.4200 1 817 1.8800 -154.5600
-4.3065956594e-01 -7.0915097272e-01 -2.7597405574e+00
82 117 74
2 0 1073 -61.7700 -118.0300 1 844 -102.5200 -115.8700
9.9338729023e-01 -7.3859114164e-01 -2.6809954418e+00
105 136 60
2 0 1094 240.1900 -87.3200 1 1117 227.0900 -139.9300
1.0122210238e+00 -7.3567826406e-01 -2.6820825451e+00
97 127 56
2 0 1101 243.7700 -86.3300 1 1119 231.8800 -139.4000
1.7690684167e-02 -5.9304537861e-01 -2.7255307740e+00
22 19 17
2 0 1110 31.1100 -81.4300 1 866 -5.7200 -94.7100
1.0376530745e+00 -5.3300532680e-01 -3.3174968478e+00
95 82 74
2 0 1118 198.8300 -70.7700 1 849 221.7600 -104.4400
1.6146871479e-02 -3.9348365306e-01 -2.6705685185e+00
53 53 55
2 0 1139 26.2600 -37.0100 1 1173 -5.4400 -47.8800
1.6146871479e-02 -3.9348365306e-01 -2.6705685185e+00
53 53 55
2 0 1140 26.2600 -37.0100 1 1174 -5.4400 -47.8800
-1.3853705119e-01 -3.8032009235e-01 -2.6044937853e+00
213 214 214
2 0 1142 -6.2000 -34.5900 1 1179 -43.4600 -40.5800
-1.7720705262e-01 -2.9492716803e-01 -2.5737700882e+00
224 206 194
2 0 1162 -16.4700 -15.7200 1 1203 -52.3100 -19.5500
-1.7720705262e-01 -2.9492716803e-01 -2.5737700882e+00
224 206 194
2 0 1163 -16.4700 -15.7200 1 1204 -52.3100 -19.5500
9.4907550643e-01 6.8558893355e-02 -3.1140344558e+00
213 211 202
2 0 1186 174.2400 39.9800 1 944 206.9500 24.1400
9.1165234830e-01 7.4333470714e-02 -3.0705113885e+00
209 212 207
2 0 1190 169.7200 43.1100 1 1237 199.7600 27.8500
6.9193643086e-01 4.0652239798e-01 -2.8578996524e+00
175 186 172
2 0 1219 129.3700 111.2800 1 1272 154.8000 108.6400
