# Bundle file v0.3
11 509
7.0777194868e+02 -7.3415095416e-02 -2.4355094790e-02
9.9214772717e-01 -1.1610761627e-01 4.6496332243e-02
9.7629505062e-02 9.5131932173e-01 2.9233547140e-01
-7.8175233987e-02 -2.8550055961e-01 9.5518483198e-01
1.8648330874e-01 9.7753181164e-01 -8.8371700419e-01
6.8849102145e+02 -9.5565362849e-02 1.8584926637e-02
9.7665331591e-01 6.8555368248e-02 -2.0358895353e-01
-1.6699204132e-02 9.6907244902e-01 2.4621073317e-01
2.1417151327e-01 -2.3706275547e-01 9.4759264079e-01
-5.5680352195e-01 8.3275129162e-01 -5.7121760886e-01
7.1004319436e+02 -6.6609358546e-02 -6.5435240034e-03
8.1226669039e-01 3.2649226330e-01 -4.8334834817e-01
-1.4873477142e-01 9.1720713960e-01 3.6960658927e-01
5.6400424772e-01 -2.2832841493e-01 7.9357755984e-01
-1.3143032954e+00 1.1467744310e+00 -1.5642962637e+00
0 0 0
0 0 0
0 0 0
0 0 0
0 0 0
0 0 0
0 0 0
0 0 0
0 0 0
0 0 0
0 0 0
0 0 0
0 0 0
0 0 0
0 0 0
0 0 0
0 0 0
0 0 0
0 0 0
0 0 0
6.9328645160e+02 -9.0410960611e-02 -4.4917854056e-03
9.9826107803e-01 -7.2609271225e-03 -5.8498709690e-02
7.3710151844e-03 9.9997144534e-01 1.6663235034e-03
5.8484940226e-02 -2.0946207743e-03 9.9828609343e-01
-1.7897699858e-01 -6.4508815076e-02 -6.5584270790e-01
7.1081288947e+02 -8.3515936971e-02 -2.1447030211e-02
9.8904989402e-01 5.9079157139e-02 -1.3524037979e-01
-1.0758336213e-01 9.1592128555e-01 -3.8667042667e-01
1.0102537962e-01 3.9698595927e-01 9.1224778477e-01
-2.3940913654e-01 -1.2107936733e+00 -8.3608375987e-01
6.9734449466e+02 -8.5605298835e-02 -4.8046295016e-03
9.1598622591e-01 3.4383347269e-02 -3.9973368556e-01
2.3412097177e-01 7.6329118669e-01 6.0214112540e-01
3.2581682663e-01 -6.4513901583e-01 6.9111435069e-01
-1.1837602784e+00 1.8774293910e+00 -1.1478445251e+00
0 0 0
0 0 0
0 0 0
0 0 0
0 0 0
-1.3549682610e-01 -8.3001492093e-01 -2.6913356011e+00
226 232 74
4 7 94 -32.0600 -185.2800 8 78 -11.5400 -177.9100 0 72 5.7500 -134.2100 1 78 -45.5200 -147.0200
-4.7380288625e-01 -4.8451342234e-01 -2.6836123067e+00
31 27 24
4 7 73 -100.9800 -113.7000 8 90 -75.4600 -113.8400 0 77 -75.3400 -68.2400 1 87 -112.4000 -64.1900
-4.2765607206e-01 -5.3849795419e-01 -2.7127014339e+00
102 165 98
5 7 177 -90.2900 -124.3900 8 239 -64.3100 -120.8600 0 151 -65.1200 -79.5600 1 171 -101.5300 -77.2000 2 235 -97.6100 -52.9000
-5.0208642481e-01 -3.9651837030e-01 -2.6343701682e+00
38 39 34
6 7 135 -108.8800 -97.4900 8 126 -82.7500 -103.3300 0 155 -84.6300 -47.5600 1 177 -119.9000 -42.5600 2 240 -106.6200 -21.4300 9 154 -145.8800 -31.3400
-1.5908202172e-01 -3.0915082404e-01 -2.5793443266e+00
208 204 203
5 7 189 -40.1100 -81.0300 8 171 -15.5700 -102.4200 0 161 -11.0600 -18.2100 1 182 -47.6600 -23.1400 2 242 -57.5900 -13.2600
-1.1899329140e-01 -3.0195351510e-01 -2.5957637514e+00
217 218 212
6 7 190 -30.5200 -79.0800 8 241 -4.9700 -100.3300 0 163 -4.1700 -17.1200 1 181 -37.8800 -22.4500 2 241 -50.0100 -14.1300 9 164 -66.3700 13.9900
-9.6553934774e-02 -2.4994629483e-01 -2.5903519427e+00
97 54 30
5 7 137 -26.1300 -67.9500 8 174 1.7100 -91.5700 0 167 -0.7100 -5.9800 1 125 -32.8200 -10.5900 2 173 -44.3200 -5.0600
6.9045418385e-01 3.6877736630e-01 -2.8819538207e+00
220 237 236
4 7 206 133.9700 60.0100 8 197 185.5800 36.5600 0 246 129.3900 102.6300 1 195 153.6600 99.1100
-1.1590130710e-01 -4.2371741721e-01 -2.6345334668e+00
209 211 205
6 7 258 -28.8000 -103.7300 8 338 -5.3500 -117.9600 0 311 -0.3900 -44.5100 1 241 -37.1500 -51.7400 2 307 -53.3800 -38.7700 9 238 -63.9900 -15.2500
-4.3088001593e-01 -2.5281541459e-01 -2.6382330084e+00
55 78 65
4 7 535 -93.5000 -67.5100 8 514 -66.8500 -79.3000 0 319 -73.4400 -16.5500 1 498 -101.5500 -11.8500
-7.2142800493e-01 -2.2880495809e-01 -2.5645956061e+00
108 171 180
6 7 272 -157.8900 -64.0500 8 245 -131.1100 -74.2300 0 321 -136.9100 -13.1200 1 349 -166.8500 -1.9600 2 431 -132.0700 16.9300 9 344 -190.5400 -2.2500
-7.2709361063e-01 -1.8253049358e-01 -2.5466901539e+00
113 171 178
4 7 275 -160.2400 -54.6500 8 246 -133.5900 -67.4700 0 322 -139.3900 -2.5300 1 352 -168.4900 9.0900
-4.8682037915e-01 -5.8224936844e-01 -2.6962049661e+00
90 155 95
6 7 481 -103.2300 -134.0500 8 704 -77.4900 -128.6100 0 439 -77.1700 -89.6500 1 467 -116.1400 -85.8700 2 602 -110.2200 -57.4800 9 323 -141.0300 -75.1200
-1.3508264849e-01 -4.7054933699e-01 -2.6430523758e+00
29 28 26
6 7 353 -32.6400 -113.1800 8 481 -9.2100 -124.5800 0 449 -3.4200 -55.3700 1 336 -41.9400 -62.5800 2 402 -58.4500 -47.1900 9 332 -68.5400 -26.8700
9.3076565729e-03 -4.3916120505e-01 -2.6809520045e+00
28 28 33
6 7 358 -2.0100 -105.3800 8 484 21.6200 -118.5100 0 451 26.1200 -47.5600 1 338 -7.2400 -57.9600 2 400 -30.6400 -49.1900 9 335 -30.4100 -17.9400
-8.4631934687e-02 -4.2099910449e-01 -2.6443779115e+00
24 22 23
6 7 360 -22.1500 -102.8100 8 486 2.0100 -117.0900 0 455 6.0400 -43.8600 1 341 -29.7500 -51.6500 2 403 -47.6200 -40.1000 9 338 -55.8200 -14.4100
-1.1911121885e-01 -3.6698205445e-01 -2.6157692726e+00
208 210 206
6 7 366 -29.9600 -92.2600 8 494 -4.7000 -109.4800 0 463 -2.5100 -31.9600 1 343 -38.2600 -38.1300 2 411 -52.5300 -27.3000 9 345 -65.8000 -1.4200
-5.6661667424e-02 -3.6092255023e-01 -2.6342919896e+00
208 210 202
6 7 509 -16.3600 -90.5300 8 741 8.2300 -107.9500 0 464 10.7900 -30.3800 1 483 -23.4500 -37.9500 2 631 -40.5400 -29.6400 9 501 -49.2400 0.7600
-4.3125786101e-01 -1.0024652545e+00 -2.5614978880e+00
33 38 41
3 7 442 -95.7900 -227.0800 8 434 -73.9800 -213.0700 0 590 -56.9300 -179.5700
1.1893316515e-01 -6.0490254925e-01 -2.7701806956e+00
78 7 0
5 7 654 21.3600 -136.0300 8 1023 42.8800 -139.4600 0 640 51.5500 -83.3500 1 640 18.4200 -99.3900 9 474 3.3400 -59.2400
6.7096737391e-02 -5.9979289411e-01 -2.7487235422e+00
168 130 128
6 7 655 10.6000 -135.9000 8 1025 32.3200 -139.6900 0 644 41.4900 -82.3700 1 642 6.1600 -97.0300 2 805 -25.3200 -85.1800 9 604 -11.5800 -58.2200
-7.3408528898e-01 -4.8209728211e-01 -2.6427182489e+00
131 186 191
6 7 491 -155.3700 -114.6900 8 493 -127.8800 -110.9000 0 646 -133.8200 -71.3700 1 662 -168.8600 -59.8600 2 1142 -141.5200 -29.5400 9 603 -194.5700 -60.3300
-5.1481923595e-02 -5.1107044257e-01 -2.6843706114e+00
207 211 204
4 7 485 -14.4500 -120.1800 8 703 7.9700 -128.7400 0 648 15.6800 -64.0600 2 819 -44.3700 -60.3200
2.7387889647e-02 -4.9900917349e-01 -2.7055567444e+00
207 210 203
6 7 489 2.0500 -116.9900 8 710 24.7700 -126.3500 0 652 31.3500 -60.7900 1 651 -3.1000 -72.6000 2 817 -29.2600 -62.4200 9 480 -24.3500 -32.6100
-1.0821346224e-01 -4.5582214002e-01 -2.6481917795e+00
30 29 35
6 7 679 -26.8800 -109.8600 8 1060 -3.3200 -121.9900 0 657 2.0000 -52.0200 1 663 -35.4100 -59.5600 2 841 -53.2100 -45.9100 9 627 -61.4800 -23.1500
-1.0821346224e-01 -4.5582214002e-01 -2.6481917795e+00
30 29 35
6 7 680 -26.8800 -109.8600 8 1061 -3.3200 -121.9900 0 658 2.0000 -52.0200 1 664 -35.4100 -59.5600 2 842 -53.2100 -45.9100 9 628 -61.4800 -23.1500
1.0851504199e-01 -4.2939124202e-01 -2.7122343502e+00
49 11 11
6 7 499 18.7200 -102.5800 8 487 42.9800 -115.8600 0 665 45.7900 -44.8600 1 475 16.3700 -57.7200 2 607 -11.1900 -52.9600 9 491 -3.7600 -14.9700
4.8839697193e-02 -4.0498839285e-01 -2.6846103366e+00
30 27 28
6 7 501 6.1500 -98.3300 8 728 30.5100 -112.8500 0 669 33.4200 -39.9800 1 670 2.2500 -50.8400 2 619 -21.8400 -44.6000 9 494 -20.4400 -9.1800
4.8839697193e-02 -4.0498839285e-01 -2.6846103366e+00
30 27 28
6 7 502 6.1500 -98.3300 8 729 30.5100 -112.8500 0 670 33.4200 -39.9800 1 671 2.2500 -50.8400 2 620 -21.8400 -44.6000 9 495 -20.4400 -9.1800
-1.4055680564e-01 -3.9579369793e-01 -2.6141553525e+00
29 28 32
5 7 503 -34.5900 -98.3500 8 723 -10.3400 -114.7700 0 672 -6.4300 -38.3200 1 679 -43.3200 -44.3000 2 862 -57.2800 -31.6400
-4.8902827595e-01 -3.3389230122e-01 -2.6243650793e+00
54 103 70
6 7 520 -106.7900 -85.0200 8 758 -80.2300 -93.1700 0 676 -83.0300 -33.4600 1 494 -116.5800 -28.7200 2 643 -102.1400 -10.5600 9 489 -142.0300 -17.3200
3.3138553848e-02 -3.2612234973e-01 -2.6510815966e+00
239 43 42
5 7 521 2.4300 -82.9000 8 749 27.9900 -102.4900 0 680 28.3200 -22.1600 1 689 -1.6900 -31.3700 2 635 -22.2200 -27.2100
9.7326276276e-02 -3.0141678355e-01 -2.6671111033e+00
56 9 0
5 7 530 15.8700 -77.1600 8 504 41.8000 -98.2500 0 685 40.9200 -16.5200 2 637 -8.6500 -25.8200 9 509 -9.7100 15.9800
2.3470280911e-01 4.4155279554e-01 -2.7274712857e+00
189 216 227
4 7 564 43.7600 76.8300 8 811 88.0300 50.7400 0 711 46.9300 120.8800 1 731 54.8700 125.2700
-7.0742833022e-01 -6.1830413658e-01 -2.6986874110e+00
127 34 48
5 7 901 -146.5000 -140.2500 8 1046 -119.1900 -128.5200 0 826 -124.0200 -102.0500 1 1147 -162.0700 -91.7500 9 957 -188.4700 -93.8100
-1.3093757625e-01 -6.3945018983e-01 -2.7018071129e+00
34 24 4
5 7 650 -30.3800 -145.7300 8 1014 -8.4900 -146.3800 0 829 1.3000 -93.9000 1 634 -40.7000 -102.7700 9 470 -64.4900 -70.3800
-1.3093757625e-01 -6.3945018983e-01 -2.7018071129e+00
34 24 4
5 7 651 -30.3800 -145.7300 8 1015 -8.4900 -146.3800 0 830 1.3000 -93.9000 1 635 -40.7000 -102.7700 9 471 -64.4900 -70.3800
-7.1730528841e-01 -4.9646843978e-01 -2.6523382613e+00
149 42 81
5 7 667 -151.2500 -117.7200 8 1082 -124.4100 -112.5500 0 840 -129.5000 -74.6700 1 889 -164.9100 -63.6000 9 768 -190.8000 -63.4800
-1.2487169090e-01 -4.4955028998e-01 -2.6405124483e+00
211 211 203
6 7 685 -30.5700 -108.8200 8 1062 -6.7200 -121.1800 0 856 -1.7000 -50.7200 1 899 -39.3800 -57.8000 2 1130 -56.1100 -43.8000 9 633 -66.1500 -21.5800
7.9323962944e-02 -4.3063409500e-01 -2.7023245808e+00
36 34 37
6 7 696 12.6500 -103.1000 8 1076 36.7300 -116.3700 0 866 40.0700 -45.3100 1 666 9.4000 -57.4500 2 828 -16.8700 -51.4900 9 642 -11.7100 -15.3700
7.9323962944e-02 -4.3063409500e-01 -2.7023245808e+00
36 34 37
6 7 697 12.6500 -103.1000 8 1077 36.7300 -116.3700 0 867 40.0700 -45.3100 1 667 9.4000 -57.4500 2 829 -16.8700 -51.4900 9 643 -11.7100 -15.3700
-1.2670496454e-01 -4.0457981866e-01 -2.6236777247e+00
214 217 209
6 7 700 -31.3800 -99.9600 8 1078 -7.1600 -115.6400 0 870 -3.2100 -40.2100 1 910 -39.9300 -46.7300 2 1135 -54.8800 -34.1600 9 813 -67.3900 -10.6600
6.5737483266e-02 -3.7858919504e-01 -2.6795485559e+00
225 225 223
6 7 706 9.5000 -92.9600 8 734 34.2900 -109.9200 0 875 36.1000 -33.4800 1 912 6.2300 -44.6100 2 1132 -17.6500 -39.6900 9 651 -16.5700 -2.7700
9.2021919178e-02 -3.7499959623e-01 -2.6877441029e+00
224 225 217
6 7 709 15.0200 -92.0100 8 738 39.9100 -109.0600 0 877 41.3600 -32.5800 1 914 12.4300 -44.2700 2 848 -12.3900 -40.5800 9 652 -9.5300 -1.7600
1.3339372828e-02 -3.5439683541e-01 -2.6555813718e+00
227 37 31
6 7 714 -1.5600 -88.5800 8 1093 23.2900 -106.3200 0 880 25.1100 -28.5900 1 684 -6.2100 -37.9200 2 859 -27.0300 -32.1800 9 654 -31.0300 2.8300
4.1581444439e-02 -3.5153964663e-01 -2.6644496576e+00
234 35 31
6 7 715 4.5100 -87.8400 8 1098 29.4100 -105.6200 0 881 30.7800 -27.8900 1 917 0.4000 -37.8400 2 858 -21.4100 -33.0400 9 655 -23.4800 3.6500
-4.7616774524e-01 -2.1715827126e-01 -2.5962887737e+00
65 86 77
5 7 729 -105.4200 -60.9400 8 762 -79.1300 -75.8000 0 887 -83.0400 -6.9300 1 697 -113.1000 -2.0400 9 661 -138.4800 8.2900
2.0004186915e+00 -1.4594779733e+00 -4.8654499685e+00
146 144 149
3 7 629 265.9400 -191.0300 8 736 285.7800 -108.9600 0 966 278.0100 -215.3700
2.1913246542e+00 -1.4469841864e+00 -4.8922049602e+00
87 77 83
3 7 855 288.5600 -188.2300 8 740 308.6400 -108.4500 0 971 299.6400 -210.2200
-3.1274511567e-01 -8.9639147980e-01 -2.6248357821e+00
38 84 154
4 7 831 -69.3100 -201.7400 8 942 -48.3800 -192.1200 0 1041 -32.2000 -152.6100 1 1089 -90.9700 -158.9600
-1.0743989399e-03 -5.0453552705e-01 -2.6984352446e+00
213 215 213
6 7 665 -3.8400 -118.3700 8 1047 19.0600 -127.4200 0 1121 25.3700 -62.3300 1 877 -9.8100 -73.3300 2 1101 -34.7100 -61.8900 9 610 -32.0200 -34.2900
-3.7105345921e-01 -1.7638829341e-01 -2.6359561391e+00
193 208 198
4 7 1012 -82.2500 -51.9200 8 1146 -55.0100 -66.4200 0 1171 -60.6300 0.5900 1 1220 -87.4300 4.2800
1.0440303654e+00 2.3833676441e-01 -3.1535574715e+00
56 51 49
3 7 554 192.3300 32.7000 8 558 246.5600 22.9600 0 1201 182.7800 66.6800
-5.1548378773e-02 -4.1548704203e-01 -2.6532825490e+00
162 162 160
4 7 261 -15.0000 -101.1900 8 339 9.1800 -115.9200 1 240 -21.9800 -51.1700 9 241 -47.2600 -12.6500
-5.1153137490e-01 -3.1763146353e-01 -2.6087977177e+00
78 158 112
5 7 266 -112.1400 -81.8300 8 351 -85.8900 -91.4800 1 244 -122.4700 -24.4100 2 314 -105.5500 -6.0800 9 240 -147.6000 -13.1600
-1.6420115280e-01 -4.9383650541e-01 -2.6525675176e+00
202 200 194
4 7 257 -38.1600 -117.3600 8 236 -14.6400 -126.3800 1 335 -48.1900 -67.9800 2 399 -64.2600 -51.1500
1.0429463583e+00 2.3976940176e-01 -3.1497666177e+00
56 51 49
3 7 553 192.3300 32.7000 8 559 246.5600 22.9600 1 521 225.2600 54.7700
-7.7591408713e-01 -1.2206142972e-01 -2.5062294217e+00
189 118 137
5 7 540 -173.1300 -42.1700 8 527 -147.0500 -58.7200 1 706 -180.4200 24.5500 2 1192 -138.5800 39.9000 9 670 -203.0800 21.1200
1.8816177562e+00 -8.6512145240e-01 -5.4537478576e+00
123 111 116
3 7 949 231.3200 -105.8400 8 790 271.5000 -11.3600 1 785 305.1100 -180.4000
1.9403265583e+00 -6.3082473079e-01 -5.6896981373e+00
137 126 132
3 7 998 231.0000 -76.0600 8 1215 277.6300 23.3900 1 821 305.8800 -150.9100
2.6245936939e-01 4.6811743798e-01 -2.7235541235e+00
220 246 252
3 7 568 49.4200 82.3500 8 566 95.3200 55.5900 1 971 60.6200 130.7700
1.8481646948e+00 -1.0685752917e+00 -5.2580446484e+00
86 77 83
3 7 914 233.6000 -133.3400 8 1162 267.2500 -42.3700 1 1024 306.6900 -208.4500
1.8307945709e+00 -9.3128409739e-01 -5.3870554995e+00
122 113 121
3 7 933 227.4300 -114.6500 8 1180 265.5300 -21.0100 1 1054 300.3000 -189.0100
1.7818805604e+00 -7.5366461628e-01 -5.5651470822e+00
95 80 83
3 7 975 216.8300 -91.6700 8 1199 260.0300 6.9500 1 1078 288.3800 -165.2300
-3.1257137756e-01 -8.9629192125e-01 -2.6245280576e+00
38 84 154
3 7 830 -69.3100 -201.7400 8 941 -48.3800 -192.1200 1 1088 -90.9700 -158.9600
5.4401935840e-02 -8.4808193978e-01 -2.6790818764e+00
211 234 128
3 7 852 7.9100 -189.4900 8 953 24.7500 -187.4600 1 1102 -3.8800 -153.8000
1.8752623178e+00 -6.2823506907e-01 -5.7001966256e+00
90 69 71
3 7 999 223.4600 -75.9100 8 805 270.1500 24.9600 1 1105 297.1300 -150.1900
2.6136939949e-01 4.8819317080e-01 -2.7261077962e+00
41 75 77
3 7 1077 48.9700 86.4300 8 820 95.5400 60.0900 1 1294 60.8600 134.4800
-4.2632468222e-01 -5.3819131272e-01 -2.7114259057e+00
102 165 98
3 7 178 -90.2900 -124.3900 8 240 -64.3100 -120.8600 2 236 -97.6100 -52.9000
-6.2742289189e-01 -5.5303394380e-01 -2.7051329839e+00
95 151 147
3 7 484 -130.7400 -127.3400 8 483 -103.7700 -119.1000 2 840 -125.3900 -47.9800
-7.6860451183e-01 -1.8191978149e-01 -2.5307494986e+00
150 141 159
4 7 537 -170.0200 -54.5300 8 521 -143.5500 -67.7700 2 894 -138.8400 27.9400 9 662 -201.5100 8.0800
-7.4099785412e-01 1.2000254314e-02 -2.4776602077e+00
183 158 143
2 7 34 -167.4000 -13.5400 8 28 -143.1300 -36.2100
-1.9224918740e-02 -8.4482433780e-01 -2.6977207411e+00
238 239 76
2 7 93 -7.4000 -187.9600 8 120 11.3700 -182.7100
-1.3914383453e-01 -8.3227750017e-01 -2.6957343547e+00
226 232 74
2 7 95 -32.0600 -185.2800 8 79 -11.5400 -177.9100
-9.3331688009e-02 -2.4921397123e-01 -2.5923684301e+00
97 54 30
2 7 136 -26.1300 -67.9500 8 173 1.7100 -91.5700
6.7725830099e-01 -3.3953093911e-01 -3.4504669836e+00
129 130 131
2 7 138 119.7400 -68.8500 8 134 152.8700 -45.4700
-1.6358875686e-01 -3.0880790884e-01 -2.5757363856e+00
208 204 203
2 7 188 -40.1100 -81.0300 8 170 -15.5700 -102.4200
-6.5553912620e-01 -1.6205976292e-01 -2.5787942769e+00
117 163 176
2 7 194 -143.6000 -49.7900 8 247 -117.4300 -62.2400
6.3247838956e-01 4.5877021246e-02 -3.0806987327e+00
68 116 51
2 7 200 118.0900 -3.5900 8 183 160.1700 -9.0800
-1.6450388401e-01 -9.5586515235e-01 -2.6246343278e+00
93 101 99
2 7 236 -37.8000 -214.6300 8 220 -20.6200 -205.0000
-1.4482255601e-01 2.8447965648e-01 -2.7244060346e+00
63 191 228
2 7 310 -33.6800 43.8800 8 195 0.2500 26.2200
-4.8849367729e-01 -6.4477157752e-01 -2.7166010258e+00
31 59 39
3 7 347 -102.4000 -145.3400 8 474 -76.6900 -136.8400 9 461 -142.1300 -91.5100
-8.7470013836e-02 2.9723343430e-01 -2.7457168501e+00
230 107 151
2 7 401 -21.8000 46.3300 8 268 13.7000 29.1600
-1.6035075800e-01 -1.0080533337e+00 -2.5722021058e+00
25 61 49
2 7 438 -38.2800 -228.9100 8 423 -21.7100 -219.7700
-2.0460923468e-01 -9.0382897830e-01 -2.6853508720e+00
22 59 37
2 7 459 -45.1500 -200.2000 8 452 -25.4100 -188.5500
-3.2405464664e-01 -8.8212131503e-01 -2.6281255008e+00
191 211 219
2 7 460 -71.3700 -198.7800 8 655 -50.1100 -188.9500
2.1839912011e+00 -1.2767646435e+00 -5.0561682360e+00
130 119 125
2 7 476 280.9300 -162.4300 8 513 307.7200 -80.3200
1.8503123535e+00 -1.1562950951e+00 -5.1790049886e+00
127 123 126
2 7 479 236.3200 -145.2700 8 529 267.4900 -56.1100
6.0248779554e-01 -6.0772257475e-01 -2.9333083153e+00
38 56 14
2 7 482 116.3900 -130.6800 8 700 137.1000 -133.5200
-1.3039344988e-01 -2.7122869859e-01 -2.5804520600e+00
105 58 34
2 7 532 -33.3500 -72.9000 8 1114 -7.6400 -95.9000
2.0224907386e+00 -8.3737815306e-02 -6.2315925563e+00
96 92 97
2 7 543 224.3200 -14.5700 8 391 285.8500 99.6200
6.5215145080e-01 3.5544045105e-01 -2.9076146055e+00
120 133 108
2 7 558 125.3600 57.0600 8 374 176.7000 36.3700
-1.5249255761e-01 4.0716073618e-01 -2.8228957563e+00
221 244 205
2 7 561 -34.0600 66.9600 8 378 3.8100 58.7300
-5.7847936521e-01 -9.7106048498e-01 -2.5319753537e+00
35 44 45
2 7 607 -127.9100 -222.2400 8 903 -103.3700 -207.7200
-1.8366682161e-01 -9.7439840656e-01 -2.6014519274e+00
47 50 52
2 7 610 -42.6500 -219.8900 8 629 -24.8500 -210.2700
1.9215860097e+00 -1.5740254961e+00 -4.7473509836e+00
96 79 78
2 7 616 260.3800 -209.5800 8 705 276.0700 -127.8300
-1.6989408916e-01 -9.0349908269e-01 -2.6768828639e+00
37 59 36
2 7 621 -38.2700 -200.7200 8 652 -19.0500 -190.4200
1.9519119230e+00 -1.4980355224e+00 -4.8272064131e+00
145 129 133
2 7 626 261.2700 -197.0900 8 722 279.7300 -114.8900
2.1346906518e+00 -1.4525248079e+00 -4.8782757868e+00
79 62 72
2 7 630 282.1300 -189.3900 8 735 302.0400 -109.2500
1.7376387879e+00 -1.4010107685e+00 -4.9188118354e+00
145 134 139
2 7 634 231.1300 -182.2900 8 755 253.7400 -95.8400
1.8781788889e+00 -1.2082357551e+00 -5.1270581972e+00
98 89 87
2 7 643 241.4500 -152.7200 8 769 270.7300 -64.8900
2.0712518097e+00 -7.5016032504e-01 -5.5932044716e+00
86 76 79
2 7 711 248.2700 -90.4200 8 546 292.8800 4.8700
1.9561741613e+00 -6.6303593942e-01 -5.6805719727e+00
86 72 71
2 7 720 232.7500 -79.7200 8 799 279.4400 19.3400
1.9561741613e+00 -6.6303593942e-01 -5.6805719727e+00
86 72 71
2 7 721 232.7500 -79.7200 8 800 279.4400 19.3400
1.9689701039e+00 -3.1710608832e-01 -5.9797121963e+00
103 104 106
2 7 736 225.4900 -39.7500 8 1238 281.2900 67.4700
8.7362201711e-01 -6.7772260264e-02 -3.1940878792e+00
110 112 98
2 7 742 160.0200 -23.8600 8 783 201.5100 -25.2300
7.0925719610e-01 2.7142827432e-01 -2.9002978085e+00
201 218 218
2 7 757 136.8600 40.7700 8 795 186.4100 17.7300
1.9932612879e+00 -1.6595980247e+00 -4.6799695317e+00
140 133 134
2 7 807 272.1600 -222.9300 8 1020 284.4000 -142.4700
1.7932872752e+00 -1.6249916908e+00 -4.6901697685e+00
99 83 87
2 7 810 246.0500 -218.4500 8 1034 260.1000 -135.3300
-4.1805878438e-01 -9.6756244638e-01 -2.5982944661e+00
33 70 49
2 7 812 -91.5500 -217.8600 8 924 -69.7300 -203.3000
1.6769999161e+00 -1.5585634763e+00 -4.7473227284e+00
106 90 93
2 7 819 229.0700 -207.9800 8 1056 246.0800 -122.7900
1.7701189291e+00 -1.5237775066e+00 -4.7793182483e+00
90 79 80
2 7 826 239.9600 -202.2900 8 1072 257.7800 -118.2700
-2.9224533412e-01 -8.9594301385e-01 -2.6165480568e+00
26 78 160
2 7 829 -65.1600 -202.4100 8 940 -44.4900 -193.3700
2.0480178112e+00 -1.4651396143e+00 -4.8677918972e+00
102 87 91
2 7 842 271.6400 -191.4600 8 1085 291.4600 -110.1000
2.0480178112e+00 -1.4651396143e+00 -4.8677918972e+00
102 87 91
2 7 843 271.6400 -191.4600 8 1086 291.4600 -110.1000
7.9358366064e-02 -8.4757159338e-01 -2.6744083057e+00
217 242 116
2 7 848 13.0400 -189.9800 8 949 29.5300 -188.4500
5.4604389872e-02 -8.4540699114e-01 -2.6745302939e+00
211 234 128
2 7 851 7.9100 -189.4900 8 952 24.7500 -187.4600
1.9517267626e+00 -1.2200876951e+00 -5.1110997842e+00
87 77 82
2 7 887 250.7900 -154.4700 8 1145 279.7500 -68.0400
1.7069699783e+00 -1.0054851417e+00 -5.3209489650e+00
123 110 113
2 7 919 215.0500 -124.5300 8 1173 250.7800 -30.6700
2.1477833875e+00 -1.0078164679e+00 -5.3300432002e+00
84 73 77
2 7 924 266.1200 -124.1400 8 780 302.6300 -36.1300
-6.9484289759e-02 -4.4211399252e-01 -2.6586001882e+00
210 211 210
2 7 947 -18.7500 -106.8100 8 1067 5.2500 -119.4800
1.8719335876e+00 -8.4270797511e-01 -5.4984141950e+00
126 113 116
2 7 959 229.0000 -102.4400 8 791 269.7700 -6.7800
2.1054786331e+00 -3.4677156981e-01 -5.9955064986e+00
105 98 106
2 7 1016 239.4300 -42.6600 8 824 295.4500 63.2300
-2.8256089697e-01 -5.5288721873e-02 -2.7309633100e+00
157 86 117
2 7 1023 -61.3000 -25.7700 8 1170 -32.1700 -36.8200
2.0077164596e+00 -1.4045837895e-03 -6.3110687266e+00
79 75 76
2 7 1035 220.4800 -6.1800 8 839 284.2300 110.7100
2.2788184251e+00 2.0220884750e-01 -6.5155391513e+00
53 46 47
2 7 1042 241.4600 14.0100 8 842 312.6900 134.2800
2.6217345867e-01 4.8766008014e-01 -2.7298283390e+00
41 75 77
2 7 1076 48.9700 86.4300 8 819 95.5400 60.0900
-6.1679703531e-02 -7.5661146626e-01 -2.7148525791e+00
221 198 54
2 7 8 -16.1100 -169.4000 1 7 -26.3000 -130.6100
-2.7905418258e-01 -7.0643167369e-01 -2.6596099391e+00
33 30 23
2 7 13 -61.8700 -161.3500 1 11 -76.9700 -115.2300
-5.4067373874e-01 2.8842143455e-01 -2.5518845347e+00
219 224 225
3 7 21 -120.1200 45.7600 0 21 -106.7600 95.1800 1 30 -118.3700 106.6600
-6.6609338103e-01 -5.7297628238e-01 -2.6787361650e+00
181 180 146
3 7 25 -139.7900 -132.8400 1 43 -154.1900 -81.7000 2 57 -133.7500 -47.7400
-7.6887325707e-02 -5.7744974418e-01 -2.7033432755e+00
17 17 15
5 7 40 -19.5300 -133.7400 0 44 10.7400 -79.2900 1 42 -27.0200 -89.3900 2 53 -49.2800 -72.5900 9 35 -51.4800 -54.3000
-4.5724449135e-01 -3.4698466498e-01 -2.6418125382e+00
100 180 114
2 7 43 -98.8800 -87.5900 0 31 -76.2600 -36.3700
7.2338625670e-01 2.0947554685e-01 -2.8873645739e+00
205 223 222
2 7 49 140.5200 28.8100 1 50 160.5200 66.7700
-6.4641118703e-01 -7.3145163714e-01 -2.7667220067e+00
67 146 165
2 7 68 -130.3900 -160.4900 0 41 -107.9500 -127.1900
-4.8094194870e-01 -6.8394492228e-01 -2.7348694005e+00
93 163 103
3 7 69 -100.0000 -152.8600 0 75 -73.2100 -112.3500 1 82 -113.7800 -109.2700
-4.7948863083e-01 -6.8259238102e-01 -2.7359688411e+00
93 163 103
5 7 70 -100.0000 -152.8600 0 76 -73.2100 -112.3500 1 83 -113.7800 -109.2700 2 163 -110.5600 -77.2800 9 74 -138.7200 -100.8400
2.9899635849e-01 -6.5120222408e-01 -2.8883425401e+00
115 180 91
2 7 71 57.6500 -140.7500 1 60 61.7200 -114.3100
6.5631563376e-01 -6.4499746434e-01 -2.9175020019e+00
113 182 93
2 7 72 128.0800 -138.0200 1 81 141.6600 -117.5800
-3.6182553248e-01 -2.6570650318e-01 -2.6487245742e+00
16 16 14
2 7 76 -80.0100 -70.3600 1 97 -86.2600 -15.6600
2.8224813100e-01 -8.7868876633e-01 -2.7066691703e+00
244 254 98
2 7 90 54.8100 -194.9200 1 112 50.3000 -164.5500
3.1122163071e-01 -8.2121027424e-01 -2.6969696039e+00
23 24 16
2 7 96 61.1800 -183.5800 1 77 57.2700 -151.1500
5.6261997407e-01 -5.6825016730e-01 -2.9776256332e+00
100 162 78
2 7 100 107.8500 -121.5000 1 119 122.0800 -100.6000
-4.4598064418e-01 -3.9009492550e-01 -2.6616425936e+00
88 174 118
4 7 105 -96.3900 -95.5200 0 79 -72.0500 -46.2800 1 90 -105.7800 -42.5500 2 117 -95.8400 -24.3200
-8.9787206466e-02 6.5788173105e-01 -2.7387809974e+00
153 149 141
3 7 123 -22.9700 119.8000 0 133 -20.2400 151.6900 1 146 -8.7400 163.7600
-7.1798226683e-01 -8.8175075990e-01 -2.8546699129e+00
112 121 128
2 7 129 -139.9600 -184.9500 0 107 -118.2800 -163.1900
6.5402443970e-01 -7.5663162255e-01 -2.8212661361e+00
16 19 12
2 7 131 130.0200 -163.9800 1 113 140.3000 -141.8500
6.5402443970e-01 -7.5663162255e-01 -2.8212661361e+00
16 19 12
2 7 132 130.0200 -163.9800 1 114 140.3000 -141.8500
6.9638431119e-01 -7.6292848704e-03 -3.0416711565e+00
112 184 93
2 7 144 131.5200 -13.5700 1 129 153.8100 13.3900
-7.4451102452e-01 6.3909577504e-01 -2.5982862360e+00
145 141 138
2 7 157 -161.7300 117.9000 0 259 -150.5500 151.7300
-3.8518621432e-01 -1.0071761525e+00 -2.5804987379e+00
28 51 35
2 7 161 -85.0100 -227.0800 1 216 -114.0300 -184.3000
-2.4931978600e-01 -8.6356144982e-01 -2.7437092165e+00
110 111 106
2 7 169 -53.4400 -189.1600 1 315 -67.5400 -152.8100
6.7696481524e-01 -8.4870182674e-01 -2.8489687889e+00
18 18 14
2 7 171 132.4500 -181.4500 1 220 146.3900 -163.5800
-4.4805059106e-01 -7.3149401202e-01 -2.7567067262e+00
30 41 25
5 7 175 -91.8700 -161.0800 0 216 -64.9900 -122.5800 1 229 -106.6000 -120.6600 2 230 -108.3100 -87.6800 9 145 -131.5000 -113.5600
-8.0247596830e-03 -4.8731974187e-01 -2.6885169724e+00
205 207 204
5 7 180 -5.9500 -114.9300 0 154 24.1700 -58.1800 1 172 -11.6700 -69.0000 2 166 -35.7700 -57.9400 9 110 -34.4400 -29.9500
8.1240097997e-02 -4.7477767734e-01 -2.7164200841e+00
214 213 210
3 7 181 13.4300 -111.8200 0 222 41.2100 -54.9500 2 233 -17.9800 -60.6300
-4.2412548941e-01 -2.2079887101e-01 -2.6257520103e+00
100 114 107
2 7 192 -93.7100 -61.3600 1 246 -100.1300 -4.5600
8.3925589362e-01 -4.3610285030e-02 -3.1784963615e+00
66 55 44
2 7 197 154.5000 -19.4900 1 188 182.6100 -1.3100
8.7279321552e-01 -6.1230571213e-03 -3.1630510878e+00
175 182 174
4 7 198 161.1400 -13.2600 1 247 189.1400 7.1400 2 239 182.1800 -31.0500 9 170 200.2200 39.2100
5.7907702463e-01 1.2454446544e-01 -3.0828141101e+00
79 136 67
2 7 201 108.2300 11.0900 1 191 130.1300 37.2700
-2.7446652553e-01 4.7769095959e-01 -2.6935624891e+00
64 51 41
2 7 208 -60.9800 83.4600 0 250 -53.2400 122.3100
-2.6729348369e-01 5.6504669967e-01 -2.6924887971e+00
194 197 191
3 7 210 -59.7500 101.3900 0 351 -53.4200 137.9500 1 266 -47.6500 149.2300
-2.6134587033e-01 6.1643703897e-01 -2.6967113331e+00
150 150 144
3 7 214 -58.8300 112.4300 0 352 -52.1900 145.8800 1 268 -45.8600 158.5900
-1.3093956375e-01 -1.0207835006e+00 -2.5728737330e+00
181 206 205
2 7 222 -32.1900 -231.5800 1 436 -56.4400 -192.4700
-1.3276319543e-01 -9.3445026510e-01 -2.6492158984e+00
40 49 48
2 7 238 -31.5400 -209.0400 1 218 -49.6300 -171.0100
1.0032513380e+00 -8.9414243180e-01 -2.8106188232e+00
60 33 16
2 7 248 200.8800 -191.3300 1 157 224.0300 -179.5300
-1.9577386939e-01 -8.6695181524e-01 -2.7117864355e+00
40 34 10
3 7 249 -43.6700 -190.5000 0 426 -6.0800 -145.2000 1 454 -59.0300 -154.6500
-5.0440977512e-01 -7.5587493106e-01 -2.7434663545e+00
93 155 92
3 7 251 -104.0000 -166.5000 0 214 -76.6100 -128.8100 1 228 -119.8700 -125.1100
-1.5772463648e-01 -5.4946387866e-01 -2.6640158912e+00
208 183 42
5 7 254 -36.6900 -129.0400 0 302 -6.5400 -73.4700 1 326 -47.1800 -81.0200 2 394 -65.1200 -61.5300 9 232 -73.1100 -47.6700
-1.6202276265e-01 -4.9411967763e-01 -2.6453687259e+00
202 200 194
4 7 256 -38.1600 -117.3600 1 334 -48.1900 -67.9800 2 398 -64.2600 -51.1500 9 331 -75.0300 -33.3100
-1.6516677886e-01 -3.8212330087e-01 -2.6062450123e+00
205 207 200
4 7 263 -39.9400 -95.7200 0 314 -11.8600 -35.7600 1 242 -49.1500 -40.7100 9 244 -77.4800 -5.5700
-1.3968996722e-01 -3.4433141672e-01 -2.6011832300e+00
189 189 194
5 7 265 -34.7500 -87.8600 0 317 -7.2500 -26.7400 1 345 -43.2400 -32.4400 2 309 -55.2100 -21.4500 9 248 -71.4300 4.0300
5.0730393043e-02 -3.0698880019e-01 -2.6537825394e+00
81 5 0
4 7 267 6.0500 -78.8700 1 243 2.8800 -27.1700 2 308 -18.0600 -24.4200 9 250 -21.9400 14.2900
-5.6168196012e-01 -2.5118829270e-01 -2.5731694238e+00
99 120 97
4 7 269 -123.9800 -69.1000 0 229 -101.4700 -14.6000 1 245 -133.9100 -7.6800 9 347 -159.7400 0.9500
-4.3783773343e-01 -2.5561540311e-01 -2.6307217402e+00
55 75 63
3 7 270 -96.2800 -68.7700 0 320 -73.4400 -16.5500 1 346 -103.1800 -12.1800
-5.1355290142e-01 1.1194665695e-01 -2.6225315368e+00
222 80 135
3 7 293 -118.8400 3.9400 1 372 -105.5600 67.5500 2 457 -75.3100 65.3200
-8.9121004181e-01 2.5434706392e-01 -2.5811964184e+00
110 88 90
2 7 307 -192.0200 37.8400 1 388 -185.2800 95.4800
1.0194026660e+00 7.5573969142e-01 -3.0379252749e+00
203 205 210
2 7 322 191.3600 131.2100 1 267 220.2500 158.9800
-1.3944585997e-01 -5.1277252496e-01 -2.6549415567e+00
42 16 15
4 7 351 -33.3100 -121.5200 1 471 -43.0500 -72.3400 2 604 -60.9900 -55.6800 9 479 -69.0600 -37.4400
-4.6910850710e-02 -4.5051212827e-01 -2.6650650444e+00
28 28 33
5 7 356 -13.7700 -108.5100 0 450 14.6000 -50.2200 1 474 -20.9700 -59.3400 2 401 -41.6300 -48.2200 9 333 -45.3700 -21.1600
-8.4783286196e-02 -4.2079864791e-01 -2.6448508215e+00
24 22 23
5 7 359 -22.1500 -102.8100 0 454 6.0400 -43.8600 1 340 -29.7500 -51.6500 2 404 -47.6200 -40.1000 9 337 -55.8200 -14.4100
2.7006449500e-02 -4.1979583871e-01 -2.6789012787e+00
212 214 208
4 7 361 1.4100 -101.1800 0 666 29.3600 -43.7400 1 477 -3.1000 -53.6200 9 339 -26.3000 -12.4500
-7.3786978916e-02 -3.9081455388e-01 -2.6378981586e+00
25 25 24
5 7 362 -19.9500 -96.9400 0 458 7.6400 -36.8500 1 342 -27.1400 -44.7700 2 409 -44.4800 -34.3700 9 341 -53.6100 -6.9100
-3.1893974757e-02 -3.8500983365e-01 -2.6492775351e+00
30 28 29
5 7 363 -11.0900 -95.4300 0 461 16.2500 -35.3600 1 480 -17.0600 -44.0600 2 405 -36.6000 -35.6700 9 342 -42.5800 -5.0100
-3.1893974757e-02 -3.8500983365e-01 -2.6492775351e+00
30 28 29
5 7 364 -11.0900 -95.4300 0 462 16.2500 -35.3600 1 481 -17.0600 -44.0600 2 406 -36.6000 -35.6700 9 343 -42.5800 -5.0100
-2.0646829538e-02 -3.3402378791e-01 -2.6380273847e+00
216 213 211
5 7 368 -8.9500 -84.8700 0 467 17.4500 -24.0900 1 488 -14.4600 -32.2300 2 414 -32.7900 -26.0500 9 348 -40.1000 7.3500
5.6514755721e-03 -3.2633411955e-01 -2.6459084952e+00
42 18 15
5 7 369 -3.3900 -83.0000 0 469 22.9000 -22.5500 1 492 -8.1000 -30.9800 2 412 -27.2200 -25.9500 9 351 -33.3100 9.1300
5.4595339459e-03 -3.2626790221e-01 -2.6461686924e+00
42 18 15
4 7 370 -3.3900 -83.0000 1 493 -8.1000 -30.9800 2 413 -27.2200 -25.9500 9 352 -33.3100 9.1300
7.3403355507e-01 -1.9938069977e-01 -2.3614259082e+00
197 209 209
2 7 375 159.9600 -61.3300 1 1230 165.7500 12.4300
-1.4606469275e-02 7.0082416091e-02 -2.8254427714e+00
108 201 215
2 7 388 -5.6700 0.1200 0 501 6.3100 42.6200
9.0343233430e-01 7.5351552787e-02 -3.1076863704e+00
75 68 52
2 7 390 167.7400 2.5300 0 498 166.6300 40.7400
7.1476391788e-01 2.9576325257e-01 -2.9087102457e+00
110 116 99
2 7 400 137.9600 45.4300 0 705 134.5300 88.7200
-8.0395033643e-01 3.3895706899e-01 -2.5485042149e+00
146 135 141
2 7 403 -177.0500 56.0400 0 526 -161.4900 100.0600
2.6876386476e-01 -8.1739369949e-01 -2.6983911646e+00
125 127 116
2 7 468 52.3200 -182.7200 1 455 47.3700 -149.6100
6.6285290182e-01 -8.1718871443e-01 -2.8402888617e+00
124 137 129
2 7 472 130.7900 -175.2600 1 452 142.4600 -156.2400
-7.0922858677e-01 -7.4418736865e-01 -2.7368061093e+00
172 73 97
4 7 474 -144.4300 -163.9100 0 630 -121.7000 -130.9100 1 627 -161.7200 -119.6900 2 1083 -144.6200 -78.7500
-5.0348316199e-01 -6.1225079006e-01 -2.7000490030e+00
97 158 106
5 7 480 -105.6100 -139.3300 0 636 -79.9500 -96.5000 1 646 -119.8700 -92.3900 2 818 -114.0400 -62.3400 9 464 -146.2500 -83.1400
-8.4935196797e-02 -5.0329475426e-01 -2.6693954871e+00
210 215 208
4 7 486 -21.6800 -119.2600 0 651 7.7400 -61.9900 1 473 -29.9300 -71.6500 2 603 -50.4000 -56.6400
8.5804465435e-02 -4.9140271029e-01 -2.7223358632e+00
209 214 207
5 7 490 13.9900 -114.8000 0 653 43.1100 -58.5500 1 472 10.8400 -71.9000 2 598 -17.5200 -64.3500 9 482 -9.1000 -30.4100
1.1157591966e-01 -4.7557543687e-01 -2.7261398417e+00
56 9 5
4 7 492 19.3900 -111.6400 0 654 47.3300 -55.0700 2 599 -12.2600 -62.6700 9 484 -1.8700 -25.9400
1.1018253480e-01 -4.5601874569e-01 -2.7215699818e+00
55 6 1
5 7 493 19.1500 -107.9800 0 660 46.7700 -50.5600 1 657 16.7200 -64.0400 2 601 -11.7400 -58.3800 9 486 -2.5000 -21.7400
6.0729777414e-02 -4.4323515631e-01 -2.6994789825e+00
26 25 28
4 7 494 8.8400 -105.9400 0 663 36.5400 -48.0200 2 608 -20.8300 -52.9200 9 487 -16.5300 -18.6300
6.0826630534e-02 -4.4338348294e-01 -2.6994321594e+00
26 25 28
5 7 495 8.8400 -105.9400 0 664 36.5400 -48.0200 1 661 5.0300 -60.0900 2 609 -20.8300 -52.9200 9 488 -16.5300 -18.6300
1.0462633773e+00 -5.1774608609e-01 -3.2707961116e+00
24 23 20
2 7 498 189.0000 -103.2100 1 466 224.0200 -100.6800
-5.1337490416e-02 -3.9847869099e-01 -2.6477426558e+00
201 204 193
5 7 504 -15.0400 -98.0400 0 671 12.5600 -38.4800 1 478 -21.8300 -47.1400 2 625 -40.7600 -37.2800 9 496 -47.4100 -8.5700
-1.1219675638e-01 -3.9081681701e-01 -2.6254266432e+00
27 30 34
5 7 506 -28.3800 -97.0700 0 673 -0.3100 -37.1300 1 678 -36.3500 -43.9200 2 629 -51.7200 -32.4600 9 498 -63.7300 -7.2100
-9.3055974058e-03 -3.9150468442e-01 -2.6572015663e+00
215 219 212
3 7 507 -6.2000 -96.5800 0 674 21.0100 -36.6500 2 623 -32.5900 -38.2600
-9.3499827831e-03 -3.9219436079e-01 -2.6605991147e+00
215 219 212
5 7 508 -6.2000 -96.5800 0 675 21.0100 -36.6500 1 479 -11.5300 -46.7000 2 624 -32.5900 -38.2600 9 500 -36.1700 -6.9100
1.0634838880e-01 -3.6211740942e-01 -2.6916010005e+00
57 6 1
4 7 510 18.1300 -89.4900 1 681 15.9900 -41.6000 2 622 -9.0900 -38.8800 9 502 -5.6700 1.2000
-8.6525218871e-02 -3.4242161878e-01 -2.6200895760e+00
207 212 208
2 7 513 -23.1300 -87.0300 1 685 -30.2500 -32.8500
-8.6815693805e-02 -3.4241495481e-01 -2.6193468982e+00
207 212 208
5 7 514 -23.1300 -87.0300 0 677 3.9100 -26.1800 1 686 -30.2500 -32.8500 2 867 -45.3400 -24.1800 9 657 -57.5800 4.5800
-5.5834258577e-01 -3.3617261446e-01 -2.5932390178e+00
39 53 39
2 7 515 -122.5600 -86.1300 1 691 -133.6000 -27.3600
8.1194750924e-02 -3.4084613248e-01 -2.6729644323e+00
243 41 29
5 7 516 12.6100 -85.0900 0 679 38.5300 -25.7000 1 485 9.8700 -35.9600 2 628 -13.5000 -33.3600 9 504 -13.2800 7.0900
8.1159801362e-02 -3.4002087312e-01 -2.6727981975e+00
243 41 29
3 7 517 12.6100 -85.0900 1 486 9.8700 -35.9600 9 505 -13.2800 7.0900
3.2796675673e-02 -3.2594560675e-01 -2.6518778625e+00
239 43 42
4 7 522 2.4300 -82.9000 0 681 28.3200 -22.1600 1 690 -1.6900 -31.3700 2 634 -22.2200 -27.2100
7.8581071272e-02 -3.1735347980e-01 -2.6674655267e+00
241 43 35
4 7 525 12.1200 -80.4400 0 682 37.4200 -19.9800 1 491 9.4600 -30.8300 2 632 -13.0000 -28.3800
7.8596837598e-02 -3.1666672622e-01 -2.6668035216e+00
241 43 35
3 7 526 12.1200 -80.4400 0 683 37.4200 -19.9800 2 633 -13.0000 -28.3800
9.7075889248e-02 -3.0050436723e-01 -2.6687726014e+00
56 9 0
4 7 529 15.8700 -77.1600 0 684 40.9200 -16.5200 2 636 -8.6500 -25.8200 9 508 -9.7100 15.9800
1.0570064288e+00 2.8157820526e-01 -3.1846847733e+00
52 52 49
2 7 556 193.2300 40.0900 0 919 181.6100 71.8300
2.4604296285e-01 4.2401620096e-01 -2.7324538531e+00
96 139 78
2 7 562 45.9300 73.2700 0 939 49.3700 117.7800
6.5129283017e-01 4.6853037787e-01 -2.8728414578e+00
211 225 223
2 7 567 125.9300 79.9800 0 710 119.1300 119.6100
-7.7430517872e-01 5.3428078056e-01 -2.5795524431e+00
42 24 20
2 7 574 -169.1800 96.6100 0 719 -155.9800 134.0700
-7.9350199105e-01 5.6972802269e-01 -2.6027902458e+00
99 80 78
2 7 579 -171.7800 103.2700 0 721 -159.2900 137.8400
-1.1051958399e-01 6.8719503967e-01 -2.7013864963e+00
141 140 135
4 7 585 -27.6000 127.4500 0 725 -24.8700 159.4500 1 740 -13.9600 172.7600 2 913 22.2700 143.3600
2.6961392249e+00 2.0400985260e+00 -6.1937142554e+00
119 113 127
2 7 590 289.2700 200.7100 0 529 215.6100 126.5600
9.9414614763e-01 -1.1095280509e+00 -2.9190554128e+00
182 189 182
2 7 601 193.7900 -226.8600 1 570 218.7800 -230.8900
-1.1034868560e-01 -8.9069557149e-01 -2.7060311815e+00
61 38 1
4 7 627 -25.5000 -196.1100 0 808 12.4200 -148.2000 1 813 -40.8000 -161.4200 2 775 -76.7700 -129.5200
2.1121795610e+00 -1.3774823054e+00 -4.9442406580e+00
83 79 81
2 7 635 276.6400 -178.0700 0 980 285.2200 -202.6900
-4.9463430002e-01 -7.8623121132e-01 -2.7557183543e+00
41 74 49
5 7 636 -101.3600 -172.0600 0 816 -73.9500 -135.4600 1 836 -117.5900 -132.2400 2 1066 -117.8600 -95.3700 9 584 -143.7800 -127.3800
-6.8896922377e-01 -7.6390593404e-01 -2.7445173817e+00
154 30 59
2 7 638 -140.0200 -167.5400 1 840 -157.5100 -124.4700
-6.9736798568e-01 -6.9063680785e-01 -2.7270199593e+00
154 30 60
2 7 642 -142.9900 -153.8100 0 632 -120.1300 -118.6300
1.6085836676e+00 -1.1746833847e+00 -5.1165836644e+00
99 85 91
2 7 647 209.3600 -149.2900 1 578 276.4700 -222.7200
1.6085836676e+00 -1.1746833847e+00 -5.1165836644e+00
99 85 91
2 7 649 209.3600 -149.2900 1 579 276.4700 -222.7200
-5.1431789074e-01 -6.3427867849e-01 -2.7025909088e+00
107 164 113
3 7 652 -107.6800 -143.7800 1 859 -122.5900 -97.4400 9 598 -149.1400 -88.5900
8.4291779594e-02 -5.9592763763e-01 -2.7558819356e+00
153 121 119
5 7 657 14.3200 -134.9900 0 835 44.4400 -81.5900 1 862 10.5000 -96.5800 2 804 -21.6200 -85.5700 9 605 -6.6300 -57.2900
-7.1669352529e-01 -4.9744476929e-01 -2.6507461658e+00
149 42 81
3 7 666 -151.2500 -117.7200 0 839 -129.5000 -74.6700 1 890 -164.9100 -63.6000
-4.1636422211e-02 -4.9456191343e-01 -2.6807600474e+00
21 20 16
5 7 668 -12.5400 -116.6800 0 842 16.6900 -60.0700 1 880 -19.5400 -70.2300 2 1107 -42.1900 -57.7600 9 612 -43.3200 -31.9200
-4.1699655517e-02 -4.9434747153e-01 -2.6808342857e+00
21 20 16
5 7 669 -12.5400 -116.6800 0 843 16.6900 -60.0700 1 654 -19.5600 -70.0400 2 1108 -42.1900 -57.7600 9 613 -43.3200 -31.9200
-8.8147467251e-02 -4.7393795824e-01 -2.6607704627e+00
208 209 200
5 7 671 -22.4900 -113.2800 0 849 6.3900 -55.8300 1 885 -30.4600 -64.4300 2 1124 -49.9200 -50.7700 9 615 -55.9800 -27.4900
4.0273377723e-02 -4.7577946057e-01 -2.7027600495e+00
19 16 16
4 7 672 4.6000 -112.2500 1 655 0.0600 -67.4200 2 821 -25.9300 -58.5100 9 616 -21.3800 -26.7200
4.0273377723e-02 -4.7577946057e-01 -2.7027600495e+00
19 16 16
4 7 673 4.6000 -112.2500 1 656 0.0600 -67.4200 2 820 -25.9300 -58.5100 9 617 -21.3800 -26.7200
-5.9560603902e-02 -4.6877526276e-01 -2.6676725365e+00
212 217 212
4 7 674 -16.4300 -112.1400 0 850 12.4000 -54.3300 1 887 -23.7900 -63.6400 9 619 -48.4500 -26.0000
-5.9597975776e-02 -4.6874819209e-01 -2.6673923232e+00
212 217 212
5 7 675 -16.4300 -112.1400 0 851 12.4000 -54.3300 1 888 -23.7900 -63.6400 2 1123 -44.6200 -51.0700 9 620 -48.4500 -26.0000
-7.7703162760e-02 -4.6026616990e-01 -2.6593855077e+00
18 17 23
5 7 677 -20.3500 -110.6300 0 655 8.3200 -52.7000 1 659 -28.0800 -61.2100 2 837 -47.6500 -48.4500 9 624 -53.3000 -24.0100
-7.7703162760e-02 -4.6026616990e-01 -2.6593855077e+00
18 17 23
5 7 678 -20.3500 -110.6300 0 656 8.3200 -52.7000 1 660 -28.0800 -61.2100 2 838 -47.6500 -48.4500 9 625 -53.3000 -24.0100
1.7430120171e+00 -8.9089395170e-01 -5.4256011669e+00
122 118 123
2 7 681 216.3200 -109.3300 1 782 287.1800 -182.9600
2.4380449103e-02 -4.5807610762e-01 -2.6913494645e+00
214 214 207
5 7 682 1.2000 -109.2600 0 854 29.6400 -51.3200 1 658 -3.7300 -62.7800 2 827 -28.2800 -53.7300 9 629 -26.2500 -22.6400
-1.2484929123e-01 -4.4938704827e-01 -2.6398292967e+00
211 211 203
3 7 684 -30.5700 -108.8200 0 855 -1.7000 -50.7200 9 632 -66.1500 -21.5800
-1.6440086283e-02 -4.4956121105e-01 -2.6748987022e+00
17 21 24
5 7 687 -7.4400 -107.8800 0 857 20.8900 -49.8600 1 896 -13.4000 -59.9300 2 834 -35.8800 -49.7000 9 634 -37.3200 -20.6500
-9.4569354847e-02 -4.4434354372e-01 -2.6480024065e+00
209 215 208
5 7 688 -24.1100 -107.4300 0 858 4.5800 -49.3300 1 900 -32.2200 -57.1000 2 844 -50.3300 -44.2700 9 636 -58.2200 -20.0400
-9.4569354847e-02 -4.4434354372e-01 -2.6480024065e+00
209 215 208
5 7 689 -24.1100 -107.4300 0 859 4.5800 -49.3300 1 901 -32.2200 -57.1000 2 845 -50.3300 -44.2700 9 637 -58.2200 -20.0400
-9.2647734382e-03 -4.3335455335e-01 -2.6722152664e+00
221 224 220
5 7 691 -6.1000 -104.3800 0 863 22.1000 -46.3500 1 903 -11.7400 -56.3100 2 1126 -33.9500 -46.9600 9 641 -35.6700 -16.4300
6.0058008661e-02 -4.2377429592e-01 -2.6931573358e+00
215 222 219
5 7 698 7.9100 -102.3100 0 667 36.0100 -43.8300 1 669 4.7200 -55.5100 2 610 -20.1100 -48.8900 9 492 -16.6300 -13.4000
9.3659077219e-02 -4.1767259721e-01 -2.7030053897e+00
216 219 215
5 7 699 15.5200 -100.3400 0 869 42.6700 -42.4300 1 905 12.8400 -54.7300 2 833 -13.5300 -49.7200 9 646 -8.1300 -11.9400
-9.7402717648e-02 -4.0052465985e-01 -2.6342142958e+00
213 220 213
5 7 702 -25.0800 -98.8800 0 872 3.0000 -39.2600 1 909 -32.7600 -46.5800 2 852 -49.2900 -35.2900 9 648 -59.5000 -9.5900
2.9613869995e-02 -3.8330091715e-01 -2.6702216308e+00
224 227 223
5 7 704 2.0000 -94.3800 0 873 28.9300 -34.7800 1 676 -2.3400 -45.1500 2 849 -24.7800 -38.8100 9 649 -26.1000 -4.2100
2.9613869995e-02 -3.8330091715e-01 -2.6702216308e+00
224 227 223
5 7 705 2.0000 -94.3800 0 874 28.9300 -34.7800 1 677 -2.3400 -45.1500 2 850 -24.7800 -38.8100 9 650 -26.1000 -4.2100
-9.7770747260e-02 -3.7250119862e-01 -2.6218780429e+00
207 211 206
3 7 707 -25.5700 -93.1700 0 876 2.5100 -33.0600 2 863 -48.7800 -29.4400
7.7870776738e-02 -3.6319506138e-01 -2.6805051793e+00
26 19 16
5 7 712 11.9500 -89.8800 0 879 38.3600 -30.2200 1 682 9.2200 -41.4000 2 851 -14.7300 -37.5900 9 653 -13.5600 1.1000
1.8265783214e+00 -7.3429077846e-01 -5.5821039825e+00
138 126 130
2 7 713 221.3200 -89.0600 1 808 294.0100 -163.0800
-3.1432841033e-02 -3.3521447370e-01 -2.6332588984e+00
206 214 208
4 7 717 -11.4300 -85.2500 1 687 -16.8800 -32.1600 2 865 -34.7700 -25.4500 9 659 -43.4600 7.1700
2.7139841176e+00 -6.7947409622e-01 -5.7681218146e+00
58 57 58
2 7 719 312.0500 -79.7200 0 1069 292.0100 -118.3700
7.3907588529e-01 5.5297534077e-02 -2.9809997321e+00
117 128 100
4 7 747 141.4100 -1.9700 0 905 143.3300 42.9200 1 707 163.3100 29.7100 9 530 158.6300 68.6500
7.0963353666e-01 1.0197680594e-01 -2.9443033874e+00
163 176 162
3 7 750 136.3200 7.3600 0 912 138.4200 52.7400 1 710 157.2400 41.3200
7.1800632803e-01 1.3078468994e-01 -2.9229152563e+00
192 204 195
3 7 751 138.5500 13.1200 0 1200 139.9900 59.2900 1 950 159.0800 48.5300
6.6496630406e-01 4.1512459089e-01 -2.8772720160e+00
171 183 169
4 7 760 128.9300 69.5100 0 934 123.2600 110.3000 1 724 148.4300 108.5200 9 702 128.0100 134.0900
-3.9126710371e-02 4.4994167880e-01 -2.7413164767e+00
153 141 132
2 7 763 -12.5000 77.6400 0 935 -6.1600 116.8700
-3.9126710371e-02 4.4994167880e-01 -2.7413164767e+00
153 141 132
2 7 764 -12.5000 77.6400 0 936 -6.1600 116.8700
2.1459653443e-01 4.4676043501e-01 -2.7307413542e+00
28 36 45
3 7 765 39.6800 77.9700 0 942 42.7700 121.2100 1 967 50.7800 125.7800
2.0633549991e-01 4.6792109773e-01 -2.7341328621e+00
163 177 185
2 7 768 37.8200 82.0600 0 944 40.4400 124.7000
-7.1212429954e-02 4.9195356860e-01 -2.7222259068e+00
123 118 115
2 7 769 -19.3600 86.5500 0 945 -13.2200 125.4100
-7.6117038786e-01 4.8386766635e-01 -2.5682454926e+00
58 36 32
2 7 771 -167.2600 86.4400 0 713 -153.0900 126.1200
-2.7738044945e-01 5.2807504149e-01 -2.6839135449e+00
88 80 76
2 7 777 -62.3600 94.3300 1 1302 -51.0000 142.9400
-2.7192773361e-01 6.1068120236e-01 -2.6930421158e+00
136 133 125
2 7 780 -60.9700 111.0500 1 978 -47.9800 157.6200
-7.4862546958e-01 6.6576057785e-01 -2.5915368934e+00
136 122 126
2 7 781 -163.4400 123.8600 0 952 -151.3600 156.8600
-2.8750789026e-01 -9.6482130978e-01 -2.6175659189e+00
16 16 15
3 7 815 -63.8100 -216.5600 0 1019 -24.8500 -167.5200 1 1071 -87.8600 -175.6900
-3.3742461084e-01 -9.0496449278e-01 -2.6198177521e+00
153 184 220
2 7 824 -74.2700 -203.8700 1 1085 -97.5300 -160.5500
1.1681191933e-01 -8.6975969920e-01 -2.6728590093e+00
169 189 85
3 7 838 20.6600 -194.5100 0 1056 61.7800 -136.7500 1 1086 9.9100 -159.8700
1.4337515317e-01 -7.7035201858e-01 -2.8345138569e+00
215 188 78
2 7 881 26.8900 -166.3600 1 835 24.2200 -138.3400
-4.1017340952e-01 -6.9936158305e-01 -2.7673130516e+00
89 126 90
4 7 888 -84.3700 -154.5300 0 1079 -57.3700 -114.9900 1 846 -97.3300 -114.2500 9 759 -120.7700 -106.0000
-4.9816890703e-01 -6.2697728393e-01 -2.7057188076e+00
23 70 32
3 7 899 -104.4900 -142.5700 0 1085 -78.4700 -99.7000 1 1145 -118.5600 -95.6800
-5.6042959232e-02 -6.1676576828e-01 -2.7162020331e+00
156 115 107
5 7 900 -14.6800 -140.5500 0 1098 16.4000 -87.6400 1 852 -23.0300 -98.7700 2 1081 -48.8500 -81.4500 9 767 -44.8900 -63.7300
-3.2823346707e-02 -6.1230346457e-01 -2.7218882131e+00
167 128 128
5 7 902 -9.9400 -139.5100 0 1104 21.1700 -86.2700 1 855 -17.4700 -98.2100 2 1078 -44.3600 -81.8200 9 769 -38.7000 -62.3900
-1.1420865025e-02 -6.0892099016e-01 -2.7268517237e+00
168 133 128
4 7 903 -5.5000 -138.6700 0 1105 25.4700 -85.2600 1 854 -12.4800 -97.7900 9 771 -32.9400 -61.1500
-4.8555683881e-01 -6.0540099539e-01 -2.7051330144e+00
28 60 28
5 7 906 -101.9800 -138.1000 0 1087 -76.1200 -94.7200 1 869 -115.6000 -91.1900 2 1103 -110.4600 -61.8900 9 763 -141.4400 -81.5500
4.5448746964e-02 -6.0072864685e-01 -2.7436831664e+00
165 133 134
4 7 910 6.2000 -136.4300 0 1109 36.9800 -82.8800 1 860 1.0800 -96.8700 9 777 -17.3700 -58.7600
1.0509844670e-01 -5.9266826150e-01 -2.7622894339e+00
178 140 137
5 7 913 18.5500 -134.1100 0 836 48.7000 -80.5800 1 863 15.2700 -96.1600 2 1072 -17.4400 -86.2800 9 606 -0.8700 -56.4400
-1.0138917014e-01 -4.8591800071e-01 -2.6596725785e+00
28 25 24
3 7 931 -25.4100 -115.8800 1 882 -33.8800 -66.8900 9 800 -59.1500 -30.4800
9.8812364161e-02 -4.9045406907e-01 -2.7286654424e+00
212 218 212
5 7 935 16.9600 -114.5300 0 1123 45.2200 -58.3200 1 879 13.9200 -72.0600 2 1095 -15.0700 -64.9700 9 799 -4.8800 -30.3200
-2.7437234125e-02 -4.6353687805e-01 -2.6762828279e+00
213 215 211
5 7 939 -9.6500 -110.7400 0 852 19.0100 -53.0300 1 891 -16.0700 -63.0600 2 1122 -38.4200 -51.8000 9 622 -39.9300 -24.4300
-2.8810681533e-03 -4.5939238523e-01 -2.6834153958e+00
209 212 210
4 7 942 -4.3500 -109.6700 0 1128 24.0400 -51.9000 2 1118 -33.5500 -52.4700 9 803 -33.4900 -23.3300
-2.8302183342e-03 -4.5949611652e-01 -2.6835397778e+00
209 212 210
3 7 943 -4.3500 -109.6700 0 1129 24.0400 -51.9000 9 804 -33.4900 -23.3300
-6.9496486580e-02 -4.4221411567e-01 -2.6558625914e+00
210 211 210
5 7 946 -18.7500 -106.8100 0 1130 9.6700 -48.7000 1 902 -26.1100 -57.0700 2 1129 -45.5700 -45.3700 9 808 -51.5100 -19.2900
9.7002842318e-02 -4.4420860366e-01 -2.7130031757e+00
178 183 176
4 7 951 16.3800 -105.6200 0 1131 43.8800 -48.1300 2 1113 -13.9000 -55.3700 9 809 -6.5100 -18.7200
9.7138888462e-02 -4.4444526472e-01 -2.7129232328e+00
178 183 176
5 7 952 16.3800 -105.6200 0 1132 43.8800 -48.1300 1 1162 13.7400 -61.1800 2 1114 -13.9000 -55.3700 9 810 -6.5100 -18.7200
-3.0585764322e-02 -4.3774464834e-01 -2.6664771358e+00
217 216 214
4 7 953 -10.5400 -105.6200 0 1133 17.7400 -47.4700 1 904 -16.8600 -56.8000 9 811 -41.2800 -17.7500
4.3480692386e-02 -4.3905232140e-01 -2.6921194934e+00
25 16 23
5 7 954 5.1700 -105.1500 0 861 32.9300 -47.2400 1 897 0.8500 -58.6600 2 830 -24.2700 -51.0500 9 639 -21.1000 -17.6400
4.3480692386e-02 -4.3905232140e-01 -2.6921194934e+00
25 16 23
5 7 955 5.1700 -105.1500 0 862 32.9300 -47.2400 1 898 0.8500 -58.6600 2 831 -24.2700 -51.0500 9 640 -21.1000 -17.6400
3.0482766249e-03 -4.2153412163e-01 -2.6753903876e+00
62 63 59
2 7 960 -3.5500 -101.9800 0 1136 24.4600 -43.8100
3.0482766249e-03 -4.2153412163e-01 -2.6753903876e+00
62 63 59
2 7 961 -3.5500 -101.9800 0 1135 24.4600 -43.8100
-1.4272012319e-03 -3.4269846107e-01 -2.6486996686e+00
52 15 13
4 7 980 -4.7800 -86.2500 1 921 -9.6500 -34.7600 2 1143 -29.3900 -28.8900 9 817 -34.8000 5.1300
2.3881812910e-02 -3.4317583384e-01 -2.6557224017e+00
113 15 9
5 7 981 0.4800 -86.2500 0 1151 26.9700 -26.1100 1 1183 -3.6800 -35.4500 2 1140 -24.4900 -30.3200 9 818 -28.3700 5.5500
2.3881812910e-02 -3.4317583384e-01 -2.6557224017e+00
113 15 9
5 7 982 0.4800 -86.2500 0 1152 26.9700 -26.1100 1 1184 -3.6800 -35.4500 2 1141 -24.4900 -30.3200 9 819 -28.3700 5.5500
-1.4646774742e-01 -3.3511908522e-01 -2.5966320867e+00
19 18 19
5 7 983 -36.2400 -86.2200 0 1156 -8.9700 -24.7600 1 926 -44.6900 -29.8400 2 1148 -56.1600 -19.1400 9 820 -73.2700 5.9300
-1.4646774742e-01 -3.3511908522e-01 -2.5966320867e+00
19 18 19
5 7 984 -36.2400 -86.2200 0 1155 -8.9700 -24.7600 1 927 -44.6900 -29.8400 2 1149 -56.1600 -19.1400 9 821 -73.2700 5.9300
5.1916202055e-02 -3.3847478917e-01 -2.6636011295e+00
72 9 5
5 7 985 6.4700 -85.0200 0 1154 32.6900 -24.9400 1 920 3.0000 -34.9100 2 1138 -18.8100 -31.0400 9 823 -21.2500 6.8800
9.8432940748e-02 -3.3009031512e-01 -2.6778135168e+00
113 6 4
5 7 986 16.2400 -82.8600 0 1158 41.8100 -23.2900 1 922 14.2200 -33.9900 2 860 -9.5700 -31.8600 9 825 -8.7500 9.1800
9.8432940748e-02 -3.3009031512e-01 -2.6778135168e+00
113 6 4
5 7 987 16.2400 -82.8600 0 1159 41.8100 -23.2900 1 923 14.2200 -33.9900 2 861 -9.5700 -31.8600 9 826 -8.7500 9.1800
2.4350967478e+00 -6.9270179165e-01 -5.7350723188e+00
66 59 65
2 7 988 283.0700 -81.7300 0 1067 265.6300 -123.1200
2.4350967478e+00 -6.9270179165e-01 -5.7350723188e+00
66 59 65
2 7 989 283.0700 -81.7300 0 1068 265.6300 -123.1200
-1.1685321568e-02 -3.1926770241e-01 -2.6333946679e+00
216 213 209
2 7 990 -7.3000 -81.8800 1 1187 -12.3400 -28.6700
4.5920934730e-01 -3.0378725755e-01 -2.5717254731e+00
106 179 86
2 7 993 93.5000 -79.8500 1 1200 95.4800 -24.8300
1.8678079168e+00 -6.5586851625e-01 -5.6641579199e+00
125 112 114
2 7 994 223.5900 -79.2100 1 1103 297.0400 -153.6000
5.0302800090e-02 -3.0613673907e-01 -2.6552096385e+00
100 7 0
2 7 995 6.1400 -78.5000 1 929 2.6300 -27.2000
-7.2595475504e-01 -2.9828315246e-01 -2.5827774082e+00
84 170 186
3 7 996 -157.6900 -78.3300 0 1149 -136.2100 -28.9500 9 1005 -192.4700 -17.6600
1.9417092374e+00 -6.3046194952e-01 -5.6883362758e+00
137 126 132
2 7 997 231.0000 -76.0600 1 820 305.8800 -150.9100
1.9239280186e+00 -5.3245571525e-01 -5.7800323400e+00
123 111 117
2 7 1006 226.4100 -64.3600 1 833 300.8800 -139.1200
1.8993313600e+00 -5.0748161413e-01 -5.8029929783e+00
93 79 83
2 7 1008 223.1300 -61.4400 1 1125 297.1000 -136.0900
-3.7136971346e-01 -1.7635325075e-01 -2.6360471178e+00
193 208 198
3 7 1013 -82.2500 -51.9200 0 1172 -60.6300 0.5900 1 1221 -87.4300 4.2800
8.5182828018e-01 -2.4381048912e-02 -3.1841305866e+00
75 75 60
2 7 1028 156.4200 -16.0200 1 935 185.3200 2.1900
4.7725846932e-01 2.3472222708e-02 -3.0819203683e+00
61 105 14
2 7 1034 89.2600 -7.9600 1 941 108.8900 17.9400
9.7591677496e-01 4.9574627746e-02 -3.1379341713e+00
213 218 213
3 7 1036 181.1300 -2.3600 1 942 211.5200 18.8100 9 686 220.0500 57.7800
8.3312902247e-01 1.4158535898e-01 -3.0732878113e+00
93 91 80
3 7 1044 155.9700 14.8200 0 911 153.4900 52.7900 9 688 182.0400 73.9900
1.0162671659e+00 2.3824658605e-01 -3.1265098517e+00
177 172 176
2 7 1052 188.6600 32.7500 1 951 219.5500 55.7800
6.2787007937e-01 3.6315681204e-01 -2.9139293896e+00
138 155 138
2 7 1059 120.6600 58.4800 1 1263 140.4800 95.1500
6.5054189112e-01 4.0246986584e-01 -2.8818066842e+00
210 224 216
3 7 1062 125.9200 66.8000 0 1218 120.7200 107.4900 1 1270 145.2700 105.7200
6.3780483144e-01 4.1404936320e-01 -2.8842341253e+00
162 179 161
3 7 1065 123.2600 69.0700 0 933 118.0200 109.2900 1 957 142.5900 107.4800
-8.3639700798e-01 4.3887074182e-01 -2.6199373497e+00
84 71 71
2 7 1070 -179.1000 75.4300 0 1221 -166.5100 111.7200
-7.4238866606e-01 4.8825542311e-01 -2.5519869311e+00
140 120 117
3 7 1078 -164.0500 88.1500 0 1233 -149.6400 128.4200 1 1304 -152.8600 144.4100
6.1971066707e-01 5.6800720133e-01 -2.7814692219e+00
129 146 128
4 7 1088 121.7400 102.4000 0 1241 113.6900 143.3100 1 976 138.9700 146.4600 9 887 110.2300 167.3000
6.0785294125e-01 5.9816881642e-01 -2.7413370852e+00
160 171 158
2 7 1091 120.2200 109.7200 1 1308 136.2000 155.9600
1.9385741837e+00 -5.6109305958e-01 -5.7741994877e+00
126 116 121
2 8 809 277.3000 34.2400 1 832 303.0300 -142.6800
1.1913746169e-01 -6.0522302458e-01 -2.7697795374e+00
91 25 8
4 8 1024 42.8800 -139.4600 0 641 51.5500 -83.3500 1 641 18.4200 -99.3900 9 475 3.3400 -59.2400
-1.2184539246e-03 -5.0478455275e-01 -2.6991660229e+00
214 215 216
4 8 1048 19.0600 -127.4200 0 1122 25.3700 -62.3300 1 878 -9.8100 -73.3300 2 1102 -34.7100 -61.8900
-1.7411671627e-01 -4.6760529651e-01 -2.6484069709e+00
185 151 131
3 0 18 -12.7700 -56.1100 1 21 -47.8200 -61.4800 9 22 -78.1300 -29.4800
-3.6460133213e-01 3.6742683033e-01 -2.6968788422e+00
234 239 242
3 0 22 -68.7900 99.7900 1 32 -70.0700 111.0300 2 45 -33.4900 96.4300
-3.6631817749e-01 3.7255254536e-01 -2.7098036723e+00
234 239 242
2 0 23 -68.7900 99.7900 1 33 -70.0700 111.0300
5.9521199540e-02 -9.0399516474e-01 -2.6893310743e+00
100 76 20
2 0 28 49.7300 -146.2000 1 18 -3.1200 -167.1200
4.2716318345e-01 2.8889027655e-01 -2.7469230371e+00
101 4 0
2 0 64 87.3500 96.3800 1 51 95.7400 92.8100
-1.2673240492e-01 4.4210644357e-01 -2.7567254387e+00
107 95 79
2 0 65 -22.9800 112.1100 1 75 -18.5000 121.6200
-4.7044946292e-01 -4.8786085029e-01 -2.6719977010e+00
43 42 40
2 0 78 -75.3400 -68.2400 1 88 -112.4000 -64.1900
-6.1888878975e-01 -2.1349413229e-01 -2.5762634168e+00
18 20 17
2 0 83 -113.9200 -9.2700 1 127 -144.4200 1.1500
1.0995217258e-01 6.3404351373e-02 -2.8985549953e+00
123 188 100
2 0 87 29.5100 38.6900 1 70 30.1600 37.1700
-1.2243352903e-01 5.5623869405e-01 -2.7441611536e+00
180 185 180
2 0 94 -24.5200 133.5000 1 105 -16.4100 144.0100
3.5895523710e-01 6.2783501125e-01 -2.8415572275e+00
39 35 26
2 0 96 62.6300 143.9500 1 107 85.1600 151.2900
-4.6889107828e-01 -1.0199102836e+00 -2.5535719953e+00
31 38 40
2 0 103 -65.4500 -184.7300 1 110 -135.0600 -185.3100
-2.1401847384e-01 5.1566459007e-01 -2.7187709909e+00
188 191 182
2 0 129 -41.4300 127.3000 1 144 -36.6200 138.0800
-4.4674231962e-01 -6.1180313644e-01 -2.7229562440e+00
41 35 32
3 0 150 -67.2100 -95.8400 1 168 -105.7900 -93.1300 9 149 -131.7500 -83.6400
-5.1300542088e-01 -2.7988004645e-01 -2.5855916879e+00
78 91 73
2 0 160 -89.6600 -20.7800 1 183 -123.3200 -14.8100
-1.6140848269e-01 -2.5822076375e-01 -2.5785452622e+00
190 117 74
2 0 165 -13.8300 -8.0600 1 184 -47.7000 -11.5500
-1.6140848269e-01 -2.5822076375e-01 -2.5785452622e+00
190 117 74
2 0 166 -13.8300 -8.0600 1 185 -47.7000 -11.5500
-1.6852676031e-01 3.7604189725e-01 -2.8143519919e+00
230 240 240
2 0 184 -29.8900 95.4400 1 138 -25.0700 103.7400
-8.1498420891e-03 -8.5009877106e-01 -2.6594485314e+00
232 234 77
2 0 211 34.0500 -135.2300 1 163 -19.3400 -153.0000
-6.4911817113e-01 -1.6412538464e-01 -2.5689926520e+00
101 173 192
3 0 231 -121.7300 1.3600 1 248 -149.5900 11.3900 2 322 -117.8900 26.1500
2.6818617625e-01 1.4359943704e-01 -2.7748647888e+00
32 58 20
2 0 242 60.4400 64.1800 1 254 60.5000 61.9800
-6.8924640441e-03 -9.9179086501e-01 -2.5887790210e+00
176 137 71
2 0 283 40.0000 -165.9000 1 212 -25.5900 -187.5300
-6.8924640441e-03 -9.9179086501e-01 -2.5887790210e+00
176 137 71
2 0 284 40.0000 -165.9000 1 213 -25.5900 -187.5300
-4.9502012777e-01 -5.5623371664e-01 -2.6875857061e+00
44 39 35
3 0 297 -79.1400 -83.6600 1 327 -117.6200 -79.6200 9 326 -144.1500 -69.7500
1.0292976489e+00 -5.5603624623e-01 -3.3260111763e+00
113 104 97
2 0 300 197.2100 -74.5300 1 232 219.4700 -109.5700
-4.3847314830e-01 -1.8981164099e-01 -2.6077976092e+00
89 100 88
3 0 323 -74.9300 -1.6600 1 350 -103.6700 3.2100 2 429 -87.3600 13.4700
-4.2567288403e-01 -1.0026694677e-01 -2.6721530594e+00
175 188 202
2 0 327 -73.0400 12.4900 1 358 -94.3600 18.3400
-9.4908445504e-01 1.0707151378e+00 -5.1303097678e+00
199 207 174
2 0 332 -131.4800 48.9100 1 373 -42.5100 71.1500
-9.4908445504e-01 1.0707151378e+00 -5.1303097678e+00
199 207 174
2 0 333 -131.4800 48.9100 1 374 -42.5100 71.1500
2.9114802452e-01 2.2480141372e-01 -2.7863490234e+00
88 0 0
3 0 338 62.1500 78.5400 1 256 66.6800 77.1600 2 257 66.2800 54.5200
-6.2380462958e-01 2.1664234099e-01 -2.5510212922e+00
228 233 239
3 0 340 -122.1200 81.0900 1 536 -136.2600 91.5000 2 1213 -92.0000 86.6600
-1.9176546352e-01 3.5460023184e-01 -2.8763198714e+00
230 130 162
2 0 344 -33.9900 86.6400 1 387 -26.9400 94.6000
5.2258055445e-01 -1.0935850214e+00 -2.5885902331e+00
144 147 135
3 0 403 162.0400 -174.8300 1 285 103.6900 -223.7600 2 352 1.1400 -204.5700
2.1277664375e-01 -1.0374231841e+00 -2.5674733766e+00
41 48 46
2 0 407 91.9000 -170.4700 1 429 25.7700 -203.1400
5.7467042959e-01 -1.0673725196e+00 -2.6201887725e+00
148 151 140
3 0 411 170.3200 -166.8500 1 208 117.6200 -217.4800 2 202 16.1400 -204.2600
-6.1210456490e-02 -9.8881102925e-01 -2.5935511319e+00
58 65 66
2 0 412 27.5600 -166.8900 1 300 -38.0900 -185.6100
1.2146996675e-01 -9.6386881926e-01 -2.6209736686e+00
44 57 57
2 0 420 67.1200 -156.7800 1 302 7.1400 -182.6600
-2.5211781851e-02 -9.2349398498e-01 -2.6694803696e+00
100 111 99
2 0 424 32.4200 -152.8800 1 448 -24.1100 -169.7900
-6.5062135819e-01 -3.5700086325e-01 -2.6380801380e+00
180 174 131
3 0 456 -117.3400 -42.8200 1 489 -149.0200 -33.2400 9 481 -173.1800 -31.9000
-6.6812490609e-01 -2.1680045135e-01 -2.5845051038e+00
204 110 127
3 0 472 -124.6800 -10.5200 1 508 -153.6100 -0.6800 2 653 -122.0300 16.3700
-6.0915178358e-01 -1.5215919096e-01 -2.5917680844e+00
145 188 192
2 0 477 -112.6000 3.5700 1 353 -139.3700 12.4100
-5.1873118277e-01 -1.0520921591e-01 -2.6229866444e+00
180 82 112
3 0 481 -93.3000 12.8600 1 513 -117.1900 20.4800 2 658 -91.0200 28.5000
-3.6898206829e-01 -8.7400913462e-02 -2.6919071764e+00
190 182 195
2 0 483 -61.2600 14.8000 1 359 -81.1000 19.8200
-3.9920745221e-01 -7.3287079706e-02 -2.6726807305e+00
202 101 131
2 0 484 -67.9700 18.2100 1 361 -88.3300 23.9900
9.1355710630e-01 4.2126904778e-02 -3.1237342150e+00
205 207 200
3 0 494 168.2300 34.4600 1 356 198.9800 18.3500 9 370 205.6100 55.1500
9.1383498964e-01 4.3686675304e-02 -3.1254109459e+00
205 207 200
4 0 495 168.2300 34.4600 1 357 198.9800 18.3500 2 310 190.3700 -20.4600 9 371 205.6100 55.1500
6.4963213953e-01 3.5182791758e-01 -2.9012989373e+00
123 133 110
2 0 524 121.4400 97.5500 1 537 145.1300 94.1800
-6.8211676215e-01 3.1546621951e-01 -2.5296957286e+00
158 167 159
2 0 525 -136.1000 99.4400 1 727 -147.1600 113.1300
-1.7691373834e-01 5.4454886764e-01 -2.7521567763e+00
190 200 196
3 0 532 -34.4900 129.7700 1 551 -27.5000 141.1800 2 485 9.1200 116.5700
2.2852591713e-01 6.2807155708e-01 -2.7595040766e+00
169 180 173
2 0 537 40.4500 148.5400 1 200 56.3700 159.3000
-4.9070349244e-01 -1.1138126459e+00 -2.4780952303e+00
106 126 124
2 0 568 -69.4000 -207.6300 1 587 -149.6400 -208.5800
-4.8646082155e-01 -6.4766912341e-01 -2.7167923084e+00
50 69 45
3 0 635 -75.3400 -104.1600 1 639 -115.7300 -100.8500 2 812 -111.9500 -69.7900
-4.0132905475e-01 -5.5587474815e-01 -2.7306241105e+00
26 25 16
2 0 643 -58.7500 -82.9200 1 325 -94.9700 -82.1900
-1.6766733327e-01 -1.4760420243e-01 -2.7329922389e+00
197 198 182
2 0 689 -18.5100 4.6000 1 699 -37.9200 4.1600
4.2939621950e-01 2.5760472116e-01 -2.8226648758e+00
118 17 12
2 0 704 86.5100 83.9000 1 528 97.0700 81.4000
2.9756521185e-01 -1.1428910435e+00 -2.4680338570e+00
153 170 169
2 0 765 119.4400 -191.7700 1 752 41.7300 -234.4900
-1.0943285369e-01 -8.9201487031e-01 -2.7000339679e+00
41 33 3
2 0 809 12.4200 -148.2000 1 814 -40.8000 -161.4200
2.6162804538e-02 -8.4713612147e-01 -2.6818509114e+00
61 64 22
3 0 817 40.9400 -134.1100 1 620 -10.2100 -153.0200 2 777 -55.6000 -127.2400
2.7507365691e-02 -6.0471993952e-01 -2.7381824284e+00
166 120 114
3 0 832 33.3600 -83.9900 1 856 -3.3000 -97.4400 9 775 -22.3300 -59.7800
2.7575936873e-02 -6.0502851998e-01 -2.7354028188e+00
166 120 114
2 0 833 33.3600 -83.9900 1 857 -3.3000 -97.4400
-1.0291575085e-01 -4.8539786844e-01 -2.6652206529e+00
13 14 9
2 0 847 3.6200 -58.9100 1 883 -33.8800 -66.8900
-1.2677048917e-01 -4.0358245846e-01 -2.6248811590e+00
218 220 217
3 0 871 -3.2100 -40.2100 1 911 -39.9300 -46.7300 2 1136 -54.8800 -34.1600
-3.6142809708e-01 -2.7318628750e-01 -2.0783946830e+00
136 193 208
2 0 899 -60.5600 18.6000 1 704 -135.8300 17.2700
-6.4427092784e-01 3.4328823557e-01 -2.5125112245e+00
230 228 233
2 0 932 -128.8700 106.8600 1 1280 -140.3900 120.5500
-6.7238464019e-01 -7.8403926107e-01 -2.7562060939e+00
200 76 115
2 0 1053 -112.5400 -139.1100 1 838 -153.5200 -129.1900
1.3365072637e-01 -8.7299350023e-01 -2.6701574640e+00
184 202 85
2 0 1055 65.4000 -136.9600 1 1084 13.7400 -160.8100
3.2371426374e-01 -8.7553058435e-01 -2.6977761507e+00
27 45 0
2 0 1058 105.5800 -133.9200 1 803 59.5700 -163.9700
7.9973278800e-02 -8.5024259211e-01 -2.6764284638e+00
217 235 127
2 0 1059 52.8700 -133.4200 1 817 1.8800 -154.5600
-4.3108625119e-01 -7.0996202969e-01 -2.7584922634e+00
82 117 74
3 0 1073 -61.7700 -118.0300 1 844 -102.5200 -115.8700 9 593 -126.7300 -107.9400
9.9629400864e-01 -7.3990780075e-01 -2.6829914904e+00
105 136 60
2 0 1094 240.1900 -87.3200 1 1117 227.0900 -139.9300
1.0151622327e+00 -7.3698117798e-01 -2.6840530569e+00
97 127 56
2 0 1101 243.7700 -86.3300 1 1119 231.8800 -139.4000
1.7709092664e-02 -5.9394732214e-01 -2.7266020299e+00
22 19 17
2 0 1110 31.1100 -81.4300 1 866 -5.7200 -94.7100
1.0401771289e+00 -5.3338739552e-01 -3.3199664245e+00
95 82 74
2 0 1118 198.8300 -70.7700 1 849 221.7600 -104.4400
1.6207328594e-02 -3.9416298319e-01 -2.6695918856e+00
53 53 55
3 0 1139 26.2600 -37.0100 1 1173 -5.4400 -47.8800 9 1014 -29.4800 -6.9200
1.6231292004e-02 -3.9379876096e-01 -2.6713293441e+00
53 53 55
2 0 1140 26.2600 -37.0100 1 1174 -5.4400 -47.8800
-1.4021497964e-01 -3.7838574205e-01 -2.6138727939e+00
213 214 214
4 0 1142 -6.2000 -34.5900 1 1179 -43.4600 -40.5800 2 1144 -55.5300 -28.4200 9 1016 -71.5000 -4.6300
-1.7778773493e-01 -2.9521405947e-01 -2.5749063440e+00
224 206 194
3 0 1162 -16.4700 -15.7200 1 1203 -52.3100 -19.5500 2 878 -60.5600 -9.8400
-1.7772326373e-01 -2.9495012360e-01 -2.5740517719e+00
224 206 194
2 0 1163 -16.4700 -15.7200 1 1204 -52.3100 -19.5500
9.5176075202e-01 6.9476606850e-02 -3.1157946085e+00
213 211 202
2 0 1186 174.2400 39.9800 1 944 206.9500 24.1400
9.1430951404e-01 7.5301532344e-02 -3.0722665037e+00
209 212 207
2 0 1190 169.7200 43.1100 1 1237 199.7600 27.8500
6.9414029052e-01 4.0820536150e-01 -2.8586450824e+00
175 186 172
2 0 1219 129.3700 111.2800 1 1272 154.8000 108.6400
-4.4742104484e-01 -3.9123905369e-01 -2.6644249723e+00
88 174 118
2 7 106 -96.3900 -95.5200 2 118 -95.8400 -24.3200
-8.9857161511e-02 -5.0129259648e-01 -2.6724990462e+00
210 214 208
2 7 133 -22.6700 -118.7800 2 167 -50.6300 -56.1700
-5.3835594640e-01 1.0760758809e-01 -2.6393595948e+00
222 80 135
2 7 294 -118.8400 3.9400 2 456 -75.3100 65.3200
3.3626617149e-01 -3.8484782545e-02 -3.0515136213e+00
99 147 71
2 7 384 62.9300 -19.9300 9 355 76.6000 20.0100
1.0390595677e+00 -9.3592438542e-01 -2.8804103261e+00
156 154 144
2 7 462 203.2500 -196.4800 2 270 142.3200 -214.5700
-5.1368837386e-02 -3.9863436311e-01 -2.6477849390e+00
201 204 193
3 7 505 -15.0400 -98.0400 2 626 -40.7600 -37.2800 9 497 -47.4100 -8.5700
-6.4862766682e-01 -3.5578316867e-01 -2.6333904603e+00
169 166 121
2 7 511 -139.0100 -89.0400 2 880 -123.2600 -10.2500
4.8825831353e-02 -4.5637459309e-01 -2.6986632551e+00
204 210 203
2 7 683 6.3800 -108.5700 2 825 -23.6500 -54.8800
-7.0124096990e-01 -6.4944615312e-01 -2.7065979673e+00
149 36 61
2 7 896 -144.9100 -146.4600 9 762 -187.4700 -100.8200
8.5538172241e-03 -6.0686644682e-01 -2.7332510292e+00
186 146 143
2 7 904 -1.2700 -138.0500 2 1074 -36.4000 -83.2200
-1.4562706007e-01 -3.6686084181e-01 -2.6084680356e+00
37 35 33
2 7 970 -35.7500 -92.4700 9 1019 -72.4800 -1.8800
-1.4562706007e-01 -3.6686084181e-01 -2.6084680356e+00
37 35 33
2 7 971 -35.7500 -92.4700 9 1020 -72.4800 -1.8800
9.3702496735e-02 -2.8686035991e-01 -2.6639914880e+00
249 41 38
2 7 1000 15.1600 -74.3200 9 1043 -10.7800 19.1900
-6.5793021475e-01 -2.8925179038e-01 -2.6100132285e+00
179 88 109
2 8 354 -115.4600 -82.4600 9 490 -175.3500 -16.0700
7.8938700977e-02 -3.3434681769e-01 -2.6781658187e+00
241 44 32
2 8 500 37.7800 -102.1000 9 506 -13.2800 7.0900
-1.4123639572e-01 -6.7249150394e-01 -2.6848369194e+00
212 186 39
2 0 148 -0.5400 -100.9900 9 151 -69.6300 -75.4900
-1.2053427062e-01 -2.9969201946e-01 -2.5983789954e+00
216 220 216
2 0 162 -4.1700 -17.1200 9 163 -66.3700 13.9900
-4.7175932525e-01 3.1397162181e-01 -2.7380157280e+00
235 237 241
2 0 245 -88.4800 84.7900 2 261 -47.1900 86.5300
-1.6532150369e-01 -3.8227142718e-01 -2.6059260644e+00
210 210 206
2 0 315 -11.8600 -35.7600 9 243 -77.4800 -5.5700
-5.5503692823e-01 -3.0819474359e-01 -2.5959102671e+00
102 126 101
2 0 316 -98.2700 -28.2400 9 493 -157.8500 -11.9900
-6.3841159606e-01 -4.8237403239e-01 -2.6798911757e+00
119 170 165
2 0 445 -111.7800 -70.8600 2 627 -124.9600 -34.4500
-7.4062911885e-02 -3.8935641511e-01 -2.6385420639e+00
32 30 30
2 0 457 7.6400 -36.8500 2 408 -44.4800 -34.3700
9.2508729852e-01 2.4655289313e-03 -3.1550748596e+00
136 129 115
2 0 488 169.8500 26.2000 9 365 211.2000 44.8100
9.2508729852e-01 2.4655289313e-03 -3.1550748596e+00
136 129 115
2 0 489 169.8500 26.2000 9 366 211.2000 44.8100
-2.5693163551e-01 2.9328322349e-01 -2.7400960069e+00
94 198 223
2 0 522 -45.5600 85.1200 2 464 -18.4400 79.4800
1.5816882075e-01 -8.9963054029e-01 -2.6665113224e+00
162 141 29
2 0 626 71.6800 -142.2000 2 563 -39.8600 -143.6900
-8.7197309870e-02 -3.4227143890e-01 -2.6194990646e+00
213 214 213
3 0 678 3.9100 -26.1800 2 868 -45.3400 -24.1800 9 658 -57.5800 4.5800
-3.9748544632e-01 -7.3118098342e-01 -2.7790537686e+00
113 137 121
2 0 819 -53.9500 -121.9800 2 801 -98.5500 -90.8800
-3.9789097526e-01 -7.3130007705e-01 -2.7812985238e+00
113 137 121
3 0 820 -53.9500 -121.9800 2 802 -98.5500 -90.8800 9 590 -117.3500 -114.2800
-6.9937847056e-01 -6.6621378578e-01 -2.7123493648e+00
158 34 65
2 0 822 -121.4100 -112.7300 2 1097 -141.0800 -65.0900
-6.9937847056e-01 -6.6621378578e-01 -2.7123493648e+00
158 34 65
2 0 823 -121.4100 -112.7300 2 1096 -141.0800 -65.0900
-1.0347314176e-01 -4.8717009720e-01 -2.6579472756e+00
13 14 9
2 0 846 3.6200 -58.9100 2 1120 -53.4500 -52.4000
7.9824716140e-02 -4.4854455982e-01 -2.7074143782e+00
221 223 221
3 0 860 40.7300 -49.0500 2 824 -17.2400 -55.1800 9 635 -11.5400 -19.8800
-5.5823300696e-02 -6.1707084216e-01 -2.7153938212e+00
159 118 119
2 0 1097 16.4000 -87.6400 2 1080 -48.8500 -81.4500
5.1881864082e-02 -3.3887225882e-01 -2.6626308468e+00
87 16 7
2 0 1153 32.6900 -24.9400 9 822 -21.2500 6.8800
-5.4643425349e-01 -4.7257246941e-01 -2.6681642392e+00
32 35 28
3 1 22 -128.6800 -60.1800 2 58 -111.4800 -36.6300 9 21 -154.8500 -51.8700
4.1927613219e-01 4.5240779051e-01 -2.7804193388e+00
134 210 113
2 1 34 95.6200 123.7700 2 22 100.7400 91.2200
2.1618305375e-01 -9.7636918043e-01 -2.6235018751e+00
18 61 38
2 1 156 29.8000 -188.2500 2 210 -40.3000 -160.1600
8.1761110590e-02 -3.9371432572e-01 -2.6921039229e+00
145 149 149
2 1 176 10.0500 -48.6800 9 157 -11.8000 -6.3700
-5.2602337982e-01 -3.2280938463e-01 -2.6094033707e+00
78 151 107
2 1 179 -124.8500 -25.2500 9 156 -151.2100 -15.1900
-7.0657687204e-02 -2.9672535735e-01 -2.6091523515e+00
209 212 207
2 1 180 -26.5800 -22.1500 9 166 -53.9400 15.9000
6.4500273798e-01 5.0726464223e-01 -2.8450427020e+00
123 127 108
3 1 197 144.6600 129.6400 2 329 148.7100 90.9300 9 188 119.9300 150.6900
5.3260798205e-01 -1.0630657507e+00 -2.6052082923e+00
43 26 18
2 1 209 107.0600 -216.1300 2 204 7.1400 -198.6300
-4.5508056143e-01 -7.7328914404e-01 -2.7647136163e+00
70 148 99
2 1 226 -108.3200 -129.9400 2 297 -110.7200 -95.3700
-3.9938084428e-01 -7.5694817441e-01 -2.7819756155e+00
80 157 107
2 1 227 -95.1100 -127.2800 2 226 -100.2700 -95.7500
-2.4581294619e-01 3.7654675488e-01 -2.7246995407e+00
162 163 147
2 1 260 -45.0600 110.9700 2 263 -13.3600 93.2200
-2.4581294619e-01 3.7654675488e-01 -2.7246995407e+00
162 163 147
2 1 261 -45.0600 110.9700 2 264 -13.3600 93.2200
6.4827821041e-01 5.0331767657e-01 -2.8436991538e+00
119 124 105
2 1 264 145.2000 128.6400 2 330 148.7100 90.9300
-6.0421200789e-01 -1.1066621015e+00 -2.4725197736e+00
69 97 81
2 1 289 -175.5100 -204.6600 2 380 -189.3200 -134.8100
-5.7672625300e-01 -1.0431395836e+00 -2.4694725738e+00
11 12 13
2 1 296 -167.9400 -189.3200 2 381 -181.6100 -124.4200
-6.3995063048e-01 -4.8426329901e-01 -2.6839028989e+00
110 168 164
3 1 337 -145.9400 -62.5700 2 407 -124.9200 -34.8300 9 327 -170.6700 -61.7800
3.6831026651e-01 4.4223274826e-02 -3.0245075264e+00
102 85 15
2 1 363 86.0500 25.5700 2 425 86.8200 2.6500
5.0752800448e-01 1.4821439295e-01 -3.1186487044e+00
18 39 15
2 1 368 116.0700 39.5200 2 319 122.3900 10.4700
-4.9683126864e-01 9.2853719210e-02 -2.5728760377e+00
190 214 165
2 1 371 -111.9700 65.0600 9 375 -133.9600 62.4100
-5.5350406552e-01 1.8054351938e-01 -2.5318724323e+00
212 100 139
2 1 379 -124.5100 86.1700 9 383 -146.2000 78.3900
2.2803721763e-01 -1.0767321262e+00 -2.5108013117e+00
68 86 104
2 1 422 26.6500 -214.3200 2 536 -59.4300 -178.5500
-3.0201801550e-01 -9.6355340570e-01 -2.6061803548e+00
59 88 79
2 1 447 -91.9400 -175.1500 2 576 -121.2600 -129.3000
8.8458614496e-01 -8.4367989247e-02 -3.1992597116e+00
120 121 106
2 1 500 191.7800 -10.3800 9 357 207.0800 21.5300
8.8429088238e-01 -8.3975538222e-02 -3.2000988165e+00
120 121 106
2 1 501 191.7800 -10.3800 2 612 181.9700 -48.1400
9.1366221165e-01 -2.0832564935e-02 -3.1690352756e+00
203 206 200
2 1 510 198.1500 3.4300 9 364 210.1300 38.2600
6.7390799852e-01 4.6130277687e-01 -2.8489409471e+00
163 171 161
2 1 543 150.5600 119.4600 2 901 151.5800 83.3100
-7.2488482384e-01 -7.6560908782e-01 -2.7372079902e+00
34 21 29
2 1 626 -165.2700 -124.1700 2 808 -147.8700 -81.8300
-4.2870129466e-02 -6.2950736293e-01 -2.7233310035e+00
26 22 23
3 1 638 -19.9800 -101.9500 2 806 -47.1700 -84.6000 9 601 -40.9400 -66.8600
-3.1327960068e-02 -3.3513592075e-01 -2.6332783432e+00
211 216 210
3 1 688 -16.8800 -32.1600 2 866 -34.7700 -25.4500 9 660 -43.4600 7.1700
9.1436744748e-03 -6.0693145683e-01 -2.7325916712e+00
185 146 146
2 1 858 -7.5600 -97.6600 2 1075 -36.4000 -83.2200
-1.9154781810e-03 -4.5975874055e-01 -2.6816485476e+00
217 222 219
2 1 893 -10.1400 -62.6100 2 1119 -33.5500 -52.4700
-3.4601520281e-02 -3.6469422585e-01 -2.6400576455e+00
219 218 212
2 1 916 -17.9600 -39.1400 2 1139 -36.5900 -31.2200
9.2300711962e-01 4.8951111073e-01 -2.9668842805e+00
134 112 107
2 1 964 202.6400 116.1800 2 461 206.8000 72.3200
-3.6235169745e-01 -9.0095362709e-01 -2.6208923022e+00
115 152 195
2 1 1090 -102.7800 -159.1800 2 1056 -123.4700 -115.3700
-1.1773404307e-01 -6.2343197254e-01 -2.6999646199e+00
149 127 123
2 1 1142 -37.5600 -99.1500 9 766 -61.5100 -66.1900
1.1840307053e-01 -5.9057629244e-01 -2.7717145332e+00
68 6 0
2 1 1143 18.6200 -96.1100 9 779 3.3400 -56.5300
-9.7298705122e-02 -4.9792055779e-01 -2.6641984782e+00
202 208 204
2 1 1154 -32.8700 -69.7200 9 988 -58.1300 -33.4800
-9.7298705122e-02 -4.9792055779e-01 -2.6641984782e+00
202 208 204
2 1 1155 -32.8700 -69.7200 9 989 -58.1300 -33.4800
9.8218489059e-02 -4.6745259907e-01 -2.7206676733e+00
209 211 211
2 1 1158 13.8200 -66.5300 9 999 -5.7100 -24.4500
-7.3464000180e-02 -4.8286060775e-01 -2.6677678819e+00
8 11 15
2 1 1159 -27.1000 -66.6300 9 993 -51.9300 -29.5900
-2.6659351823e-02 -4.5063296218e-01 -2.6706206326e+00
24 26 33
2 1 1166 -15.9500 -59.8100 9 1002 -40.2300 -20.8300
9.2527061503e-02 -4.3276465235e-01 -2.7074651863e+00
20 15 19
2 1 1168 12.5800 -58.1500 9 1007 -8.1400 -15.8300
-4.9442726724e-02 -4.3205885639e-01 -2.6572961334e+00
210 213 206
2 1 1169 -21.4100 -54.9100 9 1006 -46.6200 -16.4300
9.0656878609e-02 -3.6035213598e-01 -2.6823848140e+00
37 25 25
2 1 1178 12.1400 -41.0100 2 1133 -12.2600 -37.4100
-1.2562714852e-01 -3.4922464248e-01 -2.6058072160e+00
25 25 26
2 1 1185 -39.9100 -33.4800 9 1023 -67.8200 3.1400
-6.8157819713e-04 -3.1316316583e-01 -2.6373569795e+00
47 50 54
2 1 1188 -9.6400 -27.5800 9 1035 -35.4900 12.6300
2.1086618259e-02 -3.0925119645e-01 -2.6446263952e+00
57 8 7
2 1 1191 -4.2700 -27.1500 9 1037 -29.7700 13.5300
-1.2262059351e-01 -2.5626886659e-01 -2.5789529350e+00
166 106 64
2 1 1209 -39.0100 -11.1900 9 1050 -68.0900 24.8800
3.9787834300e-01 -1.9858897703e-01 -2.5765575459e+00
143 211 115
2 1 1216 81.7900 -0.4300 2 1156 40.3400 -9.6800
9.1500010701e-01 5.3373132730e-02 -3.1197581078e+00
195 194 186
2 1 1232 199.2300 20.5000 2 1150 190.7000 -18.5300
9.5254895330e-01 8.6767909836e-02 -3.1081439619e+00
101 84 75
2 1 1235 207.2300 27.4500 2 876 199.0900 -12.5600
7.9421372521e-01 1.7407532614e-01 -3.0786697340e+00
178 178 173
2 1 1242 174.4900 46.8400 9 1090 172.8800 75.8700
8.4973340578e-01 1.9439240370e-01 -3.0577054525e+00
174 180 170
2 1 1244 186.0600 52.0400 9 1102 183.5700 85.5100
7.3318896828e-01 1.6005171310e-01 -2.8983943699e+00
201 213 209
2 1 1248 162.6000 56.0400 9 1115 149.9700 97.9900
7.1059290473e-01 3.9399828123e-01 -2.8647209569e+00
171 178 167
2 1 1269 158.1500 105.3100 9 878 137.7300 136.2900
-6.7242025044e-01 -3.7277994879e-01 -2.6267549743e+00
202 62 107
2 2 422 -128.1800 -11.7900 9 330 -179.5500 -34.4900
-7.2488967068e-01 -1.8387407539e-01 -2.5439998208e+00
125 178 182
2 2 440 -131.7600 26.2200 9 350 -191.6200 8.0800
8.7576006631e-01 4.7405206614e-01 -2.9944317487e+00
128 105 98
2 2 459 198.6500 68.2000 9 406 177.2100 136.9700
9.4484310899e-01 6.8043164732e-02 -3.1203751268e+00
208 212 203
2 2 872 196.6000 -16.4500 9 526 212.3800 61.5000
