# Bundle file v0.3
11 127
0 0 0
0 0 0
0 0 0
0 0 0
0 0 0
0 0 0
0 0 0
0 0 0
0 0 0
0 0 0
0 0 0
0 0 0
0 0 0
0 0 0
0 0 0
0 0 0
0 0 0
0 0 0
0 0 0
0 0 0
0 0 0
0 0 0
0 0 0
0 0 0
0 0 0
0 0 0
0 0 0
0 0 0
0 0 0
0 0 0
0 0 0
0 0 0
0 0 0
0 0 0
0 0 0
6.5496364050e+02 -4.6321041008e-02 1.0331244896e-03
9.9980482224e-01 -2.2562833544e-03 -1.9627190465e-02
2.3319786867e-03 9.9998992871e-01 3.8346245087e-03
1.9618340794e-02 -3.8796462651e-03 9.9980001453e-01
-5.8063323088e-02 -7.9606378164e-03 -8.8472477359e-02
6.6818708986e+02 -6.0551573248e-02 -6.4786663592e-03
9.9296509230e-01 6.5228082998e-02 -9.8821165042e-02
-9.6193566270e-02 9.3103580939e-01 -3.5202147583e-01
6.9044357338e-02 3.5905099752e-01 9.3076058033e-01
-1.3905075394e-01 -1.0425075033e+00 -1.9661045224e-01
0 0 0
0 0 0
0 0 0
0 0 0
0 0 0
0 0 0
0 0 0
0 0 0
0 0 0
0 0 0
-1.3155930408e-01 -7.7143393532e-01 -2.6944216743e+00
226 232 74
2 7 94 -32.0600 -185.2800 8 78 -11.5400 -177.9100
-4.2332227470e-01 -4.6218862037e-01 -2.6715570046e+00
31 27 24
2 7 73 -100.9800 -113.7000 8 90 -75.4600 -113.8400
-3.8207537784e-01 -5.1442917756e-01 -2.7090640752e+00
102 165 98
2 7 177 -90.2900 -124.3900 8 239 -64.3100 -120.8600
-4.4736946059e-01 -3.8680576767e-01 -2.6251016915e+00
38 39 34
2 7 135 -108.8800 -97.4900 8 126 -82.7500 -103.3300
-1.5659386497e-01 -3.0999962410e-01 -2.5602276491e+00
208 204 203
2 7 189 -40.1100 -81.0300 8 171 -15.5700 -102.4200
-1.1702332395e-01 -3.0386043796e-01 -2.5754039575e+00
217 218 212
2 7 190 -30.5200 -79.0800 8 241 -4.9700 -100.3300
-9.5504176676e-02 -2.5808065899e-01 -2.5709170672e+00
97 54 30
2 7 137 -26.1300 -67.9500 8 174 1.7100 -91.5700
5.9131185641e-01 2.8095774510e-01 -2.7945475155e+00
220 237 236
2 7 206 133.9700 60.0100 8 197 185.5800 36.5600
-1.1451797918e-01 -4.1058483934e-01 -2.6157417519e+00
209 211 205
2 7 258 -28.8000 -103.7300 8 338 -5.3500 -117.9600
-3.8149955184e-01 -2.6113911758e-01 -2.6182706679e+00
55 78 65
2 7 535 -93.5000 -67.5100 8 514 -66.8500 -79.3000
-6.3816433656e-01 -2.4237614059e-01 -2.5678234872e+00
108 171 180
2 7 272 -157.8900 -64.0500 8 245 -131.1100 -74.2300
-6.4259400984e-01 -2.0243577959e-01 -2.5485600811e+00
113 171 178
2 7 275 -160.2400 -54.6500 8 246 -133.5900 -67.4700
-4.3670586580e-01 -5.5375907261e-01 -2.6968136246e+00
90 155 95
2 7 481 -103.2300 -134.0500 8 704 -77.4900 -128.6100
-1.3047266720e-01 -4.5172438568e-01 -2.6273307052e+00
29 28 26
2 7 353 -32.6400 -113.1800 8 481 -9.2100 -124.5800
-3.8935953909e-03 -4.2370536828e-01 -2.6565293312e+00
28 28 33
2 7 358 -2.0100 -105.3800 8 484 21.6200 -118.5100
-8.6062399812e-02 -4.0815564317e-01 -2.6249463128e+00
24 22 23
2 7 360 -22.1500 -102.8100 8 486 2.0100 -117.0900
-1.1578199042e-01 -3.6105977293e-01 -2.6007443105e+00
208 210 206
2 7 366 -29.9600 -92.2600 8 494 -4.7000 -109.4800
-6.2090730963e-02 -3.5587517869e-01 -2.6155462374e+00
208 210 202
2 7 509 -16.3600 -90.5300 8 741 8.2300 -107.9500
-3.8792085369e-01 -9.1336351860e-01 -2.5786001076e+00
33 38 41
2 7 442 -95.7900 -227.0800 8 434 -73.9800 -213.0700
9.5477466376e-02 -5.6998319003e-01 -2.7425602082e+00
78 7 0
2 7 654 21.3600 -136.0300 8 1023 42.8800 -139.4600
4.9097463595e-02 -5.6591532941e-01 -2.7250849186e+00
168 130 128
2 7 655 10.6000 -135.9000 8 1025 32.3200 -139.6900
-6.4960056990e-01 -4.6367078913e-01 -2.6498360554e+00
131 186 191
2 7 491 -155.3700 -114.6900 8 493 -127.8800 -110.9000
-5.7589321952e-02 -4.8800811521e-01 -2.6678258143e+00
207 211 204
2 7 485 -14.4500 -120.1800 8 703 7.9700 -128.7400
1.2265242728e-02 -4.7733706055e-01 -2.6843417389e+00
207 210 203
2 7 489 2.0500 -116.9900 8 710 24.7700 -126.3500
-1.0672384021e-01 -4.3854738089e-01 -2.6314681707e+00
30 29 35
2 7 679 -26.8800 -109.8600 8 1060 -3.3200 -121.9900
-1.0672384021e-01 -4.3854738089e-01 -2.6314681707e+00
30 29 35
2 7 680 -26.8800 -109.8600 8 1061 -3.3200 -121.9900
8.4119417736e-02 -4.1610060672e-01 -2.6840851480e+00
49 11 11
2 7 499 18.7200 -102.5800 8 487 42.9800 -115.8600
3.0757303056e-02 -3.9484007749e-01 -2.6617494360e+00
30 27 28
2 7 501 6.1500 -98.3300 8 728 30.5100 -112.8500
3.0757303056e-02 -3.9484007749e-01 -2.6617494360e+00
30 27 28
2 7 502 6.1500 -98.3300 8 729 30.5100 -112.8500
-1.3577410947e-01 -3.8523785998e-01 -2.5945309974e+00
29 28 32
2 7 503 -34.5900 -98.3500 8 723 -10.3400 -114.7700
-4.3711685971e-01 -3.3424320705e-01 -2.6204787361e+00
54 103 70
2 7 520 -106.7900 -85.0200 8 758 -80.2300 -93.1700
1.6285191384e-02 -3.2538009259e-01 -2.6243771963e+00
239 43 42
2 7 521 2.4300 -82.9000 8 749 27.9900 -102.4900
7.1598299269e-02 -3.0231830006e-01 -2.6307089178e+00
56 9 0
2 7 530 15.8700 -77.1600 8 504 41.8000 -98.2500
1.9023512277e-01 3.4029045960e-01 -2.6619511118e+00
189 216 227
2 7 564 43.7600 76.8300 8 811 88.0300 50.7400
-6.2608947221e-01 -5.8307220902e-01 -2.7047361734e+00
127 34 48
2 7 901 -146.5000 -140.2500 8 1046 -119.1900 -128.5200
-1.2557337038e-01 -6.0132012594e-01 -2.6912099933e+00
34 24 4
2 7 650 -30.3800 -145.7300 8 1014 -8.4900 -146.3800
-1.2557337038e-01 -6.0132012594e-01 -2.6912099933e+00
34 24 4
2 7 651 -30.3800 -145.7300 8 1015 -8.4900 -146.3800
-6.3705435413e-01 -4.7890510551e-01 -2.6644577459e+00
149 42 81
2 7 667 -151.2500 -117.7200 8 1082 -124.4100 -112.5500
-1.2135588801e-01 -4.3344618999e-01 -2.6265783763e+00
211 211 203
2 7 685 -30.5700 -108.8200 8 1062 -6.7200 -121.1800
5.8160644434e-02 -4.1708816471e-01 -2.6760706699e+00
36 34 37
2 7 696 12.6500 -103.1000 8 1076 36.7300 -116.3700
5.8160644434e-02 -4.1708816471e-01 -2.6760706699e+00
36 34 37
2 7 697 12.6500 -103.1000 8 1077 36.7300 -116.3700
-1.2312546611e-01 -3.9319210258e-01 -2.6036430445e+00
214 217 209
2 7 700 -31.3800 -99.9600 8 1078 -7.1600 -115.6400
4.5198120364e-02 -3.7019528996e-01 -2.6468627989e+00
225 225 223
2 7 706 9.5000 -92.9600 8 734 34.2900 -109.9200
6.8248604120e-02 -3.6713796846e-01 -2.6535894345e+00
224 225 217
2 7 709 15.0200 -92.0100 8 738 39.9100 -109.0600
-1.1202014562e-03 -3.4990104963e-01 -2.6316780831e+00
227 37 31
2 7 714 -1.5600 -88.5800 8 1093 23.2900 -106.3200
2.3906300082e-02 -3.4778974580e-01 -2.6391355616e+00
234 35 31
2 7 715 4.5100 -87.8400 8 1098 29.4100 -105.6200
-4.2491659423e-01 -2.3048803565e-01 -2.5801303426e+00
65 86 77
2 7 729 -105.4200 -60.9400 8 762 -79.1300 -75.8000
1.9856237113e+00 -1.4338586176e+00 -4.8898141051e+00
146 144 149
2 7 629 265.9400 -191.0300 8 736 285.7800 -108.9600
2.1659327159e+00 -1.4184594335e+00 -4.9059170590e+00
87 77 83
2 7 855 288.5600 -188.2300 8 740 308.6400 -108.4500
-2.8477580867e-01 -8.2360091530e-01 -2.6306905791e+00
38 84 154
2 7 831 -69.3100 -201.7400 8 942 -48.3800 -192.1200
-1.2095615347e-02 -4.8221620399e-01 -2.6786519085e+00
213 215 213
2 7 665 -3.8400 -118.3700 8 1047 19.0600 -127.4200
-3.3443452230e-01 -1.9648738494e-01 -2.6188519506e+00
193 208 198
2 7 1012 -82.2500 -51.9200 8 1146 -55.0100 -66.4200
9.1428721129e-01 1.7321484510e-01 -3.0383167832e+00
56 51 49
2 7 554 192.3300 32.7000 8 558 246.5600 22.9600
-5.6696427101e-02 -4.0226190523e-01 -2.6307123710e+00
162 162 160
2 7 261 -15.0000 -101.1900 8 339 9.1800 -115.9200
-4.5668382691e-01 -3.1879370405e-01 -2.6023169878e+00
78 158 112
2 7 266 -112.1400 -81.8300 8 351 -85.8900 -91.4800
-1.5424791228e-01 -4.7142907276e-01 -2.6401793704e+00
202 200 194
2 7 257 -38.1600 -117.3600 8 236 -14.6400 -126.3800
9.1428721129e-01 1.7321484510e-01 -3.0383167832e+00
56 51 49
2 7 553 192.3300 32.7000 8 559 246.5600 22.9600
-6.8486648838e-01 -1.4944525045e-01 -2.5098018063e+00
189 118 137
2 7 540 -173.1300 -42.1700 8 527 -147.0500 -58.7200
1.9470642194e+00 -8.9007948616e-01 -5.5759443502e+00
123 111 116
2 7 949 231.3200 -105.8400 8 790 271.5000 -11.3600
2.0310699876e+00 -6.6323391674e-01 -5.8467030424e+00
137 126 132
2 7 998 231.0000 -76.0600 8 1215 277.6300 23.3900
2.1461242698e-01 3.6295684902e-01 -2.6582673986e+00
220 246 252
2 7 568 49.4200 82.3500 8 566 95.3200 55.5900
1.8931578479e+00 -1.0847545527e+00 -5.3573165780e+00
86 77 83
2 7 914 233.6000 -133.3400 8 1162 267.2500 -42.3700
1.8890771199e+00 -9.5321065199e-01 -5.5003655654e+00
122 113 121
2 7 933 227.4300 -114.6500 8 1180 265.5300 -21.0100
1.8673776476e+00 -7.8693294274e-01 -5.7228125393e+00
95 80 83
2 7 975 216.8300 -91.6700 8 1199 260.0300 6.9500
-2.8477580867e-01 -8.2360091530e-01 -2.6306905791e+00
38 84 154
2 7 830 -69.3100 -201.7400 8 941 -48.3800 -192.1200
3.7037019390e-02 -7.8152375340e-01 -2.6688440079e+00
211 234 128
2 7 852 7.9100 -189.4900 8 953 24.7500 -187.4600
1.9739847608e+00 -6.6504873597e-01 -5.8783086878e+00
90 69 71
2 7 999 223.4600 -75.9100 8 805 270.1500 24.9600
2.1320636657e-01 3.8026026115e-01 -2.6593333127e+00
41 75 77
2 7 1077 48.9700 86.4300 8 820 95.5400 60.0900
-3.8207537784e-01 -5.1442917756e-01 -2.7090640752e+00
102 165 98
2 7 178 -90.2900 -124.3900 8 240 -64.3100 -120.8600
-5.5777743351e-01 -5.2779746820e-01 -2.7085326658e+00
95 151 147
2 7 484 -130.7400 -127.3400 8 483 -103.7700 -119.1000
-6.7897975794e-01 -2.0081030226e-01 -2.5339053203e+00
150 141 159
2 7 537 -170.0200 -54.5300 8 521 -143.5500 -67.7700
-6.5498680177e-01 -3.4265446237e-02 -2.4773915136e+00
183 158 143
2 7 34 -167.4000 -13.5400 8 28 -143.1300 -36.2100
-2.6688376691e-02 -7.8209363314e-01 -2.6930236944e+00
238 239 76
2 7 93 -7.4000 -187.9600 8 120 11.3700 -182.7100
-1.3155930408e-01 -7.7143393532e-01 -2.6944216743e+00
226 232 74
2 7 95 -32.0600 -185.2800 8 79 -11.5400 -177.9100
-9.5504176676e-02 -2.5808065899e-01 -2.5709170672e+00
97 54 30
2 7 136 -26.1300 -67.9500 8 173 1.7100 -91.5700
6.2038335522e-01 -3.4426025859e-01 -3.3771100947e+00
129 130 131
2 7 138 119.7400 -68.8500 8 134 152.8700 -45.4700
-1.5659386497e-01 -3.0999962410e-01 -2.5602276491e+00
208 204 203
2 7 188 -40.1100 -81.0300 8 170 -15.5700 -102.4200
-5.8169741624e-01 -1.8446558675e-01 -2.5743248928e+00
117 163 176
2 7 194 -143.6000 -49.7900 8 247 -117.4300 -62.2400
5.5496111876e-01 1.3243327226e-03 -2.9957370320e+00
68 116 51
2 7 200 118.0900 -3.5900 8 183 160.1700 -9.0800
-1.5525939262e-01 -8.7791622511e-01 -2.6335102772e+00
93 101 99
2 7 236 -37.8000 -214.6300 8 220 -20.6200 -205.0000
-1.3764289881e-01 2.0406136142e-01 -2.6765057866e+00
63 191 228
2 7 310 -33.6800 43.8800 8 195 0.2500 26.2200
-4.3554020457e-01 -6.0541104448e-01 -2.7115303316e+00
31 59 39
2 7 347 -102.4000 -145.3400 8 474 -76.6900 -136.8400
-8.7459777524e-02 2.1551826149e-01 -2.6939713877e+00
230 107 151
2 7 401 -21.8000 46.3300 8 268 13.7000 29.1600
-1.5285155406e-01 -9.2186519228e-01 -2.5866367886e+00
25 61 49
2 7 438 -38.2800 -228.9100 8 423 -21.7100 -219.7700
-1.8889012747e-01 -8.3435466761e-01 -2.6896056301e+00
22 59 37
2 7 459 -45.1500 -200.2000 8 452 -25.4100 -188.5500
-2.9431901011e-01 -8.1356290184e-01 -2.6385121817e+00
191 211 219
2 7 460 -71.3700 -198.7800 8 655 -50.1100 -188.9500
2.1801026692e+00 -1.2637603657e+00 -5.0861686971e+00
130 119 125
2 7 476 280.9300 -162.4300 8 513 307.7200 -80.3200
1.8817218904e+00 -1.1614106012e+00 -5.2525548837e+00
127 123 126
2 7 479 236.3200 -145.2700 8 529 267.4900 -56.1100
5.2622581188e-01 -5.7474347899e-01 -2.8841085883e+00
38 56 14
2 7 482 116.3900 -130.6800 8 700 137.1000 -133.5200
-1.2782388296e-01 -2.7723504654e-01 -2.5619358426e+00
105 58 34
2 7 532 -33.3500 -72.9000 8 1114 -7.6400 -95.9000
2.1862038732e+00 -1.1907090350e-01 -6.5125195947e+00
96 92 97
2 7 543 224.3200 -14.5700 8 391 285.8500 99.6200
5.5920996078e-01 2.7018387752e-01 -2.8165400668e+00
120 133 108
2 7 558 125.3600 57.0600 8 374 176.7000 36.3700
-1.4217263037e-01 3.1130724480e-01 -2.7666616700e+00
221 244 205
2 7 561 -34.0600 66.9600 8 378 3.8100 58.7300
-5.1648822710e-01 -8.8804375778e-01 -2.5592115435e+00
35 44 45
2 7 607 -127.9100 -222.2400 8 903 -103.3700 -207.7200
-1.7249161894e-01 -8.9344712065e-01 -2.6132205127e+00
47 50 52
2 7 610 -42.6500 -219.8900 8 629 -24.8500 -210.2700
1.8946471681e+00 -1.5341144662e+00 -4.7581674253e+00
96 79 78
2 7 616 260.3800 -209.5800 8 705 276.0700 -127.8300
-1.5876686906e-01 -8.3368067181e-01 -2.6805764605e+00
37 59 36
2 7 621 -38.2700 -200.7200 8 652 -19.0500 -190.4200
1.9331057245e+00 -1.4667818324e+00 -4.8452370058e+00
145 129 133
2 7 626 261.2700 -197.0900 8 722 279.7300 -114.8900
2.1095208255e+00 -1.4220349091e+00 -4.8888476216e+00
79 62 72
2 7 630 282.1300 -189.3900 8 735 302.0400 -109.2500
1.7436768473e+00 -1.3852155910e+00 -4.9635303603e+00
145 134 139
2 7 634 231.1300 -182.2900 8 755 253.7400 -95.8400
1.9018054134e+00 -1.2085199821e+00 -5.1907819296e+00
98 89 87
2 7 643 241.4500 -152.7200 8 769 270.7300 -64.8900
2.1469475574e+00 -7.7688866178e-01 -5.7217134666e+00
86 76 79
2 7 711 248.2700 -90.4200 8 546 292.8800 4.8700
2.0470963053e+00 -6.9487122302e-01 -5.8360814422e+00
86 72 71
2 7 720 232.7500 -79.7200 8 799 279.4400 19.3400
2.0470963053e+00 -6.9487122302e-01 -5.8360814422e+00
86 72 71
2 7 721 232.7500 -79.7200 8 800 279.4400 19.3400
2.0982419289e+00 -3.5425108399e-01 -6.1987442178e+00
103 104 106
2 7 736 225.4900 -39.7500 8 1238 281.2900 67.4700
7.7439158390e-01 -9.7923191536e-02 -3.1013873605e+00
110 112 98
2 7 742 160.0200 -23.8600 8 783 201.5100 -25.2300
6.0886196373e-01 1.9747926595e-01 -2.8102728775e+00
201 218 218
2 7 757 136.8600 40.7700 8 795 186.4100 17.7300
1.9521453809e+00 -1.6080063264e+00 -4.6786270996e+00
140 133 134
2 7 807 272.1600 -222.9300 8 1020 284.4000 -142.4700
1.7684768177e+00 -1.5816714125e+00 -4.7037642800e+00
99 83 87
2 7 810 246.0500 -218.4500 8 1034 260.1000 -135.3300
-3.7655926912e-01 -8.8758934885e-01 -2.6166234287e+00
33 70 49
2 7 812 -91.5500 -217.8600 8 924 -69.7300 -203.3000
1.6667484480e+00 -1.5256991449e+00 -4.7750988654e+00
106 90 93
2 7 819 229.0700 -207.9800 8 1056 246.0800 -122.7900
1.7575271379e+00 -1.4924914193e+00 -4.8041034832e+00
90 79 80
2 7 826 239.9600 -202.2900 8 1072 257.7800 -118.2700
-2.6682645817e-01 -8.2526973428e-01 -2.6273157366e+00
26 78 160
2 7 829 -65.1600 -202.4100 8 940 -44.4900 -193.3700
2.0277631832e+00 -1.4356790028e+00 -4.8837209138e+00
102 87 91
2 7 842 271.6400 -191.4600 8 1085 291.4600 -110.1000
2.0277631832e+00 -1.4356790028e+00 -4.8837209138e+00
102 87 91
2 7 843 271.6400 -191.4600 8 1086 291.4600 -110.1000
5.8639638658e-02 -7.8330758088e-01 -2.6680241997e+00
217 242 116
2 7 848 13.0400 -189.9800 8 949 29.5300 -188.4500
3.7037019390e-02 -7.8152375340e-01 -2.6688440079e+00
211 234 128
2 7 851 7.9100 -189.4900 8 952 24.7500 -187.4600
1.9693376882e+00 -1.2175168046e+00 -5.1667171803e+00
87 77 82
2 7 887 250.7900 -154.4700 8 1145 279.7500 -68.0400
1.7612525219e+00 -1.0235466353e+00 -5.4275119487e+00
123 110 113
2 7 919 215.0500 -124.5300 8 1173 250.7800 -30.6700
2.1841195312e+00 -1.0183042444e+00 -5.4046533717e+00
84 73 77
2 7 924 266.1200 -124.1400 8 780 302.6300 -36.1300
-7.2623497341e-02 -4.2718725114e-01 -2.6402063771e+00
210 211 210
2 7 947 -18.7500 -106.8100 8 1067 5.2500 -119.4800
1.9421027551e+00 -8.6810330717e-01 -5.6247465052e+00
126 113 116
2 7 959 229.0000 -102.4400 8 791 269.7700 -6.7800
2.2358154261e+00 -3.8327446798e-01 -6.2092606598e+00
105 98 106
2 7 1016 239.4300 -42.6600 8 824 295.4500 63.2300
-2.5659351723e-01 -9.1022874675e-02 -2.6999822310e+00
157 86 117
2 7 1023 -61.3000 -25.7700 8 1170 -32.1700 -36.8200
2.1824763545e+00 -3.4974692314e-02 -6.6155156267e+00
79 75 76
2 7 1035 220.4800 -6.1800 8 839 284.2300 110.7100
2.4840196036e+00 1.7699502575e-01 -6.8544284102e+00
53 46 47
2 7 1042 241.4600 14.0100 8 842 312.6900 134.2800
2.1320636657e-01 3.8026026115e-01 -2.6593333127e+00
41 75 77
2 7 1076 48.9700 86.4300 8 819 95.5400 60.0900
